#    NumIter	  NumCalls	     dlogz	   Time[s]
301.000000	1334.000000	721386245982218.125000	  5.110502
602.000000	1814.000000	7022084972.458618	  7.497817
903.000000	2500.000000	2903667.642151	 11.132411
1204.000000	3409.000000	21572.164671	 14.077263
1505.000000	4552.000000	21556.716275	 16.885439
1806.000000	6271.000000	21955.165004	 26.740255
2107.000000	8341.000000	24533.096985	 31.738453
2408.000000	10871.000000	24081.357497	 39.126040
2709.000000	14925.000000	23397.020687	 63.321239
3010.000000	20310.000000	22693.269613	 82.939456
3311.000000	27128.000000	22267.130166	105.311067
3612.000000	36223.000000	21483.052265	170.373344
3913.000000	40888.000000	20631.520677	 17.482995
4214.000000	45448.000000	19779.168004	 36.854742
4515.000000	50038.000000	18671.617969	 74.216651
4816.000000	54748.000000	17658.089444	 74.465908
5117.000000	59368.000000	18002.464941	 66.132231
5418.000000	64018.000000	17875.679231	 70.369206
5719.000000	68608.000000	21068.992758	 97.787072
6020.000000	73198.000000	20150.874054	 58.486814
6321.000000	77863.000000	19120.768718	 69.040592
6622.000000	82453.000000	19581.904375	 60.939504
6923.000000	87088.000000	18580.884157	 82.987465
7224.000000	91678.000000	17412.846222	 69.498355
7525.000000	96283.000000	16424.880936	 60.076601
7826.000000	100828.000000	15179.062212	 62.402752
8127.000000	105463.000000	14055.842133	 68.453395
8428.000000	110173.000000	12944.045532	 66.005984
8729.000000	114823.000000	12701.637118	 78.519848
9030.000000	119443.000000	12641.388474	 76.392055
9331.000000	124033.000000	11846.890230	 69.782328
9632.000000	128623.000000	10943.652937	 59.713039
9933.000000	133273.000000	10379.665393	 80.595680
10234.000000	137848.000000	10813.442740	 72.690737
10535.000000	142423.000000	10048.953072	 59.348978
10836.000000	147118.000000	9338.584351	 69.249045
11137.000000	151723.000000	8512.058708	 60.238243
11438.000000	156253.000000	7903.238060	 66.230902
11739.000000	160918.000000	7194.667604	 70.926674
12040.000000	165493.000000	6574.441746	 69.353299
12341.000000	170068.000000	5952.182648	 73.011132
12642.000000	174688.000000	6205.160133	 69.363658
12943.000000	179233.000000	7323.742993	 67.647660
13244.000000	183883.000000	6875.006385	 77.950393
13545.000000	188578.000000	6453.166062	 69.782070
13846.000000	193168.000000	6076.948196	 74.852844
14147.000000	197743.000000	5650.844462	 70.098460
14448.000000	202348.000000	5510.767434	 78.270084
14749.000000	206908.000000	5138.772874	 72.486704
15050.000000	211543.000000	4769.815730	 61.865707
15351.000000	216133.000000	4408.981898	 78.672716
15652.000000	220753.000000	4083.033349	 77.236367
15953.000000	225343.000000	4622.086594	 61.795744
16254.000000	229888.000000	4305.095915	 72.075638
16555.000000	234568.000000	3998.863658	 68.768859
16856.000000	239218.000000	3732.273220	 76.375646
17157.000000	243808.000000	3490.834201	 71.908042
17458.000000	248383.000000	3301.783943	 75.392479
17759.000000	252973.000000	3362.518912	 74.170269
18060.000000	257653.000000	3137.733067	 78.036966
18361.000000	262258.000000	2942.443377	 71.845719
18662.000000	266938.000000	2823.653704	 74.317396
18963.000000	271558.000000	2620.711816	110.906448
19264.000000	276163.000000	2428.314184	 72.627277
19565.000000	280813.000000	2268.331451	 78.463557
19866.000000	285463.000000	2107.198406	 70.912099
20167.000000	290053.000000	1955.196291	 67.223752
20468.000000	294673.000000	2538.887346	 74.999338
20769.000000	299278.000000	2404.563655	 68.291885
21070.000000	303838.000000	2264.100421	 61.249002
21371.000000	308428.000000	2144.846501	 74.945811
21672.000000	313018.000000	2017.559622	 72.778467
21973.000000	317623.000000	1886.026599	 93.930592
22274.000000	322273.000000	2039.592726	 61.705794
22575.000000	326863.000000	1931.876613	 79.353322
22876.000000	331498.000000	2247.467077	 71.664832
23177.000000	336088.000000	2142.151857	 73.974331
23478.000000	340678.000000	2032.185550	 70.369010
23779.000000	345298.000000	2132.518412	 60.563695
24080.000000	349903.000000	2031.855179	 66.619548
24381.000000	354478.000000	1967.200292	 78.356277
24682.000000	359098.000000	1846.025281	 60.490150
24983.000000	363733.000000	2023.498777	 82.376929
25284.000000	368308.000000	1907.543009	 69.199665
25585.000000	372913.000000	1801.758574	 81.357902
25886.000000	377503.000000	1810.337331	 69.020513
26187.000000	382078.000000	1706.678560	 73.507319
26488.000000	386713.000000	2083.536622	 70.875295
26789.000000	391303.000000	1961.506803	 73.892025
27090.000000	395908.000000	1919.062292	 61.443319
27391.000000	400468.000000	1807.390912	 88.583346
27692.000000	405163.000000	1712.068060	 59.020230
27993.000000	409783.000000	1601.322766	 90.562754
28294.000000	414433.000000	1489.142673	 60.824612
28595.000000	419023.000000	1430.139327	 96.258607
28896.000000	423628.000000	1357.836902	 71.099034
29197.000000	428248.000000	1510.349165	 65.792062
29498.000000	432868.000000	1416.701994	 70.052447
29799.000000	437488.000000	1340.716845	 59.497332
30100.000000	442078.000000	1243.527110	 60.049978
30401.000000	446773.000000	1216.879875	 81.563904
30702.000000	451453.000000	1547.549669	 59.137244
31003.000000	456058.000000	1458.135057	 68.947896
31304.000000	460648.000000	1364.926546	 59.364872
31605.000000	465223.000000	1276.125569	 70.649167
31906.000000	469843.000000	1188.080163	 82.622067
32207.000000	474403.000000	1101.973579	 60.820237
32508.000000	479053.000000	1024.126814	 70.739621
32809.000000	483658.000000	984.211358	 67.371724
33110.000000	488203.000000	913.967615	 60.293464
33411.000000	492763.000000	838.694107	 88.399220
33712.000000	497398.000000	773.064071	 59.687634
34013.000000	502078.000000	731.283843	 99.025246
34314.000000	506668.000000	669.916751	 61.939863
34615.000000	511273.000000	612.843794	 60.177155
34916.000000	515923.000000	559.877027	 69.570388
35217.000000	520558.000000	505.284379	 61.265065
35518.000000	525133.000000	462.779347	 70.079646
35819.000000	529663.000000	419.593448	 60.104569
36120.000000	534343.000000	418.520988	 70.993884
36421.000000	538993.000000	382.625297	 60.380886
36722.000000	543583.000000	341.802830	 60.999990
37023.000000	548098.000000	310.533641	 71.824582
37324.000000	552673.000000	283.986435	 61.911618
37625.000000	557323.000000	267.670730	 61.608588
37926.000000	561853.000000	244.457669	 72.022166
38227.000000	566428.000000	220.561906	 60.772034
38528.000000	571063.000000	229.991728	 72.097464
38829.000000	575683.000000	210.748797	 62.393906
39130.000000	580333.000000	193.941959	 62.835701
39431.000000	584983.000000	177.419998	 75.179648
39732.000000	589603.000000	162.638400	 62.172160
40033.000000	594208.000000	150.172076	 72.695694
40334.000000	598813.000000	137.512266	 62.194148
40635.000000	603448.000000	125.496893	 63.435142
40936.000000	608113.000000	129.788478	 73.714768
41237.000000	612793.000000	120.469134	 64.207854
41538.000000	617383.000000	111.531382	 75.094974
41839.000000	621988.000000	102.152282	 64.767047
42140.000000	626623.000000	 99.380448	 74.166505
42441.000000	631273.000000	 91.848743	 65.607341
42742.000000	635848.000000	 84.886811	 65.310105
43043.000000	640438.000000	 78.522124	 75.759437
43344.000000	645028.000000	 72.758224	 66.111223
43645.000000	649678.000000	 67.628270	 76.991951
43946.000000	654343.000000	 63.201868	 65.631315
44247.000000	658933.000000	 58.129874	 76.316473
44548.000000	663598.000000	 67.141675	 65.028824
44849.000000	668173.000000	 70.342446	 68.709512
45150.000000	672763.000000	 65.911363	 78.072464
45451.000000	677338.000000	 61.879170	 67.563123
45752.000000	681928.000000	 57.467774	 66.084837
46053.000000	686473.000000	 53.684561	 76.796126
46354.000000	691138.000000	 50.041533	 66.050470
46655.000000	695803.000000	 46.490359	 76.633109
46956.000000	700408.000000	 43.301318	 66.951099
47257.000000	705028.000000	 40.793234	 76.857724
47558.000000	709648.000000	 38.305755	 66.326144
47859.000000	714223.000000	 38.037815	 66.718671
48160.000000	718843.000000	 35.397155	 77.633989
48461.000000	723388.000000	 32.931115	 66.809076
48762.000000	727978.000000	 36.253801	 68.388470
49063.000000	732643.000000	 33.823141	 77.891135
49364.000000	737308.000000	 31.460086	 68.223507
49665.000000	741913.000000	 29.053601	 77.847394
49966.000000	746578.000000	 28.059388	 67.776245
50267.000000	751213.000000	 25.860149	 79.188917
50568.000000	755848.000000	 25.308951	 68.619967
50869.000000	760468.000000	 23.553889	 79.572860
51170.000000	765103.000000	 21.934655	 68.580008
51471.000000	769738.000000	 20.306990	129.737456
51772.000000	774358.000000	 18.790161	129.904354
52073.000000	778978.000000	 17.409773	 66.925881
52374.000000	783598.000000	 16.181643	 78.453552
52675.000000	788173.000000	 14.973092	 66.811630
52976.000000	792793.000000	 13.815870	 66.370931
53277.000000	797383.000000	 14.098784	 77.703341
53578.000000	802093.000000	 15.336219	 66.614209
53879.000000	806713.000000	 14.317694	 77.886738
54180.000000	811318.000000	 13.345903	 67.495883
54481.000000	815968.000000	 15.039302	 77.119485
54782.000000	820528.000000	 14.111039	 66.750078
55083.000000	825253.000000	 13.218325	 77.461564
55384.000000	829888.000000	 12.691070	 66.452534
55685.000000	834448.000000	 13.871605	 66.353725
55986.000000	839128.000000	 13.017961	 77.820385
56287.000000	843748.000000	 12.185899	 66.680872
56588.000000	848383.000000	 11.359060	 76.815202
56889.000000	852973.000000	 12.907712	 66.901932
57190.000000	857608.000000	 12.485792	 66.464912
57491.000000	862198.000000	 11.722814	 77.377637
57792.000000	866788.000000	 13.779474	 66.120846
58093.000000	871423.000000	 13.008227	 77.012018
58394.000000	876058.000000	 12.255615	 65.727312
58695.000000	880708.000000	 11.493878	 76.696789
58996.000000	885358.000000	 10.743532	 66.406470
59297.000000	889978.000000	 10.020157	 67.028521
59598.000000	894598.000000	 11.661074	 77.019481
59899.000000	899188.000000	 12.905075	 66.425718
60200.000000	903763.000000	 12.223591	 76.960184
60501.000000	908428.000000	 11.580722	 66.578886
60802.000000	913078.000000	 10.975725	 77.324116
61103.000000	917743.000000	 10.381234	 66.738154
61404.000000	922348.000000	  9.805396	 66.677056
61705.000000	926953.000000	  9.248091	 77.174083
62006.000000	931633.000000	  9.233545	 66.113416
62307.000000	936253.000000	  8.704060	 77.694173
62608.000000	940783.000000	  8.181369	 66.762199
62909.000000	945418.000000	  7.672740	 66.735011
63210.000000	950038.000000	  7.178284	 77.097560
63511.000000	954628.000000	  6.696047	 67.222844
63812.000000	959248.000000	  6.225267	 77.282312
64113.000000	963913.000000	  6.008639	 66.341432
64414.000000	968533.000000	  6.689247	 79.062962
64715.000000	973243.000000	  6.243960	 67.442210
65016.000000	977818.000000	  5.799328	 66.505144
65317.000000	982513.000000	  5.365501	 78.281952
65618.000000	987163.000000	  4.943156	 67.916113
65919.000000	991783.000000	  4.530188	 78.512567
66220.000000	996433.000000	  4.127017	 67.102252
66521.000000	1001008.000000	  4.079096	 77.769096
66822.000000	1005598.000000	  3.694021	 66.651611
67123.000000	1010188.000000	  3.395688	 67.617690
67424.000000	1014733.000000	  3.989295	 78.820663
67725.000000	1019353.000000	  3.621222	 66.860659
68026.000000	1023988.000000	  3.676482	 77.906618
68327.000000	1028638.000000	  3.323331	 69.207053
68628.000000	1033288.000000	  2.978911	 67.996561
68929.000000	1037848.000000	  2.645021	 79.056741
69230.000000	1042438.000000	  2.323590	 67.985825
69531.000000	1047103.000000	  2.015673	 79.915993
69832.000000	1051738.000000	  1.888699	 67.995746
70133.000000	1056358.000000	  2.118227	 78.955048
70434.000000	1060993.000000	  1.851396	 67.878628
70735.000000	1065583.000000	  2.052181	 68.035523
71036.000000	1070233.000000	  1.768119	 79.351099
71337.000000	1074913.000000	  1.502058	 68.059642
71638.000000	1079623.000000	  1.256715	 78.974148
71939.000000	1084273.000000	  1.275295	 68.143377
72240.000000	1088893.000000	  1.053115	 78.351822
72541.000000	1093513.000000	  0.866960	 68.898444
72653.000000	1095238.000000	  0.799628	 34.653924
