#    NumIter	  NumCalls	     dlogz	   Time[s]
301.000000	481.000000	999999992000000106381574106533084846302568446383418558986654832538354759246072026536571833375784960.000000	 86.549566
602.000000	782.000000	999999984000000245426979408949478418755603706960281645055347885605413672570416190464403798296100864.000000	 86.456163
903.000000	1083.000000	999999977000000367091709048563822794652009559965036845365454307039090221729217333901256767601377280.000000	 75.841439
1204.000000	1384.000000	999999969000000506137114350980216367105044820541899931434147360106149135053561497829088732521693184.000000	 86.546597
1505.000000	1685.000000	999999962000000627801843990594560743001450673546655131744253781539825684212362641265941701826969600.000000	 75.694781
1806.000000	1986.000000	999999954000000766847249293010954315454485934123518217812946834606884597536706805193773666747285504.000000	 86.581130
2107.000000	2287.000000	999999947000000888511978932625298691350891787128273418123053256040561146695507948630626636052561920.000000	 75.713064
2408.000000	2588.000000	999999939000001027557384235041692263803927047705136504191746309107620060019852112558458600972877824.000000	 86.508384
2709.000000	2889.000000	999999932000001149222113874656036639700332900709891704501852730541296609178653255995311570278154240.000000	 75.582640
3010.000000	3190.000000	999999924000001288267519177072430212153368161286754790570545783608355522502997419923143535198470144.000000	 87.699787
3311.000000	3491.000000	999999917000001409932248816686774588049774014291509990880652205042032071661798563359996504503746560.000000	 75.788089
3612.000000	3792.000000	999999909000001548977654119103168160502809274868373076949345258109090984986142727287828469424062464.000000	 87.343995
3913.000000	4093.000000	999999902000001670642383758717512536399215127873128277259451679542767534144943870724681438729338880.000000	 75.914588
4214.000000	4394.000000	999999894000001809687789061133906108852250388449991363328144732609826447469288034652513403649654784.000000	 86.610808
4515.000000	4695.000000	999999887000001931352518700748250484748656241454746563638251154043502996628089178089366372954931200.000000	 75.768950
4816.000000	4996.000000	999999879000002070397924003164644057201691502031609649706944207110561909952433342017198337875247104.000000	 86.888904
5117.000000	5297.000000	999999872000002192062653642778988433098097355036364850017050628544238459111234485454051307180523520.000000	 76.294282
5418.000000	5598.000000	999999864000002331108058945195382005551132615613227936085743681611297372435578649381883272100839424.000000	 87.011816
5719.000000	5899.000000	999999857000002452772788584809726381447538468617983136395850103044973921594379792818736241406115840.000000	 75.910874
6020.000000	6200.000000	999999849000002591818193887226119953900573729194846222464543156112032834918723956746568206326431744.000000	 86.824409
6321.000000	6501.000000	999999841000002730863599189642513526353608989771709308533236209179091748243068120674400171246747648.000000	 86.821297
6622.000000	6802.000000	999999834000002852528328829256857902250014842776464508843342630612768297401869264111253140552024064.000000	 76.734596
6923.000000	7103.000000	999999826000002991573734131673251474703050103353327594912035683679827210726213428039085105472339968.000000	 87.185462
7224.000000	7404.000000	999999819000003113238463771287595850599455956358082795222142105113503759885014571475938074777616384.000000	 75.971049
7525.000000	7705.000000	999999811000003252283869073703989423052491216934945881290835158180562673209358735403770039697932288.000000	 86.914682
7826.000000	8006.000000	999999804000003373948598713318333798948897069939701081600941579614239222368159878840623009003208704.000000	 75.993595
8127.000000	8307.000000	999999796000003512994004015734727371401932330516564167669634632681298135692504042768454973923524608.000000	 87.163519
8428.000000	8608.000000	999999789000003634658733655349071747298338183521319367979741054114974684851305186205307943228801024.000000	 76.367126
8729.000000	8915.000000	999999781000003773704138957765465319751373444098182454048434107182033598175649350133139908149116928.000000	 87.124828
9030.000000	9223.000000	999999773000003912749544260181858892204408704675045540117127160249092511499993514060971873069432832.000000	 86.821282
9331.000000	9532.000000	999999766000004034414273899796203268100814557679800740427233581682769060658794657497824842374709248.000000	 76.219756
9632.000000	9841.000000	999999758000004173459679202212596840553849818256663826495926634749827973983138821425656807295025152.000000	 86.891420
9933.000000	10149.000000	999999750000004312505084504628990413006885078833526912564619687816886887307482985353488772215341056.000000	 87.360771
10234.000000	10458.000000	999999743000004434169814144243334788903290931838282112874726109250563436466284128790341741520617472.000000	 76.149717
10535.000000	10767.000000	999999735000004573215219446659728361356326192415145198943419162317622349790628292718173706440933376.000000	 86.869395
10836.000000	11076.000000	999999727000004712260624749076121933809361452992008285012112215384681263114972456646005671361249280.000000	 87.365425
11137.000000	11384.000000	999999719000004851306030051492515506262396713568871371080805268451740176439316620573837636281565184.000000	 87.741364
11438.000000	11693.000000	999999712000004972970759691106859882158802566573626571390911689885416725598117764010690605586841600.000000	 76.083885
11739.000000	12002.000000	999999704000005112016164993523253454611837827150489657459604742952475638922461927938522570507157504.000000	 86.955749
12040.000000	12310.000000	999999696000005251061570295939647027064873087727352743528297796019534552246806091866354535427473408.000000	 87.187543
12341.000000	12619.000000	999999689000005372726299935553991402961278940732107943838404217453211101405607235303207504732749824.000000	 76.404410
12642.000000	12936.000000	999999681000005511771705237970384975414314201308971029907097270520270014729951399231039469653065728.000000	 88.082623
12943.000000	13253.000000	999999673000005650817110540386778547867349461885834115975790323587328928054295563158871434573381632.000000	 87.571044
13244.000000	13570.000000	999999665000005789862515842803172120320384722462697202044483376654387841378639727086703399493697536.000000	 86.953888
13545.000000	13887.000000	999999657000005928907921145219565692773419983039560288113176429721446754702983891014535364414013440.000000	 87.601229
13846.000000	14203.000000	999999649000006067953326447635959265226455243616423374181869482788505668027328054942367329334329344.000000	 86.591029
14147.000000	14520.000000	999999641000006206998731750052352837679490504193286460250562535855564581351672218870199294254645248.000000	 86.899384
14448.000000	14838.000000	999999633000006346044137052468746410132525764770149546319255588922623494676016382798031259174961152.000000	 87.069889
14749.000000	15154.000000	999999625000006485089542354885139982585561025347012632387948641989682408000360546725863224095277056.000000	 87.122368
15050.000000	15470.000000	999999617000006624134947657301533555038596285923875718456641695056741321324704710653695189015592960.000000	 87.219719
15351.000000	15788.000000	999999609000006763180352959717927127491631546500738804525334748123800234649048874581527153935908864.000000	 86.782585
15652.000000	16104.000000	999999601000006902225758262134320699944666807077601890594027801190859147973393038509359118856224768.000000	 86.818231
15953.000000	16433.000000	999999593000007041271163564550714272397702067654464976662720854257918061297737202437191083776540672.000000	 86.876434
16254.000000	16766.000000	999999585000007180316568866967107844850737328231328062731413907324976974622081366365023048696856576.000000	 86.835361
16555.000000	17102.000000	999999576000007336742649832185550613860401996380299034558693592025418252111968550783834009232211968.000000	 97.874573
16856.000000	17434.000000	999999568000007475788055134601944186313437256957162120627386645092477165436312714711665974152527872.000000	 86.912833
17157.000000	17768.000000	999999560000007614833460437018337758766472517534025206696079698159536078760656878639497939072843776.000000	 86.820358
17458.000000	18104.000000	999999551000007771259541402236780527776137185682996178523359382859977356250544063058308899608199168.000000	 97.827762
17759.000000	18440.000000	999999543000007910304946704653174100229172446259859264592052435927036269574888226986140864528515072.000000	 86.967637
18060.000000	18774.000000	999999535000008049350352007069567672682207706836722350660745488994095182899232390913972829448830976.000000	 86.983430
18361.000000	19107.000000	999999526000008205776432972288010441691872374985693322488025173694536460389119575332783789984186368.000000	 97.531410
18662.000000	19443.000000	999999518000008344821838274704404014144907635562556408556718226761595373713463739260615754904502272.000000	 86.937592
18963.000000	19778.000000	999999510000008483867243577120797586597942896139419494625411279828654287037807903188447719824818176.000000	 86.917779
19264.000000	20124.000000	999999501000008640293324542339240355607607564288390466452690964529095564527695087607258680360173568.000000	 98.005743
19565.000000	20479.000000	999999492000008796719405507557683124617272232437361438279970649229536842017582272026069640895528960.000000	 97.808472
19866.000000	20836.000000	999999483000008953145486472776125893626936900586332410107250333929978119507469456444880601430884352.000000	 97.684330
20167.000000	21196.000000	999999474000009109571567437994568662636601568735303381934530018630419396997356640863691561966239744.000000	 97.668244
20468.000000	21567.000000	999999465000009265997648403213011431646266236884274353761809703330860674487243825282502522501595136.000000	 98.027139
20769.000000	21938.000000	999999455000009439804405031233503397212560312605353211347676019664684316142674030192292478651990016.000000	 98.253788
21070.000000	22303.000000	999999446000009596230485996451946166222224980754324183174955704365125593632561214611103439187345408.000000	108.405469
21371.000000	22682.000000	999999437000009752656566961670388935231889648903295155002235389065566871122448399029914399722700800.000000	 98.163134
21672.000000	23063.000000	999999427000009926463323589690880900798183724624374012588101705399390512777878603939704355873095680.000000	109.168189
21973.000000	23445.000000	999999418000010082889404554909323669807848392773344984415381390099831790267765788358515316408451072.000000	 98.178814
22274.000000	23824.000000	999999408000010256696161182929815635374142468494423842001247706433655431923195993268305272558845952.000000	108.734354
22575.000000	24213.000000	999999399000010413122242148148258404383807136643394813828527391134096709413083177687116233094201344.000000	 98.252539
22876.000000	24609.000000	999999389000010586928998776168750369950101212364473671414393707467920351068513382596906189244596224.000000	108.789041
23177.000000	25006.000000	999999379000010760735755404189242335516395288085552529000260023801743992723943587506696145394991104.000000	108.711760
23478.000000	25407.000000	999999369000010934542512032209734301082689363806631386586126340135567634379373792416486101545385984.000000	108.828295
23779.000000	25808.000000	999999359000011108349268660230226266648983439527710244171992656469391276034803997326276057695780864.000000	108.439574
24080.000000	26217.000000	999999348000011299536700951052767428771906922820896987516445604436597281855777222727045009461215232.000000	109.567685
24381.000000	26627.000000	999999338000011473343457579073259394338200998541975845102311920770420923511207427636834965611610112.000000	119.430142
24682.000000	27043.000000	999999328000011647150214207093751359904495074263054702688178237104244565166637632546624921762004992.000000	109.491904
24983.000000	27476.000000	999999317000011838337646497916292522027418557556241446032631185071450570987610857947393873527439360.000000	119.720021
25284.000000	27920.000000	999999306000012029525078788738833684150342040849428189377084133038656576808584083348162825292873728.000000	119.466225
25585.000000	28356.000000	999999295000012220712511079561374846273265524142614932721537081005862582629557308748931777058308096.000000	120.294492
25886.000000	28805.000000	999999284000012411899943370383916008396189007435801676065990028973068588450530534149700728823742464.000000	119.559598
26187.000000	29259.000000	999999272000012620468051324008506367075741898301096305169029608573656958437046780041448676204216320.000000	119.553076
26488.000000	29715.000000	999999261000012811655483614831047529198665381594283048513482556540862964258020005442217627969650688.000000	130.233931
26789.000000	30197.000000	999999249000013020223591568455637887878218272459577677616522136141451334244536251333965575350124544.000000	130.883696
27090.000000	30709.000000	999999236000013246172375184882277443114400570896980192478148347375422068396595517716692518345637888.000000	141.709699
27391.000000	31210.000000	999999223000013472121158801308916998350582869334382707339774558609392802548654784099419461341151232.000000	130.823249
27692.000000	31742.000000	999999210000013698069942417735556553586765167771785222201400769843363536700714050482146404336664576.000000	151.893771
27993.000000	32293.000000	999999196000013941399401696964245305379576873781295622821613612710716635018316337355852342947217408.000000	140.933840
28294.000000	32873.000000	999999182000014184728860976192934057172388579790806023441826455578069733335918624229558281557770240.000000	162.828691
28595.000000	33486.000000	999999166000014462819671581025721202078459100944532195579212561712187559984606952085222211398402048.000000	162.650004
28896.000000	34129.000000	999999150000014740910482185858508346984529622098258367716598667846305386633295279940886141239033856.000000	174.200481
29197.000000	34869.000000	999999132000015053762644116295393885003858958396200311371158037247187941613069648778508062309744640.000000	205.501202
29498.000000	35744.000000	999999110000015436137508697940476209249705924982573798060063933181599953255016099580045965840613376.000000	238.890200
29799.000000	36937.000000	999999079000015974938454244804001302505217559717918256576249513816453242386849734800394829906837504.000000	314.582165
30100.000000	38332.000000	999999044000016583262102442875723181987246824741694258126781620984835988180855451984659676433219584.000000	379.782412
30401.000000	78682.000000	7924.189509	10934.114762
30702.000000	313250.000000	3444.402969	63427.010983
31003.000000	318230.000000	2031.011856	845.542679
31304.000000	323360.000000	1381.664810	1228.261999
31605.000000	328475.000000	870.198264	1309.193516
31906.000000	333350.000000	460.046087	1208.815996
32207.000000	338315.000000	206.375614	1224.328511
32508.000000	343355.000000	123.328108	1234.653728
32809.000000	348215.000000	 52.159299	1231.881757
33110.000000	353240.000000	 23.516406	1389.688000
33411.000000	358325.000000	 11.418764	1230.193750
33712.000000	363350.000000	  5.838465	1362.287250
34013.000000	368300.000000	  2.922741	1228.535537
34314.000000	373340.000000	  0.900589	1235.369418
34340.000000	373745.000000	  0.797380	158.978712
