Model phase4

z_l 0.1972841823760099
z_s      0.669

         Lens Galaxy
inc                        Fixed(79.51185154826567)
beta                       Fixed(0.33092901004382086)
ml                         Fixed(3.4632940788899225)
log_rho_s                  Fixed(-2.604746805321992)
rs                         Fixed(27.511923721175144)
qDM                        Fixed(1.0)
slope                      Fixed(0.6812443045222553)
mag_shear                  Fixed(0.07100411813034033)
phi_shear                  Fixed(119.80442049386882)
gamma                      Fixed(1.0)

       Source Galaxy
pixels                   Uniform(10, 300)
weight_floor             Uniform(0.0, 1.0)
weight_power             Uniform(0.0, 20.0)
inner_coefficient       LogUniform(1e-06, 1000000.0)
outer_coefficient       LogUniform(1e-06, 1000000.0)
signal_scale             Uniform(0.0, 1.0)
