Model phase5

z_l 0.1972841823760099
z_s     0.3954

         Lens Galaxy
inc                      Uniform(65.20406127974546, 90.0)
beta                     Uniform(-0.15375819998733076, -0.017137922085835394)
ml                       Uniform(2.3774817533959243, 3.362486049656324)
log_rho_s                Uniform(-4.169444557084472, -2.806385786670103)
rs                       Uniform(7.417908756090675, 16.317063862849526)
qDM                        Fixed(1.0)
slope                    Uniform(1.2247795787826083, 1.827964996028247)
mag_shear                Uniform(0.003973827808294084, 0.027426694686671)
phi_shear                Uniform(107.2762037928674, 160.9143056893011)
gamma                      Fixed(1.0)

       Source Galaxy
pixels                     Fixed(51.41225051476541)
weight_floor               Fixed(0.015096251953871558)
weight_power               Fixed(3.293058239298148)
inner_coefficient            Fixed(0.0006353670655981071)
outer_coefficient            Fixed(35.68104194087215)
signal_scale               Fixed(0.051808811468006866)
