#    NumIter	  NumCalls	     dlogz	   Time[s]
301.000000	1347.000000	76321530372162.718750	 13.061466
602.000000	1848.000000	1908205625.138923	 16.302019
903.000000	2495.000000	1067069.320582	 23.305727
1204.000000	3397.000000	391318.105111	 29.508022
1505.000000	4615.000000	387620.097424	 42.578110
1806.000000	6270.000000	383757.451159	 55.388375
2107.000000	8457.000000	369992.586874	 76.574070
2408.000000	11609.000000	377530.912258	107.588748
2709.000000	15667.000000	345962.918280	137.121971
3010.000000	21341.000000	310876.465101	193.010602
3311.000000	28684.000000	277325.248943	251.062029
3612.000000	36817.000000	251038.493878	221.002878
3913.000000	41407.000000	228184.263357	 19.850404
4214.000000	46012.000000	208968.741610	 50.144298
4515.000000	50587.000000	194819.167048	 87.499115
4816.000000	55207.000000	183869.724219	130.348665
5117.000000	59812.000000	170288.513779	126.788024
5418.000000	64447.000000	155960.286126	127.124885
5719.000000	69112.000000	144467.561597	152.891994
6020.000000	73762.000000	132602.883271	135.670010
6321.000000	78382.000000	121275.230094	156.188564
6622.000000	82987.000000	113930.940629	136.512012
6923.000000	87592.000000	104934.489976	136.097311
7224.000000	92227.000000	95955.252676	156.623154
7525.000000	96817.000000	87446.986502	133.799614
7826.000000	101407.000000	90934.019512	159.180912
8127.000000	106042.000000	82930.689390	139.568814
8428.000000	110737.000000	75453.397774	158.735007
8729.000000	115402.000000	68319.947100	136.904353
9030.000000	119947.000000	62170.558792	135.984476
9331.000000	124582.000000	58627.533027	156.023131
9632.000000	129127.000000	53230.252154	136.191230
9933.000000	133687.000000	50152.976671	155.926643
10234.000000	138337.000000	45411.850065	136.328958
10535.000000	143002.000000	40488.060692	131.055850
10836.000000	147697.000000	37550.745711	154.627435
11137.000000	152287.000000	33699.277734	130.256727
11438.000000	156952.000000	31957.160201	153.866891
11739.000000	161557.000000	28899.279536	130.752792
12040.000000	166132.000000	26142.048793	155.742388
12341.000000	170722.000000	25931.981246	133.911887
12642.000000	175372.000000	23617.594530	135.105116
12943.000000	179992.000000	21328.998489	155.704804
13244.000000	184627.000000	19253.414636	133.202965
13545.000000	189337.000000	17491.129854	158.189665
13846.000000	193987.000000	15823.970852	134.893834
14147.000000	198577.000000	14232.140161	156.008348
14448.000000	203242.000000	12696.159538	133.168451
14749.000000	207847.000000	11373.274726	156.454855
15050.000000	212527.000000	10074.376190	134.378344
15351.000000	217162.000000	9356.732830	134.021807
15652.000000	221767.000000	8314.573339	156.922565
15953.000000	226372.000000	7706.157646	136.477423
16254.000000	230992.000000	7814.990546	159.497599
16555.000000	235657.000000	7102.188720	135.388505
16856.000000	240307.000000	6392.720485	161.574567
17157.000000	244987.000000	6334.096144	138.626250
17458.000000	249682.000000	5789.668903	160.830660
17759.000000	254272.000000	5296.721306	137.857446
18060.000000	258847.000000	4856.321597	140.241624
18361.000000	263542.000000	4435.884867	162.727057
18662.000000	268132.000000	4201.442265	138.464025
18963.000000	272782.000000	4175.995233	162.186960
19264.000000	277462.000000	3863.951872	138.397523
19565.000000	282082.000000	3742.941197	160.537457
19866.000000	286687.000000	3555.700193	138.030533
20167.000000	291322.000000	3295.906040	138.965066
20468.000000	295942.000000	3068.832282	161.244896
20769.000000	300607.000000	3013.854166	139.292331
21070.000000	305257.000000	2782.045968	162.346678
21371.000000	309862.000000	3051.847204	139.990561
21672.000000	314482.000000	2842.807785	159.749400
21973.000000	319162.000000	2776.355556	138.042134
22274.000000	323737.000000	2590.186504	138.635073
22575.000000	328372.000000	2754.649607	160.923722
22876.000000	333082.000000	2562.684699	138.624371
23177.000000	337732.000000	2390.526964	160.732921
23478.000000	342322.000000	2224.526094	137.159909
23779.000000	346942.000000	2486.894203	159.993726
24080.000000	351532.000000	2329.484632	135.765827
24381.000000	356137.000000	2197.582353	133.052955
24682.000000	360742.000000	2062.744722	156.809272
24983.000000	365437.000000	2462.041012	134.008957
25284.000000	370027.000000	2331.084088	158.395594
25585.000000	374647.000000	2214.672364	136.119439
25886.000000	379252.000000	2092.344119	156.140572
26187.000000	383857.000000	2240.593309	138.090864
26488.000000	388462.000000	2131.869131	136.573559
26789.000000	393022.000000	2022.338773	158.432406
27090.000000	397702.000000	1919.092277	135.608829
27391.000000	402277.000000	1816.517343	156.875874
27692.000000	406912.000000	1725.492765	132.769396
27993.000000	411607.000000	1619.796952	156.210542
28294.000000	416227.000000	1533.074561	135.558657
28595.000000	420817.000000	1453.519347	134.173144
28896.000000	425437.000000	1370.294404	156.546520
29197.000000	430102.000000	1284.006519	133.748034
29498.000000	434692.000000	1199.096638	157.919626
29799.000000	439312.000000	1121.217228	136.212334
30100.000000	443992.000000	1071.359851	134.389621
30401.000000	448597.000000	1001.153788	156.874309
30702.000000	453262.000000	925.703654	135.699899
31003.000000	457897.000000	853.929766	159.124959
31304.000000	462472.000000	930.711477	135.917057
31605.000000	467032.000000	1009.445867	135.862025
31906.000000	471577.000000	944.064771	157.357322
32207.000000	476197.000000	882.862556	137.842500
32508.000000	480802.000000	818.846091	160.365448
32809.000000	485377.000000	762.337938	139.481126
33110.000000	489997.000000	703.717598	136.028399
33411.000000	494557.000000	742.355190	155.533192
33712.000000	499162.000000	688.421276	134.660424
34013.000000	503797.000000	641.483845	159.151551
34314.000000	508432.000000	600.641530	138.775395
34615.000000	513052.000000	556.205405	139.414658
34916.000000	517717.000000	515.270018	160.000580
35217.000000	522277.000000	517.814408	136.472609
35518.000000	526942.000000	480.827196	159.849223
35819.000000	531562.000000	443.430419	137.139456
36120.000000	536197.000000	425.147963	161.745390
36421.000000	540802.000000	393.082642	137.422096
36722.000000	545437.000000	363.436700	136.865571
37023.000000	550072.000000	332.893314	161.960377
37324.000000	554767.000000	305.538839	138.793828
37625.000000	559357.000000	279.228733	160.436215
37926.000000	563947.000000	257.391976	139.129508
38227.000000	568582.000000	243.374194	162.040281
38528.000000	573232.000000	237.725660	137.666789
38829.000000	577807.000000	260.448923	137.809369
39130.000000	582397.000000	242.562193	163.016320
39431.000000	587032.000000	234.683341	138.661631
39732.000000	591712.000000	217.942968	161.529526
40033.000000	596362.000000	202.083861	138.532744
40334.000000	601027.000000	238.339969	162.131121
40635.000000	605677.000000	224.753486	140.391022
40936.000000	610327.000000	212.588584	163.722288
41237.000000	614917.000000	199.269798	139.854230
41538.000000	619537.000000	187.636951	140.486124
41839.000000	624157.000000	175.446035	162.963709
42140.000000	628762.000000	181.108255	140.532264
42441.000000	633367.000000	171.513230	162.343064
42742.000000	638017.000000	188.975757	140.326188
43043.000000	642622.000000	177.742840	137.389392
43344.000000	647287.000000	167.369431	161.172822
43645.000000	651922.000000	156.591993	138.256874
43946.000000	656512.000000	154.322887	163.580313
44247.000000	661177.000000	144.468799	141.351612
44548.000000	665737.000000	156.526233	140.404512
44849.000000	670357.000000	146.526707	163.394747
45150.000000	674917.000000	137.981951	138.731830
45451.000000	679477.000000	129.990018	161.450482
45752.000000	684097.000000	120.402123	138.636357
46053.000000	688717.000000	130.903368	140.686666
46354.000000	693352.000000	121.758010	161.966085
46655.000000	697987.000000	113.780880	139.693395
46956.000000	702577.000000	106.664326	160.375835
47257.000000	707197.000000	106.261168	136.910352
47558.000000	711772.000000	 99.086478	137.734560
47859.000000	716407.000000	 92.612883	160.257774
48160.000000	721012.000000	 86.596021	139.203319
48461.000000	725602.000000	103.961409	160.679686
48762.000000	730192.000000	 97.662146	137.885873
49063.000000	734872.000000	 92.164602	139.568222
49364.000000	739432.000000	 86.520955	161.608655
49665.000000	744052.000000	 81.391328	140.019454
49966.000000	748687.000000	 76.302465	161.895243
50267.000000	753307.000000	 71.438673	140.768271
50568.000000	757912.000000	 66.790991	141.710580
50869.000000	762547.000000	 62.283532	162.607358
51170.000000	767182.000000	 74.267860	139.042071
51471.000000	771832.000000	 70.366021	162.759866
51772.000000	776452.000000	 66.464581	139.110035
52073.000000	781087.000000	 62.603824	160.408978
52374.000000	785767.000000	 58.600725	137.723433
52675.000000	790477.000000	 62.830386	160.269505
52976.000000	795082.000000	 76.672415	136.985141
53277.000000	799672.000000	 73.152786	137.100433
53578.000000	804277.000000	 69.815786	161.009952
53879.000000	808927.000000	 66.006697	137.792626
54180.000000	813547.000000	 62.432902	159.470264
54481.000000	818212.000000	 59.228180	138.375439
54782.000000	822862.000000	 56.100834	160.463000
55083.000000	827512.000000	 52.824006	140.430418
55384.000000	832147.000000	 49.741499	164.982445
55685.000000	836752.000000	 46.873364	139.981632
55986.000000	841342.000000	 44.157296	136.675613
56287.000000	845932.000000	 41.374285	163.089508
56588.000000	850537.000000	 38.481584	137.853134
56889.000000	855172.000000	 35.784999	162.249154
57190.000000	859807.000000	 33.348533	137.390555
57491.000000	864502.000000	 33.423438	162.107651
57792.000000	869137.000000	 33.390411	138.712235
58093.000000	873727.000000	 30.968294	139.202524
58394.000000	878377.000000	 30.210797	162.544713
58695.000000	882937.000000	 28.625857	137.117535
58996.000000	887557.000000	 31.916976	160.049523
59297.000000	892162.000000	 29.921600	138.570338
59598.000000	896842.000000	 27.913636	137.744864
59899.000000	901477.000000	 26.109772	160.043233
60200.000000	906082.000000	 25.012728	136.972894
60501.000000	910627.000000	 24.973903	159.696351
60802.000000	915277.000000	 23.263935	137.122450
61103.000000	919837.000000	 21.640902	136.501059
61404.000000	924472.000000	 20.133367	159.618147
61705.000000	929032.000000	 25.845791	137.118676
62006.000000	933607.000000	 24.625162	160.621949
62307.000000	938182.000000	 23.295334	138.028255
62608.000000	942772.000000	 21.982989	139.149376
62909.000000	947377.000000	 20.731851	162.912567
63210.000000	951967.000000	 19.495086	139.264222
63511.000000	956587.000000	 18.293268	137.275933
63812.000000	961177.000000	 17.373682	161.543750
64113.000000	965827.000000	 16.331153	136.051956
64414.000000	970492.000000	 15.368344	160.486506
64715.000000	975127.000000	 15.905101	138.395191
65016.000000	979762.000000	 16.250517	160.204291
65317.000000	984397.000000	 15.571869	136.697361
65618.000000	988957.000000	 14.735099	138.758846
65919.000000	993562.000000	 13.955140	157.036615
66220.000000	998212.000000	 13.169767	134.485069
66521.000000	1002877.000000	 14.224518	156.038557
66822.000000	1007437.000000	 13.489176	135.389506
67123.000000	1012057.000000	 13.453431	134.725169
67424.000000	1016617.000000	 12.703918	158.331033
67725.000000	1021207.000000	 14.085942	134.498605
68026.000000	1025857.000000	 13.321924	155.871675
68327.000000	1030507.000000	 12.799031	132.436075
68628.000000	1035157.000000	 11.992228	154.123488
68929.000000	1039927.000000	 12.164031	132.920778
69230.000000	1044607.000000	 11.369851	156.451646
69531.000000	1049182.000000	 10.537709	132.726924
69832.000000	1053787.000000	 11.091848	131.655779
70133.000000	1058392.000000	 10.563649	154.605354
70434.000000	1063042.000000	  9.836271	134.521383
70735.000000	1067692.000000	  9.117402	156.351679
71036.000000	1072312.000000	  8.408780	135.519663
71337.000000	1076917.000000	  8.953054	157.066967
71638.000000	1081492.000000	  8.325200	133.722397
71939.000000	1086082.000000	  7.807084	134.632567
72240.000000	1090792.000000	  8.733020	157.907169
72541.000000	1095442.000000	  8.580481	135.003363
72842.000000	1100062.000000	  7.997407	156.751203
73143.000000	1104652.000000	  7.422003	135.403127
73444.000000	1109272.000000	  7.065241	135.880593
73745.000000	1113892.000000	  7.253431	158.654393
74046.000000	1118572.000000	  7.403924	134.473742
74347.000000	1123177.000000	  6.897387	159.089201
74648.000000	1127707.000000	  6.404180	136.359219
74949.000000	1132327.000000	  7.395488	160.849231
75250.000000	1136917.000000	  6.916806	135.378437
75551.000000	1141507.000000	  7.367795	136.704296
75852.000000	1146142.000000	  6.897520	157.390410
76153.000000	1150747.000000	  6.437841	135.058585
76454.000000	1155442.000000	  5.984672	159.249618
76755.000000	1160092.000000	  8.503988	137.058161
77056.000000	1164682.000000	  8.065610	136.008909
77357.000000	1169287.000000	  7.636988	159.052469
77658.000000	1173907.000000	  7.216756	137.079789
77959.000000	1178572.000000	  6.800942	158.611833
78260.000000	1183177.000000	  7.199960	136.360713
78561.000000	1187767.000000	  6.788938	160.684523
78862.000000	1192342.000000	  7.881081	137.214000
79163.000000	1196917.000000	  7.771598	136.070609
79464.000000	1201552.000000	  7.372821	159.217566
79765.000000	1206172.000000	  7.834214	137.728020
80066.000000	1210792.000000	  7.441506	137.149339
80367.000000	1215487.000000	  7.413837	160.097640
80668.000000	1220182.000000	  8.249341	159.339167
80969.000000	1224772.000000	  7.871102	138.406292
81270.000000	1229497.000000	  7.492476	136.399478
81571.000000	1234072.000000	  7.741353	159.144091
81872.000000	1238662.000000	  7.872613	137.722451
82173.000000	1243207.000000	  7.489860	159.751815
82474.000000	1247752.000000	  7.194021	137.146213
82775.000000	1252342.000000	  6.799543	136.882396
83076.000000	1256932.000000	  6.566420	156.703287
83377.000000	1261522.000000	  7.332568	135.599173
83678.000000	1266172.000000	 10.269958	134.043873
83979.000000	1270792.000000	  9.826212	152.135553
84280.000000	1275352.000000	 10.463111	132.012941
84581.000000	1279912.000000	  9.978277	132.075246
84882.000000	1284577.000000	  9.477432	148.446148
85183.000000	1289137.000000	 11.246119	129.386409
85484.000000	1293727.000000	 10.719722	145.189620
85785.000000	1298347.000000	 10.475904	122.197344
86086.000000	1303012.000000	 10.192169	143.795341
86387.000000	1307557.000000	 11.697187	126.424231
86688.000000	1312177.000000	 11.111878	123.032555
86989.000000	1316767.000000	 10.525018	150.959784
87290.000000	1321357.000000	 13.694394	124.932977
87591.000000	1325977.000000	 13.102222	123.093065
87892.000000	1330567.000000	 12.489058	143.677830
88193.000000	1335127.000000	 11.873502	122.978588
88494.000000	1339732.000000	 14.432291	143.493151
88795.000000	1344307.000000	 17.000048	122.778873
89096.000000	1348837.000000	 16.326231	123.741742
89397.000000	1353472.000000	 19.491024	142.883191
89698.000000	1358032.000000	 18.739215	125.070744
89999.000000	1362622.000000	 17.965861	124.301427
90300.000000	1367227.000000	 20.096476	143.610536
90601.000000	1371832.000000	 22.362537	123.401735
90902.000000	1376467.000000	 21.460806	144.582825
91203.000000	1381057.000000	 27.111526	125.338079
91504.000000	1385707.000000	 31.778207	124.007972
91805.000000	1390342.000000	 30.663147	144.316288
92106.000000	1394902.000000	 29.447074	123.891164
92407.000000	1399477.000000	 38.280399	141.842928
92708.000000	1404097.000000	 40.405350	122.542075
93009.000000	1408657.000000	 42.840653	124.170971
93310.000000	1413262.000000	 46.251234	143.149412
93611.000000	1417837.000000	 44.452206	121.904328
93912.000000	1422427.000000	 43.464493	122.510524
94213.000000	1427017.000000	 57.102657	142.999313
94514.000000	1431622.000000	 55.029635	123.120443
94815.000000	1436287.000000	 52.899132	142.324251
95116.000000	1440832.000000	 50.672533	124.154371
95417.000000	1445392.000000	 48.535749	124.317471
95718.000000	1449997.000000	 46.077586	144.268148
96019.000000	1454602.000000	 43.559352	125.875773
96320.000000	1459222.000000	 48.882333	144.763651
96621.000000	1463887.000000	 57.740082	125.447552
96922.000000	1468507.000000	 55.001160	123.810204
97223.000000	1473127.000000	 52.108207	146.850726
97524.000000	1477732.000000	 51.442295	125.870704
97825.000000	1482337.000000	 58.883829	144.583199
98126.000000	1487092.000000	 56.136937	124.538631
98427.000000	1491652.000000	 53.407771	143.575157
98728.000000	1496212.000000	 52.963165	124.188740
99029.000000	1500787.000000	 50.357146	124.808239
99330.000000	1505437.000000	 79.821069	144.951455
99631.000000	1510057.000000	 76.874987	125.029730
99932.000000	1514632.000000	 74.039154	124.894999
100233.000000	1519207.000000	 71.210689	145.071925
100534.000000	1523812.000000	 68.550872	125.532130
100835.000000	1528402.000000	 65.711698	145.160779
101136.000000	1533022.000000	 62.682153	125.446924
101437.000000	1537612.000000	 59.627609	124.108275
101738.000000	1542217.000000	 56.804047	144.068812
102039.000000	1546822.000000	 54.083722	125.028302
102340.000000	1551457.000000	 51.271372	142.724784
102641.000000	1556032.000000	 48.504905	123.075409
102942.000000	1560727.000000	 60.258559	143.181381
103243.000000	1565302.000000	 57.569136	124.379298
103544.000000	1569937.000000	 54.810248	124.856431
103845.000000	1574527.000000	 52.048934	145.558454
104146.000000	1579087.000000	 52.113743	125.956131
104447.000000	1583677.000000	 49.263795	124.142817
104748.000000	1588327.000000	 46.099428	146.026178
105049.000000	1592962.000000	 43.519964	123.517577
105350.000000	1597567.000000	 40.857840	145.112702
105651.000000	1602202.000000	 38.120720	123.251857
105952.000000	1606807.000000	 37.983836	143.617513
106253.000000	1611457.000000	 40.385860	123.677131
106554.000000	1616032.000000	 38.042288	121.537208
106855.000000	1620637.000000	 35.595867	143.211366
107156.000000	1625272.000000	 40.273315	125.094941
107457.000000	1629862.000000	 37.827498	143.045888
107758.000000	1634437.000000	 35.759611	123.133923
108059.000000	1639132.000000	 33.759986	123.987061
108360.000000	1643977.000000	 31.632287	144.971500
108661.000000	1648657.000000	 30.289753	144.543217
108962.000000	1653292.000000	 28.502095	123.745955
109263.000000	1657867.000000	 26.694870	126.316678
109564.000000	1662472.000000	 25.237425	146.073495
109865.000000	1667137.000000	 23.519916	125.856037
110166.000000	1671877.000000	 30.050975	145.492541
110467.000000	1676452.000000	 28.479892	124.135128
110768.000000	1681042.000000	 26.996289	146.512333
111069.000000	1685677.000000	 25.531455	125.638242
111370.000000	1690342.000000	 24.028179	145.333208
111671.000000	1694992.000000	 23.169833	124.314877
111972.000000	1699507.000000	 21.755436	123.907480
112273.000000	1704292.000000	 20.962263	147.008660
112574.000000	1709017.000000	 19.681668	125.182205
112875.000000	1713637.000000	 21.469659	145.554983
113176.000000	1718227.000000	 20.265519	124.619177
113477.000000	1722817.000000	 19.139926	146.077546
113778.000000	1727392.000000	 18.780489	124.615901
114079.000000	1731982.000000	 17.615694	125.870176
114380.000000	1736617.000000	 16.473203	146.721359
114681.000000	1741207.000000	 15.372834	126.284920
114982.000000	1745857.000000	 14.340047	147.272734
115283.000000	1750522.000000	 17.971760	129.045607
115584.000000	1755157.000000	 16.955541	145.794826
115885.000000	1759747.000000	 15.958311	127.035324
116186.000000	1764337.000000	 15.006944	126.448603
116487.000000	1768942.000000	 14.095273	149.322737
116788.000000	1773562.000000	 13.232268	126.791727
117089.000000	1778182.000000	 12.411250	148.101833
117390.000000	1782877.000000	 11.590393	126.017843
117691.000000	1787467.000000	 10.753936	127.084646
117992.000000	1792057.000000	 13.617369	147.011680
118293.000000	1796647.000000	 12.858051	126.520050
118594.000000	1801207.000000	 12.132223	148.037376
118895.000000	1805827.000000	 11.417717	126.246460
119196.000000	1810462.000000	 10.724865	127.066914
119497.000000	1815022.000000	 10.053277	147.544005
119798.000000	1819672.000000	  9.411190	128.096195
120099.000000	1824292.000000	  8.794055	147.496514
120400.000000	1828852.000000	  8.196271	126.956667
120701.000000	1833412.000000	  8.146460	127.496913
121002.000000	1837972.000000	  8.523799	148.793865
121303.000000	1842562.000000	  7.970381	126.833214
121604.000000	1847167.000000	  7.423374	131.201477
121905.000000	1851802.000000	  6.878835	150.668777
122206.000000	1856392.000000	  8.409224	126.971455
122507.000000	1861027.000000	  7.995083	148.068745
122808.000000	1865707.000000	  7.590107	127.362889
123109.000000	1870432.000000	  7.067220	148.611057
123410.000000	1875082.000000	  6.554009	129.676982
123711.000000	1879657.000000	  6.056475	128.834946
124012.000000	1884232.000000	  5.570582	148.520046
124313.000000	1888867.000000	  5.141410	129.196063
124614.000000	1893472.000000	  4.684586	155.787941
124915.000000	1898122.000000	  4.654013	129.692091
125216.000000	1902742.000000	  4.671191	149.133677
125517.000000	1907332.000000	  4.235386	128.216726
125818.000000	1911892.000000	  3.811238	128.306538
126119.000000	1916482.000000	  3.498191	151.412767
126420.000000	1921102.000000	  3.736980	129.712001
126721.000000	1925767.000000	  3.342283	151.035273
127022.000000	1930357.000000	  3.513072	130.017551
127323.000000	1934947.000000	  3.138704	130.579559
127624.000000	1939507.000000	  4.416246	150.953328
127925.000000	1944142.000000	  4.048988	129.523515
128226.000000	1948792.000000	  3.689749	130.385416
128527.000000	1953397.000000	  3.339982	150.641606
128828.000000	1957927.000000	  3.000348	128.860580
129129.000000	1962592.000000	  2.670635	150.408679
129430.000000	1967212.000000	  2.353395	130.113750
129731.000000	1971877.000000	  2.050692	151.586737
130032.000000	1976452.000000	  1.764802	129.864545
130333.000000	1981042.000000	  1.497625	130.250261
130634.000000	1985647.000000	  1.252180	151.674035
130935.000000	1990267.000000	  1.031032	130.864940
131236.000000	1994902.000000	  0.835704	151.926886
131296.000000	1995817.000000	  0.799941	 24.201375
