Model phase5

z_l 0.1972841823760099
z_s     0.5013

         Lens Galaxy
inc                      Uniform(63.05769141670448, 82.78458754608468)
beta                     Uniform(-0.09935806728183229, 0.10231195490226581)
ml                       Uniform(2.0635268572646877, 2.8866993655321638)
log_rho_s                Uniform(-2.4736117343691104, -1.714671420606718)
rs                       Uniform(7.203121644865057, 10.646095474952784)
qDM                        Fixed(1.0)
slope                    Uniform(0.8548984652065498, 1.10086095001324)
mag_shear                Uniform(0.016917024477758117, 0.02416129561960705)
phi_shear                Uniform(193.4706667142659, 270.0)
gamma                      Fixed(1.0)

       Source Galaxy
pixels                     Fixed(162.703477544871)
weight_floor               Fixed(0.07173116339758)
weight_power               Fixed(13.20744821057767)
inner_coefficient            Fixed(0.00013505144035193026)
outer_coefficient            Fixed(15.550885196412846)
signal_scale               Fixed(0.02792849291983861)
