Model phase5

z_l 0.1972841823760099
z_s     0.7933

         Lens Galaxy
inc                      Uniform(66.21812825431493, 84.07916448524382)
beta                     Uniform(-0.12557973326677502, -0.013395786012611127)
ml                       Uniform(3.8986953094948347, 4.716950965174606)
log_rho_s                Uniform(-3.7677791114118846, -3.117588482440433)
rs                       Uniform(8.278664728981008, 10.559179298469289)
qDM                        Fixed(1.0)
slope                    Uniform(1.3697714733566249, 1.9778586347933427)
mag_shear                Uniform(0.018193104881254096, 0.0257278319102248)
phi_shear                Uniform(212.75068300754248, 270.0)
gamma                      Fixed(1.0)

       Source Galaxy
pixels                     Fixed(241.30841570644316)
weight_floor               Fixed(0.1344861225370146)
weight_power               Fixed(19.715220257881818)
inner_coefficient            Fixed(2.5294708079071708e-06)
outer_coefficient            Fixed(23.18066812681801)
signal_scale               Fixed(0.024334637347586903)
