Model phase4

z_l 0.1972841823760099
z_s     0.3526

         Lens Galaxy
inc                        Fixed(85.15914436161034)
beta                       Fixed(0.2793397202277698)
ml                         Fixed(2.0947978584166562)
log_rho_s                  Fixed(-2.379325498423637)
rs                         Fixed(10.163559853419498)
qDM                        Fixed(1.0)
slope                      Fixed(1.1899107244078886)
mag_shear                  Fixed(0.03892978478420787)
phi_shear                  Fixed(261.397493337319)
gamma                      Fixed(1.0)

       Source Galaxy
pixels                   Uniform(10, 300)
weight_floor             Uniform(0.0, 1.0)
weight_power             Uniform(0.0, 20.0)
inner_coefficient       LogUniform(1e-06, 1000000.0)
outer_coefficient       LogUniform(1e-06, 1000000.0)
signal_scale             Uniform(0.0, 1.0)
