#    NumIter	  NumCalls	     dlogz	   Time[s]
301.000000	481.000000	999999992000000106381574106533084846302568446383418558986654832538354759246072026536571833375784960.000000	 91.695673
602.000000	782.000000	999999984000000245426979408949478418755603706960281645055347885605413672570416190464403798296100864.000000	 91.492166
903.000000	1083.000000	999999977000000367091709048563822794652009559965036845365454307039090221729217333901256767601377280.000000	 80.157870
1204.000000	1384.000000	999999969000000506137114350980216367105044820541899931434147360106149135053561497829088732521693184.000000	 91.519877
1505.000000	1685.000000	999999962000000627801843990594560743001450673546655131744253781539825684212362641265941701826969600.000000	 80.268495
1806.000000	1986.000000	999999954000000766847249293010954315454485934123518217812946834606884597536706805193773666747285504.000000	 91.745176
2107.000000	2287.000000	999999947000000888511978932625298691350891787128273418123053256040561146695507948630626636052561920.000000	 80.210421
2408.000000	2588.000000	999999939000001027557384235041692263803927047705136504191746309107620060019852112558458600972877824.000000	 91.844724
2709.000000	2889.000000	999999932000001149222113874656036639700332900709891704501852730541296609178653255995311570278154240.000000	 80.554355
3010.000000	3190.000000	999999924000001288267519177072430212153368161286754790570545783608355522502997419923143535198470144.000000	 91.749443
3311.000000	3491.000000	999999917000001409932248816686774588049774014291509990880652205042032071661798563359996504503746560.000000	 80.446811
3612.000000	3792.000000	999999909000001548977654119103168160502809274868373076949345258109090984986142727287828469424062464.000000	 92.218029
3913.000000	4093.000000	999999902000001670642383758717512536399215127873128277259451679542767534144943870724681438729338880.000000	 80.489834
4214.000000	4394.000000	999999894000001809687789061133906108852250388449991363328144732609826447469288034652513403649654784.000000	 91.909449
4515.000000	4695.000000	999999887000001931352518700748250484748656241454746563638251154043502996628089178089366372954931200.000000	 80.449405
4816.000000	4996.000000	999999879000002070397924003164644057201691502031609649706944207110561909952433342017198337875247104.000000	 91.741639
5117.000000	5297.000000	999999872000002192062653642778988433098097355036364850017050628544238459111234485454051307180523520.000000	 80.504995
5418.000000	5598.000000	999999864000002331108058945195382005551132615613227936085743681611297372435578649381883272100839424.000000	 92.056982
5719.000000	5899.000000	999999857000002452772788584809726381447538468617983136395850103044973921594379792818736241406115840.000000	 80.631477
6020.000000	6200.000000	999999849000002591818193887226119953900573729194846222464543156112032834918723956746568206326431744.000000	 91.900238
6321.000000	6501.000000	999999841000002730863599189642513526353608989771709308533236209179091748243068120674400171246747648.000000	 92.101077
6622.000000	6802.000000	999999834000002852528328829256857902250014842776464508843342630612768297401869264111253140552024064.000000	 80.195865
6923.000000	7103.000000	999999826000002991573734131673251474703050103353327594912035683679827210726213428039085105472339968.000000	 92.082700
7224.000000	7404.000000	999999819000003113238463771287595850599455956358082795222142105113503759885014571475938074777616384.000000	 80.566631
7525.000000	7705.000000	999999811000003252283869073703989423052491216934945881290835158180562673209358735403770039697932288.000000	 92.020956
7826.000000	8006.000000	999999804000003373948598713318333798948897069939701081600941579614239222368159878840623009003208704.000000	 80.555599
8127.000000	8307.000000	999999796000003512994004015734727371401932330516564167669634632681298135692504042768454973923524608.000000	 91.933855
8428.000000	8608.000000	999999789000003634658733655349071747298338183521319367979741054114974684851305186205307943228801024.000000	 80.286108
8729.000000	8915.000000	999999781000003773704138957765465319751373444098182454048434107182033598175649350133139908149116928.000000	 91.773300
9030.000000	9224.000000	999999773000003912749544260181858892204408704675045540117127160249092511499993514060971873069432832.000000	 92.145648
9331.000000	9533.000000	999999766000004034414273899796203268100814557679800740427233581682769060658794657497824842374709248.000000	 80.331827
9632.000000	9842.000000	999999758000004173459679202212596840553849818256663826495926634749827973983138821425656807295025152.000000	 91.609107
9933.000000	10149.000000	999999750000004312505084504628990413006885078833526912564619687816886887307482985353488772215341056.000000	 92.003221
10234.000000	10465.000000	999999742000004451550489807045383985459920339410389998633312740883945800631827149281320737135656960.000000	 91.963587
10535.000000	10782.000000	999999734000004590595895109461777557912955599987253084702005793951004713956171313209152702055972864.000000	 91.961084
10836.000000	11100.000000	999999726000004729641300411878171130365990860564116170770698847018063627280515477136984666976288768.000000	 80.584161
11137.000000	11416.000000	999999719000004851306030051492515506262396713568871371080805268451740176439316620573837636281565184.000000	 91.861878
11438.000000	11734.000000	999999711000004990351435353908909078715431974145734457149498321518799089763660784501669601201881088.000000	 91.825135
11739.000000	12051.000000	999999703000005129396840656325302651168467234722597543218191374585858003088004948429501566122196992.000000	 92.109936
12040.000000	12368.000000	999999695000005268442245958741696223621502495299460629286884427652916916412349112357333531042512896.000000	 92.034071
12341.000000	12688.000000	999999687000005407487651261158089796074537755876323715355577480719975829736693276285165495962828800.000000	 92.236960
12642.000000	13005.000000	999999679000005546533056563574483368527573016453186801424270533787034743061037440212997460883144704.000000	 92.244308
12943.000000	13326.000000	999999671000005685578461865990876940980608277030049887492963586854093656385381604140829425803460608.000000	 92.345006
13244.000000	13643.000000	999999663000005824623867168407270513433643537606912973561656639921152569709725768068661390723776512.000000	 93.061821
13545.000000	13965.000000	999999655000005963669272470823664085886678798183776059630349692988211483034069931996493355644092416.000000	 91.901137
13846.000000	14285.000000	999999647000006102714677773240057658339714058760639145699042746055270396358414095924325320564408320.000000	 91.963802
14147.000000	14603.000000	999999639000006241760083075656451230792749319337502231767735799122329309682758259852157285484724224.000000	 91.968442
14448.000000	14924.000000	999999631000006380805488378072844803245784579914365317836428852189388223007102423779989250405040128.000000	 92.320880
14749.000000	15243.000000	999999623000006519850893680489238375698819840491228403905121905256447136331446587707821215325356032.000000	 92.060791
15050.000000	15561.000000	999999615000006658896298982905631948151855101068091489973814958323506049655790751635653180245671936.000000	 91.865041
15351.000000	15881.000000	999999607000006797941704285322025520604890361644954576042508011390564962980134915563485145165987840.000000	 92.062628
15652.000000	16199.000000	999999599000006936987109587738419093057925622221817662111201064457623876304479079491317110086303744.000000	 93.023145
15953.000000	16520.000000	999999591000007076032514890154812665510960882798680748179894117524682789628823243419149075006619648.000000	 92.224076
16254.000000	16842.000000	999999583000007215077920192571206237963996143375543834248587170591741702953167407346981039926935552.000000	 91.887540
16555.000000	17162.000000	999999575000007354123325494987599810417031403952406920317280223658800616277511571274813004847251456.000000	 92.026072
16856.000000	17486.000000	999999567000007493168730797403993382870066664529270006385973276725859529601855735202644969767567360.000000	 91.969933
17157.000000	17816.000000	999999559000007632214136099820386955323101925106133092454666329792918442926199899130476934687883264.000000	 91.821629
17458.000000	18149.000000	999999550000007788640217065038829724332766593255104064281946014493359720416087083549287895223238656.000000	103.881141
17759.000000	18489.000000	999999542000007927685622367455223296785801853831967150350639067560418633740431247477119860143554560.000000	 92.207434
18060.000000	18846.000000	999999533000008084111703332673666065795466521980938122177918752260859911230318431895930820678909952.000000	103.780191
18361.000000	19204.000000	999999524000008240537784297892108834805131190129909094005198436961301188720205616314741781214265344.000000	103.532756
18662.000000	19557.000000	999999515000008396963865263110551603814795858278880065832478121661742466210092800733552741749620736.000000	104.155270
18963.000000	19915.000000	999999506000008553389946228328994372824460526427851037659757806362183743699979985152363702284976128.000000	104.560001
19264.000000	20269.000000	999999497000008709816027193547437141834125194576822009487037491062625021189867169571174662820331520.000000	103.693027
19565.000000	20626.000000	999999488000008866242108158765879910843789862725792981314317175763066298679754353989985623355686912.000000	103.470206
19866.000000	20985.000000	999999479000009022668189123984322679853454530874763953141596860463507576169641538408796583891042304.000000	103.793418
20167.000000	21347.000000	999999470000009179094270089202765448863119199023734924968876545163948853659528722827607544426397696.000000	103.600778
20468.000000	21707.000000	999999461000009335520351054421208217872783867172705896796156229864390131149415907246418504961753088.000000	103.896492
20769.000000	22081.000000	999999452000009491946432019639650986882448535321676868623435914564831408639303091665229465497108480.000000	103.641802
21070.000000	22475.000000	999999442000009665753188647660142952448742611042755726209302230898655050294733296575019421647503360.000000	114.790342
21371.000000	22868.000000	999999432000009839559945275680634918015036686763834583795168547232478691950163501484809377797898240.000000	115.256689
21672.000000	23278.000000	999999422000010013366701903701126883581330762484913441381034863566302333605593706394599333948293120.000000	115.519626
21973.000000	23692.000000	999999411000010204554134194523668045704254245778100184725487811533508339426566931795368285713727488.000000	115.119017
22274.000000	24135.000000	999999400000010395741566485346209207827177729071286928069940759500714345247540157196137237479161856.000000	126.554596
22575.000000	24595.000000	999999389000010586928998776168750369950101212364473671414393707467920351068513382596906189244596224.000000	138.152020
22876.000000	25106.000000	999999376000010812877782392595389925186283510801876186276019918701891085220572648979633132240109568.000000	149.648272
23177.000000	25652.000000	999999362000011056207241671824078676979095216811386586896232761569244183538174935853339070850662400.000000	149.819184
23478.000000	26218.000000	999999348000011299536700951052767428771906922820896987516445604436597281855777222727045009461215232.000000	161.288975
23779.000000	26825.000000	999999333000011560246835893083505377121348036402515273895245078937332744338922530091729943686807552.000000	184.108264
24080.000000	27525.000000	999999315000011873098997823520390915140677372700457217549804448338215299318696898929351864757518336.000000	195.230151
24381.000000	28343.000000	999999295000012220712511079561374846273265524142614932721537081005862582629557308748931777058308096.000000	240.740542
24682.000000	29218.000000	999999272000012620468051324008506367075741898301096305169029608573656958437046780041448676204216320.000000	241.257887
24983.000000	30390.000000	999999243000013124507645545267933067217994717892224992168041925941745519237794374279839549040361472.000000	344.899039
25284.000000	31943.000000	999999203000013819734672057349900929483171020776540422511507191277040085859515193918999373641940992.000000	447.684097
25585.000000	62376.000000	9917.429861	8724.573441
25886.000000	259780.000000	4201.716265	56651.017282
26187.000000	264805.000000	1122.534564	932.815828
26488.000000	269770.000000	641.240078	1151.157156
26789.000000	274705.000000	300.515033	1433.723763
27090.000000	279625.000000	203.167925	1315.127121
27391.000000	284560.000000	 77.680079	1303.104307
27692.000000	289615.000000	 52.001130	1299.111111
27993.000000	294640.000000	 40.161348	1434.535434
28294.000000	299590.000000	 27.524259	1293.744148
28595.000000	304540.000000	 21.974591	1282.338484
28896.000000	309595.000000	 10.584133	1401.964421
29197.000000	314500.000000	  8.065446	1238.319408
29498.000000	319480.000000	  5.214907	1258.423026
29799.000000	324400.000000	  2.762801	1270.866417
30100.000000	329455.000000	  1.506270	1426.855438
30253.000000	331870.000000	  0.797112	633.721907
