Model phase5

z_l 0.1972841823760099
z_s      0.823

         Lens Galaxy
inc                      Uniform(56.45594150130901, 78.96205297951346)
beta                     Uniform(0.13187030416169299, 0.23616647451395684)
ml                       Uniform(1.6269349095730092, 2.1046188331995364)
log_rho_s                Uniform(-3.3634323113545666, -2.360729388788889)
rs                       Uniform(9.046594659735831, 13.439821543475574)
qDM                        Fixed(1.0)
slope                    Uniform(1.185072822932457, 1.7644349524947762)
mag_shear                Uniform(0.008089989004079803, 0.011005561963478103)
phi_shear                Uniform(87.98158172820337, 117.23725903059056)
gamma                      Fixed(1.0)

       Source Galaxy
pixels                     Fixed(202.68149965943604)
weight_floor               Fixed(0.00955622254601576)
weight_power               Fixed(8.536420194663073)
inner_coefficient            Fixed(0.000212702719033971)
outer_coefficient            Fixed(11.437204025615795)
signal_scale               Fixed(0.04988294398773086)
