Model phase4

z_l 0.1972841823760099
z_s     0.5324

         Lens Galaxy
inc                        Fixed(85.1271123613364)
beta                       Fixed(0.30242379353145477)
ml                         Fixed(2.597802556739787)
log_rho_s                  Fixed(-3.303530107817309)
rs                         Fixed(25.969975527214586)
qDM                        Fixed(1.0)
slope                      Fixed(1.288455546735807)
mag_shear                  Fixed(0.01788497973106876)
phi_shear                  Fixed(118.0331623493025)
gamma                      Fixed(1.0)

       Source Galaxy
pixels                   Uniform(10, 300)
weight_floor             Uniform(0.0, 1.0)
weight_power             Uniform(0.0, 20.0)
inner_coefficient       LogUniform(1e-06, 1000000.0)
outer_coefficient       LogUniform(1e-06, 1000000.0)
signal_scale             Uniform(0.0, 1.0)
