Model phase5

z_l 0.1972841823760099
z_s     1.0251

         Lens Galaxy
inc                      Uniform(80.74021370375225, 90.0)
beta                     Uniform(0.1437723778320059, 0.2170046084348806)
ml                       Uniform(2.4855324293903194, 3.5086296109281503)
log_rho_s                Uniform(-1.824248356328548, -1.335872069420164)
rs                       Uniform(2.50959569030056, 3.459369610973212)
qDM                        Fixed(1.0)
slope                    Uniform(1.0752062662825617, 1.5433278802433672)
mag_shear                Uniform(0.02962501636413469, 0.042626292227367586)
phi_shear                Uniform(73.96252997408754, 110.3974299183827)
gamma                      Fixed(1.0)

       Source Galaxy
pixels                     Fixed(244.1462821951894)
weight_floor               Fixed(0.010792669987017901)
weight_power               Fixed(2.570356086545268)
inner_coefficient            Fixed(2.233060441455941e-05)
outer_coefficient            Fixed(13.760713051300622)
signal_scale               Fixed(0.061586842010400725)
