#    NumIter	  NumCalls	     dlogz	   Time[s]
301.000000	1339.000000	2073327545481161.500000	 12.345054
602.000000	1776.000000	20000243662.364155	 14.129436
903.000000	2373.000000	4666799.224720	 18.810938
1204.000000	3165.000000	334755.339274	 28.725632
1505.000000	4224.000000	328429.853255	 34.271576
1806.000000	5752.000000	326105.056632	 47.764018
2107.000000	7793.000000	318188.531085	 66.314093
2408.000000	10620.000000	316508.247794	 90.352046
2709.000000	14381.000000	293679.482141	121.549955
3010.000000	20361.000000	281136.512212	191.593596
3311.000000	27163.000000	279381.463512	218.225907
3612.000000	36166.000000	254676.507426	286.973181
3913.000000	40771.000000	232812.413484	 18.279347
4214.000000	45346.000000	213484.023299	 34.781919
4515.000000	49906.000000	210712.886037	 78.444504
4816.000000	54556.000000	201307.610785	 97.383203
5117.000000	59146.000000	189789.896345	136.296270
5418.000000	63736.000000	198286.060464	130.018416
5719.000000	68326.000000	183990.800403	121.403383
6020.000000	73006.000000	170640.517190	135.036336
6321.000000	77611.000000	157923.640157	117.556191
6622.000000	82186.000000	148188.967012	119.050317
6923.000000	86836.000000	164638.824780	138.949495
7224.000000	91441.000000	169234.409098	152.896429
7525.000000	96016.000000	157668.582505	138.032092
7826.000000	100696.000000	146607.775638	123.058938
8127.000000	105301.000000	136409.921749	137.301121
8428.000000	109936.000000	125765.614278	118.148193
8729.000000	114481.000000	116993.487546	118.877626
9030.000000	119161.000000	107588.711991	140.245432
9331.000000	123751.000000	100658.528290	154.723123
9632.000000	128371.000000	92327.454110	141.326202
9933.000000	133096.000000	86872.895517	149.626997
10234.000000	137716.000000	96416.610857	146.830605
10535.000000	142396.000000	88700.548992	154.594304
10836.000000	147061.000000	82274.913954	167.698834
11137.000000	151636.000000	76686.550933	121.976106
11438.000000	156286.000000	71240.717140	121.693062
11739.000000	160951.000000	65638.235840	142.219278
12040.000000	165586.000000	60454.081616	122.131235
12341.000000	170206.000000	56026.352264	143.669229
12642.000000	174856.000000	51675.175464	121.951796
12943.000000	179566.000000	47366.893720	141.811790
13244.000000	184201.000000	43603.603725	123.393898
13545.000000	188791.000000	39899.247893	167.172667
13846.000000	193366.000000	36631.301145	125.750581
14147.000000	197941.000000	33667.071531	153.380115
14448.000000	202531.000000	30743.204091	149.532068
14749.000000	207136.000000	30686.772610	154.622892
15050.000000	211801.000000	28183.971101	130.648333
15351.000000	216391.000000	26019.763092	146.408702
15652.000000	221026.000000	24037.339069	130.465980
15953.000000	225676.000000	22214.349965	149.154221
16254.000000	230311.000000	20438.597814	163.047231
16555.000000	234901.000000	18542.859099	149.921750
16856.000000	239521.000000	17122.670501	149.368326
17157.000000	244141.000000	15575.189882	127.646088
17458.000000	248821.000000	16206.908615	177.758586
17759.000000	253441.000000	14741.466518	130.900704
18060.000000	258061.000000	13292.778264	162.111387
18361.000000	262666.000000	13514.887353	131.837169
18662.000000	267316.000000	14035.468644	155.222825
18963.000000	271981.000000	12941.510773	133.684951
19264.000000	276646.000000	12160.655823	157.841736
19565.000000	281236.000000	11203.998569	131.617424
19866.000000	285841.000000	10318.767990	133.781318
20167.000000	290446.000000	10122.607809	153.417270
20468.000000	295066.000000	9471.347347	134.218318
20769.000000	299671.000000	8780.337573	154.938917
21070.000000	304291.000000	9051.399000	131.157029
21371.000000	308926.000000	8483.097382	130.890228
21672.000000	313531.000000	7932.917851	153.681139
21973.000000	318121.000000	7379.465765	129.988161
22274.000000	322681.000000	6856.724957	131.650402
22575.000000	327346.000000	6450.172494	172.831849
22876.000000	331981.000000	6714.067135	128.108987
23177.000000	336526.000000	6266.447005	168.694673
23478.000000	341146.000000	6261.126319	124.079756
23779.000000	345751.000000	5839.693827	147.270809
24080.000000	350326.000000	5367.721673	128.542089
24381.000000	354991.000000	4995.779128	129.008058
24682.000000	359551.000000	4612.879074	148.841866
24983.000000	364111.000000	4270.554591	168.553083
25284.000000	368731.000000	3949.074535	141.097847
25585.000000	373336.000000	3641.686077	145.382396
25886.000000	377971.000000	3346.601102	125.739329
26187.000000	382621.000000	3059.316106	157.098876
26488.000000	387286.000000	3252.812270	126.005576
26789.000000	391891.000000	3013.412970	146.256542
27090.000000	396571.000000	2788.218868	149.529453
27391.000000	401236.000000	2586.760820	147.871229
27692.000000	405856.000000	2414.905853	123.955633
27993.000000	410401.000000	2395.708448	127.722226
28294.000000	415021.000000	2218.402879	147.587979
28595.000000	419611.000000	2068.626283	124.822218
28896.000000	424186.000000	1902.099521	126.659093
29197.000000	428746.000000	1739.495086	179.570560
29498.000000	433381.000000	2117.243179	124.126225
29799.000000	438016.000000	1979.612577	164.747703
30100.000000	442666.000000	1869.072791	125.399710
30401.000000	447271.000000	1947.709539	165.274870
30702.000000	451861.000000	1835.241154	124.898896
31003.000000	456541.000000	1750.033683	126.610343
31304.000000	461176.000000	1651.809680	147.686450
31605.000000	465886.000000	1890.016677	125.800828
31906.000000	470476.000000	1797.071526	149.447867
32207.000000	475111.000000	1703.450362	127.746923
32508.000000	479701.000000	1607.507064	150.449905
32809.000000	484321.000000	1509.954839	126.502685
33110.000000	488881.000000	1434.100706	127.728879
33411.000000	493516.000000	1333.698343	145.670219
33712.000000	498211.000000	1526.669727	125.360466
34013.000000	502786.000000	1440.884867	146.308492
34314.000000	507406.000000	1356.626962	129.554906
34615.000000	512041.000000	1283.050646	128.538779
34916.000000	516631.000000	1206.408663	146.466784
35217.000000	521296.000000	1138.735423	126.328445
35518.000000	525886.000000	1061.843489	147.388814
35819.000000	530536.000000	1072.381446	127.416965
36120.000000	535246.000000	1009.301200	148.541028
36421.000000	539896.000000	995.668027	128.245832
36722.000000	544576.000000	941.523477	148.622495
37023.000000	549181.000000	884.087790	125.907760
37324.000000	553846.000000	881.692242	149.228907
37625.000000	558481.000000	821.895826	127.145246
37926.000000	563116.000000	861.369142	125.346109
38227.000000	567706.000000	813.120273	147.711940
38528.000000	572266.000000	765.806179	124.456057
38829.000000	576871.000000	745.030408	146.449720
39130.000000	581476.000000	879.894586	126.604032
39431.000000	586081.000000	827.791935	127.341394
39732.000000	590686.000000	884.480313	155.411818
40033.000000	595321.000000	836.316087	123.510949
40334.000000	600031.000000	794.914666	147.140140
40635.000000	604651.000000	750.790524	152.167873
40936.000000	609301.000000	723.865957	145.927328
41237.000000	613921.000000	681.389888	150.583158
41538.000000	618556.000000	644.479758	125.373078
41839.000000	623131.000000	604.912374	168.387062
42140.000000	627721.000000	567.559163	127.183238
42441.000000	632356.000000	577.428646	146.158796
42742.000000	637021.000000	536.157256	125.395297
43043.000000	641581.000000	540.264750	129.200354
43344.000000	646231.000000	501.736225	144.136584
43645.000000	650806.000000	466.421707	126.764512
43946.000000	655426.000000	432.296434	147.041554
44247.000000	660016.000000	485.740738	126.684563
44548.000000	664636.000000	459.804759	125.759031
44849.000000	669241.000000	425.157679	151.363492
45150.000000	673831.000000	420.133524	125.281275
45451.000000	678436.000000	459.498801	148.633770
45752.000000	683026.000000	430.804431	126.014482
46053.000000	687661.000000	404.158742	126.575932
46354.000000	692281.000000	381.426649	149.729163
46655.000000	696856.000000	371.387854	127.004827
46956.000000	701491.000000	454.369826	149.271358
47257.000000	706081.000000	465.934548	127.205623
47558.000000	710641.000000	443.960360	128.478661
47859.000000	715291.000000	423.784299	171.286759
48160.000000	719896.000000	401.968246	129.894175
48461.000000	724531.000000	380.003606	179.462240
48762.000000	729166.000000	359.471242	131.420969
49063.000000	733756.000000	339.956384	127.141333
49364.000000	738376.000000	340.980301	170.287994
49665.000000	742906.000000	323.077441	124.787388
49966.000000	747511.000000	304.271999	171.937485
50267.000000	752071.000000	319.560126	125.843410
50568.000000	756661.000000	383.714574	127.380228
50869.000000	761296.000000	365.584039	146.510184
51170.000000	765871.000000	348.485951	125.837991
51471.000000	770521.000000	330.094819	125.729409
51772.000000	775126.000000	312.779090	150.704062
52073.000000	779731.000000	296.426089	132.885753
52374.000000	784336.000000	280.967220	146.760659
52675.000000	788941.000000	304.592570	128.771592
52976.000000	793501.000000	288.416896	125.169383
53277.000000	798046.000000	273.375720	145.310828
53578.000000	802606.000000	257.345305	126.344806
53879.000000	807196.000000	240.479188	124.928224
54180.000000	811816.000000	226.408867	149.850373
54481.000000	816436.000000	209.539374	125.377526
54782.000000	821071.000000	193.634910	143.939347
55083.000000	825676.000000	186.435466	124.724413
55384.000000	830281.000000	207.265893	125.190033
55685.000000	834931.000000	194.057350	146.962340
55986.000000	839521.000000	184.523734	126.431946
56287.000000	844111.000000	173.495278	144.474463
56588.000000	848731.000000	216.006014	127.004508
56889.000000	853306.000000	208.268888	122.400735
57190.000000	857986.000000	199.108122	145.697308
57491.000000	862681.000000	189.257624	127.862996
57792.000000	867226.000000	178.597003	147.584248
58093.000000	871771.000000	173.889382	126.042588
58394.000000	876406.000000	183.736879	146.389515
58695.000000	881041.000000	179.471099	126.309107
58996.000000	885661.000000	168.322636	128.629743
59297.000000	890281.000000	157.893705	148.748350
59598.000000	894916.000000	147.854092	128.827634
59899.000000	899476.000000	196.816702	144.923793
60200.000000	904081.000000	186.337486	129.278806
60501.000000	908761.000000	176.073778	130.587225
60802.000000	913411.000000	166.452830	150.061243
61103.000000	918001.000000	164.483536	124.647074
61404.000000	922591.000000	155.604001	148.674500
61705.000000	927211.000000	147.286757	128.208909
62006.000000	931801.000000	138.635050	126.214817
62307.000000	936421.000000	160.947716	150.800512
62608.000000	941071.000000	152.043036	129.252553
62909.000000	945706.000000	143.593936	149.288430
63210.000000	950371.000000	135.779389	129.837974
63511.000000	955021.000000	158.078258	150.252246
63812.000000	959611.000000	150.272566	128.710877
64113.000000	964261.000000	142.118911	149.057550
64414.000000	968866.000000	135.089457	126.043560
64715.000000	973426.000000	128.302104	126.495433
65016.000000	977986.000000	122.799307	151.065259
65317.000000	982606.000000	151.213507	124.876160
65618.000000	987226.000000	144.501720	126.448007
65919.000000	991831.000000	174.435029	150.690392
66220.000000	996421.000000	166.421044	128.367565
66521.000000	1001026.000000	159.102592	150.804171
66822.000000	1005616.000000	151.357764	130.728832
67123.000000	1010176.000000	144.078150	127.972131
67424.000000	1014766.000000	136.810018	189.306147
67725.000000	1019416.000000	129.586775	140.044829
68026.000000	1024036.000000	139.592162	153.549680
68327.000000	1028671.000000	132.359732	140.742006
68628.000000	1033216.000000	125.445953	134.218247
68929.000000	1037881.000000	118.113616	150.641259
69230.000000	1042561.000000	110.645057	131.042968
69531.000000	1047196.000000	127.244536	155.311695
69832.000000	1051816.000000	120.615436	129.686314
70133.000000	1056451.000000	147.152104	150.582372
70434.000000	1061116.000000	140.738641	130.550905
70735.000000	1065706.000000	134.497694	126.030925
71036.000000	1070266.000000	128.719673	139.313172
71337.000000	1074931.000000	122.988886	123.037629
71638.000000	1079611.000000	117.289713	137.952455
71939.000000	1084216.000000	111.424320	119.623167
72240.000000	1088806.000000	105.570249	142.091597
72541.000000	1093501.000000	 99.932354	120.582757
72842.000000	1098076.000000	 94.186670	121.248617
73143.000000	1102636.000000	120.012751	139.478470
73444.000000	1107226.000000	114.623127	119.391044
73745.000000	1111801.000000	109.383917	122.801696
74046.000000	1116421.000000	110.359275	140.042531
74347.000000	1120996.000000	105.413847	127.511812
74648.000000	1125616.000000	109.443950	144.532459
74949.000000	1130281.000000	103.434614	121.485228
75250.000000	1134826.000000	 97.486781	120.311392
75551.000000	1139431.000000	101.460183	153.343970
75852.000000	1144126.000000	 96.209235	141.813271
76153.000000	1148761.000000	 96.653304	173.244604
76454.000000	1153396.000000	102.405361	124.819703
76755.000000	1158016.000000	 96.810107	139.026856
77056.000000	1162681.000000	 98.952825	118.977885
77357.000000	1167346.000000	 93.960086	139.234984
77658.000000	1171951.000000	 99.551231	121.745853
77959.000000	1176526.000000	104.392189	119.654708
78260.000000	1181086.000000	 99.526965	139.601331
78561.000000	1185691.000000	 94.127501	118.709679
78862.000000	1190296.000000	 88.918066	124.737184
79163.000000	1194916.000000	 83.332875	138.415139
79464.000000	1199476.000000	134.847480	119.317070
79765.000000	1204081.000000	129.696278	139.818254
80066.000000	1208686.000000	124.299082	120.916245
80367.000000	1213246.000000	119.682090	120.447013
80668.000000	1217821.000000	127.162018	140.852138
80969.000000	1222396.000000	122.157146	122.144718
81270.000000	1227031.000000	123.495888	141.264135
81571.000000	1231606.000000	118.745057	121.384785
81872.000000	1236271.000000	113.950373	120.277827
82173.000000	1240801.000000	109.158992	142.714675
82474.000000	1245406.000000	104.014887	122.305082
82775.000000	1250131.000000	129.055820	142.018869
83076.000000	1254766.000000	124.250231	133.454643
83377.000000	1259461.000000	119.523958	145.153911
83678.000000	1264066.000000	114.775135	123.946134
83979.000000	1268626.000000	118.720127	123.977417
84280.000000	1273231.000000	119.152250	145.758380
84581.000000	1277896.000000	113.341856	127.400958
84882.000000	1282546.000000	109.793881	148.122457
85183.000000	1287091.000000	103.729964	127.174109
85484.000000	1291711.000000	113.856566	125.192012
85785.000000	1296301.000000	108.064267	148.035691
86086.000000	1300876.000000	106.687946	126.263867
86387.000000	1305421.000000	111.188371	125.170996
86688.000000	1310026.000000	105.346531	146.720466
86989.000000	1314646.000000	 99.585481	126.909919
87290.000000	1319326.000000	 93.825069	145.349193
87591.000000	1323961.000000	 88.456457	127.373564
87892.000000	1328566.000000	 83.551240	146.566273
88193.000000	1333171.000000	 78.744131	127.828233
88494.000000	1337806.000000	 73.194556	127.064769
88795.000000	1342456.000000	 67.791770	147.797334
89096.000000	1347076.000000	 64.937347	133.268661
89397.000000	1351681.000000	 59.848491	146.362189
89698.000000	1356316.000000	 57.906694	125.667118
89999.000000	1360906.000000	 64.511937	125.428786
90300.000000	1365541.000000	 60.593094	147.278717
90601.000000	1370161.000000	 56.936473	127.013455
90902.000000	1374751.000000	 53.376707	149.728473
91203.000000	1379386.000000	 49.594685	126.619051
91504.000000	1384036.000000	 47.086168	147.668932
91805.000000	1388641.000000	 54.699623	127.367921
92106.000000	1393291.000000	 59.035456	128.880239
92407.000000	1397851.000000	 56.102518	150.668399
92708.000000	1402456.000000	 52.945236	129.394609
93009.000000	1407046.000000	 49.810885	147.965200
93310.000000	1411636.000000	 46.848070	127.650424
93611.000000	1416271.000000	 43.913220	127.532429
93912.000000	1420921.000000	 42.474121	150.932304
94213.000000	1425511.000000	 39.873541	129.538528
94514.000000	1430131.000000	 48.942183	150.182236
94815.000000	1434706.000000	 50.288700	129.177969
95116.000000	1439341.000000	 47.632596	128.496025
95417.000000	1444021.000000	 45.173750	149.343141
95718.000000	1448656.000000	 48.233164	129.846716
96019.000000	1453246.000000	 45.795166	149.784700
96320.000000	1457881.000000	 52.739860	130.742581
96621.000000	1462501.000000	 50.073314	151.655206
96922.000000	1467121.000000	 47.500040	127.516318
97223.000000	1471711.000000	 51.090922	127.514736
97524.000000	1476301.000000	 48.627517	150.286242
97825.000000	1480906.000000	 48.504691	129.375135
98126.000000	1485511.000000	 46.034162	151.342874
98427.000000	1490206.000000	 43.695723	129.250902
98728.000000	1494871.000000	 43.901829	151.392956
99029.000000	1499446.000000	 41.674939	128.633925
99330.000000	1504066.000000	 39.414523	128.981558
99631.000000	1508716.000000	 37.145431	151.174708
99932.000000	1513306.000000	 35.019261	128.677626
100233.000000	1517926.000000	 42.684665	152.180626
100534.000000	1522576.000000	 40.551568	130.377354
100835.000000	1527151.000000	 38.324412	129.254651
101136.000000	1531771.000000	 36.106809	149.620069
101437.000000	1536406.000000	 34.008742	131.301086
101738.000000	1541011.000000	 31.978191	147.612509
102039.000000	1545676.000000	 46.861209	128.958854
102340.000000	1550266.000000	 44.875563	127.004653
102641.000000	1554871.000000	 42.881880	147.984154
102942.000000	1559506.000000	 40.873827	126.093149
103243.000000	1564156.000000	 38.903678	149.018134
103544.000000	1568776.000000	 36.855630	127.190297
103845.000000	1573411.000000	 35.061491	149.667027
104146.000000	1577971.000000	 33.186334	130.423183
104447.000000	1582546.000000	 39.060228	133.010355
104748.000000	1587181.000000	 37.192504	151.793985
105049.000000	1591801.000000	 35.486811	128.906319
105350.000000	1596406.000000	 39.245879	151.273754
105651.000000	1601011.000000	 41.212404	127.441759
105952.000000	1605556.000000	 39.593266	130.122408
106253.000000	1610146.000000	 37.904860	148.630148
106554.000000	1614736.000000	 36.032475	130.010803
106855.000000	1619386.000000	 34.242839	128.526146
107156.000000	1623946.000000	 32.393394	149.171810
107457.000000	1628581.000000	 34.352480	129.427839
107758.000000	1633141.000000	 32.423672	151.399648
108059.000000	1637731.000000	 33.119795	132.355310
108360.000000	1642351.000000	 31.222782	131.553960
108661.000000	1646941.000000	 29.272520	154.461228
108962.000000	1651546.000000	 27.360983	130.570866
109263.000000	1656166.000000	 31.280297	147.928237
109564.000000	1660726.000000	 31.683277	126.959306
109865.000000	1665406.000000	 32.487784	130.383843
110166.000000	1670041.000000	 33.772672	150.265418
110467.000000	1674661.000000	 32.011902	131.048430
110768.000000	1679281.000000	 34.584729	150.776014
111069.000000	1683886.000000	 32.919667	129.239713
111370.000000	1688551.000000	 31.223300	151.728418
111671.000000	1693156.000000	 29.473971	130.348911
111972.000000	1697806.000000	 34.752146	131.056190
112273.000000	1702381.000000	 33.010766	149.664759
112574.000000	1707031.000000	 31.348754	131.777515
112875.000000	1711636.000000	 29.779237	149.154821
113176.000000	1716211.000000	 28.447393	129.952649
113477.000000	1720801.000000	 33.197389	127.235277
113778.000000	1725361.000000	 31.497075	149.610053
114079.000000	1729966.000000	 29.863014	128.127076
114380.000000	1734616.000000	 33.833216	129.055885
114681.000000	1739296.000000	 32.240445	150.101217
114982.000000	1743961.000000	 30.636309	129.520164
115283.000000	1748476.000000	 29.082978	149.796341
115584.000000	1753066.000000	 27.977356	128.584734
115885.000000	1757791.000000	 26.291088	148.616611
116186.000000	1762396.000000	 34.259267	128.970321
116487.000000	1767031.000000	 32.579616	147.895127
116788.000000	1771651.000000	 30.892234	126.645507
117089.000000	1776256.000000	 30.861190	126.728890
117390.000000	1780906.000000	 31.003856	148.904759
117691.000000	1785526.000000	 29.459395	127.393022
117992.000000	1790146.000000	 27.937326	147.684280
118293.000000	1794721.000000	 29.506722	127.491838
118594.000000	1799386.000000	 28.276077	129.484046
118895.000000	1804021.000000	 26.650392	149.242536
119196.000000	1808641.000000	 26.301291	126.627225
119497.000000	1813291.000000	 24.762510	148.287945
119798.000000	1817911.000000	 26.031553	126.441212
120099.000000	1822471.000000	 25.630822	149.720268
120400.000000	1827091.000000	 24.174836	129.094255
120701.000000	1831666.000000	 31.013455	127.916882
121002.000000	1836256.000000	 29.562331	147.907859
121303.000000	1840846.000000	 29.950329	132.740555
121604.000000	1845451.000000	 28.437662	127.648255
121905.000000	1850146.000000	 26.970982	150.282540
122206.000000	1854751.000000	 28.093489	128.751243
122507.000000	1859401.000000	 26.868514	147.203820
122808.000000	1864006.000000	 27.191310	128.343411
123109.000000	1868641.000000	 25.760137	148.641275
123410.000000	1873381.000000	 26.417308	129.845854
123711.000000	1878046.000000	 30.956569	149.321603
124012.000000	1882681.000000	 29.595348	128.288549
124313.000000	1887286.000000	 28.263939	149.312957
124614.000000	1891876.000000	 26.942788	127.886406
124915.000000	1896571.000000	 25.663094	129.097310
125216.000000	1901221.000000	 24.347962	149.114728
125517.000000	1905946.000000	 27.542443	127.871428
125818.000000	1910641.000000	 26.123152	148.978004
126119.000000	1915306.000000	 24.723843	127.386312
126420.000000	1919926.000000	 23.419436	148.252067
126721.000000	1924456.000000	 25.199134	127.074139
127022.000000	1929091.000000	 31.889858	148.382757
127323.000000	1933741.000000	 30.643603	126.480909
127624.000000	1938331.000000	 29.352687	129.033756
127925.000000	1943011.000000	 28.105234	149.879820
128226.000000	1947586.000000	 26.883393	126.971728
128527.000000	1952191.000000	 25.616101	148.703392
128828.000000	1956856.000000	 24.321204	128.686775
129129.000000	1961446.000000	 29.252184	150.795376
129430.000000	1966021.000000	 27.892873	129.309997
129731.000000	1970641.000000	 31.299686	131.033023
130032.000000	1975261.000000	 29.918616	150.220783
130333.000000	1979836.000000	 34.812340	131.105742
130634.000000	1984411.000000	 33.493852	132.248478
130935.000000	1988971.000000	 32.110161	150.042050
131236.000000	1993531.000000	 34.404455	130.147708
131537.000000	1998211.000000	 35.514180	152.001336
131838.000000	2002741.000000	 34.087898	130.128437
132139.000000	2007346.000000	 32.674348	129.849617
132440.000000	2011981.000000	 31.179411	151.297049
132741.000000	2016616.000000	 36.439306	130.406545
133042.000000	2021221.000000	 35.011766	151.377840
133343.000000	2025826.000000	 33.498509	128.801048
133644.000000	2030446.000000	 31.941964	129.513231
133945.000000	2034991.000000	 36.141716	150.104162
134246.000000	2039566.000000	 34.586055	131.286368
134547.000000	2044201.000000	 33.022035	131.106970
134848.000000	2048791.000000	 35.970109	152.051486
135149.000000	2053366.000000	 34.296879	132.880806
135450.000000	2057941.000000	 36.702077	151.090910
135751.000000	2062546.000000	 35.976889	131.451770
136052.000000	2067121.000000	 34.386269	130.392920
136353.000000	2071711.000000	 35.877364	153.661839
136654.000000	2076271.000000	 34.064217	131.160591
136955.000000	2080801.000000	 38.007999	130.431565
137256.000000	2085451.000000	 36.066399	150.503046
137557.000000	2090071.000000	 34.277103	130.701003
137858.000000	2094676.000000	 32.378735	152.093021
138159.000000	2099296.000000	 41.812406	129.593364
138460.000000	2103916.000000	 39.883429	130.368048
138761.000000	2108506.000000	 38.061215	150.643265
139062.000000	2113171.000000	 36.200896	131.265385
139363.000000	2117821.000000	 34.281982	152.795325
139664.000000	2122411.000000	 32.392686	130.380173
139965.000000	2127016.000000	 33.158610	131.686389
140266.000000	2131666.000000	 31.248597	152.311760
140567.000000	2136241.000000	 31.753255	131.327935
140868.000000	2140876.000000	 29.970546	152.780175
141169.000000	2145511.000000	 35.666896	132.185819
141470.000000	2150116.000000	 33.689148	152.561792
141771.000000	2154706.000000	 38.590519	135.103325
142072.000000	2159311.000000	 36.711977	132.382016
142373.000000	2163931.000000	 34.941547	154.863175
142674.000000	2168551.000000	 33.027057	130.199425
142975.000000	2173111.000000	 38.915728	151.550060
143276.000000	2177686.000000	 37.037891	130.407692
143577.000000	2182351.000000	 35.137051	134.402311
143878.000000	2187001.000000	 33.287659	152.787312
144179.000000	2191531.000000	 31.758543	132.691304
144480.000000	2196166.000000	 30.061602	155.027973
144781.000000	2200756.000000	 28.369936	131.640764
145082.000000	2205391.000000	 34.233272	131.691875
145383.000000	2209996.000000	 32.440643	152.259052
145684.000000	2214601.000000	 38.661254	131.591355
145985.000000	2219251.000000	 37.368245	153.226347
146286.000000	2223841.000000	 44.212506	129.916408
146587.000000	2228491.000000	 42.588793	132.008348
146888.000000	2233126.000000	 40.907583	153.500578
147189.000000	2237731.000000	 39.385149	132.427013
147490.000000	2242321.000000	 37.903375	156.681685
147791.000000	2246986.000000	 36.342632	131.641327
148092.000000	2251561.000000	 34.768748	131.181048
148393.000000	2256196.000000	 33.052160	153.076693
148694.000000	2260771.000000	 46.042854	133.924475
148995.000000	2265421.000000	 44.385915	153.567749
149296.000000	2270011.000000	 42.658824	132.299675
149597.000000	2274586.000000	 40.910029	132.102493
149898.000000	2279206.000000	 39.121754	155.789046
150199.000000	2283781.000000	 37.277079	131.751206
150500.000000	2288416.000000	 35.361719	153.296838
150801.000000	2293111.000000	 33.204865	132.809594
151102.000000	2297701.000000	 34.019822	156.214877
151403.000000	2302321.000000	 33.743028	134.003086
151704.000000	2306926.000000	 32.887355	133.977284
152005.000000	2311531.000000	 36.833708	154.433196
152306.000000	2316151.000000	 37.055616	137.045355
152607.000000	2320711.000000	 41.821478	153.859186
152908.000000	2325331.000000	 41.548512	137.959672
153209.000000	2329996.000000	 48.958654	133.679855
153510.000000	2334571.000000	 46.913971	156.821399
153811.000000	2339191.000000	 44.690578	157.776510
154112.000000	2343811.000000	 42.501044	172.683346
154413.000000	2348401.000000	 47.886450	141.631322
154714.000000	2353006.000000	 49.799070	134.574533
155015.000000	2357611.000000	 47.446938	156.058155
155316.000000	2362291.000000	 45.179624	137.775045
155617.000000	2366926.000000	 42.884997	159.907664
155918.000000	2371606.000000	 40.675649	138.752244
156219.000000	2376211.000000	 49.038263	159.491574
156520.000000	2380861.000000	 46.954611	137.114821
156821.000000	2385466.000000	 44.507290	141.279722
157122.000000	2390101.000000	 42.093890	157.941620
157423.000000	2394736.000000	 44.877641	136.189412
157724.000000	2399446.000000	 42.397657	160.766322
158025.000000	2404006.000000	 40.120779	136.746706
158326.000000	2408566.000000	 41.516885	160.092772
158627.000000	2413126.000000	 46.228741	136.085435
158928.000000	2417731.000000	 43.948666	138.070967
159229.000000	2422291.000000	 41.804013	160.436528
159530.000000	2426911.000000	 47.230329	138.166901
159831.000000	2431531.000000	 45.062513	138.471932
160132.000000	2436151.000000	 42.920583	160.488684
160433.000000	2440711.000000	 45.183378	138.292182
160734.000000	2445301.000000	 42.966761	160.842437
161035.000000	2449936.000000	 40.670253	140.386240
161336.000000	2454511.000000	 38.423914	139.952820
161637.000000	2459146.000000	 47.567162	162.348804
161938.000000	2463796.000000	 45.363432	143.128078
162239.000000	2468371.000000	 43.098670	164.314043
162540.000000	2473006.000000	 40.848005	143.145742
162841.000000	2477641.000000	 38.813129	141.785059
163142.000000	2482261.000000	 36.873540	164.212387
163443.000000	2486821.000000	 35.041079	142.493919
163744.000000	2491396.000000	 34.262749	169.214423
164045.000000	2496031.000000	 32.355654	142.076064
164346.000000	2500651.000000	 30.557422	143.374697
164647.000000	2505256.000000	 30.254881	165.811870
164948.000000	2509891.000000	 29.792018	144.648732
165249.000000	2514556.000000	 28.234864	163.840893
165550.000000	2519191.000000	 26.594399	143.400267
165851.000000	2523766.000000	 25.011467	167.272853
166152.000000	2528341.000000	 24.334772	143.848792
166453.000000	2532961.000000	 23.804329	142.089551
166754.000000	2537596.000000	 22.262930	167.006806
167055.000000	2542201.000000	 20.662986	144.731789
167356.000000	2546836.000000	 20.535346	168.069427
167657.000000	2551486.000000	 21.703044	148.364380
167958.000000	2556151.000000	 21.810330	167.633662
168259.000000	2560786.000000	 20.835333	145.749828
168560.000000	2565436.000000	 19.517564	145.749250
168861.000000	2570071.000000	 18.170391	168.544819
169162.000000	2574691.000000	 18.598338	143.879400
169463.000000	2579311.000000	 17.397796	170.379068
169764.000000	2583916.000000	 16.663674	144.999146
170065.000000	2588521.000000	 16.044781	148.145185
170366.000000	2593081.000000	 16.159046	170.010817
170667.000000	2597656.000000	 15.192478	146.038912
170968.000000	2602276.000000	 16.139046	168.774338
171269.000000	2606896.000000	 15.207109	147.673854
171570.000000	2611471.000000	 14.377729	144.623836
171871.000000	2616076.000000	 14.693187	168.753001
172172.000000	2620726.000000	 13.749630	145.539960
172473.000000	2625301.000000	 12.823472	170.651714
172774.000000	2629906.000000	 11.949642	159.293386
173075.000000	2634496.000000	 13.819030	146.733712
173376.000000	2639086.000000	 14.468949	169.539509
173677.000000	2643706.000000	 13.632947	145.852689
173978.000000	2648266.000000	 12.803820	144.950109
174279.000000	2652841.000000	 12.001344	168.835036
174580.000000	2657416.000000	 13.652259	147.471493
174881.000000	2662051.000000	 12.929816	171.231074
175182.000000	2666716.000000	 12.224528	145.441171
175483.000000	2671396.000000	 11.553030	169.537897
175784.000000	2675986.000000	 10.908980	144.724921
176085.000000	2680591.000000	 10.267066	145.867028
176386.000000	2685256.000000	  9.639569	168.872985
176687.000000	2689801.000000	  9.000846	146.343853
176988.000000	2694511.000000	  8.386184	171.196539
177289.000000	2699131.000000	  8.053715	146.649211
177590.000000	2703751.000000	  7.620009	172.602874
177891.000000	2708401.000000	  7.064162	149.079037
178192.000000	2713036.000000	  6.521972	149.693924
178493.000000	2717686.000000	  5.994929	174.265392
178794.000000	2722276.000000	  5.566206	146.184233
179095.000000	2726836.000000	  5.066138	170.351064
179396.000000	2731426.000000	  4.575623	148.289577
179697.000000	2736061.000000	  4.912803	150.212538
179998.000000	2740741.000000	  4.490211	175.535637
180299.000000	2745346.000000	  4.047526	147.910860
180600.000000	2749981.000000	  4.465741	171.394919
180901.000000	2754586.000000	  4.042390	147.955861
181202.000000	2759221.000000	  3.634972	173.222635
181503.000000	2763796.000000	  3.239758	147.677286
181804.000000	2768401.000000	  3.248024	147.515902
182105.000000	2773096.000000	  2.873931	172.935109
182406.000000	2777776.000000	  2.515590	149.682195
182707.000000	2782336.000000	  2.176359	176.708710
183008.000000	2786986.000000	  1.858380	149.647608
183309.000000	2791696.000000	  1.563913	175.903135
183610.000000	2796361.000000	  1.344208	150.477185
183911.000000	2800921.000000	  1.125683	149.971604
184212.000000	2805466.000000	  0.908510	173.447501
184381.000000	2808061.000000	  0.799885	 75.851923
