Model phase1

z_l 0.1972841823760099
z_s     0.4814

         Lens Galaxy
ml                       Uniform(1.0, 10)
log_rho_s                Uniform(-6, 0)
rs                       Uniform(0.01, 30)
qDM                        Fixed(1.0)
slope                    Uniform(0.5, 2.0)
mag_shear                Uniform(0.0, 1.0)
phi_shear                Uniform(0.0, 270.0)
gamma                      Fixed(1.0)

       Source Galaxy
source_x0               Gaussian(0.0, 0.3)
source_y0               Gaussian(0.0, 0.3)
source_q                 Uniform(0.1, 1.0)
source_phi               Uniform(0.0, 179.99)
source_intensity       LogUniform(1e-06, 1000000.0)
source_eff_r             Uniform(0.0, 30.0)
source_n_index           Uniform(0.5, 8.0)
