#    NumIter	  NumCalls	     dlogz	   Time[s]
301.000000	481.000000	999999993000000089000898443731035649745939038811310673228068200904972395080529006045592837760745472.000000	 58.128629
602.000000	782.000000	999999987000000193284952420543330829085715484243957987779587990705266580073787128991466811450982400.000000	 46.840714
903.000000	1083.000000	999999981000000297569006397355626008425491929676605302331107780505560765067045251937340785141219328.000000	 47.336595
1204.000000	1384.000000	999999974000000419233736036969970384321897782681360502641214201939237314225846395374193754446495744.000000	 57.026101
1505.000000	1685.000000	999999968000000523517790013782265563661674228114007817192733991739531499219104518320067728136732672.000000	 48.715578
1806.000000	1992.000000	999999962000000627801843990594560743001450673546655131744253781539825684212362641265941701826969600.000000	 49.929190
2107.000000	2299.000000	999999955000000749466573630208905118897856526551410332054360202973502233371163784702794671132246016.000000	 57.729468
2408.000000	2607.000000	999999949000000853750627607021200298237632971984057646605879992773796418364421907648668644822482944.000000	 47.635885
2709.000000	2914.000000	999999943000000958034681583833495477577409417416704961157399782574090603357680030594542618512719872.000000	 50.258875
3010.000000	3222.000000	999999936000001079699411223447839853473815270421460161467506204007767152516481174031395587817996288.000000	 55.454657
3311.000000	3529.000000	999999930000001183983465200260135032813591715854107476019025993808061337509739296977269561508233216.000000	 50.040709
3612.000000	3836.000000	999999923000001305648194839874479408709997568858862676329132415241737886668540440414122530813509632.000000	 57.951810
3913.000000	4143.000000	999999917000001409932248816686774588049774014291509990880652205042032071661798563359996504503746560.000000	 47.245831
4214.000000	4451.000000	999999911000001514216302793499069767389550459724157305432171994842326256655056686305870478193983488.000000	 51.632773
4515.000000	4759.000000	999999904000001635881032433113414143285956312728912505742278416276002805813857829742723447499259904.000000	 58.127951
4816.000000	5066.000000	999999898000001740165086409925709322625732758161559820293798206076296990807115952688597421189496832.000000	 50.033342
5117.000000	5373.000000	999999891000001861829816049540053698522138611166315020603904627509973539965917096125450390494773248.000000	 54.200039
5418.000000	5680.000000	999999885000001966113870026352348877861915056598962335155424417310267724959175219071324364185010176.000000	 47.465443
5719.000000	5988.000000	999999879000002070397924003164644057201691502031609649706944207110561909952433342017198337875247104.000000	 46.594570
6020.000000	6296.000000	999999872000002192062653642778988433098097355036364850017050628544238459111234485454051307180523520.000000	 54.766172
6321.000000	6602.000000	999999866000002296346707619591283612437873800469012164568570418344532644104492608399925280870760448.000000	 48.855245
6622.000000	6914.000000	999999859000002418011437259205627988334279653473767364878676839778209193263293751836778250176036864.000000	 55.300065
6923.000000	7229.000000	999999853000002522295491236017923167674056098906414679430196629578503378256551874782652223866273792.000000	 50.551359
7224.000000	7545.000000	999999846000002643960220875632267543570461951911169879740303051012179927415353018219505193171550208.000000	 56.810030
7525.000000	7868.000000	999999839000002765624950515246611919466867804915925080050409472445856476574154161656358162476826624.000000	 56.915040
7826.000000	8197.000000	999999832000002887289680154860956295363273657920680280360515893879533025732955305093211131782103040.000000	 61.826522
8127.000000	8529.000000	999999825000003008954409794475300671259679510925435480670622315313209574891756448530064101087379456.000000	 48.939247
8428.000000	8859.000000	999999819000003113238463771287595850599455956358082795222142105113503759885014571475938074777616384.000000	 56.431940
8729.000000	9194.000000	999999812000003234903193410901940226495861809362837995532248526547180309043815714912791044082892800.000000	 56.115871
9030.000000	9539.000000	999999804000003373948598713318333798948897069939701081600941579614239222368159878840623009003208704.000000	 56.568817
9331.000000	9893.000000	999999797000003495613328352932678174845302922944456281911048001047915771526961022277475978308485120.000000	 65.598332
9632.000000	10235.000000	999999790000003617278057992547022550741708775949211482221154422481592320685762165714328947613761536.000000	 58.506873
9933.000000	10578.000000	999999783000003738942787632161366926638114628953966682531260843915268869844563309151181916919037952.000000	 55.688279
10234.000000	10916.000000	999999776000003860607517271775711302534520481958721882841367265348945419003364452588034886224314368.000000	 58.594652
10535.000000	11263.000000	999999768000003999652922574192104874987555742535584968910060318416004332327708616515866851144630272.000000	 58.596253
10836.000000	11605.000000	999999761000004121317652213806449250883961595540340169220166739849680881486509759952719820449906688.000000	 63.721740
11137.000000	11948.000000	999999754000004242982381853420793626780367448545095369530273161283357430645310903389572789755183104.000000	 63.466686
11438.000000	12305.000000	999999747000004364647111493035138002676773301549850569840379582717033979804112046826425759060459520.000000	 57.097514
11739.000000	12662.000000	999999739000004503692516795451531575129808562126713655909072635784092893128456210754257723980775424.000000	 65.540843
12040.000000	13028.000000	999999732000004625357246435065875951026214415131468856219179057217769442287257354191110693286051840.000000	 57.248901
12341.000000	13397.000000	999999724000004764402651737482269523479249675708331942287872110284828355611601518118942658206367744.000000	 64.941000
12642.000000	13780.000000	999999716000004903448057039898663095932284936285195028356565163351887268935945682046774623126683648.000000	 65.614348
12943.000000	14172.000000	999999708000005042493462342315056668385320196862058114425258216418946182260289845974606588046999552.000000	 67.095510
13244.000000	14564.000000	999999700000005181538867644731450240838355457438921200493951269486005095584634009902438552967315456.000000	 65.577523
13545.000000	14960.000000	999999691000005337964948609949893009848020125587892172321230954186446373074521194321249513502670848.000000	 64.728286
13846.000000	15354.000000	999999683000005477010353912366286582301055386164755258389924007253505286398865358249081478422986752.000000	 75.874952
14147.000000	15760.000000	999999675000005616055759214782680154754090646741618344458617060320564199723209522176913443343302656.000000	 65.878929
14448.000000	16161.000000	999999666000005772481840180001122923763755314890589316285896745021005477213096706595724403878658048.000000	 65.568204
14749.000000	16579.000000	999999658000005911527245482417516496216790575467452402354589798088064390537440870523556368798973952.000000	 73.264203
15050.000000	17011.000000	999999649000006067953326447635959265226455243616423374181869482788505668027328054942367329334329344.000000	 74.474884
15351.000000	17473.000000	999999639000006241760083075656451230792749319337502231767735799122329309682758259852157285484724224.000000	 81.124436
15652.000000	17942.000000	999999629000006415566839703676943196359043395058581089353602115456152951338188464761947241635119104.000000	 83.917064
15953.000000	18435.000000	999999619000006589373596331697435161925337470779659946939468431789976592993618669671737197785513984.000000	 84.920842
16254.000000	18952.000000	999999608000006780561028622519976324048260954072846690283921379757182598814591895072506149550948352.000000	 86.308805
16555.000000	19478.000000	999999597000006971748460913342517486171184437366033433628374327724388604635565120473275101316382720.000000	 88.999678
16856.000000	20008.000000	999999586000007162935893204165058648294107920659220176972827275691594610456538345874044053081817088.000000	 88.150102
17157.000000	20583.000000	999999574000007371504001157789649006973660811524514806075866855292182980443054591765792000462290944.000000	 95.163138
17458.000000	21177.000000	999999561000007597452784774216288562209843109961917320937493066526153714595113858148518943457804288.000000	 99.310125
17759.000000	21831.000000	999999548000007823401568390642928117446025408399319835799119277760124448747173124531245886453317632.000000	116.744338
18060.000000	22569.000000	999999532000008101492378995475715262352095929553046007936505383894242275395861452386909816293949440.000000	125.170735
18361.000000	23412.000000	999999515000008396963865263110551603814795858278880065832478121661742466210092800733552741749620736.000000	138.940442
18662.000000	24424.000000	999999493000008779338729844755633928060642824865253552521384017596154477852039251535090645280489472.000000	179.023304
18963.000000	25773.000000	999999464000009283378324066015060628202895644456382239520396334964243038652786845773481518116634624.000000	231.811360
19264.000000	75015.000000	17259.254993	8438.082218
19565.000000	197175.000000	7509.260384	20659.885602
19866.000000	202365.000000	3729.260167	685.219507
20167.000000	207495.000000	2274.349130	685.612555
20468.000000	212550.000000	1246.006204	710.198370
20769.000000	217680.000000	621.813793	731.092270
21070.000000	222825.000000	393.198589	731.764929
21371.000000	227835.000000	424.918598	716.178225
21672.000000	232875.000000	284.424366	727.514163
21973.000000	237825.000000	211.599047	726.649477
22274.000000	243060.000000	178.945502	742.632197
22575.000000	248235.000000	133.015197	749.490118
22876.000000	253305.000000	 59.243602	745.656487
23177.000000	258435.000000	 46.869718	838.138935
23478.000000	263460.000000	 18.239730	638.173178
23779.000000	268275.000000	  6.716881	730.366139
24080.000000	273255.000000	  6.262723	733.070619
24381.000000	278220.000000	  7.690323	730.398981
24682.000000	283260.000000	  5.157334	729.196762
24983.000000	288255.000000	  4.737664	723.650084
25284.000000	293310.000000	  2.423236	733.656512
25585.000000	298260.000000	  1.563752	735.065789
25765.000000	301215.000000	  0.798646	429.502279
