Model phase4

z_l 0.1972841823760099
z_s     0.5039

         Lens Galaxy
inc                        Fixed(86.25995086460713)
beta                       Fixed(-0.28460314888787114)
ml                         Fixed(3.9708340105909805)
log_rho_s                  Fixed(-2.61281038839076)
rs                         Fixed(2.244540473158127)
qDM                        Fixed(1.0)
slope                      Fixed(0.8734110701594319)
mag_shear                  Fixed(0.01460225778297346)
phi_shear                  Fixed(12.100398828035098)
gamma                      Fixed(1.0)

       Source Galaxy
pixels                   Uniform(10, 300)
weight_floor             Uniform(0.0, 1.0)
weight_power             Uniform(0.0, 20.0)
inner_coefficient       LogUniform(1e-06, 1000000.0)
outer_coefficient       LogUniform(1e-06, 1000000.0)
signal_scale             Uniform(0.0, 1.0)
