Model phase5

z_l 0.1972841823760099
z_s     0.5013

         Lens Galaxy
inc                      Uniform(66.9205488068906, 90.0)
beta                     Uniform(-0.300324178102842, -0.13188682796112178)
ml                       Uniform(2.086622912113929, 2.8687132408195133)
log_rho_s                Uniform(-2.957607970941484, -2.0224970375516635)
rs                       Uniform(12.531431897907954, 18.79714784686193)
qDM                        Fixed(1.0)
slope                    Uniform(0.9119024408928631, 1.1935963877708036)
mag_shear                Uniform(0.016584160417227982, 0.02335760803699307)
phi_shear                Uniform(193.70101929310263, 270.0)
gamma                      Fixed(1.0)

       Source Galaxy
pixels                     Fixed(161.65823029912718)
weight_floor               Fixed(0.0037863763168828946)
weight_power               Fixed(10.39271814609618)
inner_coefficient            Fixed(0.0033321834166927322)
outer_coefficient            Fixed(11.324662274412212)
signal_scale               Fixed(0.05612684060525921)
