Model phase5

z_l 0.1972841823760099
z_s     0.4761

         Lens Galaxy
inc                      Uniform(66.21812825431493, 86.55689189136677)
beta                     Uniform(0.09800335202133716, 0.2741816540221642)
ml                       Uniform(1.966224676096417, 2.764918517637816)
log_rho_s                Uniform(-3.607166581159633, -2.4692473644492035)
rs                       Uniform(9.94691470202725, 15.838229847889394)
qDM                        Fixed(1.0)
slope                    Uniform(1.0467103025286923, 1.3807693312628428)
mag_shear                Uniform(0.011559520495389924, 0.014098278122467927)
phi_shear                Uniform(104.82269387786087, 137.93640542286357)
gamma                      Fixed(1.0)

       Source Galaxy
pixels                     Fixed(162.59009673685603)
weight_floor               Fixed(0.0016139841980731874)
weight_power               Fixed(2.101973666587312)
inner_coefficient            Fixed(1.0094518433341967e-05)
outer_coefficient            Fixed(3.843868838747767)
signal_scale               Fixed(0.36729378005534796)
