#    NumIter	  NumCalls	     dlogz	   Time[s]
301.000000	1830.000000	49990743198249472.000000	 12.008810
602.000000	2237.000000	12708566105573.585938	 15.247707
903.000000	2721.000000	6795360761.350273	 16.995690
1204.000000	3373.000000	28305979.049855	 23.641316
1505.000000	4090.000000	557902.780942	 23.981609
1806.000000	4940.000000	109354.320387	 30.454981
2107.000000	5975.000000	67460.588769	 36.845913
2408.000000	7301.000000	64028.600826	 45.843541
2709.000000	8890.000000	63733.008342	 55.895387
3010.000000	10711.000000	63282.618200	 64.185164
3311.000000	13155.000000	79007.622505	 85.796975
3612.000000	15897.000000	77550.872623	 96.299438
3913.000000	19206.000000	91847.596993	116.018381
4214.000000	23303.000000	89451.575583	144.988984
4515.000000	28892.000000	86738.148343	194.847692
4816.000000	34897.000000	83830.573186	210.491185
5117.000000	43816.000000	81079.904228	313.043297
5418.000000	52192.000000	78310.617451	294.382416
5719.000000	58395.000000	75457.822377	112.055845
6020.000000	62970.000000	73157.723007	 28.110091
6321.000000	67560.000000	70688.176861	 56.980586
6622.000000	72120.000000	68875.822589	 70.566076
6923.000000	76695.000000	67110.047069	104.464090
7224.000000	81300.000000	65403.255302	102.275055
7525.000000	85875.000000	63963.534957	118.667092
7826.000000	90480.000000	62273.779760	144.353394
8127.000000	95055.000000	69087.408746	124.977461
8428.000000	99660.000000	67216.003887	122.480998
8729.000000	104250.000000	67943.989929	153.863099
9030.000000	108825.000000	66350.415805	132.491486
9331.000000	113385.000000	64760.991349	154.973985
9632.000000	117945.000000	63119.366629	134.020544
9933.000000	122490.000000	61859.562600	133.549459
10234.000000	127125.000000	63443.825122	154.307230
10535.000000	131685.000000	80122.154885	130.535229
10836.000000	136305.000000	78112.074931	127.379050
11137.000000	140925.000000	79518.875759	156.008469
11438.000000	145500.000000	77403.082331	130.716470
11739.000000	150060.000000	75303.672917	129.868776
12040.000000	154695.000000	85039.279762	149.923077
12341.000000	159315.000000	82809.564615	132.626776
12642.000000	163920.000000	80317.842918	151.047195
12943.000000	168465.000000	78013.950372	129.713481
13244.000000	173085.000000	75881.993203	132.961102
13545.000000	177660.000000	73608.391566	155.774917
13846.000000	182220.000000	71112.662497	131.668069
14147.000000	186810.000000	69015.522092	159.502614
14448.000000	191415.000000	66764.270300	131.902730
14749.000000	195975.000000	64630.209984	137.769870
15050.000000	200565.000000	62296.592265	157.907944
15351.000000	205140.000000	60090.680612	134.932118
15652.000000	209685.000000	58599.996950	135.838377
15953.000000	214290.000000	61700.366106	155.917328
16254.000000	218850.000000	59318.099432	133.385475
16555.000000	223425.000000	57052.629393	133.463339
16856.000000	228000.000000	61962.743595	155.467160
17157.000000	232560.000000	59634.992433	134.695462
17458.000000	237195.000000	57414.741946	154.657345
17759.000000	241770.000000	55263.556391	133.793601
18060.000000	246345.000000	53167.670364	133.720216
18361.000000	250920.000000	50715.154927	152.527715
18662.000000	255465.000000	48621.208914	133.027204
18963.000000	260070.000000	46598.499515	135.713846
19264.000000	264705.000000	44581.614234	158.193134
19565.000000	269265.000000	42897.965664	135.953314
19866.000000	273825.000000	41071.340703	134.064831
20167.000000	278400.000000	39234.393110	157.623868
20468.000000	282960.000000	37776.890035	135.391676
20769.000000	287550.000000	36277.165719	138.114359
21070.000000	292125.000000	34471.027159	160.146311
21371.000000	296685.000000	32840.238550	135.109459
21672.000000	301305.000000	31266.699124	156.220170
21973.000000	305820.000000	29800.479016	135.827347
22274.000000	310395.000000	32415.962521	133.555932
22575.000000	315015.000000	30915.417093	159.148529
22876.000000	319560.000000	29492.680323	134.037832
23177.000000	324150.000000	28205.564085	134.577144
23478.000000	328680.000000	27029.890101	159.783692
23779.000000	333315.000000	25871.892235	137.048386
24080.000000	337950.000000	24802.011556	137.281081
24381.000000	342540.000000	27337.186343	159.637567
24682.000000	347085.000000	26345.407483	138.299286
24983.000000	351630.000000	25317.560793	136.361644
25284.000000	356190.000000	24264.879344	160.628490
25585.000000	360780.000000	23326.714846	137.627999
25886.000000	365400.000000	22366.574793	159.853631
26187.000000	369975.000000	22002.735713	137.544949
26488.000000	374520.000000	21025.260052	138.433416
26789.000000	379065.000000	20098.346999	160.788766
27090.000000	383655.000000	22302.840917	139.914556
27391.000000	388215.000000	21438.706190	139.014317
27692.000000	392790.000000	20634.414672	161.679149
27993.000000	397350.000000	19901.184841	137.946073
28294.000000	402015.000000	19097.437258	139.656936
28595.000000	406560.000000	18372.311332	166.590658
28896.000000	411195.000000	17629.107880	142.919057
29197.000000	415830.000000	17003.338504	165.369639
29498.000000	420420.000000	16361.167975	140.733296
29799.000000	425010.000000	15702.196330	142.331491
30100.000000	429630.000000	15671.588918	165.422701
30401.000000	434220.000000	15051.312023	133.674338
30702.000000	438840.000000	14881.335649	162.776196
31003.000000	443445.000000	14174.679822	140.904620
31304.000000	448020.000000	13542.676286	141.502434
31605.000000	452625.000000	12925.897832	164.603787
31906.000000	457260.000000	14720.244341	140.512186
32207.000000	461865.000000	14067.293984	163.424244
32508.000000	466440.000000	13454.277379	139.767893
32809.000000	471045.000000	12886.897705	139.961609
33110.000000	475665.000000	12319.344542	163.051439
33411.000000	480210.000000	11751.221279	141.930763
33712.000000	484740.000000	11208.492825	141.490926
34013.000000	489360.000000	10659.655090	154.877511
34314.000000	493905.000000	10147.065370	139.067279
34615.000000	498450.000000	9691.671829	139.855411
34916.000000	503040.000000	9157.596169	159.302101
35217.000000	507660.000000	8687.963474	137.751108
35518.000000	512235.000000	8243.791169	160.563404
35819.000000	516810.000000	7794.709917	140.378547
36120.000000	521325.000000	7374.664461	139.785066
36421.000000	525945.000000	6933.764418	162.305797
36722.000000	530565.000000	7088.001966	140.504191
37023.000000	535125.000000	7010.168061	137.718497
37324.000000	539700.000000	6633.764384	159.092471
37625.000000	544425.000000	6227.569854	137.836794
37926.000000	549015.000000	5887.944657	162.863317
38227.000000	553575.000000	5577.623497	136.749608
38528.000000	558180.000000	5459.224084	137.620563
38829.000000	562755.000000	5185.008808	162.446354
39130.000000	567360.000000	4903.466883	137.970199
39431.000000	571935.000000	4657.041448	137.086500
39732.000000	576480.000000	4413.939819	161.131385
40033.000000	581010.000000	4274.431372	135.403741
40334.000000	585555.000000	4048.554829	137.789397
40635.000000	590145.000000	3809.405075	156.382943
40936.000000	594765.000000	4366.571425	135.409930
41237.000000	599385.000000	4227.753991	156.862658
41538.000000	603975.000000	4009.537498	134.939698
41839.000000	608520.000000	3810.339237	130.646744
42140.000000	613080.000000	4145.773534	161.932379
42441.000000	617625.000000	3968.013020	137.759990
42742.000000	622155.000000	3807.529934	136.434741
43043.000000	626775.000000	3637.379072	157.030070
43344.000000	631365.000000	3479.469772	133.625191
43645.000000	635940.000000	3793.849409	134.162797
43946.000000	640485.000000	3643.281893	155.286527
44247.000000	645030.000000	3490.360756	128.626411
44548.000000	649620.000000	3349.429062	130.979102
44849.000000	654225.000000	3211.557240	154.395506
45150.000000	658800.000000	3066.686001	135.981833
45451.000000	663405.000000	2945.853768	133.399732
45752.000000	668010.000000	2964.790120	155.902325
46053.000000	672540.000000	2840.699595	133.171983
46354.000000	677160.000000	2715.313597	155.657734
46655.000000	681735.000000	2599.998958	135.742695
46956.000000	686310.000000	2888.778408	132.917759
47257.000000	690900.000000	3162.375035	159.482081
47558.000000	695520.000000	3051.497238	133.799770
47859.000000	700125.000000	2940.646719	134.506229
48160.000000	704655.000000	2838.182845	156.152125
48461.000000	709230.000000	2731.092705	132.776799
48762.000000	713790.000000	2634.085630	136.200476
49063.000000	718425.000000	2538.081676	156.744275
49364.000000	722985.000000	2451.968113	129.078372
49665.000000	727575.000000	2364.309316	152.028382
49966.000000	732150.000000	2280.870003	132.606743
50267.000000	736770.000000	2197.330064	132.666726
50568.000000	741330.000000	2114.590919	152.188620
50869.000000	745920.000000	2033.851439	130.131220
51170.000000	750495.000000	1946.763709	129.880269
51471.000000	755040.000000	1865.751232	152.275877
51772.000000	759600.000000	1832.404617	128.150264
52073.000000	764175.000000	1862.000865	130.249824
52374.000000	768735.000000	1802.069420	151.734468
52675.000000	773325.000000	1799.707949	132.190997
52976.000000	777870.000000	1724.859716	130.027196
53277.000000	782415.000000	1643.037034	148.577319
53578.000000	787020.000000	1857.549863	129.681363
53879.000000	791625.000000	1783.198778	148.985330
54180.000000	796170.000000	1709.243893	131.051053
54481.000000	800730.000000	1638.755210	130.097085
54782.000000	805290.000000	1572.895238	148.137162
55083.000000	809850.000000	1507.411599	130.203343
55384.000000	814425.000000	1447.333240	133.776101
55685.000000	818985.000000	1944.622278	152.623569
55986.000000	823560.000000	1876.325815	130.774460
56287.000000	828135.000000	1805.782133	127.231227
56588.000000	832695.000000	1743.258904	153.037223
56889.000000	837345.000000	1679.995549	129.752337
57190.000000	841950.000000	1619.773756	133.188511
57491.000000	846585.000000	1561.490780	156.538293
57792.000000	851145.000000	1507.841702	134.115874
58093.000000	855750.000000	1518.743293	158.266271
58394.000000	860310.000000	1453.670136	135.496406
58695.000000	864900.000000	1398.550687	132.960143
58996.000000	869505.000000	1343.660125	158.128162
59297.000000	874050.000000	1290.294103	133.627060
59598.000000	878580.000000	1241.514089	136.129696
59899.000000	883110.000000	1189.900778	157.524929
60200.000000	887655.000000	1133.089037	135.318215
60501.000000	892200.000000	1241.178287	136.063315
60802.000000	896730.000000	1187.255462	158.881109
61103.000000	901335.000000	1156.940565	136.137005
61404.000000	905910.000000	1105.305178	131.099103
61705.000000	910470.000000	1086.828373	159.289898
62006.000000	915060.000000	1096.763788	135.647981
62307.000000	919590.000000	1051.339795	136.004573
62608.000000	924150.000000	1003.900678	160.595253
62909.000000	928725.000000	1198.660778	139.020256
63210.000000	933315.000000	1153.868844	136.775748
63511.000000	937935.000000	1106.400126	155.456049
63812.000000	942525.000000	1060.778109	135.383869
64113.000000	947130.000000	1019.358645	158.954212
64414.000000	951675.000000	978.175636	134.980012
64715.000000	956220.000000	998.593741	136.001803
65016.000000	960765.000000	957.822168	138.989784
65317.000000	965325.000000	920.047984	159.236746
65618.000000	969930.000000	881.678452	135.725790
65919.000000	974490.000000	845.845355	160.794288
66220.000000	979020.000000	809.305814	137.409820
66521.000000	983565.000000	776.895646	136.544909
66822.000000	988110.000000	740.650269	140.167418
67123.000000	992715.000000	823.723378	159.975792
67424.000000	997335.000000	789.298220	135.676354
67725.000000	1001925.000000	753.096412	156.813264
68026.000000	1006440.000000	720.957158	137.770100
68327.000000	1011000.000000	691.527549	136.413735
68628.000000	1015545.000000	660.651495	157.427964
68929.000000	1020105.000000	631.750470	138.062590
69230.000000	1024740.000000	837.352770	140.158936
69531.000000	1029345.000000	809.600636	160.788588
69832.000000	1033935.000000	780.632983	138.220642
70133.000000	1038525.000000	752.276237	140.492930
70434.000000	1043115.000000	725.470172	164.714303
70735.000000	1047690.000000	701.991468	139.848861
71036.000000	1052340.000000	676.434336	164.041987
71337.000000	1056960.000000	654.338863	138.667812
71638.000000	1061490.000000	631.243962	139.228435
71939.000000	1066080.000000	607.523609	162.771529
72240.000000	1070670.000000	584.211165	139.585915
72541.000000	1075275.000000	562.861241	162.987980
72842.000000	1079850.000000	539.906359	138.306248
73143.000000	1084425.000000	515.128818	139.752337
73444.000000	1089030.000000	549.609765	163.435831
73745.000000	1093635.000000	529.098579	139.911446
74046.000000	1098255.000000	506.593213	139.738908
74347.000000	1102830.000000	484.015736	165.970089
74648.000000	1107405.000000	517.471995	140.652272
74949.000000	1111965.000000	496.443485	139.719762
75250.000000	1116555.000000	523.939490	162.581737
75551.000000	1121100.000000	502.933730	139.881346
75852.000000	1125705.000000	484.843780	163.874334
76153.000000	1130325.000000	464.871059	140.064751
76454.000000	1134900.000000	476.110675	138.379206
76755.000000	1139505.000000	457.797954	160.522488
77056.000000	1144140.000000	438.063833	137.871569
77357.000000	1148745.000000	420.162157	157.778863
77658.000000	1153305.000000	408.233333	139.945461
77959.000000	1157880.000000	387.912647	137.617370
78260.000000	1162485.000000	368.334414	164.209506
78561.000000	1167045.000000	439.510176	139.567215
78862.000000	1171590.000000	420.410351	139.470214
79163.000000	1176165.000000	401.729379	162.970486
79464.000000	1180770.000000	382.940836	138.541865
79765.000000	1185315.000000	368.250342	136.753746
80066.000000	1189875.000000	352.258195	162.844868
80367.000000	1194450.000000	334.802732	139.670989
80668.000000	1199100.000000	318.903200	138.176643
80969.000000	1203690.000000	301.235342	162.123733
81270.000000	1208295.000000	310.710294	140.998373
81571.000000	1212900.000000	326.961243	159.173859
81872.000000	1217460.000000	367.180722	136.891073
82173.000000	1222050.000000	354.333001	138.376758
82474.000000	1226670.000000	341.618307	164.284991
82775.000000	1231230.000000	327.716693	138.268962
83076.000000	1235805.000000	353.142208	140.086165
83377.000000	1240380.000000	340.841405	162.274033
83678.000000	1244925.000000	327.273716	139.713166
83979.000000	1249530.000000	314.400029	162.540348
84280.000000	1254090.000000	301.418118	139.116833
84581.000000	1258680.000000	292.657989	140.777408
84882.000000	1263255.000000	281.472334	163.136268
85183.000000	1267860.000000	468.689130	140.229092
85484.000000	1272510.000000	456.650779	140.149175
85785.000000	1277085.000000	445.584428	160.948406
86086.000000	1281660.000000	434.336146	140.289420
86387.000000	1286220.000000	422.903199	139.091637
86688.000000	1290840.000000	412.039787	160.691469
86989.000000	1295445.000000	401.599297	135.883354
87290.000000	1300005.000000	391.016498	160.490211
87591.000000	1304535.000000	380.433343	137.724010
87892.000000	1309110.000000	371.003922	138.699097
88193.000000	1313700.000000	361.060595	158.911595
88494.000000	1318260.000000	350.566567	135.212775
88795.000000	1322835.000000	340.715323	139.008114
89096.000000	1327410.000000	330.778230	158.965225
89397.000000	1332045.000000	352.266729	133.669287
89698.000000	1336650.000000	342.895399	157.092407
89999.000000	1341225.000000	332.993128	135.948627
90300.000000	1345770.000000	322.805909	133.072835
90601.000000	1350390.000000	313.029669	156.129275
90902.000000	1354935.000000	303.037015	132.124854
91203.000000	1359585.000000	304.017716	133.660573
91504.000000	1364190.000000	293.749759	154.887106
91805.000000	1368735.000000	283.913350	136.112927
92106.000000	1373295.000000	308.845401	132.926268
92407.000000	1377900.000000	298.141432	152.142175
92708.000000	1382490.000000	293.083104	130.548060
93009.000000	1387035.000000	283.043314	149.987729
93310.000000	1391625.000000	272.508158	130.112844
93611.000000	1396230.000000	269.893780	124.157559
93912.000000	1400790.000000	259.465426	148.226864
94213.000000	1405350.000000	247.385604	128.984811
94514.000000	1409955.000000	271.112687	123.709418
94815.000000	1414515.000000	260.065501	146.396075
95116.000000	1419105.000000	249.171403	128.614989
95417.000000	1423695.000000	236.586745	126.376726
95718.000000	1428285.000000	225.794539	142.189654
96019.000000	1432845.000000	228.972951	120.841694
96320.000000	1437465.000000	218.642811	145.654946
96621.000000	1442040.000000	249.869481	126.953656
96922.000000	1446600.000000	240.526564	122.536266
97223.000000	1451220.000000	230.527147	140.785785
97524.000000	1455765.000000	222.974346	125.353384
97825.000000	1460355.000000	321.457306	123.232280
98126.000000	1465005.000000	312.459279	141.917256
98427.000000	1469580.000000	304.110618	121.401250
98728.000000	1474155.000000	294.770748	146.314185
99029.000000	1478715.000000	286.241828	125.202876
99330.000000	1483245.000000	277.416917	125.201824
99631.000000	1487850.000000	269.202786	148.833511
99932.000000	1492410.000000	260.766628	124.177861
100233.000000	1497045.000000	252.410457	124.001367
100534.000000	1501575.000000	243.738276	148.093535
100835.000000	1506135.000000	235.367683	126.233917
101136.000000	1510680.000000	337.594053	126.719005
101437.000000	1515210.000000	327.917974	146.359496
101738.000000	1519785.000000	319.430274	125.837868
102039.000000	1524360.000000	311.633751	128.766226
102340.000000	1528950.000000	302.726137	152.462303
102641.000000	1533555.000000	294.038313	130.274639
102942.000000	1538145.000000	322.131667	127.623094
103243.000000	1542705.000000	313.786841	153.101177
103544.000000	1547250.000000	305.554011	129.316385
103845.000000	1551870.000000	296.289769	130.114428
104146.000000	1556430.000000	287.956342	155.808459
104447.000000	1560990.000000	277.949821	136.970161
104748.000000	1565550.000000	269.320840	133.667367
105049.000000	1570140.000000	260.222619	154.399512
105350.000000	1574730.000000	251.532492	132.242110
105651.000000	1579275.000000	271.508417	156.128579
105952.000000	1583865.000000	261.696258	133.458581
106253.000000	1588455.000000	252.292983	134.792400
106554.000000	1593060.000000	327.531027	157.464417
106855.000000	1597680.000000	316.929009	132.985502
107156.000000	1602270.000000	307.671893	135.006979
107457.000000	1606800.000000	296.988934	157.700855
107758.000000	1611375.000000	286.221181	134.206181
108059.000000	1615995.000000	323.726674	156.023907
108360.000000	1620540.000000	369.791574	137.637077
108661.000000	1625160.000000	358.727411	134.568015
108962.000000	1629735.000000	347.295847	156.785861
109263.000000	1634280.000000	360.317662	136.626009
109564.000000	1638885.000000	387.540055	134.395758
109865.000000	1643475.000000	375.925831	159.451751
110166.000000	1647990.000000	364.364000	135.805496
110467.000000	1652535.000000	350.883183	136.721281
110768.000000	1657050.000000	396.673107	158.393242
111069.000000	1661655.000000	383.352220	138.402781
111370.000000	1666290.000000	582.433923	132.872993
111671.000000	1670895.000000	569.549568	160.827042
111972.000000	1675485.000000	556.216775	134.577614
112273.000000	1680120.000000	541.872290	158.184259
112574.000000	1684695.000000	555.420742	137.356648
112875.000000	1689300.000000	565.083123	135.707056
113176.000000	1693830.000000	549.583313	157.855696
113477.000000	1698420.000000	534.940196	136.685222
113778.000000	1702935.000000	547.951771	136.231593
114079.000000	1707525.000000	623.242941	160.037552
114380.000000	1712085.000000	651.663468	134.676974
114681.000000	1716630.000000	635.845524	135.208617
114982.000000	1721190.000000	619.175648	157.045167
115283.000000	1725720.000000	599.801523	132.780601
115584.000000	1730250.000000	643.144389	134.706446
115885.000000	1734810.000000	624.114995	157.058053
116186.000000	1739430.000000	601.128949	132.992105
116487.000000	1744005.000000	674.456921	133.622066
116788.000000	1748535.000000	653.947346	155.583581
117089.000000	1753140.000000	853.201168	133.340887
117390.000000	1757670.000000	832.734946	134.234133
117691.000000	1762230.000000	812.338475	154.159419
117992.000000	1766805.000000	871.414624	136.151772
118293.000000	1771410.000000	847.264101	135.891414
118594.000000	1775970.000000	823.212945	158.639236
118895.000000	1780485.000000	801.768286	135.325331
119196.000000	1785060.000000	891.738531	132.122320
119497.000000	1789590.000000	868.920416	154.354910
119798.000000	1794135.000000	843.659371	134.160165
120099.000000	1798710.000000	817.718893	134.567060
120400.000000	1803360.000000	790.611906	159.517661
120701.000000	1807950.000000	767.092312	136.184947
121002.000000	1812510.000000	740.113819	136.167079
121303.000000	1817100.000000	712.714452	156.551785
121604.000000	1821660.000000	686.240662	132.159099
121905.000000	1826220.000000	774.802076	131.522468
122206.000000	1830780.000000	750.329747	154.423922
122507.000000	1835355.000000	722.432450	130.962893
122808.000000	1839990.000000	693.324703	158.708549
123109.000000	1844580.000000	685.458408	137.594326
123410.000000	1849110.000000	687.287017	136.540035
123711.000000	1853655.000000	657.586094	159.976744
124012.000000	1858215.000000	628.232036	134.608684
124313.000000	1862865.000000	699.932100	136.013971
124614.000000	1867470.000000	674.460003	161.167279
124915.000000	1872015.000000	645.794608	135.452886
125216.000000	1876575.000000	630.433463	136.675293
125517.000000	1881180.000000	605.553149	157.504066
125818.000000	1885755.000000	577.632517	135.668893
126119.000000	1890315.000000	597.049529	159.910108
126420.000000	1894935.000000	674.283364	136.538824
126721.000000	1899540.000000	650.470075	136.666579
127022.000000	1904145.000000	624.998822	157.790411
127323.000000	1908720.000000	598.664222	137.812801
127624.000000	1913340.000000	575.531384	140.130987
127925.000000	1917990.000000	551.102166	160.841555
128226.000000	1922520.000000	672.268240	139.914950
128527.000000	1927080.000000	648.195341	160.977795
128828.000000	1931625.000000	625.066316	135.096294
129129.000000	1936230.000000	603.428101	138.094973
129430.000000	1940850.000000	582.282665	159.881018
129731.000000	1945410.000000	560.543640	138.286381
130032.000000	1950000.000000	540.629661	138.269797
130333.000000	1954590.000000	519.267874	160.536787
130634.000000	1959150.000000	500.298093	138.447466
130935.000000	1963770.000000	481.987948	160.688977
131236.000000	1968360.000000	462.588192	137.401811
131537.000000	1972950.000000	444.489629	137.007011
131838.000000	1977540.000000	426.141135	160.749100
132139.000000	1982085.000000	408.978249	140.894938
132440.000000	1986675.000000	388.917565	138.334697
132741.000000	1991280.000000	371.621319	160.441493
133042.000000	1995840.000000	355.976231	137.559986
133343.000000	2000445.000000	340.414544	138.625681
133644.000000	2005020.000000	330.933069	160.443379
133945.000000	2009580.000000	315.670692	138.592617
134246.000000	2014200.000000	300.603679	161.577535
134547.000000	2018790.000000	285.501456	139.532328
134848.000000	2023365.000000	272.862455	140.527024
135149.000000	2027955.000000	287.856168	162.324552
135450.000000	2032575.000000	274.505634	138.478190
135751.000000	2037105.000000	262.420902	139.879047
136052.000000	2041680.000000	251.304612	162.055306
136353.000000	2046225.000000	240.174886	139.149402
136654.000000	2050755.000000	229.742076	141.851758
136955.000000	2055330.000000	219.205384	164.709923
137256.000000	2059890.000000	216.771047	141.586569
137557.000000	2064405.000000	206.642951	141.238155
137858.000000	2069055.000000	197.025060	162.875780
138159.000000	2073585.000000	204.235855	140.689552
138460.000000	2078160.000000	195.876219	144.698757
138761.000000	2082750.000000	187.321752	162.724446
139062.000000	2087310.000000	179.595884	141.039142
139363.000000	2091840.000000	171.766167	140.816198
139664.000000	2096400.000000	163.487820	164.445749
139965.000000	2101035.000000	156.378332	143.643371
140266.000000	2105610.000000	200.503487	164.538618
140567.000000	2110200.000000	193.473245	145.546907
140868.000000	2114805.000000	186.233963	142.390560
141169.000000	2119380.000000	179.372373	166.300041
141470.000000	2123955.000000	173.168856	143.017682
141771.000000	2128560.000000	166.154990	143.954153
142072.000000	2133135.000000	160.047913	167.424086
142373.000000	2137725.000000	154.427593	143.510147
142674.000000	2142255.000000	148.700422	145.751118
142975.000000	2146800.000000	143.136981	170.327659
143276.000000	2151405.000000	137.615818	143.317701
143577.000000	2155995.000000	166.778991	168.520149
143878.000000	2160615.000000	161.343898	144.762888
144179.000000	2165175.000000	156.389377	145.239945
144480.000000	2169765.000000	151.649789	169.179482
144781.000000	2174325.000000	146.562260	147.252207
145082.000000	2178915.000000	141.432161	147.282174
145383.000000	2183475.000000	136.846938	171.351199
145684.000000	2188065.000000	132.657264	144.828989
145985.000000	2192655.000000	128.333447	147.047473
146286.000000	2197200.000000	141.813577	168.248546
146587.000000	2201835.000000	137.561280	146.892783
146888.000000	2206470.000000	133.388906	171.479436
147189.000000	2211045.000000	128.657644	148.086999
147490.000000	2215650.000000	124.176803	144.669418
147791.000000	2220270.000000	120.042126	170.675600
148092.000000	2224845.000000	115.509794	145.302010
148393.000000	2229465.000000	132.679568	173.470442
148694.000000	2234025.000000	127.742233	150.914059
148995.000000	2238645.000000	123.478358	150.052691
149296.000000	2243235.000000	118.810753	177.058102
149597.000000	2247840.000000	114.329086	149.644643
149898.000000	2252415.000000	109.706805	147.582394
150199.000000	2257005.000000	105.456594	172.652084
150500.000000	2261550.000000	112.661129	147.771280
150801.000000	2266110.000000	108.042137	148.886412
151102.000000	2270670.000000	103.475387	176.503093
151403.000000	2275245.000000	 99.375062	147.556643
151704.000000	2279820.000000	 95.216000	150.902818
152005.000000	2284335.000000	 91.565261	172.948498
152306.000000	2288970.000000	 87.585176	150.691751
152607.000000	2293530.000000	 83.891556	175.855636
152908.000000	2298120.000000	 86.265267	153.013520
153209.000000	2302695.000000	 82.760971	151.997796
153510.000000	2307255.000000	 84.487378	175.840045
153811.000000	2311860.000000	 88.361722	153.423931
154112.000000	2316435.000000	 85.012288	152.301870
154413.000000	2320980.000000	 84.130993	174.633125
154714.000000	2325555.000000	 80.845654	152.004540
155015.000000	2330115.000000	 77.816347	149.600954
155316.000000	2334720.000000	 74.691509	175.849031
155617.000000	2339280.000000	 71.859719	149.839567
155918.000000	2343840.000000	 68.995857	154.359058
156219.000000	2348400.000000	 73.120109	178.723471
156520.000000	2352945.000000	 78.842427	151.164663
156821.000000	2357535.000000	 75.850732	151.351035
157122.000000	2362140.000000	 72.564948	176.569244
157423.000000	2366700.000000	 69.714478	153.444503
157724.000000	2371260.000000	 66.962536	152.523291
158025.000000	2375850.000000	 66.448901	176.937324
158326.000000	2380470.000000	 64.099819	150.507714
158627.000000	2385060.000000	 61.803184	178.237303
158928.000000	2389590.000000	 59.722415	151.284307
159229.000000	2394135.000000	 57.747116	150.829248
159530.000000	2398680.000000	 55.850594	174.035221
159831.000000	2403225.000000	 55.913073	149.560160
160132.000000	2407830.000000	 61.570093	150.044347
160433.000000	2412360.000000	 68.312010	173.402781
160734.000000	2416890.000000	 66.262410	150.958352
161035.000000	2421480.000000	 64.103835	149.835593
161336.000000	2426070.000000	 61.772497	177.223763
161637.000000	2430600.000000	 64.664087	149.531602
161938.000000	2435160.000000	 67.143308	149.673247
162239.000000	2439780.000000	 64.766322	174.559431
162540.000000	2444340.000000	 62.341376	149.599899
162841.000000	2448900.000000	 71.008120	149.501220
163142.000000	2453490.000000	 68.588254	173.897961
163443.000000	2458095.000000	 65.885878	148.522895
163744.000000	2462715.000000	 63.389985	172.505625
164045.000000	2467290.000000	 60.934687	147.680412
164346.000000	2471820.000000	 58.621627	148.557643
164647.000000	2476395.000000	 56.307134	173.405208
164948.000000	2480985.000000	 53.990444	152.477665
165249.000000	2485590.000000	 80.220440	147.805578
165550.000000	2490195.000000	 77.991196	171.902158
165851.000000	2494755.000000	 75.698576	147.513328
166152.000000	2499375.000000	 73.524602	147.323787
166453.000000	2503965.000000	 71.332470	170.561532
166754.000000	2508570.000000	 69.014630	148.616117
167055.000000	2513130.000000	 66.799582	173.231701
167356.000000	2517675.000000	 64.794410	148.651567
167657.000000	2522250.000000	 72.933370	147.352218
167958.000000	2526810.000000	 70.708498	172.790792
168259.000000	2531340.000000	 91.752417	146.861467
168560.000000	2535915.000000	 89.542365	147.526054
168861.000000	2540505.000000	 87.429793	169.898063
169162.000000	2545155.000000	 85.263162	146.392040
169463.000000	2549715.000000	 93.932458	145.069451
169764.000000	2554260.000000	 91.701573	168.291783
170065.000000	2558805.000000	 89.502808	144.708640
170366.000000	2563395.000000	 87.176680	146.482689
170667.000000	2567970.000000	 84.788126	167.055590
170968.000000	2572485.000000	 82.631569	148.383661
171269.000000	2577090.000000	 80.463847	150.070353
171570.000000	2581680.000000	 82.983055	168.575198
171871.000000	2586240.000000	 80.417926	146.056132
172172.000000	2590815.000000	 82.394888	144.066518
172473.000000	2595390.000000	 84.507392	170.345472
172774.000000	2599995.000000	 82.095606	140.982730
173075.000000	2604630.000000	 79.385688	167.414595
173376.000000	2609160.000000	 81.674997	145.076561
173677.000000	2613735.000000	 79.357805	144.294590
173978.000000	2618370.000000	 76.795329	166.876635
174279.000000	2622930.000000	 92.996753	142.972416
174580.000000	2627520.000000	 90.269680	142.860169
174881.000000	2632125.000000	 87.485231	166.291176
175182.000000	2636715.000000	 84.852148	142.594532
175483.000000	2641350.000000	 90.444992	167.184655
175784.000000	2645940.000000	 87.681584	144.079364
176085.000000	2650530.000000	 84.967091	139.441253
176386.000000	2655135.000000	 82.016595	165.216689
176687.000000	2659785.000000	 79.109430	139.941139
176988.000000	2664345.000000	 89.348615	165.440843
177289.000000	2668905.000000	 95.172597	139.499910
177590.000000	2673480.000000	 92.438510	138.133046
177891.000000	2678055.000000	120.314699	164.149395
178192.000000	2682630.000000	117.409980	139.914668
178493.000000	2687205.000000	117.721596	140.625710
178794.000000	2691780.000000	114.973610	162.372325
179095.000000	2696355.000000	112.192061	137.421799
179396.000000	2701020.000000	109.221527	139.608255
179697.000000	2705565.000000	106.236473	157.996222
179998.000000	2710170.000000	103.468081	139.417945
180299.000000	2714775.000000	100.815713	159.633992
180600.000000	2719380.000000	 97.677538	137.957618
180901.000000	2723955.000000	 94.906223	136.512527
181202.000000	2728515.000000	 92.345130	156.577517
181503.000000	2733105.000000	113.621004	135.795224
181804.000000	2737710.000000	110.729187	136.374352
182105.000000	2742330.000000	107.746850	156.571540
182406.000000	2746875.000000	104.804458	136.503997
182707.000000	2751450.000000	101.790244	158.564210
183008.000000	2756070.000000	101.376564	137.644246
183309.000000	2760630.000000	 98.144813	135.817088
183610.000000	2765235.000000	112.652516	159.625289
183911.000000	2769795.000000	119.305674	136.505725
184212.000000	2774460.000000	116.094741	137.645991
184513.000000	2779080.000000	113.001056	160.243105
184814.000000	2783655.000000	109.992878	137.053518
185115.000000	2788215.000000	106.558044	159.636427
185416.000000	2792790.000000	103.396323	138.355715
185717.000000	2797395.000000	100.335557	136.638523
186018.000000	2801955.000000	 97.209995	162.438594
186319.000000	2806545.000000	 94.005712	135.038321
186620.000000	2811135.000000	100.734180	137.135884
186921.000000	2815725.000000	 97.562043	160.216040
187222.000000	2820330.000000	 94.448828	136.466095
187523.000000	2824905.000000	 91.515800	157.903985
187824.000000	2829510.000000	 88.699834	137.579428
188125.000000	2834085.000000	 85.770187	137.731498
188426.000000	2838630.000000	 82.772355	163.097539
188727.000000	2843175.000000	 88.937933	139.708741
189028.000000	2847780.000000	 86.466140	139.784595
189329.000000	2852370.000000	 90.179955	161.071699
189630.000000	2856915.000000	 87.175968	138.039277
189931.000000	2861595.000000	 84.080557	162.955247
190232.000000	2866200.000000	 81.152089	135.587996
190533.000000	2870805.000000	 84.221990	138.140854
190834.000000	2875410.000000	 81.440719	160.704510
191135.000000	2879970.000000	 80.089184	138.962518
191436.000000	2884560.000000	 83.736350	136.482766
191737.000000	2889105.000000	 80.782738	162.382792
192038.000000	2893665.000000	 77.738676	136.479055
192339.000000	2898270.000000	 89.765782	137.161672
192640.000000	2902860.000000	 90.106330	155.916488
192941.000000	2907405.000000	100.725719	137.189522
193242.000000	2911935.000000	 97.731083	135.462623
193543.000000	2916510.000000	 94.846607	159.926777
193844.000000	2921130.000000	 91.813480	139.527405
194145.000000	2925690.000000	 89.048800	158.951451
194446.000000	2930295.000000	 86.149295	137.532257
194747.000000	2934870.000000	 83.160552	139.009960
195048.000000	2939430.000000	 80.435842	157.610425
195349.000000	2944005.000000	 80.354272	136.644600
195650.000000	2948580.000000	 77.790941	136.796535
195951.000000	2953110.000000	 75.154604	159.381236
196252.000000	2957685.000000	 72.402585	138.537011
196553.000000	2962260.000000	 69.683707	133.939044
196854.000000	2966880.000000	 71.942303	158.435564
197155.000000	2971470.000000	 69.380591	135.431832
197456.000000	2976030.000000	 66.794340	134.419538
197757.000000	2980590.000000	 63.976795	158.439514
198058.000000	2985195.000000	 67.283416	135.407428
198359.000000	2989815.000000	 64.569012	159.498180
198660.000000	2994420.000000	 61.963946	136.144929
198961.000000	2999010.000000	 59.160653	137.331302
199262.000000	3003615.000000	 78.986374	157.215283
199563.000000	3008145.000000	 76.503786	135.975296
199864.000000	3012750.000000	 76.554126	134.356894
200165.000000	3017340.000000	 74.098847	157.240358
200466.000000	3021960.000000	 71.400359	135.975631
200767.000000	3026475.000000	 68.939554	157.192071
201068.000000	3031110.000000	 69.557457	134.755065
201369.000000	3035760.000000	 68.328843	136.459034
201670.000000	3040335.000000	 84.213155	157.208311
201971.000000	3044925.000000	 81.864063	134.159153
202272.000000	3049515.000000	 79.389880	157.024910
202573.000000	3054090.000000	 76.929649	135.162404
202874.000000	3058680.000000	 74.560741	137.062423
203175.000000	3063240.000000	 72.315380	156.949028
203476.000000	3067815.000000	 69.943592	137.671492
203777.000000	3072405.000000	 67.513916	135.418442
204078.000000	3076995.000000	 65.101797	159.833449
204379.000000	3081600.000000	 62.840037	135.688536
204680.000000	3086145.000000	 60.503685	135.256335
204981.000000	3090750.000000	 63.736270	160.231181
205282.000000	3095310.000000	 62.683103	134.428506
205583.000000	3099885.000000	 66.383037	137.407924
205884.000000	3104460.000000	 64.052539	158.949741
206185.000000	3109020.000000	 61.804641	138.379514
206486.000000	3113595.000000	 71.933013	159.179269
206787.000000	3118185.000000	 70.676089	136.357215
207088.000000	3122820.000000	 70.596289	135.582170
207389.000000	3127440.000000	 68.268329	158.046132
207690.000000	3132000.000000	 65.953950	136.139626
207991.000000	3136545.000000	 63.789081	135.169506
208292.000000	3141135.000000	 73.656716	156.062974
208593.000000	3145725.000000	 71.283962	138.143672
208894.000000	3150285.000000	 78.026207	134.604738
209195.000000	3154965.000000	 75.621308	157.031709
209496.000000	3159510.000000	 73.314654	134.742565
209797.000000	3164085.000000	 80.874064	156.350061
210098.000000	3168600.000000	 78.640341	132.799622
210399.000000	3173130.000000	 76.203988	133.559684
210700.000000	3177675.000000	 98.857943	153.938656
211001.000000	3182220.000000	 96.539024	133.781852
211302.000000	3186810.000000	 94.060542	133.074610
211603.000000	3191475.000000	 93.230031	154.760374
211904.000000	3196080.000000	 90.532664	134.316328
212205.000000	3200670.000000	103.079595	133.468838
212506.000000	3205200.000000	100.242680	153.275388
212807.000000	3209730.000000	 97.372968	133.831828
213108.000000	3214275.000000	 94.677199	131.539739
213409.000000	3218805.000000	105.039580	154.615236
213710.000000	3223350.000000	101.949973	131.953155
214011.000000	3227970.000000	 98.976990	133.559222
214312.000000	3232530.000000	 95.854436	154.761749
214613.000000	3237135.000000	107.192944	133.122362
214914.000000	3241785.000000	104.119386	155.154924
215215.000000	3246390.000000	100.768477	132.436957
215516.000000	3250980.000000	 97.387609	132.210788
215817.000000	3255540.000000	102.878271	154.807758
216118.000000	3260070.000000	 99.547667	131.981529
216419.000000	3264675.000000	 96.356024	132.621098
216720.000000	3269250.000000	 93.308808	157.692808
217021.000000	3273840.000000	 93.512664	133.517459
217322.000000	3278400.000000	 90.285881	133.523472
217623.000000	3283020.000000	 86.941805	152.938370
217924.000000	3287610.000000	108.657734	132.825398
218225.000000	3292170.000000	105.368028	152.956119
218526.000000	3296715.000000	102.281027	133.072362
218827.000000	3301305.000000	 99.036507	133.676357
219128.000000	3305910.000000	104.432439	153.634175
219429.000000	3310485.000000	101.383148	132.898810
219730.000000	3315045.000000	 98.354465	132.010437
220031.000000	3319635.000000	 95.484432	155.464039
220332.000000	3324225.000000	 92.442437	133.169685
220633.000000	3328800.000000	 89.301793	133.558563
220934.000000	3333360.000000	 96.585210	152.119822
221235.000000	3337935.000000	 93.651084	132.511052
221536.000000	3342495.000000	 90.501407	131.425570
221837.000000	3347070.000000	 87.146832	153.018974
222138.000000	3351630.000000	 83.912547	135.122493
222439.000000	3356190.000000	 80.856939	132.104028
222740.000000	3360795.000000	 97.736738	154.539023
223041.000000	3365340.000000	 94.553906	134.377824
223342.000000	3369900.000000	 91.566653	135.116342
223643.000000	3374460.000000	 88.436328	153.703302
223944.000000	3379065.000000	 85.335536	132.588481
224245.000000	3383610.000000	 82.185805	153.214809
224546.000000	3388155.000000	 78.882447	132.390679
224847.000000	3392700.000000	125.682944	132.216228
225148.000000	3397275.000000	122.887750	151.904341
225449.000000	3401865.000000	119.953817	133.203342
225750.000000	3406470.000000	117.318831	132.299591
226051.000000	3411075.000000	114.396190	154.460073
226352.000000	3415620.000000	111.624907	130.929134
226653.000000	3420255.000000	108.591078	133.137833
226954.000000	3424845.000000	105.682134	154.172499
227255.000000	3429390.000000	102.815455	131.864652
227556.000000	3433965.000000	100.024500	132.717845
227857.000000	3438510.000000	 97.048923	152.995153
228158.000000	3443235.000000	 93.904068	132.225120
228459.000000	3447795.000000	 91.135493	153.331004
228760.000000	3452370.000000	 88.402185	132.765846
229061.000000	3456930.000000	 85.362720	132.021830
229362.000000	3461490.000000	 82.416373	155.126753
229663.000000	3466005.000000	 79.618424	133.450640
229964.000000	3470580.000000	 79.005674	132.589082
230265.000000	3475110.000000	 82.290877	154.124356
230566.000000	3479655.000000	 80.269738	132.656760
230867.000000	3484245.000000	 77.298048	133.433958
231168.000000	3488805.000000	 86.358124	153.580384
231469.000000	3493380.000000	 83.406238	131.742274
231770.000000	3498000.000000	 80.574721	132.024871
232071.000000	3502575.000000	 88.420991	156.128457
232372.000000	3507150.000000	 85.775225	132.895041
232673.000000	3511710.000000	 83.280139	133.755915
232974.000000	3516300.000000	 80.560316	154.066313
233275.000000	3520875.000000	100.357404	133.020249
233576.000000	3525435.000000	 97.443606	154.803481
233877.000000	3530010.000000	 94.614693	133.472064
234178.000000	3534630.000000	 92.023900	133.363601
234479.000000	3539250.000000	 89.477479	153.546816
234780.000000	3543855.000000	 86.726471	133.228711
235081.000000	3548445.000000	 83.826969	132.109386
235382.000000	3552960.000000	 81.200871	154.225795
235683.000000	3557505.000000	 85.108985	133.814279
235984.000000	3562050.000000	 82.488118	132.820359
236285.000000	3566655.000000	 79.878143	157.071439
236586.000000	3571230.000000	 77.245943	136.327288
236887.000000	3575820.000000	 74.705262	135.157749
237188.000000	3580395.000000	 89.080146	156.623625
237489.000000	3585000.000000	 86.619588	133.608432
237790.000000	3589560.000000	 84.116062	156.289981
238091.000000	3594165.000000	 81.525112	135.209564
238392.000000	3598710.000000	 79.069756	134.467686
238693.000000	3603285.000000	 76.639252	158.780472
238994.000000	3607830.000000	 74.372523	134.166008
239295.000000	3612435.000000	 71.993123	134.181820
239596.000000	3617055.000000	 69.544446	156.185857
239897.000000	3621615.000000	 67.148384	134.114076
240198.000000	3626205.000000	 64.747630	133.336558
240499.000000	3630840.000000	 62.391042	155.369697
240800.000000	3635385.000000	 60.086161	132.024259
241101.000000	3639945.000000	 76.380884	154.812445
241402.000000	3644535.000000	 74.180222	132.521216
241703.000000	3649095.000000	 72.100473	136.477757
242004.000000	3653730.000000	 69.868223	154.032351
242305.000000	3658335.000000	 67.603345	135.868946
242606.000000	3662865.000000	 65.588869	133.759328
242907.000000	3667515.000000	 63.563483	153.224637
243208.000000	3672090.000000	 61.510573	133.936869
243509.000000	3676635.000000	 59.306003	155.266323
243810.000000	3681255.000000	 70.502183	131.763929
244111.000000	3685920.000000	 68.395337	132.588425
244412.000000	3690570.000000	 66.288866	153.819194
244713.000000	3695130.000000	 64.299350	133.861320
245014.000000	3699720.000000	 62.201129	157.199465
245315.000000	3704265.000000	 60.050490	134.326989
245616.000000	3708870.000000	 57.956259	134.540137
245917.000000	3713490.000000	 55.875497	154.382380
246218.000000	3718080.000000	 54.358771	134.760548
246519.000000	3722715.000000	 52.271730	156.371546
246820.000000	3727365.000000	 55.104285	134.222746
247121.000000	3731940.000000	 57.181896	135.629610
247422.000000	3736500.000000	 55.107409	157.267679
247723.000000	3741075.000000	 53.246869	134.868810
248024.000000	3745635.000000	 51.176564	134.908202
248325.000000	3750225.000000	 49.020219	157.850496
248626.000000	3754785.000000	 58.299630	135.892443
248927.000000	3759420.000000	 56.286701	135.279877
249228.000000	3764010.000000	 54.289467	157.760672
249529.000000	3768585.000000	 52.334701	135.110042
249830.000000	3773160.000000	 50.395462	155.298833
250131.000000	3777735.000000	 51.020881	133.957273
250432.000000	3782265.000000	 52.813892	135.209533
250733.000000	3786870.000000	 50.869058	155.129632
251034.000000	3791415.000000	 49.041454	133.555147
251335.000000	3795975.000000	 55.106584	134.183367
251636.000000	3800550.000000	 53.274671	155.795470
251937.000000	3805125.000000	 51.497258	134.160355
252238.000000	3809730.000000	 49.626766	134.313534
252539.000000	3814260.000000	 47.853204	156.012249
252840.000000	3818835.000000	 46.055730	134.176225
253141.000000	3823485.000000	 44.340236	135.064011
253442.000000	3828060.000000	 42.689953	156.571927
253743.000000	3832605.000000	 41.136712	134.434450
254044.000000	3837225.000000	 39.654232	157.328428
254345.000000	3841800.000000	 39.084619	135.130793
254646.000000	3846360.000000	 54.384318	135.721342
254947.000000	3850980.000000	 55.889670	157.537574
255248.000000	3855570.000000	 54.446167	136.437200
255549.000000	3860175.000000	 53.057448	135.968074
255850.000000	3864765.000000	 51.670580	158.963589
256151.000000	3869370.000000	 50.348500	136.035323
256452.000000	3873945.000000	 49.059342	158.079940
256753.000000	3878520.000000	 47.759943	136.306590
257054.000000	3883065.000000	 46.425411	137.332565
257355.000000	3887670.000000	 45.026450	157.472245
257656.000000	3892245.000000	 43.638357	136.423441
257957.000000	3896760.000000	 42.263885	135.815345
258258.000000	3901350.000000	 40.791645	159.989683
258559.000000	3905970.000000	 39.329440	137.221022
258860.000000	3910500.000000	 37.767581	136.876265
259161.000000	3915075.000000	 39.044653	158.253491
259462.000000	3919665.000000	 37.598012	137.214890
259763.000000	3924210.000000	 36.137644	136.978689
260064.000000	3928755.000000	 34.669471	160.993630
260365.000000	3933330.000000	 33.316892	137.524367
260666.000000	3937905.000000	 32.015379	137.199759
260967.000000	3942435.000000	 35.225030	160.722703
261268.000000	3947010.000000	 33.887148	137.277508
261569.000000	3951600.000000	 32.630444	138.325476
261870.000000	3956130.000000	 31.342889	160.928344
262171.000000	3960750.000000	 40.627972	139.272407
262472.000000	3965355.000000	 39.413673	159.876219
262773.000000	3969975.000000	 48.573637	138.721453
263074.000000	3974520.000000	 47.359837	139.892655
263375.000000	3979110.000000	 46.175182	161.113005
263676.000000	3983715.000000	 45.051185	140.092852
263977.000000	3988275.000000	 43.881023	138.459531
264278.000000	3992835.000000	 42.739826	162.133434
264579.000000	3997470.000000	 41.585036	140.920031
264880.000000	4002060.000000	 40.494604	138.419673
265181.000000	4006620.000000	 39.455010	160.438612
265482.000000	4011165.000000	 38.453074	138.701386
265783.000000	4015695.000000	 37.396862	138.165718
266084.000000	4020300.000000	 36.333818	161.542884
266385.000000	4024845.000000	 35.341039	137.548081
266686.000000	4029435.000000	 34.331405	160.336290
266987.000000	4034010.000000	 33.785473	137.811241
267288.000000	4038600.000000	 32.750911	137.744780
267589.000000	4043145.000000	 32.688496	160.264214
267890.000000	4047705.000000	 31.582151	137.822758
268191.000000	4052280.000000	 30.459955	138.850271
268492.000000	4056900.000000	 32.871324	159.342865
268793.000000	4061505.000000	 33.718271	138.512294
269094.000000	4066080.000000	 32.594833	138.540865
269395.000000	4070625.000000	 31.488001	160.473686
269696.000000	4075200.000000	 30.413914	139.239400
269997.000000	4079775.000000	 29.644243	138.312331
270298.000000	4084305.000000	 31.987026	159.802285
270599.000000	4088925.000000	 34.149358	137.605141
270900.000000	4093485.000000	 33.068752	137.942683
271201.000000	4098090.000000	 31.959049	159.390244
271502.000000	4102695.000000	 30.803805	137.543266
271803.000000	4107300.000000	 29.651615	161.553963
272104.000000	4111875.000000	 30.407744	137.717609
272405.000000	4116495.000000	 29.309388	137.473726
272706.000000	4121070.000000	 28.235772	161.819918
273007.000000	4125705.000000	 27.155577	137.261878
273308.000000	4130280.000000	 26.112811	161.190936
273609.000000	4134855.000000	 34.861229	139.079994
273910.000000	4139430.000000	 41.364320	139.334741
274211.000000	4143990.000000	 40.321081	159.305020
274512.000000	4148565.000000	 39.295579	137.811654
274813.000000	4153140.000000	 38.273470	140.612654
275114.000000	4157745.000000	 37.269376	161.050425
275415.000000	4162290.000000	 36.281734	139.826166
275716.000000	4166880.000000	 35.319185	138.266290
276017.000000	4171425.000000	 34.361748	161.822367
276318.000000	4175970.000000	 33.452774	138.691286
276619.000000	4180575.000000	 32.544620	139.006618
276920.000000	4185165.000000	 31.650195	162.004865
277221.000000	4189755.000000	 30.735746	139.523666
277522.000000	4194345.000000	 29.805723	162.701830
277823.000000	4198875.000000	 31.930912	138.450509
278124.000000	4203420.000000	 31.045410	140.026385
278425.000000	4207980.000000	 30.126424	139.358586
278726.000000	4212555.000000	 29.192290	161.254863
279027.000000	4217115.000000	 28.306091	138.242320
279328.000000	4221720.000000	 27.450287	162.053184
279629.000000	4226325.000000	 26.569702	139.069013
279930.000000	4230915.000000	 25.692048	139.371039
280231.000000	4235490.000000	 25.729946	160.001893
280532.000000	4240095.000000	 27.609947	138.916472
280833.000000	4244655.000000	 28.465894	139.580575
281134.000000	4249260.000000	 27.585513	163.069422
281435.000000	4253805.000000	 26.720444	139.875967
281736.000000	4258380.000000	 26.036705	140.427484
282037.000000	4262940.000000	 25.155050	162.465396
282338.000000	4267545.000000	 24.291295	138.640949
282639.000000	4272150.000000	 23.414375	161.674349
282940.000000	4276770.000000	 23.756204	138.132266
283241.000000	4281405.000000	 25.656650	140.520134
283542.000000	4285980.000000	 24.787011	160.573428
283843.000000	4290570.000000	 23.932862	139.681442
284144.000000	4295175.000000	 23.062256	162.369900
284445.000000	4299705.000000	 22.189467	140.617103
284746.000000	4304280.000000	 21.293667	140.801100
285047.000000	4308810.000000	 21.754224	162.577437
285348.000000	4313370.000000	 20.948591	140.591936
285649.000000	4317930.000000	 22.478783	140.402376
285950.000000	4322505.000000	 23.199277	162.717265
286251.000000	4327035.000000	 22.379266	140.458101
286552.000000	4331565.000000	 21.836810	140.614424
286853.000000	4336095.000000	 23.542997	141.682777
287154.000000	4340685.000000	 22.698824	163.806781
287455.000000	4345260.000000	 26.054631	142.645270
287756.000000	4349820.000000	 25.193523	140.135572
288057.000000	4354410.000000	 24.364482	163.234760
288358.000000	4359075.000000	 23.534974	141.863783
288659.000000	4363650.000000	 22.683874	162.813786
288960.000000	4368165.000000	 21.850721	139.697667
289261.000000	4372785.000000	 23.604950	140.132431
289562.000000	4377330.000000	 22.770876	162.926545
289863.000000	4381875.000000	 22.665407	142.270514
290164.000000	4386450.000000	 21.866314	141.532482
290465.000000	4391070.000000	 22.624619	163.091123
290766.000000	4395675.000000	 21.872988	142.739754
291067.000000	4400310.000000	 21.116925	163.040314
291368.000000	4404855.000000	 20.345703	140.532133
291669.000000	4409475.000000	 23.455381	142.060261
291970.000000	4414020.000000	 22.675407	162.553750
292271.000000	4418610.000000	 21.906868	140.305836
292572.000000	4423170.000000	 22.291482	142.081367
292873.000000	4427730.000000	 21.523888	164.726836
293174.000000	4432350.000000	 20.779497	143.519350
293475.000000	4436925.000000	 20.026360	141.758077
293776.000000	4441500.000000	 19.289646	164.793942
294077.000000	4446075.000000	 19.918869	141.349649
294378.000000	4450605.000000	 19.199050	141.521150
294679.000000	4455195.000000	 18.514293	166.294330
294980.000000	4459740.000000	 17.823810	142.676008
295281.000000	4464345.000000	 17.143914	164.948313
295582.000000	4468965.000000	 16.458717	142.828630
295883.000000	4473600.000000	 16.153427	143.910009
296184.000000	4478145.000000	 18.921094	165.206872
296485.000000	4482735.000000	 18.261584	142.926395
296786.000000	4487295.000000	 17.597755	143.771625
297087.000000	4491810.000000	 16.933318	166.564744
297388.000000	4496430.000000	 16.281581	141.914880
297689.000000	4501005.000000	 15.630017	140.756200
297990.000000	4505595.000000	 17.785931	164.843389
298291.000000	4510155.000000	 17.151960	142.982923
298592.000000	4514745.000000	 16.537542	168.283110
298893.000000	4519335.000000	 15.935772	143.256722
299194.000000	4523925.000000	 15.340007	141.299171
299495.000000	4528485.000000	 15.506717	165.523168
299796.000000	4533075.000000	 16.166174	141.805066
300097.000000	4537635.000000	 16.236166	142.070073
300398.000000	4542150.000000	 15.651977	164.316601
300699.000000	4546800.000000	 19.187803	143.463931
301000.000000	4551405.000000	 18.598183	142.237808
301301.000000	4556025.000000	 17.988962	163.185771
301602.000000	4560660.000000	 17.381340	144.899250
301903.000000	4565235.000000	 16.793109	166.972480
302204.000000	4569855.000000	 16.208104	142.400362
302505.000000	4574475.000000	 15.621792	165.909853
302806.000000	4579050.000000	 15.056493	143.873652
303107.000000	4583595.000000	 16.256307	143.085698
303408.000000	4588185.000000	 15.704343	164.644027
303709.000000	4592760.000000	 15.150994	144.400377
304010.000000	4597350.000000	 14.595373	141.500166
304311.000000	4601865.000000	 14.042900	164.937504
304612.000000	4606455.000000	 13.540663	142.046573
304913.000000	4611015.000000	 13.022969	143.868215
305214.000000	4615605.000000	 12.512228	165.597177
305515.000000	4620195.000000	 12.015606	141.233148
305816.000000	4624755.000000	 11.523847	142.323174
306117.000000	4629360.000000	 11.036736	165.792586
306418.000000	4633980.000000	 12.538629	143.828937
306719.000000	4638555.000000	 12.065210	164.753785
307020.000000	4643190.000000	 11.603086	142.668400
307321.000000	4647720.000000	 11.905402	142.128248
307622.000000	4652355.000000	 11.455570	164.120340
307923.000000	4656930.000000	 11.005040	141.626149
308224.000000	4661520.000000	 10.568561	141.193197
308525.000000	4666080.000000	 10.603517	165.318809
308826.000000	4670655.000000	 10.175932	142.163398
309127.000000	4675260.000000	  9.749904	142.520433
309428.000000	4679820.000000	  9.336293	166.248765
309729.000000	4684455.000000	  8.930356	142.296193
310030.000000	4689030.000000	  8.528623	164.520347
310331.000000	4693590.000000	  9.242836	142.778120
310632.000000	4698165.000000	  8.847295	143.439923
310933.000000	4702740.000000	  8.458051	164.805363
311234.000000	4707345.000000	  8.073140	142.088591
311535.000000	4711875.000000	  7.694317	142.859505
311836.000000	4716465.000000	  7.319940	166.131690
312137.000000	4721085.000000	  6.951161	143.100494
312438.000000	4725645.000000	  7.822878	143.647888
312739.000000	4730235.000000	  7.464935	165.667068
313040.000000	4734810.000000	  7.889534	141.460918
313341.000000	4739355.000000	  7.540175	167.380845
313642.000000	4743915.000000	  8.347558	141.728893
313943.000000	4748505.000000	  8.011038	141.251327
314244.000000	4753125.000000	  7.676142	165.383521
314545.000000	4757730.000000	  7.342991	141.466783
314846.000000	4762365.000000	  7.298869	143.039133
315147.000000	4766955.000000	  6.975708	167.097178
315448.000000	4771560.000000	  6.654803	143.275936
315749.000000	4776150.000000	  6.338290	165.450721
316050.000000	4780680.000000	  7.516410	142.673632
316351.000000	4785255.000000	  7.206748	143.216805
316652.000000	4789875.000000	  6.898429	166.837962
316953.000000	4794420.000000	  6.591278	143.142598
317254.000000	4799040.000000	  6.287769	142.739454
317555.000000	4803630.000000	  5.988397	165.644868
317856.000000	4808235.000000	  6.837394	142.760569
318157.000000	4812780.000000	  6.544577	143.877937
318458.000000	4817355.000000	  6.255134	166.312280
318759.000000	4822020.000000	  5.969798	142.503505
319060.000000	4826610.000000	  5.688843	165.604538
319361.000000	4831215.000000	  5.410587	142.933650
319662.000000	4835790.000000	  5.135185	143.092381
319963.000000	4840380.000000	  4.862039	165.639463
320264.000000	4844955.000000	  4.592554	142.839994
320565.000000	4849500.000000	  5.907086	142.981818
320866.000000	4854075.000000	  5.642627	166.897532
321167.000000	4858650.000000	  5.382111	143.231604
321468.000000	4863240.000000	  5.123880	166.758050
321769.000000	4867800.000000	  4.868150	143.363667
322070.000000	4872390.000000	  4.614759	144.303555
322371.000000	4876995.000000	  4.502975	165.950734
322672.000000	4881555.000000	  4.487778	144.273095
322973.000000	4886130.000000	  4.240068	144.280140
323274.000000	4890705.000000	  3.994669	167.203312
323575.000000	4895310.000000	  3.752317	143.879217
323876.000000	4899840.000000	  3.591698	144.170865
324177.000000	4904385.000000	  4.105396	168.251314
324478.000000	4908975.000000	  3.867549	143.935247
324779.000000	4913610.000000	  3.631354	166.904074
325080.000000	4918170.000000	  3.686481	143.036410
325381.000000	4922790.000000	  4.577870	143.608616
325682.000000	4927425.000000	  4.343650	166.598420
325983.000000	4932000.000000	  4.111255	145.491380
326284.000000	4936575.000000	  3.880227	143.901338
326585.000000	4941135.000000	  3.650845	167.004459
326886.000000	4945755.000000	  3.729835	144.445557
327187.000000	4950360.000000	  3.503292	167.910882
327488.000000	4954935.000000	  3.279482	144.546464
327789.000000	4959495.000000	  3.057912	145.147066
328090.000000	4964070.000000	  3.368957	167.267756
328391.000000	4968675.000000	  3.147836	145.337415
328692.000000	4973220.000000	  2.929703	145.135890
328993.000000	4977765.000000	  2.956058	170.243069
329294.000000	4982310.000000	  3.603966	145.010941
329595.000000	4986870.000000	  3.384485	145.889453
329896.000000	4991475.000000	  3.167473	166.872271
330197.000000	4996080.000000	  3.470303	144.143425
330498.000000	5000685.000000	  3.253781	144.547818
330799.000000	5005230.000000	  3.039836	168.360914
331100.000000	5009805.000000	  2.828854	145.401515
331401.000000	5014395.000000	  2.621541	169.349883
331702.000000	5018940.000000	  2.418415	146.441716
332003.000000	5023515.000000	  2.749403	146.226914
332304.000000	5028150.000000	  2.545468	168.878619
332605.000000	5032740.000000	  2.345994	144.488092
332906.000000	5037375.000000	  2.482970	145.388832
333207.000000	5041935.000000	  2.286033	169.675006
333508.000000	5046495.000000	  2.708273	146.659544
333809.000000	5051040.000000	  2.508680	146.928150
334110.000000	5055660.000000	  2.313258	170.299636
334411.000000	5060220.000000	  2.122601	146.678873
334712.000000	5064810.000000	  1.937354	168.614926
335013.000000	5069415.000000	  1.758205	145.984283
335314.000000	5074005.000000	  1.585938	146.203996
335615.000000	5078580.000000	  1.421508	169.429418
335916.000000	5083170.000000	  1.424239	146.207778
336217.000000	5087865.000000	  1.268825	169.019450
336518.000000	5092425.000000	  1.122749	147.683157
336819.000000	5097000.000000	  0.986648	147.549821
337120.000000	5101575.000000	  1.034012	169.971030
337421.000000	5106180.000000	  0.904978	147.026233
337722.000000	5110740.000000	  0.804751	148.713555
337735.000000	5110950.000000	  0.799810	 29.808490
