Model phase5

z_l 0.1972841823760099
z_s     0.8049

         Lens Galaxy
inc                      Uniform(72.3479571383865, 90.0)
beta                     Uniform(-0.10003605200780856, 0.03902239745999393)
ml                       Uniform(2.027220910277553, 2.6437697325989276)
log_rho_s                Uniform(-2.620375530659112, -1.8611330403471265)
rs                       Uniform(10.27591651565003, 14.304061947091578)
qDM                        Fixed(1.0)
slope                    Uniform(0.8057309000828795, 1.1514112718799752)
gamma                      Fixed(1.0)
log_mbh                    Fixed(0.9172738194465637)

       Source Galaxy
pixels                     Fixed(134.6411953870316)
weight_floor               Fixed(0.7500735345318644)
weight_power               Fixed(19.493829208502373)
inner_coefficient            Fixed(0.022237184086721207)
outer_coefficient            Fixed(3.5221697183260163)
signal_scale               Fixed(0.43052620485528936)
