Model phase4

z_l 0.1972841823760099
z_s     0.5941

         Lens Galaxy
inc                        Fixed(81.28346786645017)
beta                       Fixed(0.15875132500924266)
ml                         Fixed(1.9495013092511262)
log_rho_s                  Fixed(-3.4811619701102474)
rs                         Fixed(20.113065596623574)
qDM                        Fixed(1.0)
slope                      Fixed(1.6805317673409987)
mag_shear                  Fixed(0.024013408528587177)
phi_shear                  Fixed(108.99284013720032)
gamma                      Fixed(1.0)

       Source Galaxy
pixels                   Uniform(10, 300)
weight_floor             Uniform(0.0, 1.0)
weight_power             Uniform(0.0, 20.0)
inner_coefficient       LogUniform(1e-06, 1000000.0)
outer_coefficient       LogUniform(1e-06, 1000000.0)
signal_scale             Uniform(0.0, 1.0)
