Model phase4

z_l 0.1972841823760099
z_s     0.8751

         Lens Galaxy
inc                        Fixed(82.05741626748286)
beta                       Fixed(0.22627019059821002)
ml                         Fixed(2.9678998760696285)
log_rho_s                  Fixed(-2.5820874124324456)
rs                         Fixed(11.152623639817815)
qDM                        Fixed(1.0)
slope                      Fixed(1.4943442252386783)
mag_shear                  Fixed(0.015550640788466087)
phi_shear                  Fixed(261.4660398729349)
gamma                      Fixed(1.0)

       Source Galaxy
pixels                   Uniform(10, 300)
weight_floor             Uniform(0.0, 1.0)
weight_power             Uniform(0.0, 20.0)
inner_coefficient       LogUniform(1e-06, 1000000.0)
outer_coefficient       LogUniform(1e-06, 1000000.0)
signal_scale             Uniform(0.0, 1.0)
