#    NumIter	  NumCalls	     dlogz	   Time[s]
301.000000	1336.000000	1755019217592881.750000	 13.485497
602.000000	1809.000000	15502486678.038382	 45.319142
903.000000	2433.000000	3968056.215695	 19.346619
1204.000000	3322.000000	147383.986947	 40.118067
1505.000000	4498.000000	83883.639620	 55.394341
1806.000000	5957.000000	82757.575590	 58.782232
2107.000000	8010.000000	81815.165475	 63.241863
2408.000000	10881.000000	79270.430962	106.438647
2709.000000	14632.000000	81697.569074	115.360204
3010.000000	20278.000000	77507.126616	173.680591
3311.000000	26996.000000	88595.654039	206.182559
3612.000000	36454.000000	84129.705794	271.255825
3913.000000	41044.000000	80313.107576	 24.630645
4214.000000	45664.000000	76946.248656	 47.898654
4515.000000	50239.000000	73811.687924	 88.604721
4816.000000	54934.000000	69762.166389	 93.416807
5117.000000	59524.000000	65675.866529	120.197012
5418.000000	64204.000000	61563.055608	114.234537
5719.000000	68764.000000	72826.184921	116.399777
6020.000000	73354.000000	69431.944216	127.823929
6321.000000	77959.000000	65506.998932	115.081396
6622.000000	82579.000000	61663.950483	132.302339
6923.000000	87184.000000	58336.474651	120.676042
7224.000000	91834.000000	54925.053419	131.403577
7525.000000	96454.000000	51557.009241	148.563723
7826.000000	101104.000000	49174.622829	118.816921
8127.000000	105724.000000	45983.957066	137.297305
8428.000000	110449.000000	42672.617575	116.668823
8729.000000	115069.000000	39767.908831	138.180775
9030.000000	119674.000000	36631.524850	118.264249
9331.000000	124264.000000	37857.975761	115.432183
9632.000000	128839.000000	38647.510211	137.308029
9933.000000	133444.000000	35947.891650	119.662618
10234.000000	138154.000000	33274.535127	141.608830
10535.000000	142729.000000	30884.084379	122.073601
10836.000000	147289.000000	28684.732991	122.295263
11137.000000	151894.000000	26382.366096	144.722365
11438.000000	156514.000000	24209.782655	136.073470
11739.000000	161089.000000	26941.433035	139.204284
12040.000000	165694.000000	24948.314978	128.192107
12341.000000	170239.000000	23067.692880	148.846272
12642.000000	174874.000000	22005.399000	141.376800
12943.000000	179494.000000	20379.005535	126.599169
13244.000000	184084.000000	18962.557352	165.112131
13545.000000	188689.000000	19845.527668	122.701433
13846.000000	193279.000000	20107.285161	122.468065
14147.000000	197884.000000	18914.316741	143.491640
14448.000000	202519.000000	17623.456776	139.276376
14749.000000	207214.000000	16395.776449	145.636282
15050.000000	211894.000000	15204.842954	122.193738
15351.000000	216484.000000	14279.206724	145.430947
15652.000000	221059.000000	14616.057585	125.708519
15953.000000	225634.000000	13703.469050	152.135350
16254.000000	230254.000000	12779.399532	141.509092
16555.000000	234829.000000	11970.151152	123.257618
16856.000000	239479.000000	11136.948538	151.628916
17157.000000	244099.000000	10300.900069	144.256221
17458.000000	248644.000000	9571.935392	120.720434
17759.000000	253249.000000	8867.624063	143.846533
18060.000000	257959.000000	8262.549501	138.169511
18361.000000	262519.000000	8395.327819	143.966063
18662.000000	267139.000000	7825.989775	131.592426
18963.000000	271699.000000	7304.137791	161.318091
19264.000000	276424.000000	6761.059121	174.046572
19565.000000	281119.000000	6270.064077	126.291168
19866.000000	285724.000000	5783.595754	158.753996
20167.000000	290389.000000	5371.784742	123.642912
20468.000000	295114.000000	5001.480951	144.684800
20769.000000	299719.000000	4629.671342	124.718590
21070.000000	304354.000000	4303.315302	145.193367
21371.000000	308959.000000	3981.080834	121.814729
21672.000000	313624.000000	3691.416974	124.994616
21973.000000	318244.000000	3430.012597	143.844136
22274.000000	322894.000000	3410.422967	123.696627
22575.000000	327484.000000	3138.020749	143.927994
22876.000000	332089.000000	2892.207563	125.678822
23177.000000	336724.000000	2855.800637	145.363934
23478.000000	341329.000000	2633.390880	125.682884
23779.000000	345949.000000	2433.354370	123.236170
24080.000000	350629.000000	2392.941274	145.915722
24381.000000	355279.000000	2216.598028	124.212648
24682.000000	359959.000000	2059.464815	147.385123
24983.000000	364534.000000	1904.791106	126.201803
25284.000000	369199.000000	1767.527280	146.470857
25585.000000	373744.000000	1639.469912	124.214525
25886.000000	378349.000000	1511.817182	123.562458
26187.000000	382939.000000	1541.880913	147.341403
26488.000000	387604.000000	1414.163347	122.064487
26789.000000	392284.000000	1609.221072	146.463252
27090.000000	396919.000000	1496.988535	124.928188
27391.000000	401509.000000	1401.176625	143.416958
27692.000000	406144.000000	1308.374551	123.630878
27993.000000	410734.000000	1216.626568	122.041969
28294.000000	415324.000000	1135.273659	145.016443
28595.000000	420019.000000	1046.984657	123.014112
28896.000000	424639.000000	1085.085105	142.563725
29197.000000	429274.000000	1374.293057	124.337270
29498.000000	433864.000000	1296.040720	151.856192
29799.000000	438424.000000	1220.273970	181.576380
30100.000000	442999.000000	1147.192514	138.976387
30401.000000	447634.000000	1073.762424	161.021619
30702.000000	452239.000000	1068.546738	122.212339
31003.000000	456829.000000	1004.446409	120.565129
31304.000000	461494.000000	940.139233	170.880302
31605.000000	466144.000000	881.865493	119.750336
31906.000000	470749.000000	817.197480	139.127921
32207.000000	475309.000000	789.384879	126.545693
32508.000000	479929.000000	769.631901	119.688983
32809.000000	484564.000000	750.354499	146.679688
33110.000000	489184.000000	771.020211	120.149168
33411.000000	493819.000000	765.437148	142.027843
33712.000000	498394.000000	718.009675	119.268305
34013.000000	503029.000000	668.609807	140.718235
34314.000000	507709.000000	623.931025	116.532272
34615.000000	512359.000000	582.475415	136.998228
34916.000000	516949.000000	537.752593	119.504205
35217.000000	521554.000000	504.507128	117.684486
35518.000000	526129.000000	558.920560	138.829430
35819.000000	530794.000000	521.271558	117.228935
36120.000000	535474.000000	486.203937	134.305312
36421.000000	540169.000000	453.128942	121.589031
36722.000000	544804.000000	436.322237	144.477586
37023.000000	549379.000000	408.310174	118.851298
37324.000000	554014.000000	379.893777	118.733839
37625.000000	558619.000000	353.716025	137.685755
37926.000000	563239.000000	326.934288	155.518625
38227.000000	567889.000000	302.312465	140.582941
38528.000000	572479.000000	279.666499	121.860376
38829.000000	577099.000000	257.847705	122.220320
39130.000000	581704.000000	248.103540	168.187879
39431.000000	586309.000000	228.395509	122.256417
39732.000000	590899.000000	208.789918	141.272867
40033.000000	595474.000000	225.957410	118.396849
40334.000000	600079.000000	208.387443	121.442199
40635.000000	604654.000000	193.773436	166.231349
40936.000000	609244.000000	179.332882	124.666102
41237.000000	613849.000000	165.067111	123.187497
41538.000000	618469.000000	151.537632	144.375283
41839.000000	623104.000000	139.350032	121.379911
42140.000000	627709.000000	127.004521	141.810511
42441.000000	632284.000000	116.081224	121.593848
42742.000000	636949.000000	109.375526	143.628484
43043.000000	641569.000000	100.560071	120.952003
43344.000000	646219.000000	 91.718812	125.967134
43645.000000	650794.000000	 83.807760	145.512055
43946.000000	655384.000000	 87.317629	125.618982
44247.000000	660004.000000	 86.885414	146.312098
44548.000000	664624.000000	 80.422876	124.835786
44849.000000	669304.000000	 74.715285	125.367765
45150.000000	673879.000000	 68.959111	146.539511
45451.000000	678544.000000	 63.808780	126.497788
45752.000000	683149.000000	 59.372056	147.120247
46053.000000	687769.000000	 69.058802	126.735935
46354.000000	692434.000000	 64.617328	148.330703
46655.000000	696979.000000	 60.378275	126.321836
46956.000000	701584.000000	 56.284024	127.706446
47257.000000	706189.000000	 52.466031	149.620553
47558.000000	710764.000000	 49.215255	128.887507
47859.000000	715369.000000	 46.086905	129.735745
48160.000000	719944.000000	 43.270642	149.729518
48461.000000	724564.000000	 40.331444	131.298298
48762.000000	729214.000000	 37.779661	152.438682
49063.000000	733834.000000	 35.863334	129.462473
49364.000000	738574.000000	 36.158789	151.285429
49665.000000	743299.000000	 33.858725	129.629141
49966.000000	747949.000000	 31.774070	152.825551
50267.000000	752554.000000	 29.938825	131.327693
50568.000000	757114.000000	 28.099266	130.910752
50869.000000	761779.000000	 26.172357	158.328276
51170.000000	766399.000000	 25.038915	138.843753
51471.000000	770989.000000	 23.291802	151.974064
51772.000000	775594.000000	 21.659522	132.387527
52073.000000	780199.000000	 20.015342	154.509119
52374.000000	784789.000000	 24.287393	130.824659
52675.000000	789424.000000	 22.789696	130.169996
52976.000000	794044.000000	 22.551957	153.984540
53277.000000	798649.000000	 23.360284	133.947543
53578.000000	803284.000000	 21.965542	156.787840
53879.000000	807889.000000	 20.558590	135.394909
54180.000000	812494.000000	 19.242780	133.779509
54481.000000	817129.000000	 17.995551	155.237254
54782.000000	821734.000000	 20.347777	138.353229
55083.000000	826354.000000	 19.202577	158.007232
55384.000000	831049.000000	 18.083869	136.982513
55685.000000	835624.000000	 17.039147	137.068844
55986.000000	840319.000000	 16.051004	156.845508
56287.000000	844969.000000	 15.112941	135.659944
56588.000000	849589.000000	 14.341486	159.865454
56889.000000	854329.000000	 13.541871	136.078043
57190.000000	858979.000000	 13.636722	166.748952
57491.000000	863569.000000	 12.788242	142.823776
57792.000000	868144.000000	 12.080697	170.480411
58093.000000	872764.000000	 11.946304	147.572890
58394.000000	877324.000000	 10.959952	140.110940
58695.000000	881884.000000	 10.016250	170.059072
58996.000000	886534.000000	  9.151902	136.902802
59297.000000	891184.000000	  8.745069	159.484671
59598.000000	895714.000000	  8.021806	138.916926
59899.000000	900289.000000	  7.314930	136.596595
60200.000000	904879.000000	  6.637894	163.216279
60501.000000	909469.000000	  6.243338	137.034660
60802.000000	914104.000000	  5.590380	137.102630
61103.000000	918679.000000	  5.690122	165.081280
61404.000000	923269.000000	  5.116795	138.345228
61705.000000	927829.000000	  4.452178	162.565064
62006.000000	932509.000000	  3.833320	138.992551
62307.000000	937189.000000	  3.434262	162.487805
62608.000000	941749.000000	  2.941102	140.684378
62909.000000	946369.000000	  2.495090	139.470658
63210.000000	951034.000000	  2.149965	167.431939
63511.000000	955684.000000	  1.783601	154.020227
63812.000000	960289.000000	  1.460114	166.471345
64113.000000	964909.000000	  1.273128	164.992393
64414.000000	969574.000000	  1.171746	178.812413
64715.000000	974194.000000	  0.938688	140.759512
64922.000000	977329.000000	  0.799481	116.700007
