Model phase5

z_l 0.1972841823760099
z_s     0.4761

         Lens Galaxy
inc                      Uniform(66.21812825431493, 90.0)
beta                     Uniform(-0.11723874556557964, 0.03473565798278385)
ml                       Uniform(2.0237031156913017, 2.676788942256573)
log_rho_s                Uniform(-3.142266519794919, -2.2564658631956815)
rs                         Fixed(9.094395894549947)
qDM                        Fixed(1.0)
slope                    Uniform(0.9809570830551333, 1.2869761736318361)
mag_shear                Uniform(0.011819322840705226, 0.014913650900291417)
phi_shear                Uniform(91.38081106909128, 135.0684193993159)
gamma                      Fixed(1.0)

       Source Galaxy
pixels                     Fixed(237.83495344109514)
weight_floor               Fixed(0.06083363996301784)
weight_power               Fixed(9.296063810349892)
inner_coefficient            Fixed(0.02681724015210326)
outer_coefficient            Fixed(4.018200368822268)
signal_scale               Fixed(0.34361590520115204)
