#    NumIter	  NumCalls	     dlogz	   Time[s]
301.000000	1841.000000	53255872248061088.000000	 15.522618
602.000000	2261.000000	4413283631578.128906	 15.661156
903.000000	2758.000000	4443541714.047880	 21.679901
1204.000000	3351.000000	23685482.326425	 22.889676
1505.000000	4099.000000	348321.567413	 30.901007
1806.000000	5048.000000	71289.178083	 36.402526
2107.000000	6200.000000	57337.116068	 46.633132
2408.000000	7554.000000	56919.094302	 55.675851
2709.000000	9220.000000	56594.724282	 64.510817
3010.000000	11230.000000	59514.361444	 80.378528
3311.000000	13678.000000	57956.738091	 98.005096
3612.000000	16627.000000	55521.053424	117.957721
3913.000000	20511.000000	63745.648674	154.252213
4214.000000	25462.000000	60369.384856	196.948887
4515.000000	30937.000000	57116.972678	217.278872
4816.000000	37535.000000	53836.189377	261.291387
5117.000000	45146.000000	50733.165719	303.326599
5418.000000	54405.000000	47659.510365	346.062418
5719.000000	58980.000000	44484.920819	 15.056040
6020.000000	63510.000000	42109.881197	 25.493382
6321.000000	68145.000000	39758.769573	 53.927576
6622.000000	72735.000000	37644.201850	 84.888726
6923.000000	77295.000000	44963.230766	 98.590273
7224.000000	81825.000000	43470.479511	110.548709
7525.000000	86385.000000	42428.615483	138.318255
7826.000000	90960.000000	41206.864251	113.835969
8127.000000	95490.000000	39989.646477	119.031590
8428.000000	100080.000000	38802.819195	145.756827
8729.000000	104625.000000	37737.780804	131.814221
9030.000000	109185.000000	36501.862038	121.219885
9331.000000	113790.000000	35120.372003	150.977391
9632.000000	118410.000000	36065.930586	128.780434
9933.000000	123000.000000	34677.246393	153.843832
10234.000000	127560.000000	33249.402195	129.164606
10535.000000	132135.000000	31956.278723	122.810589
10836.000000	136695.000000	30494.948416	146.573099
11137.000000	141270.000000	29145.202693	127.057678
11438.000000	145875.000000	27769.449769	126.596512
11739.000000	150435.000000	27236.631819	146.070006
12040.000000	155070.000000	27065.533416	130.382409
12341.000000	159675.000000	25758.494756	145.452652
12642.000000	164280.000000	24471.798553	134.069108
12943.000000	168885.000000	23368.789677	128.527782
13244.000000	173550.000000	22175.600314	148.872186
13545.000000	178110.000000	21089.953067	127.178273
13846.000000	182685.000000	25879.055205	129.917485
14147.000000	187305.000000	24740.463209	153.209852
14448.000000	191865.000000	23623.756909	126.072753
14749.000000	196485.000000	22514.782503	153.300298
15050.000000	201030.000000	21518.869283	124.133016
15351.000000	205590.000000	20545.899891	130.815668
15652.000000	210165.000000	19617.005426	149.374999
15953.000000	214710.000000	18705.662915	133.560380
16254.000000	219270.000000	17854.864996	133.891406
16555.000000	223830.000000	17012.216456	152.770839
16856.000000	228435.000000	16191.388321	126.551242
17157.000000	232995.000000	15450.250178	133.719414
17458.000000	237585.000000	14702.310012	149.921733
17759.000000	242175.000000	13990.314274	127.298677
18060.000000	246765.000000	13298.935899	128.407613
18361.000000	251355.000000	12566.173080	154.743100
18662.000000	255915.000000	11957.779009	131.593400
18963.000000	260490.000000	11382.023454	153.699525
19264.000000	265095.000000	10772.337794	123.884718
19565.000000	269670.000000	10150.960325	130.500988
19866.000000	274260.000000	9600.328576	151.403531
20167.000000	278820.000000	9079.798982	128.633081
20468.000000	283395.000000	8565.796833	130.423710
20769.000000	288015.000000	8178.357296	154.428694
21070.000000	292605.000000	8006.137560	131.616949
21371.000000	297225.000000	7794.025441	151.188433
21672.000000	301830.000000	7370.871790	127.401866
21973.000000	306375.000000	7379.322676	141.660859
22274.000000	310995.000000	6974.254806	153.605386
22575.000000	315570.000000	6599.405865	130.973452
22876.000000	320130.000000	6265.100475	132.152524
23177.000000	324705.000000	6342.510316	152.445247
23478.000000	329295.000000	6012.910192	136.645912
23779.000000	333840.000000	5692.565783	133.499915
24080.000000	338400.000000	5396.949459	156.264013
24381.000000	342930.000000	5135.752076	129.143342
24682.000000	347505.000000	4871.100970	135.866865
24983.000000	352110.000000	4608.866295	157.717955
25284.000000	356730.000000	4355.673359	135.338585
25585.000000	361305.000000	4112.011948	155.493034
25886.000000	365850.000000	3879.800954	130.250993
26187.000000	370425.000000	3662.806385	132.366635
26488.000000	375030.000000	3441.211280	157.219250
26789.000000	379590.000000	3249.667556	130.680839
27090.000000	384135.000000	3145.625682	137.868441
27391.000000	388740.000000	2944.656088	155.757531
27692.000000	393300.000000	2762.316533	134.444722
27993.000000	397875.000000	2590.911287	134.052597
28294.000000	402435.000000	2630.859345	157.664002
28595.000000	406995.000000	2483.338786	136.785926
28896.000000	411600.000000	2344.781110	137.349867
29197.000000	416145.000000	2211.122411	159.988381
29498.000000	420735.000000	2254.145671	136.910667
29799.000000	425340.000000	2131.210325	132.602053
30100.000000	429900.000000	2018.804481	164.352276
30401.000000	434520.000000	1904.536969	141.620220
30702.000000	439110.000000	1795.999013	164.006425
31003.000000	443730.000000	1864.091413	143.482118
31304.000000	448350.000000	1780.620950	142.630651
31605.000000	452910.000000	1688.989031	160.780278
31906.000000	457530.000000	1604.547656	137.239624
32207.000000	462105.000000	1526.791341	157.783559
32508.000000	466680.000000	1512.373927	133.556931
32809.000000	471285.000000	1495.573173	138.398748
33110.000000	475875.000000	1425.855805	160.148967
33411.000000	480420.000000	1364.524811	136.797218
33712.000000	485010.000000	1295.845301	139.078172
34013.000000	489645.000000	1231.713839	158.181477
34314.000000	494220.000000	1164.670934	141.852288
34615.000000	498795.000000	1111.907563	160.204489
34916.000000	503340.000000	1060.572700	138.655087
35217.000000	507945.000000	1010.462546	138.415504
35518.000000	512550.000000	960.890242	163.315293
35819.000000	517155.000000	925.700207	137.127326
36120.000000	521730.000000	1122.691247	136.381309
36421.000000	526350.000000	1075.693708	162.268403
36722.000000	530910.000000	1035.880352	141.002617
37023.000000	535575.000000	990.487571	162.118503
37324.000000	540135.000000	1188.854489	140.529681
37625.000000	544725.000000	1149.175000	140.242969
37926.000000	549300.000000	1111.769797	166.003193
38227.000000	553860.000000	1075.800198	143.772997
38528.000000	558555.000000	1040.710334	164.008346
38829.000000	563190.000000	1002.160400	144.151736
39130.000000	567750.000000	967.228091	141.039694
39431.000000	572325.000000	930.684217	166.639741
39732.000000	576930.000000	898.415388	138.263661
40033.000000	581490.000000	863.464531	139.903382
40334.000000	586065.000000	856.368481	162.230686
40635.000000	590610.000000	821.091549	135.415640
40936.000000	595215.000000	787.700581	135.479127
41237.000000	599790.000000	755.826467	165.016948
41538.000000	604380.000000	726.124737	133.587917
41839.000000	609000.000000	693.947756	159.680148
42140.000000	613605.000000	662.663118	137.373197
42441.000000	618165.000000	670.868370	134.689441
42742.000000	622695.000000	642.414771	163.458062
43043.000000	627255.000000	613.437616	138.699021
43344.000000	631845.000000	586.206786	141.008460
43645.000000	636420.000000	638.405681	162.249816
43946.000000	641010.000000	608.482200	140.390902
44247.000000	645600.000000	706.953135	137.332618
44548.000000	650175.000000	682.556573	158.348548
44849.000000	654765.000000	655.963692	145.585038
45150.000000	659355.000000	629.096441	168.697764
45451.000000	663975.000000	603.436000	147.349288
45752.000000	668520.000000	579.868427	140.105799
46053.000000	673095.000000	556.911885	164.896621
46354.000000	677655.000000	537.174321	140.196701
46655.000000	682200.000000	515.064230	141.823270
46956.000000	686790.000000	494.928264	165.399152
47257.000000	691380.000000	474.422487	143.325802
47558.000000	695925.000000	453.815427	140.489481
47859.000000	700470.000000	516.743435	169.675593
48160.000000	705060.000000	498.288569	144.298505
48461.000000	709665.000000	476.497828	140.822606
48762.000000	714285.000000	457.569769	168.183090
49063.000000	718860.000000	439.765307	144.371994
49364.000000	723390.000000	423.756140	149.027594
49665.000000	727965.000000	505.027224	167.181476
49966.000000	732645.000000	488.650072	142.564689
50267.000000	737235.000000	471.229582	169.375643
50568.000000	741855.000000	456.078504	146.786938
50869.000000	746400.000000	441.553578	141.444162
51170.000000	750945.000000	425.421869	171.071877
51471.000000	755550.000000	409.561362	140.957144
51772.000000	760185.000000	447.307120	174.670944
52073.000000	764730.000000	432.457662	144.880007
52374.000000	769335.000000	418.659361	145.848551
52675.000000	773895.000000	404.635004	170.634214
52976.000000	778545.000000	389.392128	145.078803
53277.000000	783165.000000	374.177112	142.263191
53578.000000	787770.000000	358.608472	167.130148
53879.000000	792360.000000	345.135910	141.910322
54180.000000	796995.000000	350.278897	169.983382
54481.000000	801600.000000	335.795112	146.462725
54782.000000	806205.000000	327.412131	148.379192
55083.000000	810810.000000	314.684452	165.578203
55384.000000	815400.000000	300.509471	141.847047
55685.000000	819975.000000	288.645450	163.303256
55986.000000	824580.000000	275.213085	144.690032
56287.000000	829155.000000	263.360093	144.206073
56588.000000	833745.000000	252.140713	166.517019
56889.000000	838320.000000	246.866038	142.864559
57190.000000	842895.000000	286.121523	141.465156
57491.000000	847425.000000	275.818213	162.972647
57792.000000	852000.000000	263.803648	144.080482
58093.000000	856650.000000	252.840761	164.748924
58394.000000	861285.000000	241.467905	145.525062
58695.000000	865875.000000	252.795762	142.121423
58996.000000	870450.000000	243.096667	162.925689
59297.000000	874995.000000	233.493139	142.628691
59598.000000	879630.000000	223.986998	141.944447
59899.000000	884160.000000	214.487017	164.603310
60200.000000	888690.000000	205.599204	145.986534
60501.000000	893280.000000	196.475602	145.058462
60802.000000	897840.000000	187.460865	167.068770
61103.000000	902430.000000	179.793614	143.914664
61404.000000	907005.000000	171.586941	149.111822
61705.000000	911565.000000	164.354063	162.295632
62006.000000	916245.000000	156.880534	141.296221
62307.000000	920850.000000	149.519839	169.001163
62608.000000	925470.000000	157.850766	145.563121
62909.000000	930045.000000	153.072568	145.478564
63210.000000	934635.000000	146.451246	172.958313
63511.000000	939225.000000	139.447596	142.770565
63812.000000	943830.000000	135.846059	164.389741
64113.000000	948435.000000	134.285010	144.777604
64414.000000	953040.000000	127.701606	144.960880
64715.000000	957645.000000	122.036949	166.762329
65016.000000	962280.000000	118.770057	138.731306
65317.000000	966870.000000	113.171974	166.125202
65618.000000	971445.000000	108.003213	144.347431
65919.000000	976020.000000	103.160798	145.199354
66220.000000	980595.000000	 98.268519	174.957383
66521.000000	985245.000000	105.376462	147.599108
66822.000000	989835.000000	100.492521	170.987148
67123.000000	994395.000000	 96.271679	139.829263
67424.000000	998985.000000	 91.624921	147.417609
67725.000000	1003545.000000	 87.016448	175.270944
68026.000000	1008105.000000	 83.976651	146.913333
68327.000000	1012755.000000	 80.038367	142.008703
68628.000000	1017360.000000	 76.513469	175.886738
68929.000000	1021950.000000	 72.821405	142.325911
69230.000000	1026540.000000	 69.763533	141.795018
69531.000000	1031130.000000	 66.020237	173.319137
69832.000000	1035690.000000	 80.830935	148.718579
70133.000000	1040265.000000	 77.769423	174.861201
70434.000000	1044780.000000	 74.610433	149.238121
70735.000000	1049355.000000	 71.562864	144.262223
71036.000000	1053960.000000	 68.326285	171.159093
71337.000000	1058565.000000	 65.212720	149.854947
71638.000000	1063140.000000	 66.110231	149.253042
71939.000000	1067775.000000	 63.398075	176.283867
72240.000000	1072350.000000	 60.745427	147.136400
72541.000000	1076970.000000	 58.212751	171.167692
72842.000000	1081515.000000	 55.756696	145.165873
73143.000000	1086165.000000	 53.416640	146.140901
73444.000000	1090740.000000	 51.195318	170.232227
73745.000000	1095375.000000	 48.966102	144.758217
74046.000000	1100010.000000	 46.730259	172.510341
74347.000000	1104555.000000	 44.519590	152.245554
74648.000000	1109145.000000	 42.526723	144.432808
74949.000000	1113750.000000	 40.651008	175.178731
75250.000000	1118310.000000	 38.896915	151.094860
75551.000000	1122900.000000	 37.584908	147.215934
75852.000000	1127460.000000	 35.738347	166.501992
76153.000000	1132005.000000	 40.596111	144.636888
76454.000000	1136595.000000	 39.016738	149.747889
76755.000000	1141170.000000	 37.389168	176.574938
77056.000000	1145745.000000	 38.370950	150.089765
77357.000000	1150350.000000	 36.720818	151.146650
77658.000000	1154955.000000	 35.287114	171.394856
77959.000000	1159515.000000	 33.874142	149.223309
78260.000000	1164120.000000	 32.523423	173.983365
78561.000000	1168665.000000	 31.201006	145.923460
78862.000000	1173330.000000	 29.876819	149.891879
79163.000000	1177920.000000	 28.546161	174.379242
79464.000000	1182510.000000	 27.307143	151.633475
79765.000000	1187130.000000	 26.210680	173.782946
80066.000000	1191660.000000	 32.263066	151.160479
80367.000000	1196220.000000	 32.207980	145.802827
80668.000000	1200855.000000	 31.161954	177.518231
80969.000000	1205445.000000	 30.183494	148.989761
81270.000000	1210065.000000	 29.171220	152.141000
81571.000000	1214610.000000	 28.175451	174.635312
81872.000000	1219260.000000	 27.249275	151.314074
82173.000000	1223835.000000	 26.328026	173.638234
82474.000000	1228380.000000	 25.403748	152.369917
82775.000000	1233000.000000	 24.506761	151.618046
83076.000000	1237605.000000	 23.614352	172.583089
83377.000000	1242180.000000	 22.739688	152.368054
83678.000000	1246740.000000	 25.424910	153.308059
83979.000000	1251330.000000	 24.546579	178.813111
84280.000000	1255920.000000	 24.286548	150.527582
84581.000000	1260495.000000	 23.451261	148.403396
84882.000000	1265040.000000	 22.662221	174.915797
85183.000000	1269645.000000	 21.913689	153.443531
85484.000000	1274190.000000	 21.177878	151.459727
85785.000000	1278735.000000	 20.476895	177.341084
86086.000000	1283325.000000	 22.042560	157.594743
86387.000000	1287900.000000	 21.309060	155.308655
86688.000000	1292490.000000	 20.528610	178.738554
86989.000000	1297035.000000	 19.734863	157.548115
87290.000000	1301640.000000	 18.896493	180.724240
87591.000000	1306185.000000	 18.070704	152.694396
87892.000000	1310820.000000	 17.269514	150.750020
88193.000000	1315395.000000	 17.875584	181.845057
88494.000000	1319985.000000	 17.109607	159.907946
88795.000000	1324545.000000	 16.349935	157.221367
89096.000000	1329135.000000	 21.448401	179.740177
89397.000000	1333695.000000	 20.731782	148.122098
89698.000000	1338300.000000	 20.015188	154.413711
89999.000000	1342860.000000	 19.307878	183.752437
90300.000000	1347450.000000	 18.632736	156.178190
90601.000000	1352025.000000	 17.959594	182.899631
90902.000000	1356600.000000	 18.432280	151.612659
91203.000000	1361205.000000	 17.786050	156.152333
91504.000000	1365765.000000	 17.146007	177.822483
91805.000000	1370325.000000	 16.520713	155.752592
92106.000000	1374915.000000	 15.899859	149.024593
92407.000000	1379475.000000	 15.296798	178.290473
92708.000000	1384095.000000	 14.701951	157.205373
93009.000000	1388670.000000	 14.116406	148.205969
93310.000000	1393275.000000	 14.063522	174.531149
93611.000000	1397865.000000	 13.503505	149.992121
93912.000000	1402425.000000	 12.963354	170.247863
94213.000000	1407030.000000	 12.431535	150.332328
94514.000000	1411605.000000	 11.919922	153.760351
94815.000000	1416180.000000	 11.418601	171.159069
95116.000000	1420725.000000	 10.930909	149.237330
95417.000000	1425330.000000	 11.017670	151.339737
95718.000000	1429965.000000	 10.557429	173.196983
96019.000000	1434555.000000	 10.100740	149.516198
96320.000000	1439145.000000	 10.152514	173.004477
96621.000000	1443720.000000	 10.263467	139.829828
96922.000000	1448310.000000	  9.824153	146.832824
97223.000000	1452960.000000	  9.728021	170.775657
97524.000000	1457550.000000	  9.298052	144.755936
97825.000000	1462170.000000	  9.537022	174.606746
98126.000000	1466715.000000	  9.118021	145.371651
98427.000000	1471305.000000	  8.956890	150.671430
98728.000000	1475910.000000	  8.539142	171.237628
99029.000000	1480470.000000	  8.120416	149.019992
99330.000000	1485075.000000	  7.701000	143.845671
99631.000000	1489620.000000	  7.276456	169.606359
99932.000000	1494240.000000	  8.233631	151.331199
100233.000000	1498875.000000	  7.805924	171.813955
100534.000000	1503480.000000	  7.383868	145.557867
100835.000000	1507995.000000	  6.959917	140.984659
101136.000000	1512585.000000	  6.547658	171.486433
101437.000000	1517145.000000	  6.149904	144.694179
101738.000000	1521720.000000	  5.764275	145.052853
102039.000000	1526370.000000	  5.387399	171.144955
102340.000000	1530945.000000	  5.769761	149.619153
102641.000000	1535535.000000	  5.967849	144.541854
102942.000000	1540110.000000	  5.631092	165.171798
103243.000000	1544715.000000	  5.305413	146.440581
103544.000000	1549335.000000	  4.988846	168.376477
103845.000000	1553880.000000	  4.680726	142.186374
104146.000000	1558425.000000	  4.515252	144.032412
104447.000000	1562970.000000	  4.368727	168.681421
104748.000000	1567545.000000	  5.489771	144.654125
105049.000000	1572210.000000	  5.211169	145.212472
105350.000000	1576845.000000	  4.939152	171.499521
105651.000000	1581405.000000	  4.672694	146.680299
105952.000000	1585995.000000	  4.411411	165.913317
106253.000000	1590600.000000	  4.155304	148.911432
106554.000000	1595160.000000	  3.903800	149.288850
106855.000000	1599795.000000	  3.656972	174.527780
107156.000000	1604355.000000	  3.415048	145.640294
107457.000000	1608930.000000	  3.178468	149.843863
107758.000000	1613550.000000	  2.947803	173.687083
108059.000000	1618080.000000	  3.268179	150.345792
108360.000000	1622715.000000	  3.042593	172.504104
108661.000000	1627275.000000	  2.821941	151.348289
108962.000000	1631835.000000	  2.606580	150.208444
109263.000000	1636440.000000	  2.962188	169.467204
109564.000000	1641015.000000	  3.249301	149.766265
109865.000000	1645575.000000	  3.034052	153.105782
110166.000000	1650120.000000	  2.822664	175.143211
110467.000000	1654710.000000	  2.615506	148.560281
110768.000000	1659240.000000	  2.412732	146.052917
111069.000000	1663800.000000	  2.215047	174.296788
111370.000000	1668345.000000	  2.217286	151.619846
111671.000000	1672965.000000	  2.593815	148.330162
111972.000000	1677510.000000	  2.395395	174.221947
112273.000000	1682070.000000	  2.202278	154.124070
112574.000000	1686675.000000	  2.013711	148.626483
112875.000000	1691250.000000	  1.831287	173.871979
113176.000000	1695870.000000	  1.792949	148.577394
113477.000000	1700505.000000	  1.794702	173.447579
113778.000000	1705035.000000	  1.620934	149.320449
114079.000000	1709640.000000	  2.274115	144.260150
114380.000000	1714185.000000	  2.086535	175.004276
114681.000000	1718745.000000	  1.904133	150.299500
114982.000000	1723305.000000	  1.727675	150.375524
115283.000000	1727835.000000	  1.558134	172.281042
115584.000000	1732440.000000	  1.396272	152.829315
115885.000000	1737000.000000	  1.242957	156.200677
116186.000000	1741530.000000	  1.098927	168.954835
116487.000000	1746075.000000	  0.964886	148.297403
116788.000000	1750665.000000	  0.841310	146.716890
116895.000000	1752285.000000	  0.799976	 54.192292
