Model phase5

z_l 0.1972841823760099
z_s      0.517

         Lens Galaxy
inc                      Uniform(68.74251657756898, 88.96694481229356)
beta                     Uniform(-0.0006570108634863167, 0.039673784867410924)
ml                       Uniform(1.8424668538205595, 2.23653486059332)
log_rho_s                Uniform(-4.188524189836883, -2.9014323295839946)
rs                       Uniform(14.167782318253696, 18.838812100197995)
qDM                        Fixed(1.0)
slope                    Uniform(1.5215310846893257, 1.985322702912036)
mag_shear                Uniform(0.024063692892949705, 0.030975973173408937)
phi_shear                Uniform(90.74608046377308, 124.92292015491199)
gamma                      Fixed(1.0)

       Source Galaxy
pixels                     Fixed(11.536924864846114)
weight_floor               Fixed(0.006315499550538745)
weight_power               Fixed(12.243174624623364)
inner_coefficient            Fixed(0.00013010605567020223)
outer_coefficient            Fixed(2.511690221357308)
signal_scale               Fixed(0.1442321695361472)
