Model phase5

z_l 0.1972841823760099
z_s     0.5039

         Lens Galaxy
inc                      Uniform(69.33624594323592, 90.0)
beta                     Uniform(0.07975644892654551, 0.14003884677069725)
ml                       Uniform(1.8469212552867085, 2.3054763171330563)
log_rho_s                Uniform(-2.841390516429726, -2.0948059444488893)
rs                       Uniform(20.14302639986321, 27.133308694093586)
qDM                        Fixed(1.0)
slope                    Uniform(0.8593941942052948, 1.055807191981573)
mag_shear                Uniform(0.01085309264861634, 0.01391204383823421)
phi_shear                Uniform(72.28288274923196, 99.40691055268488)
gamma                      Fixed(1.0)

       Source Galaxy
pixels                     Fixed(177.72991046223277)
weight_floor               Fixed(0.00022407022465077968)
weight_power               Fixed(2.9113983889246975)
inner_coefficient            Fixed(0.2018992820804327)
outer_coefficient            Fixed(4.11924741647271)
signal_scale               Fixed(0.28708660821410403)
