Model phase5

z_l 0.1972841823760099
z_s     0.5324

         Lens Galaxy
inc                      Uniform(75.34986354494055, 90.0)
beta                     Uniform(0.24193903482516382, 0.3629085522377457)
ml                       Uniform(2.0782420453918293, 2.9561792541565843)
log_rho_s                Uniform(-3.964236129380771, -2.90293647792737)
rs                       Uniform(20.77598042177167, 30)
qDM                        Fixed(1.0)
slope                    Uniform(1.251726851459404, 1.5461466560829684)
mag_shear                Uniform(0.014307983784855007, 0.020244522603881862)
phi_shear                Uniform(94.426529879442, 125.35325258371793)
gamma                      Fixed(1.0)

       Source Galaxy
pixels                     Fixed(199.59840241886954)
weight_floor               Fixed(0.10980344810725956)
weight_power               Fixed(8.144426975538025)
inner_coefficient            Fixed(1.857390377801589e-05)
outer_coefficient            Fixed(23.64704222552716)
signal_scale               Fixed(0.04369494249056008)
