#    NumIter	  NumCalls	     dlogz	   Time[s]
301.000000	1352.000000	126389250992091.453125	 19.084591
602.000000	1822.000000	8015713904.647875	 25.503641
903.000000	2442.000000	1847744.062942	 33.615621
1204.000000	3289.000000	153707.184983	 43.316209
1505.000000	4510.000000	153330.104979	 62.955284
1806.000000	5981.000000	151646.573449	 77.570471
2107.000000	8259.000000	151459.520260	118.173968
2408.000000	11007.000000	146747.678885	142.763119
2709.000000	15338.000000	134843.337782	227.466593
3010.000000	20379.000000	124125.654699	264.292529
3311.000000	27539.000000	111665.361809	374.577851
3612.000000	36450.000000	131213.937363	435.880253
3913.000000	41070.000000	119863.395831	 40.810250
4214.000000	45615.000000	110653.544896	 84.905949
4515.000000	50235.000000	103200.098099	119.450832
4816.000000	54870.000000	96806.356983	163.424038
5117.000000	59520.000000	91365.630807	180.704808
5418.000000	64125.000000	86313.393066	190.500966
5719.000000	68775.000000	80934.055637	171.688240
6020.000000	73365.000000	76319.955832	198.901432
6321.000000	78015.000000	71006.720211	202.491526
6622.000000	82635.000000	66373.282104	178.864821
6923.000000	87300.000000	61771.678294	206.546217
7224.000000	91860.000000	58001.416985	207.713004
7525.000000	96435.000000	59189.272024	183.932774
7826.000000	101010.000000	55275.227250	209.946929
8127.000000	105585.000000	56090.480067	213.234036
8428.000000	110160.000000	53255.900812	181.777577
8729.000000	114720.000000	50195.805412	212.437273
9030.000000	119265.000000	47500.684552	183.331612
9331.000000	123840.000000	44534.807227	213.541419
9632.000000	128460.000000	41515.844502	213.652802
9933.000000	133080.000000	38329.614245	174.653066
10234.000000	137655.000000	35166.676134	204.465806
10535.000000	142290.000000	31786.632875	212.592454
10836.000000	146865.000000	28934.653329	182.581872
11137.000000	151470.000000	26446.217817	208.801758
11438.000000	156000.000000	24060.499546	211.692285
11739.000000	160605.000000	22518.721969	187.717098
12040.000000	165210.000000	20588.902874	208.629910
12341.000000	169845.000000	18907.588259	208.480724
12642.000000	174450.000000	17237.387111	185.006575
12943.000000	179055.000000	15855.025685	211.446604
13244.000000	183675.000000	14344.847046	215.818250
13545.000000	188280.000000	13617.673568	188.932882
13846.000000	192855.000000	12423.824267	218.582072
14147.000000	197430.000000	11331.241194	217.222131
14448.000000	202005.000000	11852.336710	190.335126
14749.000000	206625.000000	10964.858913	217.041649
15050.000000	211170.000000	10182.402987	218.977635
15351.000000	215820.000000	9364.202571	193.324834
15652.000000	220425.000000	8630.534362	217.880124
15953.000000	225000.000000	7982.570150	220.455701
16254.000000	229605.000000	7410.622605	193.671968
16555.000000	234165.000000	6999.501518	220.978851
16856.000000	238755.000000	6432.055798	223.609693
17157.000000	243390.000000	5962.397491	196.880076
17458.000000	247935.000000	5547.472470	226.426872
17759.000000	252600.000000	5122.731819	222.806628
18060.000000	257205.000000	4701.422406	197.912050
18361.000000	261795.000000	4324.600067	226.669419
18662.000000	266385.000000	4003.308675	224.864769
18963.000000	270975.000000	3960.285009	198.302666
19264.000000	275565.000000	3653.003788	224.902851
19565.000000	280155.000000	3932.451579	227.529530
19866.000000	284805.000000	3681.784856	198.475335
20167.000000	289410.000000	3433.691698	230.334155
20468.000000	293985.000000	3224.807127	231.703621
20769.000000	298605.000000	2982.925448	200.500144
21070.000000	303180.000000	2783.227476	228.224293
21371.000000	307740.000000	2961.872557	228.861321
21672.000000	312300.000000	2747.592691	201.811944
21973.000000	316890.000000	2537.841535	229.526702
22274.000000	321555.000000	2345.375164	231.055613
22575.000000	326145.000000	2152.684855	201.150281
22876.000000	330735.000000	2005.773246	226.142066
23177.000000	335295.000000	1846.695220	227.723722
23478.000000	339840.000000	1687.458959	201.775755
23779.000000	344415.000000	1541.972378	224.811333
24080.000000	348975.000000	1910.505578	199.366780
24381.000000	353535.000000	1790.629143	220.291832
24682.000000	358170.000000	1672.833728	226.505151
24983.000000	362790.000000	1561.522954	198.575264
25284.000000	367395.000000	1459.839884	228.762165
25585.000000	371970.000000	1357.579871	229.503509
25886.000000	376530.000000	1269.180015	196.367120
26187.000000	381090.000000	1184.857137	224.758605
26488.000000	385680.000000	1098.947471	196.326946
26789.000000	390285.000000	1021.977244	226.709831
27090.000000	394860.000000	944.075949	219.483409
27391.000000	399495.000000	883.171922	221.551382
27692.000000	404055.000000	811.421750	195.526044
27993.000000	408600.000000	746.105394	225.415778
28294.000000	413265.000000	688.015638	189.636803
28595.000000	417885.000000	637.796972	220.134487
28896.000000	422520.000000	580.842075	223.101802
29197.000000	427065.000000	551.674643	192.140094
29498.000000	431730.000000	555.702422	219.927636
29799.000000	436275.000000	518.565201	224.176775
30100.000000	440865.000000	480.863973	198.372566
30401.000000	445500.000000	485.437373	222.198883
30702.000000	450135.000000	454.484797	224.817658
31003.000000	454770.000000	420.873551	221.070113
31304.000000	459375.000000	397.340050	193.005277
31605.000000	463935.000000	371.616995	220.994112
31906.000000	468600.000000	344.580623	220.985189
32207.000000	473205.000000	357.612907	200.367128
32508.000000	477810.000000	357.278967	231.365534
32809.000000	482415.000000	337.416525	231.345999
33110.000000	487050.000000	312.575352	200.955531
33411.000000	491625.000000	292.464427	225.889114
33712.000000	496245.000000	271.735759	228.588814
34013.000000	500895.000000	251.820208	231.061186
34314.000000	505470.000000	242.243223	200.395818
34615.000000	510105.000000	225.011778	229.398953
34916.000000	514725.000000	207.454710	229.352239
35217.000000	519285.000000	197.737563	199.518082
35518.000000	523890.000000	222.968794	221.762221
35819.000000	528525.000000	209.692303	229.198174
36120.000000	533115.000000	198.038508	201.351886
36421.000000	537705.000000	200.660013	230.213036
36722.000000	542295.000000	189.579726	230.710337
37023.000000	546900.000000	177.899164	202.213012
37324.000000	551520.000000	167.412753	229.418262
37625.000000	556140.000000	182.620388	229.193474
37926.000000	560730.000000	171.929135	207.196511
38227.000000	565335.000000	163.065379	232.387815
38528.000000	569970.000000	153.847027	233.960210
38829.000000	574560.000000	160.814668	206.400373
39130.000000	579165.000000	163.716424	234.481054
39431.000000	583770.000000	154.822085	235.340181
39732.000000	588390.000000	146.579186	207.069164
40033.000000	592995.000000	138.461839	238.470455
40334.000000	597690.000000	131.031729	239.728322
40635.000000	602325.000000	123.140415	238.663859
40936.000000	606945.000000	116.115570	209.018120
41237.000000	611505.000000	108.304402	236.835192
41538.000000	616140.000000	123.617689	238.225397
41839.000000	620685.000000	116.390357	207.412104
42140.000000	625275.000000	109.011886	238.570274
42441.000000	629895.000000	101.011299	236.858773
42742.000000	634500.000000	101.110006	208.591894
43043.000000	639150.000000	 93.974151	238.021076
43344.000000	643815.000000	 87.370303	238.901981
43645.000000	648480.000000	 83.219455	209.381331
43946.000000	653055.000000	 84.899235	237.948101
44247.000000	657630.000000	 80.165270	241.898697
44548.000000	662220.000000	 88.913107	213.890074
44849.000000	666840.000000	 84.159905	242.373446
45150.000000	671415.000000	 80.709724	241.618108
45451.000000	675960.000000	 76.442080	210.706622
45752.000000	680520.000000	 72.213581	238.298623
46053.000000	685095.000000	 68.565557	237.095093
46354.000000	689700.000000	 64.225104	208.650600
46655.000000	694275.000000	 60.028037	241.880416
46956.000000	698865.000000	 61.948589	209.764262
47257.000000	703440.000000	 65.561184	239.632580
47558.000000	708090.000000	 63.086678	242.410974
47859.000000	712710.000000	 59.306123	240.581799
48160.000000	717255.000000	 55.992734	210.118911
48461.000000	721875.000000	 55.474968	243.867345
48762.000000	726510.000000	 52.082333	243.422581
49063.000000	731115.000000	 48.987051	208.076066
49364.000000	735690.000000	 55.018486	237.957280
49665.000000	740250.000000	 57.702558	208.687768
49966.000000	744810.000000	 61.942034	240.046693
50267.000000	749400.000000	 58.765893	238.592371
50568.000000	754005.000000	 55.704952	208.119155
50869.000000	758610.000000	 52.802545	239.869661
51170.000000	763230.000000	 49.891563	240.610821
51471.000000	767910.000000	 49.001828	239.973564
51772.000000	772440.000000	 50.587893	210.115689
52073.000000	777030.000000	 55.545140	240.028499
52374.000000	781695.000000	 53.282204	240.909949
52675.000000	786270.000000	 50.835237	209.344008
52976.000000	790890.000000	 48.401823	238.488955
53277.000000	795465.000000	 45.973318	208.526093
53578.000000	800040.000000	 55.486112	240.172155
53879.000000	804630.000000	 52.882306	241.409977
54180.000000	809235.000000	 50.320071	209.744022
54481.000000	813870.000000	 47.761023	241.554651
54782.000000	818490.000000	 45.451261	240.396002
55083.000000	823080.000000	 43.063454	209.534646
55384.000000	827655.000000	 41.776274	240.557062
55685.000000	832230.000000	 39.200490	241.640635
55986.000000	836850.000000	 36.872113	210.554488
56287.000000	841470.000000	 34.660757	239.473256
56588.000000	846090.000000	 32.672392	238.065075
56889.000000	850635.000000	 33.802517	210.005560
57190.000000	855225.000000	 34.965520	240.261627
57491.000000	859785.000000	 42.125537	238.785629
57792.000000	864375.000000	 40.024668	209.239018
58093.000000	868995.000000	 45.614741	240.849916
58394.000000	873600.000000	 43.663782	239.528958
58695.000000	878205.000000	 49.811500	209.688795
58996.000000	882825.000000	 47.742270	238.739041
59297.000000	887400.000000	 45.625960	240.451050
59598.000000	891990.000000	 47.991943	210.300079
59899.000000	896595.000000	 52.567232	237.126331
60200.000000	901155.000000	 50.383428	239.387045
60501.000000	905760.000000	 48.018449	210.690612
60802.000000	910395.000000	 45.539069	239.232545
61103.000000	914955.000000	 43.281830	237.549377
61404.000000	919605.000000	 43.543851	208.404913
61705.000000	924225.000000	 41.164289	239.521991
62006.000000	928830.000000	 38.797235	239.253482
62307.000000	933465.000000	 36.499241	209.236910
62608.000000	938040.000000	 47.655162	239.104092
62909.000000	942630.000000	 45.248210	240.020838
63210.000000	947205.000000	 42.948325	210.364871
63511.000000	951795.000000	 40.756117	237.888661
63812.000000	956400.000000	 38.835405	237.955656
64113.000000	960975.000000	 36.648589	208.438316
64414.000000	965550.000000	 43.209725	238.643659
64715.000000	970140.000000	 41.235679	237.548930
65016.000000	974790.000000	 39.332669	206.776140
65317.000000	979365.000000	 37.326425	238.910357
65618.000000	983985.000000	 40.421486	237.512179
65919.000000	988590.000000	 38.454519	207.859634
66220.000000	993195.000000	 36.372198	237.201994
66521.000000	997785.000000	 34.453580	238.512030
66822.000000	1002390.000000	 39.270161	210.400138
67123.000000	1006950.000000	 37.464407	239.420512
67424.000000	1011585.000000	 35.594448	238.101264
67725.000000	1016190.000000	 33.846446	207.358740
68026.000000	1020810.000000	 32.382495	238.868121
68327.000000	1025400.000000	 30.677417	238.162665
68628.000000	1029990.000000	 28.978834	210.156908
68929.000000	1034625.000000	 27.334316	238.088756
69230.000000	1039275.000000	 25.764781	238.782772
69531.000000	1043910.000000	 24.175603	238.183652
69832.000000	1048485.000000	 24.388762	208.223431
70133.000000	1053075.000000	 23.113574	238.025197
70434.000000	1057605.000000	 21.710679	208.051057
70735.000000	1062225.000000	 20.357506	235.805083
71036.000000	1066755.000000	 19.939486	238.772283
71337.000000	1071345.000000	 25.734132	209.225756
71638.000000	1075965.000000	 24.337336	239.265678
71939.000000	1080555.000000	 23.043080	236.343014
72240.000000	1085130.000000	 21.817685	207.640619
72541.000000	1089705.000000	 20.592566	238.074849
72842.000000	1094310.000000	 19.355289	239.592769
73143.000000	1098915.000000	 18.146487	210.367159
73444.000000	1103580.000000	 17.005156	238.771564
73745.000000	1108140.000000	 15.904811	238.114885
74046.000000	1112745.000000	 18.836399	209.192361
74347.000000	1117350.000000	 18.129346	237.272480
74648.000000	1121955.000000	 17.090961	240.744021
74949.000000	1126635.000000	 16.090674	210.772275
75250.000000	1131195.000000	 15.133646	238.990260
75551.000000	1135785.000000	 14.184237	239.671062
75852.000000	1140375.000000	 13.259136	210.228399
76153.000000	1144935.000000	 15.286125	240.266801
76454.000000	1149525.000000	 14.449311	241.540565
76755.000000	1154085.000000	 13.630048	210.153274
77056.000000	1158720.000000	 14.477134	241.996496
77357.000000	1163340.000000	 13.688961	239.603294
77658.000000	1167930.000000	 12.916091	211.059326
77959.000000	1172565.000000	 12.162715	239.548357
78260.000000	1177170.000000	 11.398709	238.311242
78561.000000	1181790.000000	 10.648641	209.490938
78862.000000	1186410.000000	  9.913839	239.621469
79163.000000	1190985.000000	  9.224227	239.959718
79464.000000	1195620.000000	  8.565277	211.965124
79765.000000	1200225.000000	  8.794748	239.822791
80066.000000	1204860.000000	  8.160630	238.453067
80367.000000	1209480.000000	  7.537557	209.600154
80668.000000	1214070.000000	  6.933764	239.051495
80969.000000	1218720.000000	  6.717489	239.922127
81270.000000	1223310.000000	  6.179038	240.266548
81571.000000	1227900.000000	  5.656436	212.002952
81872.000000	1232460.000000	  5.149505	241.289153
82173.000000	1237080.000000	  4.659083	208.813399
82474.000000	1241655.000000	  5.388094	237.968530
82775.000000	1246245.000000	  4.913037	240.860982
83076.000000	1250880.000000	  4.454423	211.181779
83377.000000	1255440.000000	  4.067839	239.643582
83678.000000	1260000.000000	  4.853353	240.101961
83979.000000	1264650.000000	  4.435310	209.148916
84280.000000	1269240.000000	  4.024935	238.056944
84581.000000	1273770.000000	  3.625866	240.284932
84882.000000	1278390.000000	  3.240298	208.790536
85183.000000	1282950.000000	  2.869643	238.734291
85484.000000	1287585.000000	  2.841991	239.964398
85785.000000	1292145.000000	  3.058435	210.963742
86086.000000	1296720.000000	  2.713905	240.705264
86387.000000	1301325.000000	  2.384237	240.073529
86688.000000	1305960.000000	  2.070225	212.256476
86989.000000	1310520.000000	  1.854608	240.011419
87290.000000	1315095.000000	  2.110303	239.086593
87591.000000	1319745.000000	  1.817132	208.828674
87892.000000	1324380.000000	  1.579526	239.710621
88193.000000	1328955.000000	  1.603065	239.756590
88494.000000	1333620.000000	  1.542615	211.066746
88795.000000	1338150.000000	  1.702452	240.130575
89096.000000	1342770.000000	  1.443356	240.528636
89397.000000	1347390.000000	  1.250924	209.581694
89698.000000	1351995.000000	  1.114884	241.181752
89999.000000	1356630.000000	  1.048878	238.718558
90300.000000	1361220.000000	  0.853213	209.185942
90390.000000	1362600.000000	  0.799670	 91.962854
