#    NumIter	  NumCalls	     dlogz	   Time[s]
301.000000	1833.000000	25145104301582840.000000	 12.875289
602.000000	2250.000000	6002153455323.909180	 16.429992
903.000000	2768.000000	11045617277.913860	 19.977436
1204.000000	3341.000000	36251200.256213	 22.052791
1505.000000	4082.000000	586851.630739	 27.269539
1806.000000	5014.000000	97169.693197	 36.373932
2107.000000	6155.000000	38458.724692	 41.609329
2408.000000	7574.000000	32656.325595	 54.711663
2709.000000	9114.000000	32081.101932	 57.670439
3010.000000	11200.000000	31901.972340	 79.826068
3311.000000	13907.000000	31649.054006	102.402786
3612.000000	17024.000000	31158.592175	117.942664
3913.000000	20744.000000	30455.153640	140.019952
4214.000000	25135.000000	29571.883333	167.267184
4515.000000	30860.000000	28680.260239	216.157081
4816.000000	38719.000000	27815.837582	297.813782
5117.000000	47153.000000	26891.841026	320.298384
5418.000000	54984.000000	26170.080318	218.146212
5719.000000	59574.000000	25519.482688	 20.972502
6020.000000	64119.000000	24713.511648	 37.634175
6321.000000	68784.000000	23950.977082	 98.371479
6622.000000	73344.000000	23297.983419	 95.676972
6923.000000	77934.000000	22638.360392	112.114701
7224.000000	82479.000000	21887.426002	152.527447
7525.000000	87069.000000	21139.583579	134.218844
7826.000000	91644.000000	21336.053846	132.690063
8127.000000	96189.000000	20563.064969	155.403888
8428.000000	100794.000000	21278.795900	139.915964
8729.000000	105504.000000	20432.037524	159.711380
9030.000000	110079.000000	25592.650344	139.802001
9331.000000	114669.000000	24773.178031	141.040768
9632.000000	119259.000000	24051.970594	164.061728
9933.000000	123849.000000	23266.046343	142.458731
10234.000000	128484.000000	22451.385220	171.353164
10535.000000	133104.000000	23017.235293	146.705433
10836.000000	137664.000000	22328.594700	144.532160
11137.000000	142254.000000	21565.588153	165.605894
11438.000000	146784.000000	20904.473037	143.818770
11739.000000	151344.000000	20210.717714	146.430942
12040.000000	155919.000000	19514.263785	170.997988
12341.000000	160494.000000	18867.445291	145.343008
12642.000000	165054.000000	18197.481642	145.346850
12943.000000	169674.000000	17565.685867	169.967283
13244.000000	174279.000000	17547.953714	144.969150
13545.000000	178899.000000	16878.424625	172.174229
13846.000000	183459.000000	16299.588922	144.941069
14147.000000	188064.000000	15838.363255	145.670569
14448.000000	192624.000000	15289.953830	169.331796
14749.000000	197229.000000	14660.254017	146.829572
15050.000000	201834.000000	14093.232099	169.515516
15351.000000	206469.000000	13534.436618	146.640962
15652.000000	211089.000000	12986.272625	147.998563
15953.000000	215679.000000	12422.103278	173.810903
16254.000000	220254.000000	11938.173202	144.629307
16555.000000	224814.000000	11382.290548	148.203614
16856.000000	229389.000000	12310.593288	172.632283
17157.000000	233994.000000	11783.797634	147.153660
17458.000000	238524.000000	11303.298618	151.304566
17759.000000	243069.000000	10803.069051	175.566434
18060.000000	247674.000000	10316.528934	150.117879
18361.000000	252279.000000	9892.572984	175.227735
18662.000000	256869.000000	9408.954811	151.645194
18963.000000	261429.000000	9010.964738	151.070791
19264.000000	265989.000000	8575.739049	175.989926
19565.000000	270549.000000	8176.811129	148.540021
19866.000000	275094.000000	7775.398907	153.430468
20167.000000	279639.000000	7393.516502	177.450414
20468.000000	284199.000000	6986.527867	150.907046
20769.000000	288759.000000	6631.025019	152.805342
21070.000000	293364.000000	6252.577828	177.321118
21371.000000	297924.000000	5893.862329	151.517120
21672.000000	302499.000000	5553.156299	151.877384
21973.000000	307104.000000	5631.636814	171.850155
22274.000000	311754.000000	5418.233020	154.357774
22575.000000	316374.000000	5074.234906	179.190763
22876.000000	320949.000000	4806.937617	151.749278
23177.000000	325524.000000	4525.456830	154.158753
23478.000000	330084.000000	4680.737761	178.592208
23779.000000	334644.000000	4444.919938	153.238134
24080.000000	339219.000000	4191.274512	151.427445
24381.000000	343794.000000	3965.738409	178.027001
24682.000000	348429.000000	3760.673591	154.162723
24983.000000	353004.000000	3552.373725	156.301412
25284.000000	357579.000000	3604.819121	178.712216
25585.000000	362154.000000	3434.238988	150.502551
25886.000000	366699.000000	3269.710309	178.148608
26187.000000	371229.000000	3122.867246	152.932093
26488.000000	375789.000000	2963.063210	150.485271
26789.000000	380424.000000	2818.011186	179.438651
27090.000000	385014.000000	2673.098182	153.926933
27391.000000	389604.000000	2620.746639	155.631522
27692.000000	394164.000000	2491.007205	180.258957
27993.000000	398709.000000	2376.337705	154.253984
28294.000000	403269.000000	2260.763456	154.076448
28595.000000	407874.000000	2149.598005	175.709793
28896.000000	412449.000000	2032.542953	149.809431
29197.000000	417024.000000	1919.695759	154.815503
29498.000000	421614.000000	1822.206723	179.310717
29799.000000	426174.000000	1728.268571	155.416139
30100.000000	430749.000000	1688.799289	151.714470
30401.000000	435369.000000	1604.741938	179.182917
30702.000000	439929.000000	1580.845132	154.154189
31003.000000	444549.000000	1507.424039	179.714516
31304.000000	449184.000000	1535.971716	152.378636
31605.000000	453834.000000	1550.037411	179.327136
31906.000000	458439.000000	1475.116932	153.974322
32207.000000	463014.000000	1684.465730	156.013298
32508.000000	467529.000000	1615.329848	180.284242
32809.000000	472149.000000	1553.685696	155.400171
33110.000000	476724.000000	1495.045452	152.546472
33411.000000	481299.000000	1427.295308	176.558737
33712.000000	485874.000000	1367.682075	154.938395
34013.000000	490464.000000	1316.441184	153.385076
34314.000000	495084.000000	1260.512636	180.338390
34615.000000	499704.000000	1203.498554	155.990575
34916.000000	504339.000000	1158.340346	182.205851
35217.000000	508899.000000	1111.420812	153.175974
35518.000000	513459.000000	1064.046137	155.072978
35819.000000	518019.000000	1022.371387	173.351806
36120.000000	522579.000000	974.835347	150.033546
36421.000000	527154.000000	927.957071	154.698912
36722.000000	531804.000000	886.343746	182.738316
37023.000000	536379.000000	846.898362	150.198600
37324.000000	540924.000000	809.545661	156.094267
37625.000000	545484.000000	773.417564	181.304921
37926.000000	550074.000000	813.807106	154.999048
38227.000000	554634.000000	948.011692	181.136582
38528.000000	559239.000000	912.130963	156.755473
38829.000000	563814.000000	877.035122	156.491505
39130.000000	568359.000000	840.430081	182.805215
39431.000000	572919.000000	805.827408	156.457724
39732.000000	577494.000000	770.831237	158.524386
40033.000000	582114.000000	741.000170	183.300692
40334.000000	586689.000000	713.472259	156.387151
40635.000000	591264.000000	683.982526	155.770268
40936.000000	595824.000000	658.137998	182.333879
41237.000000	600399.000000	634.132523	154.852057
41538.000000	604929.000000	607.832088	157.123533
41839.000000	609534.000000	585.116022	180.375928
42140.000000	614124.000000	560.519760	155.776582
42441.000000	618729.000000	536.972830	183.922421
42742.000000	623289.000000	514.160782	155.100248
43043.000000	627834.000000	492.747870	158.018525
43344.000000	632484.000000	469.803327	183.189284
43645.000000	637104.000000	546.758298	158.765944
43946.000000	641694.000000	528.588492	158.424335
44247.000000	646269.000000	510.636749	183.659517
44548.000000	650829.000000	492.583726	158.588199
44849.000000	655479.000000	474.704635	182.505894
45150.000000	660039.000000	457.357112	158.117812
45451.000000	664644.000000	439.511137	158.648003
45752.000000	669249.000000	422.851996	183.131289
46053.000000	673824.000000	410.059434	157.081563
46354.000000	678414.000000	392.989190	158.188131
46655.000000	682989.000000	378.556798	185.605679
46956.000000	687564.000000	371.675041	157.932388
47257.000000	692184.000000	356.764083	185.577490
47558.000000	696789.000000	342.142474	157.669017
47859.000000	701409.000000	327.735224	158.494036
48160.000000	706044.000000	315.900982	185.281372
48461.000000	710664.000000	301.514117	158.361639
48762.000000	715329.000000	300.228252	183.132858
49063.000000	719919.000000	288.659968	156.070038
49364.000000	724539.000000	304.650225	182.883961
49665.000000	729129.000000	291.252528	156.309631
49966.000000	733674.000000	303.754191	157.663055
50267.000000	738294.000000	291.273316	182.613209
50568.000000	742899.000000	278.303313	156.838869
50869.000000	747504.000000	278.163457	156.335982
51170.000000	752034.000000	265.503181	183.823427
51471.000000	756579.000000	253.474941	156.153581
51772.000000	761184.000000	240.453187	157.479808
52073.000000	765759.000000	227.676264	183.477736
52374.000000	770319.000000	215.171730	158.996335
52675.000000	774939.000000	206.451051	185.498364
52976.000000	779529.000000	220.579214	156.510077
53277.000000	784134.000000	207.916267	158.034337
53578.000000	788679.000000	224.266812	183.804185
53879.000000	793269.000000	295.387610	157.616395
54180.000000	797904.000000	284.814209	158.157741
54481.000000	802494.000000	274.472945	182.916607
54782.000000	807084.000000	265.448471	157.042690
55083.000000	811659.000000	254.625258	168.426081
55384.000000	816174.000000	245.991846	160.756140
55685.000000	820749.000000	237.336205	146.626863
55986.000000	825324.000000	228.839941	143.901561
56287.000000	829884.000000	220.288579	179.201658
56588.000000	834459.000000	232.119387	157.547748
56889.000000	839064.000000	224.126167	176.117094
57190.000000	843684.000000	216.029480	158.401498
57491.000000	848244.000000	227.888787	158.389158
57792.000000	852834.000000	220.685727	186.318592
58093.000000	857439.000000	213.295821	158.021002
58394.000000	861999.000000	207.047267	157.411428
58695.000000	866619.000000	200.669791	186.721651
58996.000000	871224.000000	195.605221	159.137854
59297.000000	875844.000000	189.442850	183.586271
59598.000000	880404.000000	182.699703	159.675914
59899.000000	884964.000000	175.942768	158.747343
60200.000000	889584.000000	169.592016	183.170674
60501.000000	894189.000000	163.077070	157.713989
60802.000000	898839.000000	156.201557	187.363566
61103.000000	903414.000000	162.236864	157.353317
61404.000000	908004.000000	163.985001	158.226131
61705.000000	912534.000000	157.960157	187.730956
62006.000000	917124.000000	151.294650	158.578798
62307.000000	921639.000000	148.572526	157.859727
62608.000000	926199.000000	142.892734	185.301291
62909.000000	930729.000000	152.611678	158.781900
63210.000000	935289.000000	146.379869	156.681525
63511.000000	939819.000000	148.519298	186.073695
63812.000000	944409.000000	142.673375	157.198711
64113.000000	948984.000000	168.273191	157.943657
64414.000000	953604.000000	162.478955	183.986485
64715.000000	958284.000000	156.598919	156.759817
65016.000000	962874.000000	150.768926	184.112084
65317.000000	967404.000000	144.714185	156.033549
65618.000000	971979.000000	143.665576	156.860406
65919.000000	976569.000000	137.827723	182.298917
66220.000000	981144.000000	132.107648	158.244996
66521.000000	985734.000000	129.281372	157.074796
66822.000000	990324.000000	147.893019	182.336038
67123.000000	994944.000000	142.010499	157.201770
67424.000000	999519.000000	136.547295	156.227880
67725.000000	1004049.000000	131.246741	182.403637
68026.000000	1008669.000000	125.988520	157.949489
68327.000000	1013229.000000	121.341147	156.557265
68628.000000	1017864.000000	117.898356	183.037507
68929.000000	1022439.000000	113.323923	156.875411
69230.000000	1026969.000000	108.654854	183.578266
69531.000000	1031514.000000	104.495743	158.027666
69832.000000	1036119.000000	126.581380	158.257872
70133.000000	1040724.000000	122.113797	183.254343
70434.000000	1045344.000000	118.443193	157.835652
70735.000000	1049934.000000	114.683457	158.457138
71036.000000	1054494.000000	110.664102	183.777637
71337.000000	1059099.000000	106.883654	155.656305
71638.000000	1063674.000000	103.203004	182.850688
71939.000000	1068249.000000	 99.654085	158.116633
72240.000000	1072794.000000	 95.888873	157.847629
72541.000000	1077384.000000	 92.131428	182.402526
72842.000000	1081944.000000	 88.611071	157.970017
73143.000000	1086534.000000	 85.321580	158.179983
73444.000000	1091094.000000	 81.872079	182.721491
73745.000000	1095729.000000	 78.324130	157.262280
74046.000000	1100349.000000	 74.877401	160.198708
74347.000000	1104939.000000	 71.363820	182.158759
74648.000000	1109544.000000	 68.061398	156.879878
74949.000000	1114089.000000	 64.945512	182.675539
75250.000000	1118634.000000	 62.148432	158.826929
75551.000000	1123194.000000	 59.139815	156.732137
75852.000000	1127829.000000	 72.898064	184.455821
76153.000000	1132389.000000	 70.092271	160.394146
76454.000000	1136949.000000	 67.599675	158.729367
76755.000000	1141494.000000	 65.157584	183.174788
77056.000000	1146099.000000	 62.839280	160.002030
77357.000000	1150689.000000	 60.568534	157.171277
77658.000000	1155264.000000	 62.229507	184.480257
77959.000000	1159794.000000	 59.896376	159.742869
78260.000000	1164369.000000	 57.766037	158.909442
78561.000000	1168929.000000	 55.545257	184.968533
78862.000000	1173519.000000	 54.011015	156.704524
79163.000000	1178124.000000	 51.737594	157.948307
79464.000000	1182684.000000	 49.651524	182.861902
79765.000000	1187334.000000	 47.607178	158.595839
80066.000000	1191939.000000	 45.546770	182.495759
80367.000000	1196499.000000	 43.590365	159.054285
80668.000000	1201074.000000	 44.303206	157.007741
80969.000000	1205649.000000	 42.357381	182.329968
81270.000000	1210224.000000	 44.667734	156.872705
81571.000000	1214799.000000	 49.831965	158.449023
81872.000000	1219374.000000	 48.044890	184.764475
82173.000000	1223964.000000	 46.250675	159.001350
82474.000000	1228554.000000	 44.598329	183.670899
82775.000000	1233114.000000	 43.020990	157.376394
83076.000000	1237689.000000	 41.410108	157.051605
83377.000000	1242279.000000	 39.908170	182.786240
83678.000000	1246944.000000	 38.436014	154.551373
83979.000000	1251474.000000	 36.965372	157.835304
84280.000000	1256139.000000	 39.999021	184.442156
84581.000000	1260714.000000	 38.567134	157.026250
84882.000000	1265259.000000	 37.170811	183.299920
85183.000000	1269819.000000	 37.454920	157.141306
85484.000000	1274439.000000	 36.092354	158.165946
85785.000000	1279029.000000	 34.768150	185.227072
86086.000000	1283604.000000	 33.405281	159.055097
86387.000000	1288149.000000	 32.179822	159.145284
86688.000000	1292679.000000	 30.933618	184.670449
86989.000000	1297284.000000	 29.664962	159.804609
87290.000000	1301874.000000	 28.441922	159.822380
87591.000000	1306494.000000	 27.203971	185.561772
87892.000000	1311084.000000	 27.552637	159.833672
88193.000000	1315644.000000	 30.713922	152.147470
88494.000000	1320219.000000	 29.523649	167.373350
88795.000000	1324749.000000	 28.334221	153.619240
89096.000000	1329324.000000	 27.251506	147.508292
89397.000000	1333899.000000	 26.202697	168.968151
89698.000000	1338489.000000	 26.103728	142.472017
89999.000000	1343019.000000	 25.062566	180.470401
90300.000000	1347579.000000	 24.104964	160.431785
90601.000000	1352154.000000	 23.082150	157.213136
90902.000000	1356669.000000	 23.012266	157.286284
91203.000000	1361259.000000	 22.115534	182.718397
91504.000000	1365789.000000	 21.274185	152.692662
91805.000000	1370379.000000	 20.454376	185.306242
92106.000000	1374999.000000	 19.608776	158.999663
92407.000000	1379604.000000	 19.622679	159.867869
92708.000000	1384224.000000	 18.813213	185.618374
93009.000000	1388829.000000	 18.035418	159.360302
93310.000000	1393359.000000	 18.465956	159.082345
93611.000000	1397919.000000	 17.718368	185.479621
93912.000000	1402479.000000	 16.990394	156.893185
94213.000000	1407084.000000	 18.897201	159.954438
94514.000000	1411719.000000	 18.189480	187.869506
94815.000000	1416249.000000	 17.491542	159.028197
95116.000000	1420854.000000	 16.801603	185.425115
95417.000000	1425429.000000	 16.138706	160.400932
95718.000000	1429989.000000	 17.674349	160.149300
96019.000000	1434564.000000	 17.051901	186.099185
96320.000000	1439124.000000	 16.443502	159.338483
96621.000000	1443714.000000	 15.841994	158.907786
96922.000000	1448334.000000	 15.237119	186.788645
97223.000000	1452924.000000	 14.645792	160.450739
97524.000000	1457544.000000	 14.065885	185.967399
97825.000000	1462149.000000	 13.494862	159.719025
98126.000000	1466814.000000	 12.976424	158.751676
98427.000000	1471404.000000	 12.427508	186.788476
98728.000000	1476039.000000	 11.903814	158.723190
99029.000000	1480599.000000	 15.055153	185.233059
99330.000000	1485159.000000	 14.558171	160.783471
99631.000000	1489779.000000	 14.066763	158.196414
99932.000000	1494444.000000	 13.586983	184.214360
100233.000000	1499019.000000	 13.104291	160.324749
100534.000000	1503624.000000	 12.628946	182.953891
100835.000000	1508154.000000	 12.161781	158.604414
101136.000000	1512759.000000	 11.707318	160.721069
101437.000000	1517334.000000	 11.263018	183.963039
101738.000000	1521894.000000	 10.828130	159.332544
102039.000000	1526454.000000	 10.403066	158.998287
102340.000000	1531014.000000	 10.409915	184.356375
102641.000000	1535559.000000	  9.991563	158.579189
102942.000000	1540089.000000	  9.571102	160.159344
103243.000000	1544679.000000	  9.155835	184.604212
103544.000000	1549269.000000	  9.515797	156.631187
103845.000000	1553829.000000	 11.431927	159.093073
104146.000000	1558389.000000	 11.038327	184.099447
104447.000000	1562964.000000	 10.897353	156.884948
104748.000000	1567509.000000	 10.506029	159.262960
105049.000000	1572069.000000	 10.120026	185.852271
105350.000000	1576644.000000	 10.136513	157.943937
105651.000000	1581204.000000	  9.759337	157.237155
105952.000000	1585734.000000	  9.386834	186.469069
106253.000000	1590279.000000	  9.016657	156.722981
106554.000000	1594854.000000	  8.931619	158.473951
106855.000000	1599444.000000	  8.570051	185.295690
107156.000000	1604019.000000	  8.208983	159.002886
107457.000000	1608549.000000	  8.017091	158.172390
107758.000000	1613139.000000	  7.661203	183.423712
108059.000000	1617714.000000	  8.954896	159.167429
108360.000000	1622274.000000	  8.601140	155.660699
108661.000000	1626849.000000	  8.698193	185.560332
108962.000000	1631424.000000	  8.350126	158.672492
109263.000000	1636029.000000	  8.087170	156.136511
109564.000000	1640574.000000	  7.896445	183.864414
109865.000000	1645179.000000	  7.562188	158.011098
110166.000000	1649724.000000	  7.411155	158.974841
110467.000000	1654284.000000	  7.084472	185.643115
110768.000000	1658874.000000	  8.002575	158.456850
111069.000000	1663479.000000	  7.681709	183.949010
111370.000000	1668084.000000	  7.362630	159.648409
111671.000000	1672719.000000	  7.048400	157.429421
111972.000000	1677339.000000	  6.736820	185.884760
112273.000000	1681959.000000	  6.427029	157.473877
112574.000000	1686504.000000	  6.118556	185.717999
112875.000000	1691079.000000	  5.817766	157.657141
113176.000000	1695669.000000	  6.975966	157.548970
113477.000000	1700274.000000	  6.682219	183.543246
113778.000000	1704894.000000	  6.390736	158.390507
114079.000000	1709529.000000	  6.099285	185.442552
114380.000000	1714164.000000	  5.810941	158.631251
114681.000000	1718694.000000	  5.525491	157.908523
114982.000000	1723269.000000	  5.244466	184.705324
115283.000000	1727874.000000	  4.967976	158.287798
115584.000000	1732449.000000	  4.695670	157.963102
115885.000000	1737009.000000	  4.427208	183.323583
116186.000000	1741614.000000	  4.322962	157.243998
116487.000000	1746234.000000	  4.060613	185.936937
116788.000000	1750884.000000	  4.050697	160.059822
117089.000000	1755444.000000	  3.795053	159.093211
117390.000000	1760004.000000	  3.543222	185.567739
117691.000000	1764534.000000	  3.295215	158.741636
117992.000000	1769094.000000	  3.288894	158.798100
118293.000000	1773654.000000	  3.462808	184.661888
118594.000000	1778259.000000	  3.224468	158.581606
118895.000000	1782834.000000	  2.990997	159.861558
119196.000000	1787424.000000	  2.762238	187.593848
119497.000000	1792059.000000	  2.538906	158.800473
119798.000000	1796679.000000	  2.845262	187.369755
120099.000000	1801254.000000	  3.079934	158.720392
120400.000000	1805784.000000	  2.857813	159.429182
120701.000000	1810359.000000	  2.640663	185.780739
121002.000000	1814994.000000	  2.681627	159.434430
121303.000000	1819614.000000	  3.236390	160.132216
121604.000000	1824174.000000	  3.019111	186.039160
121905.000000	1828749.000000	  2.805606	159.085301
122206.000000	1833339.000000	  2.595937	185.983177
122507.000000	1837884.000000	  2.390734	159.578832
122808.000000	1842474.000000	  2.190837	158.789038
123109.000000	1847004.000000	  1.996975	158.053579
123410.000000	1851699.000000	  1.809862	187.125674
123711.000000	1856259.000000	  1.630277	159.218380
124012.000000	1860879.000000	  1.458716	188.086632
124313.000000	1865514.000000	  1.296119	161.565519
124614.000000	1870224.000000	  1.465625	186.533863
124915.000000	1874799.000000	  1.333023	159.546982
125216.000000	1879359.000000	  1.598593	160.611272
125517.000000	1883964.000000	  1.431995	185.150002
125818.000000	1888569.000000	  1.274273	161.317498
126119.000000	1893189.000000	  1.264592	186.355604
126420.000000	1897779.000000	  1.117662	160.259676
126721.000000	1902354.000000	  0.980985	160.194158
127022.000000	1906929.000000	  0.855047	187.994985
127163.000000	1909059.000000	  0.799856	 81.192272
