#    NumIter	  NumCalls	     dlogz	   Time[s]
301.000000	1348.000000	360766229401556.187500	 24.337146
602.000000	1809.000000	7231246072.196021	 32.357881
903.000000	2476.000000	2782504.254602	 42.757188
1204.000000	3261.000000	228714.267863	 53.382897
1505.000000	4403.000000	202226.208537	 77.746984
1806.000000	5953.000000	201076.765362	102.567231
2107.000000	8197.000000	195321.538285	148.782001
2408.000000	11111.000000	183317.322987	193.966665
2709.000000	15095.000000	166578.015285	267.118763
3010.000000	20428.000000	144397.671645	353.982418
3311.000000	26845.000000	133277.685390	429.170887
3612.000000	36250.000000	115478.273900	608.452428
3913.000000	40840.000000	101365.629485	 38.150993
4214.000000	45490.000000	90243.637730	 87.945732
4515.000000	50080.000000	80699.885054	165.319293
4816.000000	54670.000000	77991.284058	193.726797
5117.000000	59305.000000	71215.976831	195.052786
5418.000000	63895.000000	69152.900213	232.362923
5719.000000	68455.000000	63512.391636	256.324548
6020.000000	73045.000000	57549.589455	205.928749
6321.000000	77605.000000	52151.193465	249.697290
6622.000000	82195.000000	47504.230212	245.680108
6923.000000	86770.000000	44081.418324	227.318637
7224.000000	91330.000000	40577.710909	252.604981
7525.000000	95920.000000	37244.246368	232.867811
7826.000000	100555.000000	35469.617538	264.361481
8127.000000	105070.000000	35008.281144	265.935528
8428.000000	109675.000000	32111.648405	230.511113
8729.000000	114280.000000	29566.071935	261.268847
9030.000000	118945.000000	27014.277644	265.734648
9331.000000	123520.000000	27281.387538	225.771414
9632.000000	128140.000000	24892.113218	266.577153
9933.000000	132715.000000	22805.129902	263.385550
10234.000000	137305.000000	22600.618769	232.562998
10535.000000	141910.000000	20968.196277	265.373556
10836.000000	146500.000000	22780.418598	266.254739
11137.000000	151120.000000	21268.751671	229.864022
11438.000000	155695.000000	19902.110082	270.275124
11739.000000	160270.000000	18607.280002	274.331066
12040.000000	164830.000000	17291.734413	243.361183
12341.000000	169405.000000	16154.585251	279.363446
12642.000000	173995.000000	15129.909000	281.127923
12943.000000	178570.000000	14163.131548	243.473319
13244.000000	183145.000000	13146.756425	281.347738
13545.000000	187750.000000	12208.037578	282.030773
13846.000000	192325.000000	11266.665738	248.303886
14147.000000	196975.000000	10516.930824	281.593418
14448.000000	201565.000000	9837.026982	288.304267
14749.000000	206185.000000	9108.118836	259.596248
15050.000000	210775.000000	8432.843553	288.516875
15351.000000	215380.000000	7777.822465	288.158619
15652.000000	219985.000000	7234.688673	254.952656
15953.000000	224620.000000	6942.967813	299.870979
16254.000000	229240.000000	6379.718344	296.318433
16555.000000	233830.000000	6484.603432	263.170956
16856.000000	238405.000000	5982.384911	296.769715
17157.000000	242950.000000	5515.144526	297.280566
17458.000000	247540.000000	6247.469130	257.498162
17759.000000	252145.000000	5854.195913	288.068444
18060.000000	256750.000000	5411.959747	288.638841
18361.000000	261355.000000	5022.287452	249.447235
18662.000000	265945.000000	4646.958693	283.474994
18963.000000	270565.000000	4327.656978	280.624768
19264.000000	275200.000000	4296.217892	249.351750
19565.000000	279775.000000	3975.878314	285.428898
19866.000000	284425.000000	3676.792095	281.775719
20167.000000	289030.000000	3390.925100	238.715768
20468.000000	293590.000000	3157.026160	272.971224
20769.000000	298195.000000	2924.779040	274.481424
21070.000000	302755.000000	2834.036608	237.177212
21371.000000	307345.000000	2977.193381	270.463413
21672.000000	311980.000000	2742.940459	261.952528
21973.000000	316585.000000	2523.112408	232.716249
22274.000000	321130.000000	2314.190795	265.490840
22575.000000	325705.000000	2131.609460	235.884824
22876.000000	330265.000000	1985.139686	261.437001
23177.000000	334840.000000	1831.370295	263.801801
23478.000000	339475.000000	1671.122198	233.209700
23779.000000	344065.000000	1663.495596	265.413558
24080.000000	348730.000000	1530.343161	267.069623
24381.000000	353305.000000	1414.433168	225.509747
24682.000000	357910.000000	1356.733135	262.518348
24983.000000	362485.000000	1317.972950	259.982732
25284.000000	367045.000000	1202.180500	222.808916
25585.000000	371665.000000	1100.425339	260.405822
25886.000000	376270.000000	1007.326624	253.914923
26187.000000	380875.000000	925.230942	228.410506
26488.000000	385480.000000	843.405994	266.121177
26789.000000	390055.000000	766.228620	266.821345
27090.000000	394645.000000	701.204117	229.637247
27391.000000	399220.000000	633.215479	264.257925
27692.000000	403870.000000	638.195996	264.618268
27993.000000	408475.000000	588.227489	235.371748
28294.000000	413050.000000	602.807236	271.944202
28595.000000	417685.000000	555.523766	272.995322
28896.000000	422305.000000	510.208943	238.712733
29197.000000	426880.000000	466.584727	273.085355
29498.000000	431530.000000	428.023669	266.181572
29799.000000	436120.000000	392.730972	235.312993
30100.000000	440695.000000	367.872366	269.159052
30401.000000	445240.000000	349.285987	265.936470
30702.000000	449905.000000	323.245980	241.854761
31003.000000	454450.000000	295.915311	276.832872
31304.000000	459055.000000	270.923430	272.844561
31605.000000	463660.000000	249.974968	241.724715
31906.000000	468265.000000	249.098962	277.301739
32207.000000	472825.000000	230.130766	274.049822
32508.000000	477505.000000	208.960910	244.981455
32809.000000	482140.000000	202.541058	279.199976
33110.000000	486700.000000	186.630778	281.571868
33411.000000	491335.000000	172.022290	281.081755
33712.000000	495970.000000	158.336576	245.284451
34013.000000	500575.000000	146.564674	279.591006
34314.000000	505210.000000	134.237253	285.773899
34615.000000	509890.000000	121.677011	248.516049
34916.000000	514495.000000	111.663456	285.232620
35217.000000	519100.000000	101.782228	280.506434
35518.000000	523660.000000	 92.771833	250.739714
35819.000000	528295.000000	101.028554	286.817276
36120.000000	532915.000000	 93.646252	293.131911
36421.000000	537490.000000	 87.151389	257.903798
36722.000000	542050.000000	 80.579976	293.697100
37023.000000	546700.000000	 75.779866	294.482131
37324.000000	551320.000000	 83.987875	257.864780
37625.000000	555940.000000	 78.890886	298.809204
37926.000000	560545.000000	 73.268123	295.614079
38227.000000	565075.000000	 68.312335	258.001657
38528.000000	569680.000000	 63.413153	295.039013
38829.000000	574330.000000	 58.898592	297.173430
39130.000000	578935.000000	 54.417434	295.893880
39431.000000	583540.000000	 50.202963	260.541096
39732.000000	588130.000000	 47.399585	299.566628
40033.000000	592795.000000	 48.511545	298.805992
40334.000000	597415.000000	 45.121843	262.444392
40635.000000	602050.000000	 45.202830	300.872247
40936.000000	606625.000000	 43.447543	300.244240
41237.000000	611230.000000	 43.984576	260.707710
41538.000000	615850.000000	 41.231641	296.936722
41839.000000	620440.000000	 38.482766	296.434306
42140.000000	625090.000000	 37.846900	259.808724
42441.000000	629725.000000	 35.374857	292.769378
42742.000000	634270.000000	 32.924771	293.178164
43043.000000	638800.000000	 32.177397	256.829118
43344.000000	643450.000000	 29.837944	291.670187
43645.000000	648055.000000	 27.669757	294.219349
43946.000000	652690.000000	 27.665453	255.089040
44247.000000	657250.000000	 25.662033	294.291454
44548.000000	661840.000000	 24.984975	293.926536
44849.000000	666385.000000	 23.160469	257.553512
45150.000000	670975.000000	 21.370018	292.378892
45451.000000	675580.000000	 22.156602	290.657520
45752.000000	680170.000000	 20.686741	255.899982
46053.000000	684730.000000	 19.336266	290.852902
46354.000000	689260.000000	 18.039571	255.680480
46655.000000	693865.000000	 16.861991	293.112980
46956.000000	698440.000000	 15.740509	292.541484
47257.000000	703000.000000	 14.669919	254.039153
47558.000000	707590.000000	 13.869110	289.650708
47859.000000	712180.000000	 13.389866	288.646812
48160.000000	716890.000000	 15.281899	255.078825
48461.000000	721525.000000	 15.980569	291.466311
48762.000000	726145.000000	 15.078089	292.296763
49063.000000	730750.000000	 14.217567	292.204809
49364.000000	735325.000000	 13.377432	257.229768
49665.000000	739990.000000	 12.517262	295.839656
49966.000000	744565.000000	 11.663696	296.397112
50267.000000	749200.000000	 10.825965	257.587095
50568.000000	753820.000000	 10.012021	296.684344
50869.000000	758470.000000	  9.190471	298.198402
51170.000000	763075.000000	  8.407347	265.596614
51471.000000	767680.000000	  7.859456	300.884205
51772.000000	772270.000000	  7.122296	301.310380
52073.000000	776815.000000	  6.455737	261.832028
52374.000000	781420.000000	  6.023959	298.065832
52675.000000	785995.000000	  6.794853	300.857188
52976.000000	790555.000000	  6.343580	262.639508
53277.000000	795145.000000	  5.862577	301.230792
53578.000000	799705.000000	  6.102057	264.553006
53879.000000	804280.000000	  7.420097	308.449351
54180.000000	808870.000000	  7.786899	304.965805
54481.000000	813460.000000	  7.998962	265.746003
54782.000000	818080.000000	  7.510163	302.867541
55083.000000	822685.000000	  7.715681	306.755452
55384.000000	827275.000000	  9.293642	269.902056
55685.000000	831850.000000	  8.790172	304.717554
55986.000000	836470.000000	  8.285265	307.995922
56287.000000	841015.000000	 11.016918	269.448620
56588.000000	845560.000000	 10.509936	305.758231
56889.000000	850135.000000	 10.701064	307.038208
57190.000000	854710.000000	 10.187129	267.018305
57491.000000	859435.000000	  9.667562	306.956893
57792.000000	864040.000000	  9.143151	309.209609
58093.000000	868645.000000	 10.778228	269.106140
58394.000000	873220.000000	 10.257945	307.460662
58695.000000	877765.000000	  9.737497	309.894497
58996.000000	882340.000000	  9.223989	271.345746
59297.000000	886945.000000	  8.707784	309.046954
59598.000000	891505.000000	 11.577985	270.327811
59899.000000	896140.000000	 11.067591	310.353499
60200.000000	900775.000000	 10.548888	310.983000
60501.000000	905335.000000	 10.880810	309.097482
60802.000000	909940.000000	 10.363715	273.621853
61103.000000	914530.000000	  9.846719	312.327235
61404.000000	919135.000000	  9.326966	311.546220
61705.000000	923680.000000	  9.260556	274.132809
62006.000000	928285.000000	  8.936925	313.878649
62307.000000	932890.000000	  9.250226	275.408741
62608.000000	937540.000000	  8.783772	314.094761
62909.000000	942115.000000	  8.947391	313.554884
63210.000000	946765.000000	  9.952660	314.697054
63511.000000	951280.000000	  9.678338	277.399998
63812.000000	955900.000000	  9.142106	318.441715
64113.000000	960460.000000	  8.611942	277.430323
64414.000000	965065.000000	  8.158358	317.554097
64715.000000	969715.000000	  9.831728	319.200376
65016.000000	974320.000000	 10.729757	276.651185
65317.000000	978940.000000	 10.186982	317.064467
65618.000000	983530.000000	  9.638647	319.200992
65919.000000	988120.000000	  9.215071	280.174184
66220.000000	992725.000000	  8.663709	320.384148
66521.000000	997360.000000	  9.501237	320.519861
66822.000000	1001965.000000	  8.949561	319.916933
67123.000000	1006540.000000	  8.406219	282.849305
67424.000000	1011115.000000	  8.136615	320.714576
67725.000000	1015720.000000	 10.159189	281.962333
68026.000000	1020280.000000	 10.735892	322.360700
68327.000000	1024855.000000	 10.194964	320.166575
68628.000000	1029445.000000	  9.645422	282.245200
68929.000000	1034020.000000	  9.092821	320.593705
69230.000000	1038625.000000	  8.545862	320.471753
69531.000000	1043185.000000	  8.189114	282.736117
69832.000000	1047820.000000	  7.757248	321.531500
70133.000000	1052425.000000	 11.186797	323.366012
70434.000000	1057030.000000	 10.660092	281.438758
70735.000000	1061620.000000	 10.143792	328.159943
71036.000000	1066210.000000	  9.639630	327.139663
71337.000000	1070845.000000	  9.142861	288.036582
71638.000000	1075420.000000	  8.655561	324.134949
71939.000000	1079980.000000	  8.163322	324.993928
72240.000000	1084540.000000	  7.673722	285.035942
72541.000000	1089190.000000	  7.186009	326.952994
72842.000000	1093720.000000	  6.706281	286.690880
73143.000000	1098310.000000	  7.284775	326.667038
73444.000000	1102885.000000	  6.823674	325.951457
73745.000000	1107520.000000	  6.372990	289.124702
74046.000000	1112095.000000	  5.929265	330.491865
74347.000000	1116730.000000	  5.490010	332.889244
74648.000000	1121335.000000	  5.058166	331.530762
74949.000000	1125955.000000	  4.636905	287.455701
75250.000000	1130575.000000	  4.255310	331.596479
75551.000000	1135255.000000	  3.851295	331.615489
75852.000000	1139815.000000	  4.009427	291.017325
76153.000000	1144405.000000	  3.996396	335.932241
76454.000000	1149130.000000	  3.613260	333.250739
76755.000000	1153675.000000	  4.892122	291.359910
77056.000000	1158235.000000	  4.516948	333.841051
77357.000000	1162900.000000	  4.856790	334.230517
77658.000000	1167520.000000	  4.493331	292.510616
77959.000000	1172080.000000	  4.135909	335.202745
78260.000000	1176685.000000	  3.785762	334.030960
78561.000000	1181320.000000	  3.443269	293.825383
78862.000000	1185895.000000	  3.108725	336.033095
79163.000000	1190470.000000	  2.783146	337.456867
79464.000000	1195150.000000	  2.468213	335.215766
79765.000000	1199695.000000	  2.733746	293.786139
80066.000000	1204255.000000	  2.426934	337.177896
80367.000000	1208845.000000	  2.132568	294.337241
80668.000000	1213495.000000	  1.851728	336.206092
80969.000000	1218130.000000	  1.586651	335.389499
81270.000000	1222720.000000	  1.525027	296.691113
81571.000000	1227325.000000	  1.402218	338.663405
81872.000000	1231930.000000	  1.173255	336.000416
82173.000000	1236475.000000	  0.966751	293.726845
82447.000000	1240645.000000	  0.799709	295.234149
