#    NumIter	  NumCalls	     dlogz	   Time[s]
301.000000	1344.000000	106981806438881.093750	 23.866810
602.000000	1806.000000	1837979958.740307	 32.028962
903.000000	2441.000000	1023351.087245	 42.450608
1204.000000	3391.000000	217336.398855	 60.615293
1505.000000	4501.000000	206740.524475	 73.198042
1806.000000	6008.000000	205569.077055	 99.928701
2107.000000	8031.000000	200422.830555	131.737035
2408.000000	11102.000000	188256.955493	202.104029
2709.000000	14782.000000	180122.743875	241.613651
3010.000000	19987.000000	160346.320410	341.947640
3311.000000	26488.000000	142099.373632	425.560265
3612.000000	36340.000000	125842.794619	612.520232
3913.000000	40915.000000	110092.633138	 35.830124
4214.000000	45490.000000	98154.455074	107.884505
4515.000000	50155.000000	87564.808822	140.699272
4816.000000	54730.000000	80019.286989	196.581870
5117.000000	59305.000000	71396.994839	227.074966
5418.000000	63895.000000	63375.798500	211.021290
5719.000000	68545.000000	71822.150537	245.369557
6020.000000	73165.000000	66083.725614	250.503114
6321.000000	77845.000000	60143.839138	242.646888
6622.000000	82450.000000	55203.027941	208.062433
6923.000000	87070.000000	50948.582945	253.601981
7224.000000	91705.000000	47260.957527	262.013356
7525.000000	96355.000000	43539.047090	228.854378
7826.000000	100930.000000	40770.464741	246.794364
8127.000000	105625.000000	37396.602155	251.336799
8428.000000	110215.000000	34487.026206	248.875079
8729.000000	114790.000000	31949.955972	218.360286
9030.000000	119380.000000	29765.925680	245.844700
9331.000000	123970.000000	27587.721482	223.764365
9632.000000	128575.000000	25415.942611	250.518756
9933.000000	133150.000000	23473.398481	249.072881
10234.000000	137770.000000	21709.857206	218.620664
10535.000000	142405.000000	20032.871629	258.736999
10836.000000	146950.000000	18622.626295	252.606699
11137.000000	151570.000000	19670.002463	225.002081
11438.000000	156175.000000	18291.428023	253.360705
11739.000000	160810.000000	17166.804332	257.772548
12040.000000	165475.000000	16125.492263	261.632746
12341.000000	170095.000000	15061.645797	232.390140
12642.000000	174700.000000	14157.627586	265.035546
12943.000000	179290.000000	13241.379628	267.101828
13244.000000	183925.000000	12420.056981	232.034165
13545.000000	188530.000000	11563.960462	277.862495
13846.000000	193135.000000	10848.761767	275.991491
14147.000000	197725.000000	10203.171456	242.590121
14448.000000	202285.000000	9509.325600	276.732688
14749.000000	206860.000000	8896.207356	280.252290
15050.000000	211495.000000	8301.024756	249.297730
15351.000000	216100.000000	7723.386961	284.159511
15652.000000	220705.000000	7238.189688	285.545808
15953.000000	225280.000000	6750.097618	246.738610
16254.000000	229900.000000	7896.760043	290.692233
16555.000000	234490.000000	7394.264641	285.699327
16856.000000	239095.000000	6934.165496	256.995392
17157.000000	243775.000000	6475.712957	298.089622
17458.000000	248350.000000	6042.980604	292.248872
17759.000000	252970.000000	5634.190997	256.241827
18060.000000	257590.000000	5270.092881	287.985479
18361.000000	262150.000000	4939.479113	290.822849
18662.000000	266755.000000	5584.846758	244.251770
18963.000000	271405.000000	5255.187011	284.855644
19264.000000	275980.000000	4963.080132	292.716009
19565.000000	280585.000000	4641.429893	249.791790
19866.000000	285160.000000	4354.954527	272.913990
20167.000000	289765.000000	4090.510465	274.916575
20468.000000	294385.000000	3827.469814	240.157276
20769.000000	299005.000000	3871.080479	273.621534
21070.000000	303610.000000	3645.046228	262.936873
21371.000000	308200.000000	3393.091972	231.057278
21672.000000	312820.000000	3165.080077	272.099064
21973.000000	317395.000000	2944.520693	264.409309
22274.000000	322000.000000	2737.143063	226.744548
22575.000000	326560.000000	2539.473663	273.626098
22876.000000	331165.000000	2333.618729	256.616742
23177.000000	335710.000000	2160.734382	230.755398
23478.000000	340330.000000	1991.197636	264.492989
23779.000000	344935.000000	1822.657330	260.378637
24080.000000	349525.000000	1743.678418	228.875521
24381.000000	354115.000000	1608.239770	259.426091
24682.000000	358705.000000	1473.896075	256.625608
24983.000000	363235.000000	1350.562429	227.582262
25284.000000	367855.000000	1227.007798	266.366681
25585.000000	372505.000000	1120.664928	266.759077
25886.000000	377080.000000	1023.160639	232.446741
26187.000000	381655.000000	1066.231062	271.190012
26488.000000	386275.000000	967.006523	267.837036
26789.000000	390925.000000	882.332964	239.595732
27090.000000	395590.000000	878.979653	275.421338
27391.000000	400165.000000	808.212407	276.404123
27692.000000	404725.000000	733.441363	240.016415
27993.000000	409315.000000	759.878417	277.560486
28294.000000	413935.000000	694.467454	280.279979
28595.000000	418495.000000	637.306385	243.867659
28896.000000	423145.000000	590.865731	278.050445
29197.000000	427720.000000	541.456683	284.442910
29498.000000	432340.000000	497.230455	248.509943
29799.000000	436945.000000	452.331283	280.822699
30100.000000	441505.000000	439.846038	284.263038
30401.000000	446140.000000	414.526377	246.437181
30702.000000	450745.000000	376.000425	286.589648
31003.000000	455335.000000	356.938032	286.310197
31304.000000	459910.000000	328.863218	250.710240
31605.000000	464455.000000	299.578210	285.762603
31906.000000	469075.000000	270.957459	293.651191
32207.000000	473695.000000	247.937953	253.268926
32508.000000	478225.000000	241.222248	292.240393
32809.000000	482875.000000	268.338877	288.099155
33110.000000	487465.000000	248.669784	252.571024
33411.000000	492070.000000	230.786772	292.693702
33712.000000	496675.000000	213.531367	292.411102
34013.000000	501235.000000	195.861812	255.978572
34314.000000	505885.000000	180.191624	292.513282
34615.000000	510430.000000	165.995552	295.054689
34916.000000	515035.000000	153.103277	257.904809
35217.000000	519625.000000	157.673086	295.981174
35518.000000	524290.000000	146.116699	294.334190
35819.000000	528910.000000	143.035158	260.501700
36120.000000	533530.000000	139.065267	302.501038
36421.000000	538150.000000	133.479680	302.049111
36722.000000	542725.000000	124.616493	265.763779
37023.000000	547315.000000	116.606441	301.916605
37324.000000	551950.000000	108.252382	302.152545
37625.000000	556525.000000	100.677615	264.375007
37926.000000	561160.000000	 92.933314	303.903588
38227.000000	565780.000000	 89.600244	304.305961
38528.000000	570415.000000	 82.508907	301.935415
38829.000000	575005.000000	 75.543015	265.296990
39130.000000	579580.000000	 68.534252	304.690140
39431.000000	584155.000000	 62.536947	267.716880
39732.000000	588730.000000	 57.761092	304.389450
40033.000000	593380.000000	 53.861416	303.775122
40334.000000	597970.000000	 50.231957	264.079177
40635.000000	602605.000000	 46.679133	299.403909
40936.000000	607195.000000	 45.649299	303.712368
41237.000000	611740.000000	 42.221723	262.846234
41538.000000	616360.000000	 40.949871	301.988004
41839.000000	621040.000000	 42.628012	305.055538
42140.000000	625660.000000	 41.723177	300.344653
42441.000000	630220.000000	 38.262980	265.897454
42742.000000	634855.000000	 34.743257	305.487793
43043.000000	639475.000000	 31.681938	304.628148
43344.000000	644065.000000	 37.612352	266.738880
43645.000000	648625.000000	 35.091990	305.639364
43946.000000	653260.000000	 32.842440	307.646511
44247.000000	657835.000000	 30.691204	268.781143
44548.000000	662380.000000	 28.721955	306.708211
44849.000000	667015.000000	 29.356838	306.822216
45150.000000	671590.000000	 28.680846	271.280690
45451.000000	676150.000000	 27.040691	307.215705
45752.000000	680695.000000	 25.475261	267.779662
46053.000000	685270.000000	 35.323710	308.010431
46354.000000	689890.000000	 33.762320	309.897019
46655.000000	694540.000000	 32.228015	270.898843
46956.000000	699160.000000	 30.708407	309.802253
47257.000000	703780.000000	 29.144940	308.290127
47558.000000	708370.000000	 27.730275	270.192192
47859.000000	712945.000000	 26.403873	308.133286
48160.000000	717565.000000	 25.054263	309.687162
48461.000000	722155.000000	 23.678642	271.379019
48762.000000	726745.000000	 24.655133	309.677050
49063.000000	731335.000000	 23.362926	309.277877
49364.000000	735940.000000	 22.132302	270.498946
49665.000000	740470.000000	 20.919951	308.157319
49966.000000	745030.000000	 19.720964	305.539126
50267.000000	749650.000000	 18.505859	268.707573
50568.000000	754240.000000	 18.216983	307.179794
50869.000000	758830.000000	 17.142907	307.863261
51170.000000	763435.000000	 16.099018	270.249928
51471.000000	768055.000000	 17.202076	308.012142
51772.000000	772630.000000	 16.235051	304.925045
52073.000000	777205.000000	 15.296731	267.626159
52374.000000	781780.000000	 14.402838	305.805099
52675.000000	786370.000000	 13.545270	267.298631
52976.000000	790975.000000	 12.696355	306.236028
53277.000000	795580.000000	 11.877579	308.206664
53578.000000	800200.000000	 13.638932	267.117802
53879.000000	804745.000000	 12.855474	309.849249
54180.000000	809395.000000	 12.092087	310.123814
54481.000000	813970.000000	 12.523931	272.065761
54782.000000	818530.000000	 11.819302	306.786107
55083.000000	823090.000000	 11.125229	310.655930
55384.000000	827680.000000	 10.425725	272.719814
55685.000000	832285.000000	  9.746425	309.404641
55986.000000	836830.000000	  9.163619	309.115658
56287.000000	841420.000000	  8.841713	269.720755
56588.000000	846085.000000	  8.248354	310.154719
56889.000000	850690.000000	  7.663774	309.498475
57190.000000	855220.000000	  7.351578	270.399945
57491.000000	859780.000000	  6.803011	312.295797
57792.000000	864325.000000	  6.604809	270.038214
58093.000000	868900.000000	  6.630318	312.275974
58394.000000	873520.000000	  6.124230	306.978454
58695.000000	878110.000000	  5.627198	269.185206
58996.000000	882685.000000	  5.144185	310.676060
59297.000000	887335.000000	  4.679298	314.691561
59598.000000	891970.000000	  4.231340	273.569842
59899.000000	896560.000000	  3.848500	312.634218
60200.000000	901195.000000	  3.658158	313.774427
60501.000000	905845.000000	  3.252347	312.540657
60802.000000	910480.000000	  2.861895	274.407799
61103.000000	915115.000000	  3.966113	315.930378
61404.000000	919720.000000	  3.583733	314.488527
61705.000000	924280.000000	  3.212353	274.426475
62006.000000	928915.000000	  2.854876	313.366080
62307.000000	933505.000000	  2.510628	313.542814
62608.000000	938065.000000	  2.183206	274.791001
62909.000000	942595.000000	  1.875182	313.679110
63210.000000	947200.000000	  1.652226	275.101032
63511.000000	951775.000000	  1.385358	314.924216
63812.000000	956365.000000	  1.378803	315.193959
64113.000000	960985.000000	  1.140089	277.820473
64414.000000	965605.000000	  1.106510	313.616847
64715.000000	970225.000000	  0.899518	315.709278
64876.000000	972760.000000	  0.799896	159.178262
