Model phase4

z_l 0.1972841823760099
z_s     0.3954

         Lens Galaxy
inc                        Fixed(75.09374578274375)
beta                       Fixed(-0.06651297124703737)
ml                         Fixed(3.223471212756693)
log_rho_s                  Fixed(-2.3360253662193267)
rs                         Fixed(4.455695915176218)
qDM                        Fixed(1.0)
slope                      Fixed(0.9141858874635126)
mag_shear                  Fixed(0.014891585463383332)
phi_shear                  Fixed(204.58839914911545)
gamma                      Fixed(1.0)

       Source Galaxy
pixels                   Uniform(10, 300)
weight_floor             Uniform(0.0, 1.0)
weight_power             Uniform(0.0, 20.0)
inner_coefficient       LogUniform(1e-06, 1000000.0)
outer_coefficient       LogUniform(1e-06, 1000000.0)
signal_scale             Uniform(0.0, 1.0)
