Model phase4

z_l 0.1972841823760099
z_s     0.3526

         Lens Galaxy
inc                        Fixed(82.56339091428299)
beta                       Fixed(0.026598681914224695)
ml                         Fixed(3.636815984548552)
log_rho_s                  Fixed(-1.7932226810435965)
rs                         Fixed(4.864739304258549)
qDM                        Fixed(1.0)
slope                      Fixed(1.2702695254067828)
mag_shear                  Fixed(0.016053854567187487)
phi_shear                  Fixed(69.88522465560628)
gamma                      Fixed(1.0)

       Source Galaxy
pixels                   Uniform(10, 300)
weight_floor             Uniform(0.0, 1.0)
weight_power             Uniform(0.0, 20.0)
inner_coefficient       LogUniform(1e-06, 1000000.0)
outer_coefficient       LogUniform(1e-06, 1000000.0)
signal_scale             Uniform(0.0, 1.0)
