Model phase4

z_l 0.1972841823760099
z_s     0.4019

         Lens Galaxy
inc                        Fixed(82.81499099201636)
beta                       Fixed(0.2964615429904759)
ml                         Fixed(1.6840064858435995)
log_rho_s                  Fixed(-3.4525878048882714)
rs                         Fixed(26.139348938785524)
qDM                        Fixed(1.0)
slope                      Fixed(1.4913695411218368)
mag_shear                  Fixed(0.012602049372429466)
phi_shear                  Fixed(101.48909694961306)
gamma                      Fixed(1.0)

       Source Galaxy
pixels                   Uniform(10, 300)
weight_floor             Uniform(0.0, 1.0)
weight_power             Uniform(0.0, 20.0)
inner_coefficient       LogUniform(1e-06, 1000000.0)
outer_coefficient       LogUniform(1e-06, 1000000.0)
signal_scale             Uniform(0.0, 1.0)
