Model phase5

z_l 0.1972841823760099
z_s     0.4814

         Lens Galaxy
inc                      Uniform(69.5380809192104, 90.0)
beta                     Uniform(0.17161417227679962, 0.24032924632786568)
ml                       Uniform(2.3065808882332863, 3.168524240040674)
log_rho_s                Uniform(-2.693914230836089, -1.9678678664596263)
rs                       Uniform(6.58095166956548, 10.271447475576359)
qDM                        Fixed(1.0)
slope                    Uniform(0.5, 0.7266837528637374)
mag_shear                Uniform(0.034215980003688654, 0.04791280635551902)
phi_shear                Uniform(84.16511733617328, 108.69561020633755)
gamma                      Fixed(1.0)

       Source Galaxy
pixels                     Fixed(192.08051055348008)
weight_floor               Fixed(0.0026559177202684493)
weight_power               Fixed(13.00640512183313)
inner_coefficient            Fixed(0.0014276027889030235)
outer_coefficient            Fixed(22.176906456700735)
signal_scale               Fixed(0.03035965752212168)
