Model phase4

z_l 0.1972841823760099
z_s     0.4814

         Lens Galaxy
inc                        Fixed(81.36869949100694)
beta                       Fixed(0.21451771534599953)
ml                         Fixed(2.6404368667005618)
log_rho_s                  Fixed(-2.2449285256967406)
rs                         Fixed(8.42619957257092)
qDM                        Fixed(1.0)
slope                      Fixed(0.6055697940531145)
mag_shear                  Fixed(0.039927338629599185)
phi_shear                  Fixed(90.57967517194795)
gamma                      Fixed(1.0)

       Source Galaxy
pixels                   Uniform(10, 300)
weight_floor             Uniform(0.0, 1.0)
weight_power             Uniform(0.0, 20.0)
inner_coefficient       LogUniform(1e-06, 1000000.0)
outer_coefficient       LogUniform(1e-06, 1000000.0)
signal_scale             Uniform(0.0, 1.0)
