Model phase5

z_l 0.1972841823760099
z_s      0.739

         Lens Galaxy
inc                      Uniform(74.77124354380877, 90.0)
beta                     Uniform(0.18237242641973656, 0.3124820342379314)
ml                       Uniform(1.556369240659119, 1.903619167491659)
log_rho_s                Uniform(-3.3289223205185388, -2.612671873888942)
rs                       Uniform(14.144102312704337, 21.174009150808608)
qDM                        Fixed(1.0)
slope                    Uniform(1.269834465632219, 1.5706028863599508)
mag_shear                Uniform(0.007988145650398659, 0.011504231398911541)
phi_shear                Uniform(92.67073751894353, 126.4107036203449)
gamma                      Fixed(1.0)

       Source Galaxy
pixels                     Fixed(114.51172750503837)
weight_floor               Fixed(0.43249306595467824)
weight_power               Fixed(11.727306774683692)
inner_coefficient            Fixed(7.826068569774931e-05)
outer_coefficient            Fixed(2.0793519113981924)
signal_scale               Fixed(0.8813619591166705)
