Model phase4

z_l 0.1972841823760099
z_s     0.8049

         Lens Galaxy
inc                        Fixed(80.07124180405178)
beta                       Fixed(-0.01758594781085654)
ml                         Fixed(2.4361949164300603)
log_rho_s                  Fixed(-1.0590240150357852)
rs                         Fixed(2.036695570482836)
qDM                        Fixed(1.0)
slope                      Fixed(0.8022316254334987)
mag_shear                  Fixed(0.016736318862731858)
phi_shear                  Fixed(97.46685364507691)
gamma                      Fixed(1.0)

       Source Galaxy
pixels                   Uniform(10, 300)
weight_floor             Uniform(0.0, 1.0)
weight_power             Uniform(0.0, 20.0)
inner_coefficient       LogUniform(1e-06, 1000000.0)
outer_coefficient       LogUniform(1e-06, 1000000.0)
signal_scale             Uniform(0.0, 1.0)
