Model phase5

z_l 0.1972841823760099
z_s     0.3954

         Lens Galaxy
inc                      Uniform(63.58320188431973, 90.0)
beta                     Uniform(-0.209295511030977, -0.0684658523957379)
ml                       Uniform(2.4441948948342045, 3.5643097127901777)
log_rho_s                Uniform(-4.1233947136971905, -2.9048334948632957)
rs                       Uniform(10.531835547846828, 21.12268262940359)
qDM                        Fixed(1.0)
slope                    Uniform(1.186435755150243, 1.69293783867318)
mag_shear                Uniform(0.03001548114025095, 0.05359705297326184)
phi_shear                Uniform(153.80008898900033, 195.12906123095786)
gamma                      Fixed(1.0)

       Source Galaxy
pixels                     Fixed(68.62786266833474)
weight_floor               Fixed(0.5553362317369318)
weight_power               Fixed(3.993974062779524)
inner_coefficient            Fixed(0.000137122096940373)
outer_coefficient            Fixed(25.767710262769803)
signal_scale               Fixed(0.06986409827232434)
