Model phase5

z_l 0.1972841823760099
z_s      0.739

         Lens Galaxy
inc                      Uniform(74.77124354380877, 90.0)
beta                     Uniform(0.12632298161535271, 0.24269891258525228)
ml                       Uniform(1.6894049328575824, 2.310534857812273)
log_rho_s                Uniform(-2.683181290148649, -2.00329567779574)
rs                       Uniform(5.180821470033995, 7.369964641842312)
qDM                        Fixed(1.0)
slope                    Uniform(1.2769869709188022, 1.6054494662273782)
mag_shear                Uniform(9.101972665570297e-05, 0.0017219714487549972)
phi_shear                Uniform(55.97587714672116, 100.85398022559488)
gamma                      Fixed(1.0)

       Source Galaxy
pixels                     Fixed(140.02308360146824)
weight_floor               Fixed(0.057823849338140554)
weight_power               Fixed(7.8699755849093815)
inner_coefficient            Fixed(8.126697482766548e-05)
outer_coefficient            Fixed(6.786924711146978)
signal_scale               Fixed(0.16070048414992558)
