#    NumIter	  NumCalls	     dlogz	   Time[s]
301.000000	1840.000000	22511668385000600.000000	 12.023185
602.000000	2255.000000	4627168701616.686523	 11.868288
903.000000	2794.000000	6324087174.584754	 16.043492
1204.000000	3412.000000	21476171.559772	 19.509512
1505.000000	4164.000000	517197.836477	 23.724107
1806.000000	5092.000000	103592.208444	 27.764053
2107.000000	6181.000000	70561.451510	 33.986393
2408.000000	7565.000000	65362.092634	 42.954542
2709.000000	9175.000000	71162.803554	 48.586983
3010.000000	10977.000000	70870.672712	 55.861943
3311.000000	13325.000000	70058.789039	 72.325887
3612.000000	15904.000000	68911.953102	 79.692946
3913.000000	19208.000000	67073.828992	100.458384
4214.000000	23285.000000	65007.790296	125.437184
4515.000000	28174.000000	71335.871249	150.010300
4816.000000	34720.000000	68768.120392	202.123423
5117.000000	42601.000000	66431.037363	241.440662
5418.000000	52667.000000	64265.349204	308.102564
5719.000000	58455.000000	62608.813507	 77.727169
6020.000000	63015.000000	60796.623688	 22.638919
6321.000000	67575.000000	59151.131622	 47.259295
6622.000000	72165.000000	57651.800177	 77.328596
6923.000000	76755.000000	56239.286589	 80.990853
7224.000000	81375.000000	54518.586163	 99.225872
7525.000000	85920.000000	53066.832646	116.417730
7826.000000	90480.000000	51337.128065	110.604365
8127.000000	95010.000000	63093.962588	109.829944
8428.000000	99585.000000	61422.319406	133.467151
8729.000000	104175.000000	59674.592551	116.462725
9030.000000	108735.000000	57831.353528	113.580200
9331.000000	113280.000000	55728.747753	135.547071
9632.000000	117870.000000	53828.609221	117.481745
9933.000000	122445.000000	52054.246861	119.275696
10234.000000	127050.000000	49980.453868	130.474185
10535.000000	131595.000000	59642.539554	115.381881
10836.000000	136170.000000	57807.265384	137.426285
11137.000000	140745.000000	56283.304717	117.162577
11438.000000	145395.000000	54137.729622	117.127853
11739.000000	149970.000000	52342.310582	136.594107
12040.000000	154530.000000	50513.984413	115.418596
12341.000000	159165.000000	48706.672556	118.173424
12642.000000	163785.000000	62888.716762	137.012014
12943.000000	168375.000000	61070.874128	116.885339
13244.000000	172980.000000	59166.947431	140.251140
13545.000000	177555.000000	57365.231313	117.717219
13846.000000	182145.000000	55450.939327	122.217152
14147.000000	186750.000000	53709.991008	140.623035
14448.000000	191340.000000	51950.031410	119.569062
14749.000000	195945.000000	50181.349307	140.441309
15050.000000	200610.000000	48213.558566	118.609248
15351.000000	205230.000000	46413.955606	117.068621
15652.000000	209805.000000	44515.330450	137.519660
15953.000000	214410.000000	50388.110096	119.112404
16254.000000	218985.000000	48702.846777	139.773276
16555.000000	223560.000000	47018.562039	119.553366
16856.000000	228135.000000	45562.923375	120.333623
17157.000000	232710.000000	44134.538101	142.027281
17458.000000	237330.000000	42561.643396	123.027890
17759.000000	241875.000000	41127.326936	122.508886
18060.000000	246510.000000	39713.662808	140.149517
18361.000000	251145.000000	38124.031427	122.987408
18662.000000	255735.000000	36904.015178	140.936170
18963.000000	260310.000000	35663.925606	120.829072
19264.000000	264840.000000	34407.765107	118.731093
19565.000000	269385.000000	33221.764819	138.898140
19866.000000	273945.000000	31940.180325	120.988423
20167.000000	278535.000000	30712.050873	121.176734
20468.000000	283125.000000	29550.750088	141.998559
20769.000000	287715.000000	28533.201586	123.427998
21070.000000	292305.000000	27445.054264	122.611094
21371.000000	296910.000000	26189.547067	140.705793
21672.000000	301530.000000	26847.805895	120.125878
21973.000000	306165.000000	25664.281577	140.882792
22274.000000	310770.000000	24513.979125	121.569919
22575.000000	315345.000000	23403.492614	121.424879
22876.000000	319980.000000	22460.716572	141.932458
23177.000000	324615.000000	21479.618550	120.793741
23478.000000	329160.000000	20534.497978	141.564829
23779.000000	333735.000000	19622.670913	120.785848
24080.000000	338310.000000	18689.239439	120.779131
24381.000000	342945.000000	17746.241180	138.495850
24682.000000	347490.000000	16937.639396	118.089034
24983.000000	352080.000000	16140.296485	122.697335
25284.000000	356640.000000	17729.757283	140.100652
25585.000000	361245.000000	17021.065421	124.468828
25886.000000	365835.000000	16322.210640	142.956003
26187.000000	370395.000000	15593.699653	122.547312
26488.000000	374955.000000	14858.532486	125.685384
26789.000000	379560.000000	14156.854805	141.832377
27090.000000	384135.000000	14477.698970	122.299323
27391.000000	388725.000000	13802.915587	120.758263
27692.000000	393285.000000	13199.724125	142.349959
27993.000000	397845.000000	12683.948905	122.114800
28294.000000	402420.000000	12096.558736	121.126009
28595.000000	406965.000000	12094.837481	141.527656
28896.000000	411525.000000	11486.665098	122.241728
29197.000000	416115.000000	10916.464282	122.033032
29498.000000	420720.000000	12568.361761	143.035121
29799.000000	425310.000000	12070.962357	122.138504
30100.000000	429870.000000	11594.712127	120.679438
30401.000000	434460.000000	11083.240635	142.620820
30702.000000	438990.000000	10640.847009	122.188071
31003.000000	443610.000000	10238.238233	142.639853
31304.000000	448245.000000	9825.419922	122.590299
31605.000000	452880.000000	9385.059654	123.198152
31906.000000	457440.000000	9015.540801	143.312772
32207.000000	462015.000000	8680.186265	123.354100
32508.000000	466635.000000	9076.009443	141.606148
32809.000000	471240.000000	8738.750013	123.585622
33110.000000	475785.000000	8414.813227	123.332862
33411.000000	480360.000000	8094.178368	144.305601
33712.000000	484905.000000	7758.703497	121.309258
34013.000000	489510.000000	7438.864948	120.592612
34314.000000	494175.000000	7888.111226	144.874573
34615.000000	498795.000000	7596.930130	121.628619
34916.000000	503385.000000	7272.676210	141.713026
35217.000000	507945.000000	6991.032626	120.577414
35518.000000	512505.000000	6735.572620	124.076179
35819.000000	517050.000000	6490.506238	142.114178
36120.000000	521580.000000	6262.752634	121.597668
36421.000000	526185.000000	6040.979787	121.820507
36722.000000	530745.000000	5807.067816	142.598119
37023.000000	535305.000000	5560.354571	121.706662
37324.000000	539880.000000	5337.740893	122.560176
37625.000000	544455.000000	5126.530035	142.972189
37926.000000	549030.000000	4932.433039	120.793611
38227.000000	553590.000000	4716.366405	122.598040
38528.000000	558150.000000	4507.310069	142.425979
38829.000000	562770.000000	4308.405739	121.273818
39130.000000	567375.000000	4735.420777	121.626003
39431.000000	571980.000000	4560.563628	145.204877
39732.000000	576600.000000	4366.728573	124.316977
40033.000000	581130.000000	4194.189658	144.581298
40334.000000	585660.000000	4040.045255	122.793111
40635.000000	590205.000000	3886.073509	122.830791
40936.000000	594810.000000	3717.926569	144.574561
41237.000000	599340.000000	3550.636884	121.977666
41538.000000	603915.000000	3400.507616	124.699840
41839.000000	608505.000000	3236.285618	143.069182
42140.000000	613110.000000	3072.004926	122.353654
42441.000000	617670.000000	2934.742866	122.219512
42742.000000	622320.000000	2783.189662	145.772004
43043.000000	626895.000000	2800.228403	122.316209
43344.000000	631485.000000	2673.623024	123.261414
43645.000000	636060.000000	2905.055947	142.625466
43946.000000	640635.000000	2787.006360	122.752035
44247.000000	645225.000000	2670.671258	143.657056
44548.000000	649755.000000	2560.737671	123.706589
44849.000000	654300.000000	2462.011087	120.390661
45150.000000	658860.000000	2363.392566	123.419737
45451.000000	663420.000000	2255.280124	143.802376
45752.000000	667995.000000	2155.283045	122.015065
46053.000000	672630.000000	2098.387189	142.338816
46354.000000	677160.000000	1999.489216	121.614879
46655.000000	681750.000000	1895.429037	121.569753
46956.000000	686295.000000	1810.523969	143.168602
47257.000000	690870.000000	1723.800161	121.682140
47558.000000	695400.000000	2023.955620	123.532085
47859.000000	699975.000000	1934.556890	142.275461
48160.000000	704505.000000	1854.066366	120.646148
48461.000000	709080.000000	1771.338861	120.906747
48762.000000	713640.000000	1694.038645	144.422055
49063.000000	718260.000000	1624.536697	122.882265
49364.000000	722835.000000	1553.197350	123.116782
49665.000000	727455.000000	1474.707566	142.674889
49966.000000	732060.000000	1571.169214	124.118649
50267.000000	736590.000000	1502.144093	120.050546
50568.000000	741135.000000	1440.531179	144.130926
50869.000000	745665.000000	1379.518252	124.437587
51170.000000	750285.000000	1313.057345	122.885088
51471.000000	754845.000000	1252.280515	143.415900
51772.000000	759450.000000	1196.887386	124.417481
52073.000000	764055.000000	1145.074053	145.353807
52374.000000	768585.000000	1200.448291	124.588084
52675.000000	773145.000000	1147.996798	124.866665
52976.000000	777735.000000	1095.293506	146.642499
53277.000000	782340.000000	1046.936903	125.011012
53578.000000	786900.000000	999.111759	124.831551
53879.000000	791550.000000	1006.600839	144.897415
54180.000000	796185.000000	963.788230	125.042120
54481.000000	800850.000000	921.460751	147.083229
54782.000000	805470.000000	878.254548	124.842787
55083.000000	810045.000000	836.034511	124.278642
55384.000000	814590.000000	795.237482	145.305538
55685.000000	819165.000000	751.763637	125.520712
55986.000000	823755.000000	712.768915	144.444212
56287.000000	828345.000000	762.066064	124.889927
56588.000000	832890.000000	723.443741	126.736705
56889.000000	837465.000000	704.280621	146.218413
57190.000000	842055.000000	669.232369	125.707034
57491.000000	846615.000000	635.662298	128.172591
57792.000000	851265.000000	606.446898	146.262044
58093.000000	855825.000000	575.707305	124.322345
58394.000000	860475.000000	561.298652	146.927655
58695.000000	865095.000000	533.084094	128.250134
58996.000000	869685.000000	505.526585	126.342749
59297.000000	874245.000000	522.935302	145.852768
59598.000000	878835.000000	497.986316	126.280111
59899.000000	883380.000000	535.427286	125.665678
60200.000000	887970.000000	511.916266	147.283287
60501.000000	892590.000000	487.599749	124.871281
60802.000000	897195.000000	465.136589	147.805569
61103.000000	901815.000000	442.315946	124.883171
61404.000000	906405.000000	421.387081	124.877465
61705.000000	911055.000000	398.456388	145.791890
62006.000000	915660.000000	377.929442	125.739209
62307.000000	920235.000000	357.300428	145.609955
62608.000000	924795.000000	368.426874	125.814420
62909.000000	929385.000000	362.654736	124.510025
63210.000000	934050.000000	345.739976	144.201851
63511.000000	938625.000000	329.054587	122.583898
63812.000000	943230.000000	313.811715	122.898550
64113.000000	947835.000000	297.073690	142.634074
64414.000000	952395.000000	283.058754	122.668027
64715.000000	956970.000000	269.026013	142.767903
65016.000000	961530.000000	273.750267	123.043885
65317.000000	966075.000000	263.434073	121.864100
65618.000000	970620.000000	250.285625	122.439143
65919.000000	975165.000000	253.780926	142.295180
66220.000000	979755.000000	241.521635	122.558139
66521.000000	984300.000000	230.815921	122.656024
66822.000000	988920.000000	239.916917	142.001648
67123.000000	993555.000000	253.718237	123.649488
67424.000000	998160.000000	243.866622	142.948122
67725.000000	1002720.000000	233.158310	121.700323
68026.000000	1007280.000000	254.619259	120.290004
68327.000000	1011870.000000	244.487600	141.315011
68628.000000	1016490.000000	234.948577	121.966065
68929.000000	1021065.000000	225.899631	140.023144
69230.000000	1025625.000000	216.337006	121.255551
69531.000000	1030230.000000	205.987425	120.577542
69832.000000	1034820.000000	195.937379	140.945468
70133.000000	1039350.000000	186.712621	121.972669
70434.000000	1043940.000000	180.702636	121.269414
70735.000000	1048515.000000	171.615419	139.862632
71036.000000	1053135.000000	163.419526	120.471845
71337.000000	1057755.000000	198.459753	142.571695
71638.000000	1062360.000000	191.362794	119.548830
71939.000000	1066980.000000	183.733883	122.149482
72240.000000	1071540.000000	192.750506	139.279467
72541.000000	1076100.000000	185.745238	120.785888
72842.000000	1080645.000000	179.045870	119.258889
73143.000000	1085175.000000	172.469538	139.280564
73444.000000	1089750.000000	165.665866	119.107958
73745.000000	1094310.000000	159.127034	120.915071
74046.000000	1098870.000000	153.747102	139.584501
74347.000000	1103505.000000	148.059643	120.821599
74648.000000	1108110.000000	142.987804	119.928481
74949.000000	1112685.000000	138.047270	138.001578
75250.000000	1117290.000000	132.830505	117.734936
75551.000000	1121835.000000	127.577490	136.368762
75852.000000	1126380.000000	123.010528	117.446636
76153.000000	1131015.000000	118.019676	120.329287
76454.000000	1135545.000000	113.344267	136.817731
76755.000000	1140105.000000	108.782642	117.483772
77056.000000	1144680.000000	104.362277	119.218341
77357.000000	1149300.000000	100.053220	135.781346
77658.000000	1153830.000000	 96.033609	118.933378
77959.000000	1158390.000000	 92.408230	118.255793
78260.000000	1162965.000000	 89.119903	138.428704
78561.000000	1167540.000000	 85.359264	117.851073
78862.000000	1172160.000000	 81.507609	117.431170
79163.000000	1176735.000000	 77.727438	134.207696
79464.000000	1181325.000000	 74.002634	118.797523
79765.000000	1185945.000000	 86.702381	136.063110
80066.000000	1190580.000000	 82.998463	119.689644
80367.000000	1195185.000000	 79.167902	116.877732
80668.000000	1199715.000000	 75.863449	136.871866
80969.000000	1204335.000000	 72.813227	117.244228
81270.000000	1208985.000000	 69.780128	135.924357
81571.000000	1213575.000000	 66.816012	115.610624
81872.000000	1218165.000000	 63.658046	116.542225
82173.000000	1222785.000000	 60.739623	135.319520
82474.000000	1227375.000000	 57.823372	116.572075
82775.000000	1231950.000000	 54.862921	117.108497
83076.000000	1236585.000000	 51.726610	134.735131
83377.000000	1241175.000000	 48.946428	116.626692
83678.000000	1245780.000000	 46.332637	135.672084
83979.000000	1250325.000000	 46.729536	117.188791
84280.000000	1254915.000000	 45.911464	116.934915
84581.000000	1259490.000000	 57.608858	136.771985
84882.000000	1264020.000000	 55.305488	118.329948
85183.000000	1268580.000000	 57.632003	118.003486
85484.000000	1273230.000000	 55.444213	136.349409
85785.000000	1277775.000000	 55.963115	117.321669
86086.000000	1282335.000000	 66.572858	117.740357
86387.000000	1286910.000000	 64.476361	137.262377
86688.000000	1291470.000000	 74.564303	119.352650
86989.000000	1296075.000000	 75.493130	135.172330
87290.000000	1300650.000000	 94.254048	116.949995
87591.000000	1305270.000000	 92.057864	118.351290
87892.000000	1309845.000000	103.029866	137.109052
88193.000000	1314405.000000	109.375181	116.200132
88494.000000	1318980.000000	127.075275	117.988963
88795.000000	1323495.000000	124.647583	136.647265
89096.000000	1328100.000000	121.952113	116.915631
89397.000000	1332720.000000	119.014471	116.001961
89698.000000	1337310.000000	116.097333	137.315432
89999.000000	1341870.000000	113.098154	117.857506
90300.000000	1346430.000000	111.475059	117.100493
90601.000000	1350990.000000	108.327819	137.023971
90902.000000	1355580.000000	110.055496	117.261547
91203.000000	1360185.000000	166.410694	136.193297
91504.000000	1364730.000000	163.103932	117.444185
91805.000000	1369335.000000	159.474486	117.289125
92106.000000	1373910.000000	155.715461	135.988322
92407.000000	1378440.000000	152.078546	117.347903
92708.000000	1383060.000000	148.025461	116.557182
93009.000000	1387620.000000	144.080974	136.937018
93310.000000	1392210.000000	139.822605	117.069384
93611.000000	1396845.000000	135.885706	118.029739
93912.000000	1401435.000000	131.490909	137.661018
94213.000000	1405980.000000	127.471796	117.397681
94514.000000	1410555.000000	127.989044	137.283266
94815.000000	1415130.000000	148.682084	117.837199
95116.000000	1419750.000000	143.913927	118.949780
95417.000000	1424400.000000	154.119804	137.366937
95718.000000	1428990.000000	149.632485	116.887024
96019.000000	1433535.000000	144.789104	118.853363
96320.000000	1438155.000000	139.945475	138.702891
96621.000000	1442700.000000	135.355859	117.604629
96922.000000	1447275.000000	179.949062	138.047192
97223.000000	1451850.000000	174.850923	120.044837
97524.000000	1456380.000000	170.198794	121.378630
97825.000000	1460970.000000	164.788336	143.512501
98126.000000	1465545.000000	159.999972	120.518713
98427.000000	1470120.000000	154.922838	119.050709
98728.000000	1474680.000000	181.496237	138.168417
99029.000000	1479210.000000	175.545279	119.905025
99330.000000	1483755.000000	193.437851	119.123613
99631.000000	1488315.000000	188.278561	138.055674
99932.000000	1492845.000000	184.711998	119.009871
100233.000000	1497450.000000	199.256659	117.366189
100534.000000	1502115.000000	193.641049	138.818174
100835.000000	1506765.000000	188.368147	117.433634
101136.000000	1511340.000000	183.006417	117.782271
101437.000000	1515855.000000	201.996400	137.450641
101738.000000	1520415.000000	196.371133	117.265738
102039.000000	1524960.000000	190.344788	117.945930
102340.000000	1529490.000000	184.790286	137.931704
102641.000000	1534110.000000	178.526159	118.815765
102942.000000	1538625.000000	173.447074	117.877167
103243.000000	1543185.000000	168.222446	138.426212
103544.000000	1547760.000000	183.077090	118.992718
103845.000000	1552305.000000	177.248393	119.340649
104146.000000	1556910.000000	171.850828	136.109320
104447.000000	1561425.000000	166.532385	117.496881
104748.000000	1566000.000000	160.846378	117.806298
105049.000000	1570545.000000	154.810026	137.451283
105350.000000	1575150.000000	148.687876	118.124689
105651.000000	1579815.000000	143.192191	137.951288
105952.000000	1584405.000000	148.301003	118.758268
106253.000000	1588965.000000	147.962437	117.195263
106554.000000	1593600.000000	167.847088	137.883802
106855.000000	1598250.000000	162.925633	120.047791
107156.000000	1602795.000000	168.138941	137.989120
107457.000000	1607460.000000	162.434258	119.883440
107758.000000	1611990.000000	157.331017	119.373047
108059.000000	1616610.000000	151.320480	137.488370
108360.000000	1621200.000000	146.075261	117.589279
108661.000000	1625745.000000	140.497306	117.954831
108962.000000	1630305.000000	134.855275	137.649812
109263.000000	1634895.000000	129.426612	118.641274
109564.000000	1639455.000000	127.768855	117.814286
109865.000000	1644105.000000	163.648093	138.139586
110166.000000	1648695.000000	158.282291	120.754198
110467.000000	1653225.000000	153.078668	139.299633
110768.000000	1657800.000000	147.467918	118.405102
111069.000000	1662390.000000	142.600921	118.252188
111370.000000	1666995.000000	137.818641	140.321812
111671.000000	1671570.000000	132.467007	119.358062
111972.000000	1676205.000000	127.364261	118.426282
112273.000000	1680735.000000	122.424742	137.768162
112574.000000	1685310.000000	117.365492	118.103277
112875.000000	1689915.000000	111.958647	137.193115
113176.000000	1694505.000000	107.053615	120.310577
113477.000000	1699065.000000	102.621460	118.978191
113778.000000	1703640.000000	107.087957	136.578314
114079.000000	1708245.000000	102.469114	119.175843
114380.000000	1712955.000000	 97.714218	139.103963
114681.000000	1717545.000000	104.599557	117.059487
114982.000000	1722135.000000	100.205776	117.650686
115283.000000	1726755.000000	 96.101995	138.982123
115584.000000	1731330.000000	 91.878022	119.298539
115885.000000	1735905.000000	 88.015051	119.346199
116186.000000	1740465.000000	 85.463420	138.615810
116487.000000	1745025.000000	 81.635322	117.383478
116788.000000	1749630.000000	 77.847494	120.660827
117089.000000	1754160.000000	 85.773463	137.086422
117390.000000	1758690.000000	 94.840611	118.111580
117691.000000	1763265.000000	 91.199756	117.486656
117992.000000	1767825.000000	 87.714080	136.032419
118293.000000	1772355.000000	 91.934535	118.110342
118594.000000	1776930.000000	 96.820716	118.577341
118895.000000	1781475.000000	 93.566462	136.654573
119196.000000	1786095.000000	 90.027031	118.010695
119497.000000	1790685.000000	 90.141341	118.620615
119798.000000	1795275.000000	 86.995564	137.590482
120099.000000	1799835.000000	 83.889510	117.376507
120400.000000	1804440.000000	 80.419297	135.915057
120701.000000	1809030.000000	 76.908065	118.295208
121002.000000	1813545.000000	105.426273	116.792746
121303.000000	1818135.000000	102.238382	136.270187
121604.000000	1822725.000000	 99.046936	116.804454
121905.000000	1827315.000000	 98.063565	117.145815
122206.000000	1831935.000000	 94.869697	134.630228
122507.000000	1836555.000000	 91.712077	115.928246
122808.000000	1841115.000000	 88.645044	135.041670
123109.000000	1845705.000000	 85.745770	118.731068
123410.000000	1850265.000000	 82.948431	118.116375
123711.000000	1854930.000000	 80.041763	138.696153
124012.000000	1859640.000000	 76.987399	118.248554
124313.000000	1864155.000000	 74.211474	136.049739
124614.000000	1868700.000000	 71.354739	116.402353
124915.000000	1873275.000000	 88.491613	116.653849
125216.000000	1877835.000000	 85.486063	135.179468
125517.000000	1882380.000000	 82.559479	114.832173
125818.000000	1886955.000000	 79.566375	116.726412
126119.000000	1891560.000000	 76.673939	135.245321
126420.000000	1896135.000000	 73.750509	116.456392
126721.000000	1900710.000000	 71.069179	117.671772
127022.000000	1905255.000000	 68.432158	136.607930
127323.000000	1909830.000000	 79.248762	116.628439
127624.000000	1914345.000000	 76.658008	117.614580
127925.000000	1918920.000000	 74.253486	136.912568
128226.000000	1923540.000000	 71.461328	117.056945
128527.000000	1928115.000000	 74.913408	116.269882
128828.000000	1932735.000000	 72.395752	136.984568
129129.000000	1937280.000000	 69.786164	119.206709
129430.000000	1941870.000000	 67.354686	116.570193
129731.000000	1946430.000000	 64.756011	137.466292
130032.000000	1951005.000000	 62.283062	116.261795
130333.000000	1955565.000000	 59.984242	117.620461
130634.000000	1960200.000000	 57.774031	136.998183
130935.000000	1964790.000000	 55.533899	118.405533
131236.000000	1969380.000000	 53.303185	135.576424
131537.000000	1973910.000000	 51.144271	116.256179
131838.000000	1978425.000000	 50.048401	116.583599
132139.000000	1983075.000000	 47.690704	137.175377
132440.000000	1987650.000000	 54.717286	116.830195
132741.000000	1992195.000000	 52.505973	118.172617
133042.000000	1996755.000000	 50.564180	136.477935
133343.000000	2001285.000000	 48.307134	118.048286
133644.000000	2005830.000000	 49.550557	117.810546
133945.000000	2010435.000000	 47.566888	137.680269
134246.000000	2015010.000000	 56.001056	117.053917
134547.000000	2019555.000000	 53.953265	118.124081
134848.000000	2024130.000000	 52.004466	137.581605
135149.000000	2028720.000000	 50.125810	118.207411
135450.000000	2033280.000000	 48.284606	117.045837
135751.000000	2037870.000000	 46.518878	136.837130
136052.000000	2042445.000000	 44.806789	117.579655
136353.000000	2047050.000000	 43.057866	136.148699
136654.000000	2051610.000000	 41.305581	118.452275
136955.000000	2056200.000000	 39.698936	117.705692
137256.000000	2060820.000000	 39.773160	136.747997
137557.000000	2065425.000000	 45.144486	118.088568
137858.000000	2070000.000000	 43.555945	118.154748
138159.000000	2074560.000000	 41.963654	137.039357
138460.000000	2079210.000000	 40.829714	118.186662
138761.000000	2083740.000000	 53.628317	118.227566
139062.000000	2088345.000000	 52.145336	134.789351
139363.000000	2092920.000000	 50.683659	116.590814
139664.000000	2097495.000000	 49.084329	136.212726
139965.000000	2102100.000000	 48.572397	116.191270
140266.000000	2106705.000000	 68.892074	115.326288
140567.000000	2111325.000000	 67.448657	135.638958
140868.000000	2115915.000000	 65.850126	115.824894
141169.000000	2120460.000000	 64.241536	115.610698
141470.000000	2125050.000000	 62.669132	133.688146
141771.000000	2129610.000000	 61.119723	115.437306
142072.000000	2134215.000000	 59.581666	134.929851
142373.000000	2138835.000000	 57.977838	116.054885
142674.000000	2143425.000000	 56.416275	116.464710
142975.000000	2148000.000000	 54.924443	134.652208
143276.000000	2152590.000000	 53.354901	115.170813
143577.000000	2157195.000000	 51.787536	133.287069
143878.000000	2161800.000000	 50.204470	115.785420
144179.000000	2166390.000000	 48.642757	115.445800
144480.000000	2170965.000000	 47.057260	134.803552
144781.000000	2175555.000000	 46.362922	117.746320
145082.000000	2180130.000000	 44.847395	115.159584
145383.000000	2184690.000000	 51.435532	133.789953
145684.000000	2189280.000000	 49.805783	114.512963
145985.000000	2193900.000000	 51.784375	115.440559
146286.000000	2198490.000000	 50.171159	134.255383
146587.000000	2203035.000000	 48.548904	115.322644
146888.000000	2207595.000000	 50.150099	134.665484
147189.000000	2212185.000000	 48.428595	114.537615
147490.000000	2216790.000000	 46.741116	114.637611
147791.000000	2221335.000000	 77.917260	133.720600
148092.000000	2225865.000000	 76.225504	115.898380
148393.000000	2230425.000000	 74.473947	114.493971
148694.000000	2235030.000000	 72.756569	134.201346
148995.000000	2239590.000000	 70.930141	114.649314
149296.000000	2244135.000000	 69.026560	113.672070
149597.000000	2248665.000000	 67.133592	133.768474
149898.000000	2253345.000000	 92.878630	112.810339
150199.000000	2257905.000000	 91.116132	113.503250
150500.000000	2262465.000000	 89.195609	132.443769
150801.000000	2267025.000000	 87.447419	114.803262
151102.000000	2271645.000000	 85.611349	114.124465
151403.000000	2276190.000000	 83.859443	133.258710
151704.000000	2280810.000000	 81.953521	113.784495
152005.000000	2285340.000000	 79.971024	113.763023
152306.000000	2289915.000000	 77.850454	130.704559
152607.000000	2294475.000000	 75.835413	111.743954
152908.000000	2299020.000000	 73.942353	113.643819
153209.000000	2303610.000000	 71.919089	131.697525
153510.000000	2308125.000000	 69.887007	115.179685
153811.000000	2312715.000000	 67.873063	131.660221
154112.000000	2317335.000000	 65.880205	113.195110
154413.000000	2321985.000000	 68.053358	113.093507
154714.000000	2326575.000000	 85.261460	131.507268
155015.000000	2331210.000000	 83.168841	113.528068
155316.000000	2335830.000000	 81.024845	131.231474
155617.000000	2340390.000000	 78.804658	113.323365
155918.000000	2345040.000000	 76.569291	112.069187
156219.000000	2349645.000000	 74.187280	130.928364
156520.000000	2354205.000000	 71.866058	112.596102
156821.000000	2358750.000000	 69.439351	113.546586
157122.000000	2363325.000000	 66.693279	131.282463
157423.000000	2367900.000000	 87.500820	112.604347
157724.000000	2372490.000000	 85.020564	130.496753
158025.000000	2377065.000000	 82.550162	112.491307
158326.000000	2381670.000000	 80.089782	111.769843
158627.000000	2386245.000000	109.096093	130.066592
158928.000000	2390805.000000	106.493372	112.732671
159229.000000	2395395.000000	103.838765	113.630081
159530.000000	2400000.000000	101.166195	130.638901
159831.000000	2404560.000000	 98.477339	112.877392
160132.000000	2409105.000000	 95.771505	111.677226
160433.000000	2413695.000000	 99.248673	130.356587
160734.000000	2418270.000000	 96.548646	114.212737
161035.000000	2422830.000000	119.214358	113.848259
161336.000000	2427405.000000	116.122264	132.121905
161637.000000	2432010.000000	113.009509	112.857801
161938.000000	2436555.000000	110.186288	130.622369
162239.000000	2441115.000000	107.168676	110.923908
162540.000000	2445675.000000	103.955399	114.600898
162841.000000	2450325.000000	116.911062	130.404905
163142.000000	2454885.000000	115.496437	112.952232
163443.000000	2459490.000000	112.311364	111.747802
163744.000000	2464050.000000	109.298337	130.391246
164045.000000	2468595.000000	106.300438	112.608562
164346.000000	2473155.000000	103.111616	113.673291
164647.000000	2477760.000000	 99.613805	131.595531
164948.000000	2482335.000000	 95.993330	111.300540
165249.000000	2486970.000000	 92.692959	130.652985
165550.000000	2491575.000000	132.783939	111.842945
165851.000000	2496195.000000	129.480075	111.648288
166152.000000	2500845.000000	131.313833	129.945006
166453.000000	2505435.000000	128.154807	112.205106
166754.000000	2510010.000000	124.418704	130.563441
167055.000000	2514585.000000	130.739435	112.009764
167356.000000	2519160.000000	126.835831	111.016977
167657.000000	2523720.000000	122.977317	131.743698
167958.000000	2528280.000000	119.209075	111.652788
168259.000000	2532825.000000	115.151952	111.637768
168560.000000	2537400.000000	111.335492	130.611341
168861.000000	2542005.000000	139.979879	111.879996
169162.000000	2546565.000000	135.854817	113.002597
169463.000000	2551140.000000	141.248013	131.207431
169764.000000	2555685.000000	137.479317	112.721158
170065.000000	2560290.000000	155.775816	112.953258
170366.000000	2564895.000000	151.713467	132.414076
170667.000000	2569440.000000	147.831489	112.013084
170968.000000	2573970.000000	143.653403	111.453681
171269.000000	2578560.000000	147.969634	131.896568
171570.000000	2583150.000000	144.113904	113.239208
171871.000000	2587710.000000	139.814747	111.940660
172172.000000	2592300.000000	135.370364	132.004759
172473.000000	2596920.000000	141.668873	111.775192
172774.000000	2601510.000000	137.531008	131.642468
173075.000000	2606100.000000	133.595939	113.160893
173376.000000	2610675.000000	154.443063	113.045852
173677.000000	2615265.000000	150.278934	132.005540
173978.000000	2619840.000000	146.091331	112.492280
174279.000000	2624415.000000	141.840922	112.717654
174580.000000	2628975.000000	137.591788	131.525546
174881.000000	2633520.000000	133.048816	114.160912
175182.000000	2638140.000000	139.501062	113.679173
175483.000000	2642655.000000	135.069273	131.802284
175784.000000	2647230.000000	131.761687	114.534148
176085.000000	2651820.000000	127.396534	115.654123
176386.000000	2656395.000000	132.277981	132.929827
176687.000000	2660970.000000	127.743550	117.370793
176988.000000	2665560.000000	130.534275	133.216178
177289.000000	2670165.000000	158.108761	114.836542
177590.000000	2674770.000000	153.557005	113.259830
177891.000000	2679330.000000	148.744488	134.315072
178192.000000	2683935.000000	144.275590	115.326602
178493.000000	2688510.000000	139.532041	115.852137
178794.000000	2693100.000000	134.640873	133.833300
179095.000000	2697690.000000	129.681396	115.153120
179396.000000	2702220.000000	223.036079	115.032069
179697.000000	2706825.000000	218.090105	134.351961
179998.000000	2711445.000000	213.211657	114.944731
180299.000000	2716035.000000	208.686375	133.688624
180600.000000	2720580.000000	204.004464	115.224621
180901.000000	2725140.000000	199.271680	114.706636
181202.000000	2729730.000000	194.613764	132.795498
181503.000000	2734275.000000	189.809729	115.192424
181804.000000	2738835.000000	184.745259	115.589961
182105.000000	2743425.000000	179.340255	134.106626
182406.000000	2748030.000000	173.984857	115.249123
182707.000000	2752620.000000	171.789277	115.134398
183008.000000	2757165.000000	180.069435	132.899876
183309.000000	2761755.000000	206.675131	113.841851
183610.000000	2766315.000000	201.228462	133.342382
183911.000000	2770875.000000	195.284393	115.186440
184212.000000	2775420.000000	189.824236	115.232401
184513.000000	2780040.000000	184.243607	132.049655
184814.000000	2784615.000000	201.051532	116.384411
185115.000000	2789160.000000	195.050774	115.800839
185416.000000	2793720.000000	189.455861	135.494629
185717.000000	2798250.000000	195.345197	116.949491
186018.000000	2802840.000000	189.713720	115.628941
186319.000000	2807370.000000	184.369344	134.989100
186620.000000	2811930.000000	185.977873	116.679503
186921.000000	2816640.000000	184.344448	116.406705
187222.000000	2821185.000000	178.514677	134.279231
187523.000000	2825745.000000	212.728488	115.336474
187824.000000	2830335.000000	207.402452	116.139440
188125.000000	2834910.000000	201.852800	134.454043
188426.000000	2839500.000000	196.155538	115.595346
188727.000000	2844075.000000	189.971880	137.937158
189028.000000	2848650.000000	184.513866	115.381450
189329.000000	2853225.000000	191.476084	116.750035
189630.000000	2857815.000000	185.668569	135.451950
189931.000000	2862450.000000	180.014629	116.677600
190232.000000	2867025.000000	174.208584	115.883901
190533.000000	2871585.000000	174.170411	134.487154
190834.000000	2876130.000000	199.743044	113.902226
191135.000000	2880720.000000	193.805241	116.580618
191436.000000	2885280.000000	188.111780	136.004109
191737.000000	2889855.000000	182.728366	115.617705
192038.000000	2894400.000000	186.610546	114.069219
192339.000000	2899050.000000	179.547995	132.792388
192640.000000	2903655.000000	173.261947	115.449148
192941.000000	2908230.000000	171.588702	132.929171
193242.000000	2912850.000000	165.119895	114.795302
193543.000000	2917455.000000	159.347419	115.253211
193844.000000	2922015.000000	233.519441	134.023962
194145.000000	2926560.000000	227.815019	116.381786
194446.000000	2931105.000000	222.246842	114.977702
194747.000000	2935695.000000	216.346167	134.150627
195048.000000	2940315.000000	239.417620	114.136407
195349.000000	2944890.000000	233.348806	133.884702
195650.000000	2949465.000000	226.961511	115.581591
195951.000000	2954040.000000	220.336750	116.450640
196252.000000	2958615.000000	213.940696	135.077793
196553.000000	2963205.000000	230.374220	118.465907
196854.000000	2967855.000000	223.873352	117.009218
197155.000000	2972400.000000	217.541331	133.972078
197456.000000	2976960.000000	211.473501	116.699932
197757.000000	2981580.000000	204.823171	117.052562
198058.000000	2986200.000000	198.553614	134.797443
198359.000000	2990775.000000	192.085080	116.395034
198660.000000	2995335.000000	185.971423	136.091176
198961.000000	2999910.000000	179.825864	117.684823
199262.000000	3004470.000000	194.609979	117.416971
199563.000000	3009060.000000	188.637075	135.277214
199864.000000	3013605.000000	181.955972	116.562485
200165.000000	3018150.000000	189.413585	115.470658
200466.000000	3022725.000000	183.211161	135.575214
200767.000000	3027270.000000	176.493376	116.943778
201068.000000	3031830.000000	170.492288	117.377957
201369.000000	3036420.000000	164.378566	135.668473
201670.000000	3041040.000000	157.629360	119.060457
201971.000000	3045645.000000	151.613123	118.719606
202272.000000	3050190.000000	145.775741	138.232383
202573.000000	3054795.000000	148.654300	119.408758
202874.000000	3059340.000000	148.833769	119.588705
203175.000000	3063885.000000	151.945997	136.801953
203476.000000	3068430.000000	148.058788	117.462295
203777.000000	3073050.000000	151.745978	136.171625
204078.000000	3077655.000000	238.756311	119.402476
204379.000000	3082230.000000	233.449562	118.396228
204680.000000	3086850.000000	228.113125	135.890543
204981.000000	3091440.000000	222.968175	118.797274
205282.000000	3096000.000000	217.445011	117.301071
205583.000000	3100575.000000	211.604111	135.965748
205884.000000	3105180.000000	205.751105	118.593921
206185.000000	3109785.000000	199.871508	136.385783
206486.000000	3114345.000000	194.167581	117.984353
206787.000000	3118935.000000	188.867423	119.680312
207088.000000	3123480.000000	190.556946	137.421618
207389.000000	3128070.000000	185.420737	118.820902
207690.000000	3132630.000000	179.824024	119.481026
207991.000000	3137190.000000	174.446041	137.732061
208292.000000	3141765.000000	169.210611	118.702082
208593.000000	3146340.000000	163.803463	120.502980
208894.000000	3150975.000000	158.567503	138.505862
209195.000000	3155535.000000	153.256566	117.815660
209496.000000	3160140.000000	148.241693	116.980590
209797.000000	3164685.000000	142.780954	136.504000
210098.000000	3169245.000000	137.838126	118.009037
210399.000000	3173895.000000	140.380498	136.362827
210700.000000	3178455.000000	135.938400	117.650320
211001.000000	3183075.000000	130.985811	116.789634
211302.000000	3187695.000000	143.365267	137.793125
211603.000000	3192300.000000	138.693161	119.163743
211904.000000	3196920.000000	134.084426	136.051871
212205.000000	3201525.000000	129.543730	118.195832
212506.000000	3206100.000000	124.562471	117.141306
212807.000000	3210735.000000	121.983574	136.471457
213108.000000	3215325.000000	137.684052	117.469353
213409.000000	3219870.000000	133.165205	117.173145
213710.000000	3224430.000000	128.397822	136.510444
214011.000000	3229005.000000	124.543203	118.767549
214312.000000	3233625.000000	119.723959	138.701218
214613.000000	3238170.000000	115.383507	118.558239
214914.000000	3242730.000000	111.219849	119.657990
215215.000000	3247290.000000	120.283229	138.062492
215516.000000	3251940.000000	115.803170	118.121114
215817.000000	3256530.000000	111.250717	118.745002
216118.000000	3261090.000000	118.034770	138.482375
216419.000000	3265710.000000	113.969894	119.811640
216720.000000	3270330.000000	109.980217	138.145418
217021.000000	3274935.000000	105.891911	119.295937
217322.000000	3279465.000000	101.667013	119.052286
217623.000000	3284040.000000	 97.572820	136.835366
217924.000000	3288615.000000	 93.510182	118.000583
218225.000000	3293220.000000	 89.487465	118.798745
218526.000000	3297750.000000	 87.034907	135.668342
218827.000000	3302295.000000	 83.664700	119.578549
219128.000000	3306900.000000	 80.181640	119.100191
219429.000000	3311490.000000	 85.157629	138.233656
219730.000000	3316125.000000	 85.215073	120.734737
220031.000000	3320745.000000	 81.690201	136.201728
220332.000000	3325305.000000	 93.876670	118.897351
220633.000000	3329880.000000	 90.679314	119.081607
220934.000000	3334440.000000	 87.848637	137.801510
221235.000000	3338970.000000	 85.110873	120.234279
221536.000000	3343545.000000	 82.193533	117.297371
221837.000000	3348105.000000	 79.405031	137.536988
222138.000000	3352725.000000	 76.843435	117.219720
222439.000000	3357345.000000	 74.240024	118.944092
222740.000000	3361920.000000	 71.717284	138.593136
223041.000000	3366495.000000	 68.983813	120.490726
223342.000000	3371100.000000	 70.965928	120.126531
223643.000000	3375675.000000	 68.864389	138.473352
223944.000000	3380250.000000	 71.991965	118.677930
224245.000000	3384810.000000	 69.698144	135.646811
224546.000000	3389355.000000	 67.434792	117.472955
224847.000000	3393945.000000	 65.106775	117.716945
225148.000000	3398490.000000	 62.808162	136.251026
225449.000000	3403110.000000	 65.341079	116.534582
225750.000000	3407745.000000	 63.985028	117.474238
226051.000000	3412320.000000	 71.520469	137.148555
226352.000000	3416940.000000	 69.230421	117.671499
226653.000000	3421500.000000	 66.860519	118.021214
226954.000000	3426045.000000	 70.460363	138.392193
227255.000000	3430635.000000	 68.094866	118.107016
227556.000000	3435225.000000	 65.791244	137.088475
227857.000000	3439785.000000	 63.532841	118.035087
228158.000000	3444345.000000	 61.438548	117.529699
228459.000000	3448920.000000	 59.286430	137.767841
228760.000000	3453480.000000	 57.075417	117.764304
229061.000000	3458040.000000	 54.893255	118.159063
229362.000000	3462615.000000	 52.943760	138.298927
229663.000000	3467175.000000	 57.363389	117.793899
229964.000000	3471705.000000	 55.256911	117.477641
230265.000000	3476310.000000	 53.300297	137.438592
230566.000000	3480930.000000	 51.347257	117.995394
230867.000000	3485520.000000	 49.551710	119.359562
231168.000000	3490080.000000	 47.717328	137.085403
231469.000000	3494685.000000	 45.942418	117.043084
231770.000000	3499290.000000	 44.314179	135.578390
232071.000000	3503895.000000	 42.746269	116.461874
232372.000000	3508440.000000	 41.279740	117.245887
232673.000000	3513000.000000	 41.252058	136.299842
232974.000000	3517545.000000	 39.836949	118.292935
233275.000000	3522090.000000	 38.381007	116.047456
233576.000000	3526725.000000	 36.946584	134.178324
233877.000000	3531330.000000	 35.634369	116.921227
234178.000000	3535875.000000	 34.280203	117.941816
234479.000000	3540510.000000	 32.964963	136.710962
234780.000000	3545145.000000	 31.691068	116.442373
235081.000000	3549675.000000	 30.393690	135.121938
235382.000000	3554310.000000	 29.020273	117.122564
235683.000000	3558930.000000	 28.316150	115.872654
235984.000000	3563505.000000	 26.911720	134.084793
236285.000000	3568095.000000	 26.756583	115.784623
236586.000000	3572640.000000	 26.721581	118.109924
236887.000000	3577185.000000	 25.143825	133.591070
237188.000000	3581775.000000	 25.122833	115.491991
237489.000000	3586395.000000	 23.681470	132.872371
237790.000000	3590955.000000	 25.202446	116.477577
238091.000000	3595575.000000	 23.880100	115.499988
238392.000000	3600150.000000	 24.574016	132.495683
238693.000000	3604740.000000	 23.889025	116.583777
238994.000000	3609330.000000	 24.275782	115.715866
239295.000000	3613875.000000	 23.144267	135.511192
239596.000000	3618450.000000	 22.332038	114.556086
239897.000000	3622995.000000	 28.131510	115.335468
240198.000000	3627570.000000	 27.124718	131.836889
240499.000000	3632160.000000	 26.079744	110.893297
240800.000000	3636810.000000	 26.657902	127.709668
241101.000000	3641385.000000	 25.695944	110.267076
241402.000000	3645945.000000	 24.812167	109.877992
241703.000000	3650505.000000	 23.959817	126.118501
242004.000000	3655050.000000	 23.137889	108.914384
242305.000000	3659625.000000	 24.848077	110.605219
242606.000000	3664140.000000	 25.983759	110.350010
242907.000000	3668760.000000	 30.151419	127.786407
243208.000000	3673350.000000	 29.260318	109.596094
243509.000000	3677910.000000	 28.392007	126.882942
243810.000000	3682485.000000	 32.697374	110.578952
244111.000000	3687075.000000	 35.609785	109.104865
244412.000000	3691680.000000	 39.265389	127.345349
244713.000000	3696240.000000	 38.252641	109.230978
245014.000000	3700800.000000	 37.235917	110.632745
245315.000000	3705345.000000	 37.104962	127.190136
245616.000000	3709920.000000	 36.045392	111.157923
245917.000000	3714465.000000	 36.381569	111.694199
246218.000000	3719040.000000	 49.551569	129.128829
246519.000000	3723675.000000	 48.316762	111.597650
246820.000000	3728265.000000	 46.989866	129.340433
247121.000000	3732810.000000	 69.070259	111.388105
247422.000000	3737445.000000	 67.757114	110.288318
247723.000000	3742080.000000	 66.446009	130.713464
248024.000000	3746625.000000	 65.105090	112.351017
248325.000000	3751185.000000	 63.657856	111.141530
248626.000000	3755760.000000	 66.246492	129.353806
248927.000000	3760320.000000	 64.697225	112.275276
249228.000000	3764880.000000	 63.160486	113.534648
249529.000000	3769440.000000	 64.589514	129.636852
249830.000000	3774090.000000	 70.046085	113.348062
250131.000000	3778665.000000	 68.782525	130.975983
250432.000000	3783195.000000	 66.954654	114.628760
250733.000000	3787785.000000	 65.070268	113.699662
251034.000000	3792345.000000	 63.313396	131.874312
251335.000000	3796905.000000	 61.242146	112.609586
251636.000000	3801480.000000	 80.561102	116.003647
251937.000000	3806070.000000	 78.372393	131.611547
252238.000000	3810645.000000	 76.758598	118.591303
252539.000000	3815205.000000	 74.471676	114.520029
252840.000000	3819795.000000	 71.936865	133.263602
253141.000000	3824385.000000	 86.456590	116.924953
253442.000000	3828930.000000	 84.084560	115.017023
253743.000000	3833550.000000	 81.636804	133.860200
254044.000000	3838140.000000	 83.228162	117.151047
254345.000000	3842685.000000	 80.920355	116.390270
254646.000000	3847230.000000	 78.486209	135.292928
254947.000000	3851775.000000	 77.331890	115.439973
255248.000000	3856320.000000	 77.953014	114.238980
255549.000000	3860850.000000	 75.367220	136.590875
255850.000000	3865410.000000	 93.498506	116.551524
256151.000000	3869955.000000	 90.400548	118.046612
256452.000000	3874470.000000	 89.161757	135.830781
256753.000000	3879030.000000	 90.161368	117.557061
257054.000000	3883545.000000	109.810610	117.079940
257355.000000	3888195.000000	106.714551	134.308952
257656.000000	3892755.000000	103.373638	118.320474
257957.000000	3897330.000000	129.142308	115.782640
258258.000000	3901860.000000	125.868111	134.380638
258559.000000	3906405.000000	122.605876	117.689399
258860.000000	3910980.000000	119.298547	119.006896
259161.000000	3915600.000000	115.977172	136.626356
259462.000000	3920205.000000	112.621073	117.801519
259763.000000	3924810.000000	116.492577	135.758654
260064.000000	3929430.000000	120.826288	117.125822
260365.000000	3933990.000000	117.377235	120.286164
260666.000000	3938595.000000	113.647348	137.752350
260967.000000	3943155.000000	109.753807	120.785961
261268.000000	3947730.000000	105.844625	119.623687
261569.000000	3952350.000000	101.982341	139.179589
261870.000000	3956910.000000	 99.809719	121.385646
262171.000000	3961485.000000	104.265880	121.523311
262472.000000	3966060.000000	100.677999	140.440961
262773.000000	3970680.000000	107.405223	122.741521
263074.000000	3975225.000000	117.801243	139.477359
263375.000000	3979770.000000	141.277288	119.543042
263676.000000	3984330.000000	137.447020	121.719629
263977.000000	3988905.000000	137.947078	138.440366
264278.000000	3993480.000000	133.949189	118.475910
264579.000000	3998040.000000	129.729338	120.732905
264880.000000	4002630.000000	125.440454	142.931591
265181.000000	4007175.000000	142.925574	120.503262
265482.000000	4011735.000000	138.628848	121.309314
265783.000000	4016295.000000	134.074618	139.051877
266084.000000	4020840.000000	129.649415	121.099029
266385.000000	4025415.000000	132.514514	121.394485
266686.000000	4029990.000000	128.136190	143.137425
266987.000000	4034550.000000	130.608323	124.845804
267288.000000	4039215.000000	125.962836	121.524820
267589.000000	4043790.000000	138.761243	142.619782
267890.000000	4048335.000000	133.920376	124.322673
268191.000000	4053015.000000	143.268975	146.377913
268492.000000	4057665.000000	138.656607	125.671250
268793.000000	4062210.000000	133.716249	125.292706
269094.000000	4066755.000000	132.324148	147.136788
269395.000000	4071405.000000	132.110500	124.698306
269696.000000	4075935.000000	127.396685	125.193411
269997.000000	4080525.000000	126.062030	146.287469
270298.000000	4085100.000000	121.165824	124.572002
270599.000000	4089690.000000	118.080370	146.402286
270900.000000	4094235.000000	113.650645	127.281187
271201.000000	4098810.000000	129.248868	126.526336
271502.000000	4103355.000000	124.436181	146.290668
271803.000000	4107960.000000	119.222360	126.990699
272104.000000	4112565.000000	114.108659	126.301107
272405.000000	4117155.000000	109.338294	146.021066
272706.000000	4121715.000000	118.926634	127.708889
273007.000000	4126290.000000	114.513899	129.138491
273308.000000	4130865.000000	109.995828	149.217399
273609.000000	4135470.000000	105.760366	126.297219
273910.000000	4140015.000000	125.372013	128.027841
274211.000000	4144590.000000	120.318051	148.258424
274512.000000	4149195.000000	115.834979	127.277656
274813.000000	4153740.000000	111.615086	127.722128
275114.000000	4158315.000000	107.101281	146.939730
275415.000000	4162845.000000	102.816265	130.448346
275716.000000	4167450.000000	109.585811	148.109223
276017.000000	4172025.000000	114.096312	125.544596
276318.000000	4176645.000000	110.080258	127.592756
276619.000000	4181235.000000	106.108602	147.626448
276920.000000	4185810.000000	102.293253	129.079343
277221.000000	4190430.000000	 98.445487	129.021883
277522.000000	4194990.000000	 94.546289	149.006433
277823.000000	4199610.000000	101.569630	129.298795
278124.000000	4204215.000000	 97.630543	149.924184
278425.000000	4208775.000000	 93.892488	126.858966
278726.000000	4213365.000000	 91.107076	128.031240
279027.000000	4217940.000000	 87.680194	147.363765
279328.000000	4222515.000000	 83.788802	129.697274
279629.000000	4227045.000000	 86.666518	131.117903
279930.000000	4231665.000000	 83.320106	149.695885
280231.000000	4236330.000000	 82.742670	128.329428
280532.000000	4240920.000000	 79.368281	149.880796
280833.000000	4245480.000000	 75.776820	128.253785
281134.000000	4250055.000000	 72.416789	128.893479
281435.000000	4254630.000000	 69.229628	150.671268
281736.000000	4259190.000000	 66.106594	130.547888
282037.000000	4263765.000000	 63.207586	132.934806
282338.000000	4268325.000000	 62.576653	150.468839
282639.000000	4272930.000000	 66.394849	129.234986
282940.000000	4277505.000000	 63.640233	129.326160
283241.000000	4282110.000000	 60.946285	150.613288
283542.000000	4286625.000000	 58.303222	130.130891
283843.000000	4291185.000000	 55.760230	130.017763
284144.000000	4295775.000000	 53.501883	152.203266
284445.000000	4300335.000000	 54.111889	128.467630
284746.000000	4304925.000000	 57.962150	129.057937
285047.000000	4309500.000000	 55.813385	151.125966
285348.000000	4314060.000000	 53.650276	130.304081
285649.000000	4318635.000000	 51.528270	149.866528
285950.000000	4323180.000000	 49.422063	132.159616
286251.000000	4327785.000000	 47.488381	130.585446
286552.000000	4332405.000000	 50.916706	151.343153
286853.000000	4337040.000000	 49.060391	128.873688
287154.000000	4341630.000000	 47.079002	129.994632
287455.000000	4346310.000000	 45.174059	150.372816
287756.000000	4350975.000000	 43.770374	130.865478
288057.000000	4355550.000000	 44.132807	151.242698
288358.000000	4360215.000000	 42.320449	130.856534
288659.000000	4364760.000000	 40.586241	152.385245
288960.000000	4369395.000000	 42.139730	131.251519
289261.000000	4374000.000000	 40.492397	131.148966
289562.000000	4378590.000000	 38.968848	149.584787
289863.000000	4383210.000000	 37.454637	130.255383
290164.000000	4387785.000000	 36.720040	152.617086
290465.000000	4392405.000000	 37.777642	132.167880
290766.000000	4397040.000000	 47.982538	131.262823
291067.000000	4401615.000000	 46.371857	151.527420
291368.000000	4406160.000000	 44.879609	128.939531
291669.000000	4410780.000000	 45.870090	128.315203
291970.000000	4415340.000000	 44.441602	149.186512
292271.000000	4419990.000000	 42.895409	128.893375
292572.000000	4424565.000000	 42.262699	150.970967
292873.000000	4429110.000000	 40.760151	128.524914
293174.000000	4433670.000000	 39.285901	128.069880
293475.000000	4438260.000000	 37.880125	148.725169
293776.000000	4442805.000000	 42.126675	128.377726
294077.000000	4447395.000000	 40.783028	127.181445
294378.000000	4451940.000000	 39.493364	147.352568
294679.000000	4456575.000000	 38.103579	129.838002
294980.000000	4461150.000000	 36.647727	126.050153
295281.000000	4465740.000000	 37.720724	145.292922
295582.000000	4470255.000000	 36.322906	126.837060
295883.000000	4474845.000000	 34.882378	125.520312
296184.000000	4479405.000000	 37.279720	145.929163
296485.000000	4483980.000000	 35.969553	128.013689
296786.000000	4488570.000000	 34.665484	144.790618
297087.000000	4493145.000000	 33.359536	126.453032
297388.000000	4497765.000000	 34.616467	125.592705
297689.000000	4502385.000000	 33.339811	148.650206
297990.000000	4506990.000000	 32.138895	126.391351
298291.000000	4511580.000000	 30.930396	126.136866
298592.000000	4516155.000000	 29.706286	147.060208
298893.000000	4520820.000000	 28.526677	126.031195
299194.000000	4525440.000000	 30.059030	147.483966
299495.000000	4530060.000000	 28.929182	124.482242
299796.000000	4534680.000000	 30.345243	146.573787
300097.000000	4539225.000000	 29.225832	125.213207
300398.000000	4543815.000000	 33.936600	125.680176
300699.000000	4548405.000000	 32.871631	144.835033
301000.000000	4552965.000000	 31.788579	125.025970
301301.000000	4557645.000000	 32.026942	125.010153
301602.000000	4562205.000000	 36.583092	144.494474
301903.000000	4566765.000000	 35.574368	128.497945
302204.000000	4571325.000000	 34.537478	123.081752
302505.000000	4575900.000000	 33.502063	145.362938
302806.000000	4580490.000000	 32.481708	124.437609
303107.000000	4585080.000000	 31.465348	146.174594
303408.000000	4589655.000000	 30.456262	126.645092
303709.000000	4594185.000000	 31.001578	123.316738
304010.000000	4598790.000000	 30.004719	143.907526
304311.000000	4603410.000000	 29.056025	124.701718
304612.000000	4607970.000000	 34.043306	124.864809
304913.000000	4612590.000000	 33.075060	143.798725
305214.000000	4617180.000000	 32.092878	125.839833
305515.000000	4621770.000000	 31.088746	144.944368
305816.000000	4626360.000000	 30.091042	124.681528
306117.000000	4630920.000000	 29.106127	124.652223
306418.000000	4635585.000000	 28.148620	143.975342
306719.000000	4640190.000000	 27.186366	123.727088
307020.000000	4644750.000000	 31.444693	124.991987
307321.000000	4649325.000000	 30.501196	142.207161
307622.000000	4653870.000000	 29.529354	123.513591
307923.000000	4658430.000000	 32.653939	122.895381
308224.000000	4662990.000000	 31.705405	144.739650
308525.000000	4667565.000000	 30.752748	125.260020
308826.000000	4672170.000000	 29.761291	146.776736
309127.000000	4676760.000000	 28.824539	126.363094
309428.000000	4681350.000000	 27.884331	124.063782
309729.000000	4685970.000000	 27.435299	145.650851
310030.000000	4690545.000000	 33.471690	125.013496
310331.000000	4695150.000000	 32.574407	124.477658
310632.000000	4699710.000000	 31.677150	145.511230
310933.000000	4704285.000000	 36.137620	125.593498
311234.000000	4708875.000000	 35.256694	144.995901
311535.000000	4713420.000000	 34.398431	126.464809
311836.000000	4718025.000000	 33.543512	127.682032
312137.000000	4722630.000000	 32.688421	148.973280
312438.000000	4727250.000000	 31.841460	127.151867
312739.000000	4731825.000000	 30.999376	127.579499
313040.000000	4736475.000000	 30.122058	146.750100
313341.000000	4741050.000000	 29.262513	130.192023
313642.000000	4745670.000000	 28.452625	147.642205
313943.000000	4750260.000000	 27.617481	128.792059
314244.000000	4754790.000000	 26.749572	128.589690
314545.000000	4759365.000000	 25.876330	147.724313
314846.000000	4763910.000000	 24.981946	128.097497
315147.000000	4768515.000000	 24.082828	125.546623
315448.000000	4773045.000000	 23.229891	147.945369
315749.000000	4777650.000000	 23.709000	126.457505
316050.000000	4782270.000000	 22.867797	126.125197
316351.000000	4786815.000000	 22.039129	146.591872
316652.000000	4791390.000000	 21.689413	127.541691
316953.000000	4795935.000000	 28.707968	127.491783
317254.000000	4800510.000000	 27.888577	148.144734
317555.000000	4805115.000000	 27.020011	128.066358
317856.000000	4809705.000000	 26.156596	147.876908
318157.000000	4814310.000000	 25.298178	128.069677
318458.000000	4818945.000000	 24.462645	129.702563
318759.000000	4823520.000000	 23.634369	147.190242
319060.000000	4828110.000000	 22.784351	127.905113
319361.000000	4832685.000000	 21.935064	129.014000
319662.000000	4837275.000000	 21.115218	147.627126
319963.000000	4841925.000000	 20.303842	129.474659
320264.000000	4846470.000000	 19.511725	151.120184
320565.000000	4851060.000000	 19.026302	128.611178
320866.000000	4855635.000000	 18.258907	127.318125
321167.000000	4860210.000000	 17.528281	147.135091
321468.000000	4864785.000000	 20.711726	130.808468
321769.000000	4869360.000000	 20.027408	128.683154
322070.000000	4873980.000000	 19.351510	148.564704
322371.000000	4878555.000000	 20.187750	126.108482
322672.000000	4883175.000000	 19.473704	148.300619
322973.000000	4887735.000000	 18.774308	128.336522
323274.000000	4892295.000000	 18.074781	127.790424
323575.000000	4896870.000000	 17.393664	145.467428
323876.000000	4901445.000000	 16.753963	127.075552
324177.000000	4906020.000000	 16.120604	125.453643
324478.000000	4910565.000000	 15.503834	145.862981
324779.000000	4915185.000000	 14.885356	128.783647
325080.000000	4919775.000000	 16.387883	124.984902
325381.000000	4924350.000000	 15.774116	146.016861
325682.000000	4928880.000000	 16.780089	126.862588
325983.000000	4933410.000000	 16.198079	126.691051
326284.000000	4937985.000000	 15.638043	145.434513
326585.000000	4942560.000000	 15.087487	127.444573
326886.000000	4947075.000000	 14.538898	125.228645
327187.000000	4951695.000000	 14.103573	145.899692
327488.000000	4956210.000000	 18.295440	125.702080
327789.000000	4960770.000000	 17.769044	125.590474
328090.000000	4965315.000000	 17.257624	144.565550
328391.000000	4969890.000000	 19.511861	125.371087
328692.000000	4974435.000000	 25.841431	126.071568
328993.000000	4979010.000000	 25.337040	144.981055
329294.000000	4983630.000000	 24.824058	125.958142
329595.000000	4988190.000000	 24.318947	125.265332
329896.000000	4992735.000000	 23.822697	144.436652
330197.000000	4997310.000000	 23.327258	127.490239
330498.000000	5001885.000000	 22.832508	124.713932
330799.000000	5006415.000000	 22.345076	145.074958
331100.000000	5011005.000000	 21.855967	127.828663
331401.000000	5015580.000000	 21.363903	127.511049
331702.000000	5020185.000000	 20.875874	147.013091
332003.000000	5024805.000000	 20.393557	126.535496
332304.000000	5029335.000000	 19.915425	146.011992
332605.000000	5033910.000000	 19.440373	126.407962
332906.000000	5038470.000000	 18.958677	127.618665
333207.000000	5043075.000000	 18.474909	146.683011
333508.000000	5047665.000000	 17.993943	125.631354
333809.000000	5052225.000000	 18.142657	128.177873
334110.000000	5056830.000000	 17.664331	146.084074
334411.000000	5061435.000000	 17.181522	126.208316
334712.000000	5066055.000000	 18.713663	148.102180
335013.000000	5070630.000000	 18.211357	126.564308
335314.000000	5075190.000000	 17.716395	128.689473
335615.000000	5079765.000000	 17.683424	146.895702
335916.000000	5084325.000000	 17.179034	127.662385
336217.000000	5088930.000000	 17.034981	127.499777
336518.000000	5093505.000000	 16.537004	146.406225
336819.000000	5098050.000000	 16.032396	126.825160
337120.000000	5102685.000000	 15.515341	127.913148
337421.000000	5107275.000000	 15.297981	147.179595
337722.000000	5111910.000000	 14.773168	128.176842
338023.000000	5116485.000000	 14.246682	147.125970
338324.000000	5121105.000000	 13.718473	130.141742
338625.000000	5125665.000000	 14.714691	128.281783
338926.000000	5130285.000000	 14.170771	147.778528
339227.000000	5134845.000000	 13.625260	128.422940
339528.000000	5139465.000000	 13.075299	148.781340
339829.000000	5144010.000000	 12.518062	126.419116
340130.000000	5148600.000000	 11.961777	128.067422
340431.000000	5153130.000000	 11.409942	148.833304
340732.000000	5157720.000000	 12.144514	128.933283
341033.000000	5162265.000000	 11.628410	128.414998
341334.000000	5166870.000000	 11.117783	149.952281
341635.000000	5171475.000000	 10.993846	128.743637
341936.000000	5176005.000000	 14.247266	127.382596
342237.000000	5180580.000000	 13.761837	147.875239
342538.000000	5185185.000000	 13.285939	127.684538
342839.000000	5189775.000000	 12.820378	127.845210
343140.000000	5194410.000000	 12.369206	149.604996
343441.000000	5199150.000000	 11.925731	128.294211
343742.000000	5203725.000000	 11.485832	148.305084
344043.000000	5208315.000000	 11.054810	128.595313
344344.000000	5212830.000000	 10.636304	129.084046
344645.000000	5217480.000000	 10.221343	148.501882
344946.000000	5222040.000000	 12.939735	127.998598
345247.000000	5226630.000000	 12.536618	149.059389
345548.000000	5231235.000000	 12.138868	128.407249
345849.000000	5235810.000000	 11.750756	129.225312
346150.000000	5240400.000000	 11.369156	148.235814
346451.000000	5245005.000000	 12.258820	129.258139
346752.000000	5249640.000000	 11.882879	147.560328
347053.000000	5254215.000000	 11.510472	128.556721
347354.000000	5258775.000000	 11.140587	128.056363
347655.000000	5263365.000000	 10.770401	149.694719
347956.000000	5267955.000000	 10.454809	128.924953
348257.000000	5272545.000000	 10.090721	129.180056
348558.000000	5277135.000000	  9.726076	148.266799
348859.000000	5281710.000000	 12.346332	128.823008
349160.000000	5286300.000000	 11.985315	129.930221
349461.000000	5290845.000000	 11.620554	148.727440
349762.000000	5295420.000000	 11.258421	129.416598
350063.000000	5300010.000000	 10.900408	148.797492
350364.000000	5304540.000000	 10.540957	127.691683
350665.000000	5309205.000000	 10.182771	128.453585
350966.000000	5313840.000000	  9.826578	149.026342
351267.000000	5318400.000000	  9.465731	127.349630
351568.000000	5323035.000000	 10.395877	149.513556
351869.000000	5327580.000000	 10.030738	128.626630
352170.000000	5332200.000000	  9.663763	128.557248
352471.000000	5336775.000000	  9.347861	150.509684
352772.000000	5341365.000000	 10.696188	128.654657
353073.000000	5345940.000000	 10.322352	129.953387
353374.000000	5350470.000000	 11.300051	150.334699
353675.000000	5355045.000000	 10.917357	127.873890
353976.000000	5359635.000000	 10.533357	129.097836
354277.000000	5364240.000000	 10.149599	148.151815
354578.000000	5368770.000000	  9.763694	128.049157
354879.000000	5373300.000000	  9.466385	128.490795
355180.000000	5377860.000000	 13.139440	150.203032
355481.000000	5382420.000000	 12.750475	127.725095
355782.000000	5386995.000000	 12.363331	128.516051
356083.000000	5391600.000000	 11.970920	148.702486
356384.000000	5396205.000000	 12.582976	129.436636
356685.000000	5400780.000000	 12.190854	128.258979
356986.000000	5405460.000000	 11.797588	149.088567
357287.000000	5410050.000000	 12.626903	128.921124
357588.000000	5414625.000000	 12.230601	149.120025
357889.000000	5419155.000000	 14.238343	130.028819
358190.000000	5423805.000000	 13.847073	129.171096
358491.000000	5428425.000000	 13.455734	150.198815
358792.000000	5433060.000000	 13.100165	128.823669
359093.000000	5437635.000000	 12.707446	148.947067
359394.000000	5442150.000000	 12.296415	127.608438
359695.000000	5446755.000000	 11.881469	128.311088
359996.000000	5451315.000000	 11.697288	150.088506
360297.000000	5455890.000000	 11.279756	125.918885
360598.000000	5460465.000000	 15.625343	128.915112
360899.000000	5465085.000000	 15.210403	148.483609
361200.000000	5469660.000000	 14.795099	128.800786
361501.000000	5474250.000000	 14.384052	150.328201
361802.000000	5478780.000000	 17.045755	129.151262
362103.000000	5483370.000000	 16.634767	129.346693
362404.000000	5488020.000000	 16.215732	150.386846
362705.000000	5492625.000000	 15.790706	127.677407
363006.000000	5497215.000000	 15.360011	129.950703
363307.000000	5501775.000000	 14.926391	149.246969
363608.000000	5506365.000000	 15.618578	130.523185
363909.000000	5510940.000000	 15.176276	128.220731
364210.000000	5515500.000000	 14.731672	150.008166
364511.000000	5520105.000000	 16.184671	128.285781
364812.000000	5524650.000000	 15.703859	148.763270
365113.000000	5529255.000000	 16.428879	128.894626
365414.000000	5533830.000000	 20.524235	129.433085
365715.000000	5538405.000000	 20.023263	149.522099
366016.000000	5542995.000000	 19.520755	129.389948
366317.000000	5547585.000000	 19.008979	129.257197
366618.000000	5552145.000000	 18.492474	150.029087
366919.000000	5556780.000000	 17.963885	129.306175
367220.000000	5561355.000000	 17.427453	148.948882
367521.000000	5565900.000000	 20.278030	129.420503
367822.000000	5570460.000000	 19.726980	128.082017
368123.000000	5575020.000000	 19.161859	127.739853
368424.000000	5579610.000000	 26.004356	149.433951
368725.000000	5584200.000000	 25.436413	128.316778
369026.000000	5588805.000000	 24.858999	148.707733
369327.000000	5593380.000000	 24.277728	129.253635
369628.000000	5598045.000000	 23.681542	128.694592
369929.000000	5602635.000000	 23.060043	150.808388
370230.000000	5607165.000000	 22.430712	127.660839
370531.000000	5611740.000000	 21.791715	127.944774
370832.000000	5616390.000000	 21.110489	149.568918
371133.000000	5620965.000000	 20.472622	128.437786
371434.000000	5625540.000000	 19.750538	149.017191
371735.000000	5630130.000000	 19.036207	128.972140
372036.000000	5634690.000000	 28.633228	127.696463
372337.000000	5639325.000000	 27.926116	148.287366
372638.000000	5643870.000000	 27.214431	127.553653
372939.000000	5648460.000000	 28.093473	125.972136
373240.000000	5653035.000000	 27.373406	147.252057
373541.000000	5657580.000000	 26.619628	129.079415
373842.000000	5662170.000000	 25.841740	147.925864
374143.000000	5666715.000000	 28.502213	127.751797
374444.000000	5671290.000000	 27.706832	127.646581
374745.000000	5675880.000000	 30.545494	150.199356
375046.000000	5680410.000000	 29.715545	126.826915
375347.000000	5685015.000000	 28.870724	127.757669
375648.000000	5689635.000000	 27.973319	148.600022
375949.000000	5694165.000000	 27.126802	127.718211
376250.000000	5698695.000000	 30.128426	129.659947
376551.000000	5703285.000000	 29.232415	147.565933
376852.000000	5707845.000000	 28.308263	127.596067
377153.000000	5712405.000000	 27.363356	128.253891
377454.000000	5716965.000000	 26.423475	147.539248
377755.000000	5721525.000000	 35.609552	129.091778
378056.000000	5726085.000000	 34.680865	129.070296
378357.000000	5730705.000000	 33.713814	147.758366
378658.000000	5735355.000000	 32.721672	129.417697
378959.000000	5739945.000000	 31.755846	148.540875
379260.000000	5744520.000000	 30.810679	128.215020
379561.000000	5749065.000000	 34.356814	128.449861
379862.000000	5753580.000000	 33.370457	128.032630
380163.000000	5758200.000000	 32.387982	148.424869
380464.000000	5762730.000000	 32.467902	129.184819
380765.000000	5767365.000000	 34.409759	150.087592
381066.000000	5771955.000000	 33.388578	128.761885
381367.000000	5776515.000000	 32.389027	129.380997
381668.000000	5781075.000000	 31.420858	150.830644
381969.000000	5785605.000000	 30.466407	128.042306
382270.000000	5790150.000000	 29.468910	127.499593
382571.000000	5794755.000000	 28.430919	148.953614
382872.000000	5799300.000000	 27.405201	128.488965
383173.000000	5803935.000000	 26.440739	129.714544
383474.000000	5808555.000000	 25.471908	149.903720
383775.000000	5813130.000000	 25.864432	128.122623
384076.000000	5817720.000000	 24.900885	152.210875
384377.000000	5822310.000000	 28.158076	130.583372
384678.000000	5826915.000000	 27.251244	128.477147
384979.000000	5831475.000000	 26.335737	151.565199
385280.000000	5836050.000000	 26.845003	128.012535
385581.000000	5840580.000000	 25.933981	130.040444
385882.000000	5845230.000000	 30.174692	150.459446
386183.000000	5849760.000000	 29.245777	129.013481
386484.000000	5854320.000000	 30.672536	131.084941
386785.000000	5858850.000000	 32.861949	151.057826
387086.000000	5863455.000000	 31.990732	130.756418
387387.000000	5868000.000000	 31.147078	130.176968
387688.000000	5872605.000000	 30.310554	151.637308
387989.000000	5877165.000000	 29.461641	131.131627
388290.000000	5881755.000000	 28.608073	152.401819
388591.000000	5886420.000000	 27.785172	130.397130
388892.000000	5890965.000000	 26.997952	128.270621
389193.000000	5895525.000000	 26.203647	150.247512
389494.000000	5900145.000000	 28.733217	130.437200
389795.000000	5904705.000000	 27.896787	129.539429
390096.000000	5909280.000000	 27.052941	149.430132
390397.000000	5913870.000000	 26.236723	130.860279
390698.000000	5918475.000000	 25.414273	151.598791
390999.000000	5923050.000000	 24.638332	130.055812
391300.000000	5927700.000000	 23.902853	129.280336
391601.000000	5932245.000000	 23.188465	152.782034
391902.000000	5936790.000000	 22.503393	130.317035
392203.000000	5941440.000000	 22.016212	130.101305
392504.000000	5946015.000000	 21.346114	150.874611
392805.000000	5950620.000000	 20.695742	129.274939
393106.000000	5955225.000000	 20.048565	148.163289
393407.000000	5959800.000000	 19.396898	128.723845
393708.000000	5964390.000000	 18.755032	130.620427
394009.000000	5968950.000000	 18.100385	147.637060
394310.000000	5973525.000000	 17.455482	130.274298
394611.000000	5978070.000000	 16.836883	128.778151
394912.000000	5982645.000000	 16.219403	147.127102
395213.000000	5987205.000000	 15.581637	130.842912
395514.000000	5991765.000000	 14.930766	130.594757
395815.000000	5996325.000000	 15.069356	149.143624
396116.000000	6000900.000000	 14.452174	129.650487
396417.000000	6005460.000000	 13.838056	127.959176
396718.000000	6010020.000000	 14.336401	148.284561
397019.000000	6014580.000000	 13.728960	129.471368
397320.000000	6019125.000000	 13.124404	128.085080
397621.000000	6023715.000000	 12.523469	149.284251
397922.000000	6028320.000000	 11.932037	128.347072
398223.000000	6033000.000000	 11.340241	149.406445
398524.000000	6037545.000000	 12.227740	129.169790
398825.000000	6042135.000000	 11.655088	128.121996
399126.000000	6046665.000000	 11.100382	148.698909
399427.000000	6051315.000000	 10.558149	128.045500
399728.000000	6055905.000000	 10.035366	129.272027
400029.000000	6060510.000000	 12.375830	150.309282
400330.000000	6065130.000000	 12.456127	129.934482
400631.000000	6069690.000000	 11.971817	148.558059
400932.000000	6074295.000000	 11.502549	129.657422
401233.000000	6078885.000000	 11.046649	129.318938
401534.000000	6083445.000000	 10.602332	148.864203
401835.000000	6087960.000000	 10.163650	128.160139
402136.000000	6092610.000000	  9.739668	128.180563
402437.000000	6097185.000000	 11.556368	150.626803
402738.000000	6101760.000000	 11.165836	129.575040
403039.000000	6106320.000000	 10.780485	129.535983
403340.000000	6110925.000000	 10.398538	148.812644
403641.000000	6115500.000000	 10.023687	128.673961
403942.000000	6120150.000000	  9.648808	150.257358
404243.000000	6124740.000000	 10.442548	127.126968
404544.000000	6129330.000000	 10.072399	128.135555
404845.000000	6133890.000000	 11.554867	150.237067
405146.000000	6138450.000000	 11.195219	128.405506
405447.000000	6143070.000000	 10.841300	128.571575
405748.000000	6147630.000000	 10.493572	151.217285
406049.000000	6152205.000000	 10.145393	128.643380
406350.000000	6156750.000000	 11.599298	129.310474
406651.000000	6161325.000000	 11.260531	149.334706
406952.000000	6165855.000000	 10.921186	129.178341
407253.000000	6170400.000000	 10.584157	128.809883
407554.000000	6174990.000000	 10.247860	150.390507
407855.000000	6179580.000000	  9.911398	129.835023
408156.000000	6184140.000000	  9.577220	128.920408
408457.000000	6188730.000000	  9.243220	147.032919
408758.000000	6193275.000000	  8.908362	129.168166
409059.000000	6197865.000000	  9.759843	150.427277
409360.000000	6202455.000000	  9.427219	130.404767
409661.000000	6207090.000000	  9.098569	129.972163
409962.000000	6211665.000000	  9.931886	151.529645
410263.000000	6216225.000000	  9.605633	128.994817
410564.000000	6220845.000000	  9.280835	128.867464
410865.000000	6225390.000000	  8.959277	149.865937
411166.000000	6230010.000000	  8.638750	128.413428
411467.000000	6234570.000000	  8.321298	147.810421
411768.000000	6239160.000000	  8.005123	129.019805
412069.000000	6243735.000000	  7.688394	130.369387
412370.000000	6248325.000000	  7.372971	148.356405
412671.000000	6252870.000000	  7.555253	129.620315
412972.000000	6257445.000000	  7.239948	129.322543
413273.000000	6261990.000000	  6.976184	149.841998
413574.000000	6266520.000000	  8.187647	130.655946
413875.000000	6271095.000000	  7.875268	131.249443
414176.000000	6275625.000000	  7.566096	149.663474
414477.000000	6280155.000000	  7.256420	130.320720
414778.000000	6284775.000000	  6.947679	130.739620
415079.000000	6289335.000000	  6.641955	150.752797
415380.000000	6293895.000000	  7.331051	129.835302
415681.000000	6298455.000000	  7.028986	129.528283
415982.000000	6302985.000000	  7.059571	150.275521
416283.000000	6307560.000000	  8.336549	129.860482
416584.000000	6312195.000000	  8.037042	129.153549
416885.000000	6316800.000000	  7.738757	150.748950
417186.000000	6321390.000000	  7.440440	130.624529
417487.000000	6325965.000000	  7.143821	132.914086
417788.000000	6330585.000000	  6.850228	151.623546
418089.000000	6335130.000000	  6.559766	130.270233
418390.000000	6339705.000000	  6.269020	151.058440
418691.000000	6344295.000000	  6.402557	130.927162
418992.000000	6348855.000000	  6.154908	130.199867
419293.000000	6353490.000000	  5.868551	151.120322
419594.000000	6358050.000000	  6.280361	129.898261
419895.000000	6362595.000000	  5.998131	130.585159
420196.000000	6367170.000000	  5.717887	150.177506
420497.000000	6371760.000000	  5.439919	129.590427
420798.000000	6376335.000000	  7.522153	129.802329
421099.000000	6380985.000000	  7.248843	151.297808
421400.000000	6385575.000000	  6.977634	131.713341
421701.000000	6390135.000000	  6.708779	149.469398
422002.000000	6394725.000000	  6.442048	128.905190
422303.000000	6399315.000000	  6.178596	129.052041
422604.000000	6403935.000000	  5.918179	150.679642
422905.000000	6408495.000000	  7.044411	129.628066
423206.000000	6413070.000000	  6.787285	130.935288
423507.000000	6417675.000000	  6.530956	151.734056
423808.000000	6422220.000000	  6.276541	129.313868
424109.000000	6426870.000000	  6.023236	150.362603
424410.000000	6431445.000000	  5.772162	131.436060
424711.000000	6436005.000000	  5.523440	129.950442
425012.000000	6440565.000000	  6.102650	150.820018
425313.000000	6445245.000000	  5.856717	130.528055
425614.000000	6449790.000000	  5.612633	131.034421
425915.000000	6454395.000000	  5.757248	151.948816
426216.000000	6458955.000000	  5.515170	131.028826
426517.000000	6463500.000000	  5.274219	130.509673
426818.000000	6468075.000000	  5.035361	149.924955
427119.000000	6472650.000000	  4.798283	129.560696
427420.000000	6477225.000000	  4.562999	151.839480
427721.000000	6481800.000000	  6.800081	129.488435
428022.000000	6486330.000000	  6.564371	130.591600
428323.000000	6490920.000000	  6.329014	151.060911
428624.000000	6495435.000000	  6.094121	131.067023
428925.000000	6500010.000000	  5.860088	130.505781
429226.000000	6504600.000000	  5.627071	151.492320
429527.000000	6509205.000000	  5.394195	130.543638
429828.000000	6513795.000000	  5.161811	130.434856
430129.000000	6518415.000000	  4.929830	149.780635
430430.000000	6522960.000000	  4.697490	129.038549
430731.000000	6527505.000000	  4.465639	131.209548
431032.000000	6532095.000000	  4.234649	150.384647
431333.000000	6536640.000000	  4.004760	129.255816
431634.000000	6541230.000000	  4.462030	130.528481
431935.000000	6545760.000000	  4.231682	150.587639
432236.000000	6550305.000000	  4.002099	130.226272
432537.000000	6554865.000000	  3.773741	130.594729
432838.000000	6559425.000000	  3.547259	150.710260
433139.000000	6564015.000000	  3.322447	130.482045
433440.000000	6568590.000000	  4.083577	130.309274
433741.000000	6573195.000000	  3.857167	151.592863
434042.000000	6577830.000000	  3.632946	131.435152
434343.000000	6582375.000000	  3.976029	151.525826
434644.000000	6586995.000000	  3.752607	130.563608
434945.000000	6591555.000000	  3.530813	130.948408
435246.000000	6596160.000000	  4.559321	151.764602
435547.000000	6600750.000000	  4.466650	130.807150
435848.000000	6605295.000000	  4.243744	131.094030
436149.000000	6609885.000000	  4.022141	150.971015
436450.000000	6614505.000000	  3.870737	130.147027
436751.000000	6619080.000000	  3.689978	150.063037
437052.000000	6623640.000000	  3.472174	129.634099
437353.000000	6628230.000000	  3.256469	129.752523
437654.000000	6632775.000000	  3.043009	151.571762
437955.000000	6637350.000000	  3.857353	130.242504
438256.000000	6641910.000000	  3.640663	131.170472
438557.000000	6646455.000000	  5.091416	151.998700
438858.000000	6651060.000000	  4.872614	129.801608
439159.000000	6655680.000000	  4.654606	129.730291
439460.000000	6660240.000000	  4.437712	150.759383
439761.000000	6664830.000000	  4.222003	129.536924
440062.000000	6669480.000000	  4.007317	149.803783
440363.000000	6674010.000000	  3.793697	130.063635
440664.000000	6678525.000000	  3.581476	130.972844
440965.000000	6683115.000000	  3.370651	150.073423
441266.000000	6687765.000000	  3.217602	130.601312
441567.000000	6692310.000000	  3.609906	129.842181
441868.000000	6696855.000000	  5.961409	149.644311
442169.000000	6701415.000000	  5.746197	130.329050
442470.000000	6705975.000000	  5.531494	131.526717
442771.000000	6710625.000000	  5.855739	151.489653
443072.000000	6715215.000000	  5.642023	130.829587
443373.000000	6719805.000000	  5.428952	131.374201
443674.000000	6724470.000000	  5.216443	150.606440
443975.000000	6729060.000000	  5.320318	130.435090
444276.000000	6733620.000000	  5.108361	150.145196
444577.000000	6738225.000000	  4.896717	130.773481
444878.000000	6742800.000000	  4.685473	129.317719
445179.000000	6747375.000000	  4.474655	149.596850
445480.000000	6751965.000000	  4.264280	131.990530
445781.000000	6756570.000000	  4.119074	152.009046
446082.000000	6761145.000000	  3.909810	131.221985
446383.000000	6765750.000000	  3.701347	130.918587
446684.000000	6770295.000000	  5.325342	151.303529
446985.000000	6774870.000000	  5.113042	130.840206
447286.000000	6779430.000000	  5.416761	130.673984
447587.000000	6783975.000000	  5.204378	152.715088
447888.000000	6788655.000000	  4.991887	130.681248
448189.000000	6793305.000000	  4.779190	151.848542
448490.000000	6797940.000000	  4.566393	132.027468
448791.000000	6802530.000000	  5.156336	132.247046
449092.000000	6807105.000000	  4.941383	152.853268
449393.000000	6811680.000000	  4.726173	131.511041
449694.000000	6816300.000000	  4.510565	132.643694
449995.000000	6820890.000000	  6.030775	151.533980
450296.000000	6825510.000000	  5.811459	131.660766
450597.000000	6830085.000000	  5.591034	152.000201
450898.000000	6834645.000000	  5.369359	132.710919
451199.000000	6839265.000000	  5.146561	131.910161
451500.000000	6843825.000000	  5.794606	152.602224
451801.000000	6848385.000000	  5.570103	130.720604
452102.000000	6852990.000000	 10.068897	130.476235
452403.000000	6857565.000000	  9.840657	153.691295
452704.000000	6862185.000000	  9.610494	132.314210
453005.000000	6866745.000000	  9.378465	152.382708
453306.000000	6871350.000000	  9.144613	131.559953
453607.000000	6875925.000000	  8.907918	132.434475
453908.000000	6880500.000000	  8.668549	151.203143
454209.000000	6885090.000000	  8.425840	131.661437
454510.000000	6889680.000000	  8.179858	131.874818
454811.000000	6894300.000000	  7.931185	152.797441
455112.000000	6898860.000000	  7.679466	132.652467
455413.000000	6903480.000000	  7.422878	152.563480
455714.000000	6908070.000000	  7.254470	131.755635
456015.000000	6912660.000000	  6.990386	131.418785
456316.000000	6917205.000000	  8.044624	152.055651
456617.000000	6921765.000000	  7.774140	131.571939
456918.000000	6926340.000000	  7.498618	133.883126
457219.000000	6930885.000000	  9.539961	153.063128
457520.000000	6935475.000000	  9.262197	133.311198
457821.000000	6940035.000000	  8.982753	134.672157
458122.000000	6944610.000000	  8.702134	153.891080
458423.000000	6949155.000000	  8.418766	133.407882
458724.000000	6953760.000000	  8.131376	132.271594
459025.000000	6958335.000000	  7.842496	152.804620
459326.000000	6962925.000000	  7.549240	134.182873
459627.000000	6967470.000000	  9.322313	133.628529
459928.000000	6972060.000000	  9.023356	155.157787
460229.000000	6976605.000000	  8.722675	133.913670
460530.000000	6981240.000000	  9.388688	154.495519
460831.000000	6985815.000000	  9.079538	132.479332
461132.000000	6990405.000000	  8.766234	134.022021
461433.000000	6995025.000000	  8.836250	152.801994
461734.000000	6999585.000000	  8.517842	133.927596
462035.000000	7004205.000000	  9.020176	133.003767
462336.000000	7008795.000000	  9.249450	153.606474
462637.000000	7013355.000000	  8.929360	133.726652
462938.000000	7018005.000000	  9.252223	154.587453
463239.000000	7022580.000000	  8.919662	134.494050
463540.000000	7027110.000000	  9.129193	133.101861
463841.000000	7031655.000000	 10.494245	155.317753
464142.000000	7036245.000000	 13.308928	133.085529
464443.000000	7040820.000000	 12.960215	134.246005
464744.000000	7045395.000000	 12.609781	154.600338
465045.000000	7049970.000000	 12.257080	133.427127
465346.000000	7054545.000000	 11.900032	134.705017
465647.000000	7059135.000000	 11.538763	153.801129
465948.000000	7063695.000000	 11.174312	134.374233
466249.000000	7068315.000000	 10.810798	155.347262
466550.000000	7072845.000000	 10.446822	134.971726
466851.000000	7077405.000000	 12.484044	135.071600
467152.000000	7082010.000000	 12.117948	155.904341
467453.000000	7086540.000000	 11.751545	134.725987
467754.000000	7091100.000000	 11.386102	135.430391
468055.000000	7095675.000000	 11.019487	156.640263
468356.000000	7100235.000000	 10.653817	135.027903
468657.000000	7104795.000000	 10.292300	135.195264
468958.000000	7109355.000000	 10.827577	155.795422
469259.000000	7113915.000000	 10.463870	133.899534
469560.000000	7118460.000000	 10.097173	136.197148
469861.000000	7123020.000000	  9.730885	136.160354
470162.000000	7127610.000000	  9.367287	155.996450
470463.000000	7132155.000000	  9.002589	135.819182
470764.000000	7136775.000000	  9.068216	155.292179
471065.000000	7141320.000000	 10.319708	135.987526
471366.000000	7145880.000000	  9.958354	135.640809
471667.000000	7150455.000000	  9.599744	156.998800
471968.000000	7155045.000000	  9.244826	136.317535
472269.000000	7159620.000000	 11.220820	134.984741
472570.000000	7164240.000000	 10.880836	157.178713
472871.000000	7168800.000000	 10.543850	134.854156
473172.000000	7173375.000000	 10.208832	134.575930
473473.000000	7177980.000000	  9.875121	155.711157
473774.000000	7182570.000000	  9.546195	134.806506
474075.000000	7187145.000000	  9.223543	156.107027
474376.000000	7191735.000000	  8.907083	135.107084
474677.000000	7196370.000000	  8.593220	135.145304
474978.000000	7200930.000000	  8.363693	154.784086
475279.000000	7205490.000000	  8.057265	134.525159
475580.000000	7210110.000000	  7.754776	134.786223
475881.000000	7214730.000000	  7.456124	155.213166
476182.000000	7219260.000000	  7.161867	134.072458
476483.000000	7223865.000000	  6.869921	155.538114
476784.000000	7228410.000000	  6.579799	135.955109
477085.000000	7233060.000000	  6.290678	135.889773
477386.000000	7237710.000000	  6.675606	156.893908
477687.000000	7242270.000000	  6.391040	134.963796
477988.000000	7246890.000000	  6.110057	158.220619
478289.000000	7251450.000000	  5.829066	135.957625
478590.000000	7256085.000000	  5.550247	135.444371
478891.000000	7260645.000000	  5.274010	156.917186
479192.000000	7265235.000000	  5.000096	135.329292
479493.000000	7269840.000000	  4.728988	135.442754
479794.000000	7274400.000000	  4.610472	157.122106
480095.000000	7278960.000000	  4.344243	135.575180
480396.000000	7283520.000000	  4.079016	136.012338
480697.000000	7288095.000000	  3.815899	157.343370
480998.000000	7292640.000000	  3.555454	134.860338
481299.000000	7297170.000000	  3.599962	135.809829
481600.000000	7301745.000000	  3.344504	156.347837
481901.000000	7306395.000000	  3.370231	134.574336
482202.000000	7310955.000000	  3.122678	156.994406
482503.000000	7315530.000000	  2.881242	135.359216
482804.000000	7320090.000000	  3.075222	135.643527
483105.000000	7324725.000000	  2.839043	157.050226
483406.000000	7329315.000000	  2.608152	134.544821
483707.000000	7333920.000000	  2.383564	137.328824
484008.000000	7338510.000000	  2.542926	157.462355
484309.000000	7343115.000000	  2.323653	135.665434
484610.000000	7347645.000000	  2.111817	136.768929
484911.000000	7352220.000000	  1.907940	157.630576
485212.000000	7356795.000000	  2.483152	135.723536
485513.000000	7361355.000000	  2.273755	156.304861
485814.000000	7365960.000000	  2.071371	135.859683
486115.000000	7370550.000000	  1.876669	135.216825
486416.000000	7375200.000000	  1.690360	158.248390
486717.000000	7379775.000000	  1.513162	137.371271
487018.000000	7384305.000000	  1.345838	136.776619
487319.000000	7388925.000000	  1.189057	157.210330
487620.000000	7393575.000000	  1.043405	134.965643
487921.000000	7398195.000000	  0.909428	158.063646
488222.000000	7402800.000000	  1.229923	136.434973
488523.000000	7407345.000000	  1.084334	136.996408
488824.000000	7411980.000000	  0.949538	157.073937
489125.000000	7416510.000000	  0.825925	136.274266
489192.000000	7417560.000000	  0.799950	 52.876304
