Model phase5

z_l 0.1972841823760099
z_s      0.739

         Lens Galaxy
inc                      Uniform(59.81054051403783, 85.13504451152073)
beta                     Uniform(-0.09368537999884428, 0.005594342027168825)
ml                       Uniform(2.045939810468613, 2.4957617286555127)
log_rho_s                Uniform(-3.351719089931398, -2.4500581800490915)
rs                       Uniform(10.546717498887732, 14.186245161532776)
qDM                        Fixed(1.0)
slope                    Uniform(1.3275904127941545, 1.8744946002974792)
mag_shear                Uniform(0.00834696478182262, 0.010795333075845855)
phi_shear                Uniform(39.51084976253308, 52.21052403604051)
gamma                      Fixed(1.0)

       Source Galaxy
pixels                     Fixed(210.65937042385173)
weight_floor               Fixed(0.559476761157766)
weight_power               Fixed(15.42291626477693)
inner_coefficient            Fixed(0.27972093237337736)
outer_coefficient            Fixed(28.808465820006475)
signal_scale               Fixed(0.028135152811159556)
