Model phase4

z_l 0.1972841823760099
z_s     1.0251

         Lens Galaxy
inc                        Fixed(82.84792516386838)
beta                       Fixed(0.26262808521679665)
ml                         Fixed(2.942720367168825)
log_rho_s                  Fixed(-1.633968093329407)
rs                         Fixed(3.4587691629699906)
qDM                        Fixed(1.0)
slope                      Fixed(1.2457413493040543)
mag_shear                  Fixed(0.03538780808630911)
phi_shear                  Fixed(269.9772440536345)
gamma                      Fixed(1.0)

       Source Galaxy
pixels                   Uniform(10, 300)
weight_floor             Uniform(0.0, 1.0)
weight_power             Uniform(0.0, 20.0)
inner_coefficient       LogUniform(1e-06, 1000000.0)
outer_coefficient       LogUniform(1e-06, 1000000.0)
signal_scale             Uniform(0.0, 1.0)
