Model phase4

z_l 0.1972841823760099
z_s      0.823

         Lens Galaxy
inc                        Fixed(66.8133143066243)
beta                       Fixed(0.1840183893378249)
ml                         Fixed(1.7538490276662801)
log_rho_s                  Fixed(-2.802860259462139)
rs                         Fixed(11.199851286229645)
qDM                        Fixed(1.0)
slope                      Fixed(1.4703624604123136)
mag_shear                  Fixed(0.010112486255099754)
phi_shear                  Fixed(97.69771585882548)
gamma                      Fixed(1.0)

       Source Galaxy
pixels                   Uniform(10, 300)
weight_floor             Uniform(0.0, 1.0)
weight_power             Uniform(0.0, 20.0)
inner_coefficient       LogUniform(1e-06, 1000000.0)
outer_coefficient       LogUniform(1e-06, 1000000.0)
signal_scale             Uniform(0.0, 1.0)
