Model phase5

z_l 0.1972841823760099
z_s      0.517

         Lens Galaxy
inc                      Uniform(68.74251657756898, 88.83574850719961)
beta                     Uniform(-0.19347549589341168, -0.1394368379121052)
ml                       Uniform(3.1619550795675284, 4.582055564970778)
log_rho_s                Uniform(-3.1684166305943045, -2.4203307399257605)
rs                       Uniform(3.1773136240304116, 4.765970436045618)
qDM                        Fixed(1.0)
slope                    Uniform(0.7970010887008853, 1.0600207707227762)
mag_shear                Uniform(0.024359251552706962, 0.031915368527120486)
phi_shear                Uniform(97.80825568673175, 137.4587859320378)
gamma                      Fixed(1.0)

       Source Galaxy
pixels                     Fixed(201.50689989335652)
weight_floor               Fixed(0.004193028416351244)
weight_power               Fixed(10.333238526484188)
inner_coefficient            Fixed(4.016552621993691e-05)
outer_coefficient            Fixed(3.8297399691747027)
signal_scale               Fixed(0.23234026811491004)
