#    NumIter	  NumCalls	     dlogz	   Time[s]
301.000000	1843.000000	10154607850897616.000000	 11.792280
602.000000	2248.000000	2543257368045.463379	 12.018198
903.000000	2756.000000	3711492782.085994	 16.061630
1204.000000	3379.000000	17365141.630483	 19.155135
1505.000000	4063.000000	410790.438097	 21.182039
1806.000000	4924.000000	139287.464151	 26.638905
2107.000000	6015.000000	118777.885899	 34.142419
2408.000000	7389.000000	119539.745714	 41.267164
2709.000000	8866.000000	119162.120676	 45.568687
3010.000000	10809.000000	118092.343777	 58.907568
3311.000000	13345.000000	116085.996301	 77.649099
3612.000000	16236.000000	113161.814681	 88.057439
3913.000000	19985.000000	108866.760718	116.078423
4214.000000	24440.000000	104476.240200	135.160031
4515.000000	29828.000000	131464.724731	166.251165
4816.000000	36667.000000	126801.203640	208.038220
5117.000000	44433.000000	121616.349454	238.213656
5418.000000	54309.000000	117090.731921	298.790583
5719.000000	58854.000000	113135.416927	 12.449433
6020.000000	63399.000000	109661.316570	 23.833828
6321.000000	67929.000000	106816.151258	 52.161203
6622.000000	72519.000000	103583.662441	 71.485317
6923.000000	77094.000000	100892.356096	 82.881340
7224.000000	81669.000000	98223.050467	122.164904
7525.000000	86229.000000	111363.182336	111.964694
7826.000000	90774.000000	108224.370453	112.267791
8127.000000	95304.000000	105457.620870	131.841220
8428.000000	99849.000000	102087.445479	112.373576
8729.000000	104439.000000	98682.398260	109.505626
9030.000000	108984.000000	95700.724612	134.785473
9331.000000	113619.000000	92430.550068	115.162083
9632.000000	118209.000000	89397.097124	118.085164
9933.000000	122844.000000	86424.779305	131.266357
10234.000000	127419.000000	83506.812914	111.230821
10535.000000	132024.000000	80463.906533	130.192028
10836.000000	136614.000000	77508.265608	113.259746
11137.000000	141204.000000	74395.818532	117.751794
11438.000000	145779.000000	71716.494549	136.503250
11739.000000	150369.000000	68999.085938	114.607363
12040.000000	154959.000000	67380.978223	115.548615
12341.000000	159594.000000	64885.368645	137.173005
12642.000000	164199.000000	62536.383211	116.873321
12943.000000	168774.000000	59822.471037	135.021942
13244.000000	173334.000000	57422.301040	118.527696
13545.000000	177909.000000	54747.678570	113.485687
13846.000000	182484.000000	63657.729832	135.777104
14147.000000	187074.000000	61092.256288	116.742809
14448.000000	191634.000000	58507.939788	116.454804
14749.000000	196239.000000	56055.893138	138.733883
15050.000000	200829.000000	53722.635923	116.512356
15351.000000	205464.000000	51341.393500	138.325638
15652.000000	210069.000000	48870.553025	114.525088
15953.000000	214719.000000	46609.036933	115.899495
16254.000000	219279.000000	44257.019396	135.308392
16555.000000	223869.000000	43465.565621	114.502092
16856.000000	228444.000000	41246.271334	116.404672
17157.000000	233034.000000	39219.742453	135.444742
17458.000000	237609.000000	42087.542617	115.090423
17759.000000	242229.000000	40191.057514	135.462844
18060.000000	246789.000000	38318.840972	116.713247
18361.000000	251394.000000	36422.321300	116.214091
18662.000000	255969.000000	34634.978130	138.026929
18963.000000	260559.000000	32944.283293	117.664103
19264.000000	265149.000000	34134.401090	117.633315
19565.000000	269709.000000	32420.667985	134.862999
19866.000000	274299.000000	30957.809157	119.200417
20167.000000	278874.000000	30561.069276	138.380185
20468.000000	283404.000000	29064.127813	120.139093
20769.000000	288009.000000	28241.783884	120.082924
21070.000000	292599.000000	26796.188983	135.415372
21371.000000	297204.000000	26495.664844	120.502175
21672.000000	301794.000000	25252.210936	119.428845
21973.000000	306384.000000	24122.123006	137.812790
22274.000000	310944.000000	22868.242558	118.878838
22575.000000	315654.000000	22454.040100	140.540348
22876.000000	320214.000000	21383.125007	114.604568
23177.000000	324819.000000	20163.194877	119.623547
23478.000000	329394.000000	19099.574349	139.446062
23779.000000	333984.000000	18039.961937	116.599270
24080.000000	338544.000000	17076.773871	118.835238
24381.000000	343134.000000	17682.103672	141.152632
24682.000000	347739.000000	16825.630199	117.947167
24983.000000	352329.000000	16003.132416	140.253222
25284.000000	356889.000000	15171.173685	117.936670
25585.000000	361524.000000	14415.006155	121.780519
25886.000000	366099.000000	14072.506715	141.139610
26187.000000	370704.000000	13333.473127	120.663744
26488.000000	375264.000000	12606.957650	119.502305
26789.000000	379869.000000	11889.238458	141.601953
27090.000000	384459.000000	11267.044329	121.011031
27391.000000	389034.000000	10702.248796	142.975674
27692.000000	393624.000000	10148.754197	122.890897
27993.000000	398184.000000	10137.304419	122.511854
28294.000000	402744.000000	12136.950152	140.708508
28595.000000	407364.000000	11554.887303	121.387214
28896.000000	411909.000000	11054.432679	121.215434
29197.000000	416499.000000	10572.186214	143.248742
29498.000000	421074.000000	10113.167932	121.021333
29799.000000	425604.000000	9680.860769	122.060582
30100.000000	430209.000000	9240.684226	142.094340
30401.000000	434724.000000	9053.624592	122.718501
30702.000000	439254.000000	8609.688813	123.418954
31003.000000	443814.000000	8274.754680	143.564006
31304.000000	448389.000000	7906.050665	123.722803
31605.000000	452964.000000	7583.771979	123.411888
31906.000000	457524.000000	7228.249338	143.108840
32207.000000	462129.000000	6876.048382	123.159592
32508.000000	466719.000000	6547.704977	124.229204
32809.000000	471279.000000	6719.973679	144.250298
33110.000000	475839.000000	6413.159240	123.142031
33411.000000	480399.000000	6135.447419	123.585822
33712.000000	485004.000000	5880.189137	143.906142
34013.000000	489594.000000	5609.746216	125.814276
34314.000000	494244.000000	5361.355749	144.475477
34615.000000	498819.000000	5623.417478	125.649299
34916.000000	503394.000000	5421.831844	124.111687
35217.000000	507969.000000	5226.873445	143.930782
35518.000000	512499.000000	5013.817488	123.091162
35819.000000	517134.000000	4866.924387	124.110242
36120.000000	521754.000000	4661.288078	144.681716
36421.000000	526329.000000	4467.652882	122.166324
36722.000000	530889.000000	4292.771926	143.125190
37023.000000	535419.000000	4089.737544	122.311012
37324.000000	539994.000000	3917.231134	124.763785
37625.000000	544614.000000	3752.177377	144.582489
37926.000000	549189.000000	3571.691134	125.263618
38227.000000	553749.000000	3406.190717	122.571739
38528.000000	558339.000000	3413.887353	144.078135
38829.000000	562959.000000	3485.523877	124.361383
39130.000000	567564.000000	3325.747934	122.889405
39431.000000	572124.000000	3167.256066	144.178877
39732.000000	576714.000000	3006.511663	120.265855
40033.000000	581274.000000	2956.586483	145.275366
40334.000000	585849.000000	2811.901030	124.727981
40635.000000	590394.000000	3052.894052	123.008502
40936.000000	594999.000000	2921.699619	143.871403
41237.000000	599544.000000	2784.881437	122.086067
41538.000000	604164.000000	2653.460096	123.642526
41839.000000	608799.000000	2527.154302	142.551710
42140.000000	613359.000000	2596.752259	121.199431
42441.000000	617934.000000	2478.148953	123.381168
42742.000000	622524.000000	2373.993807	144.903835
43043.000000	627114.000000	2263.954625	124.561558
43344.000000	631689.000000	2154.679638	141.944565
43645.000000	636294.000000	2040.741213	122.778208
43946.000000	640899.000000	1943.301714	122.884948
44247.000000	645489.000000	2147.970596	140.782907
44548.000000	650064.000000	2105.180673	120.309201
44849.000000	654654.000000	2010.219197	117.926605
45150.000000	659184.000000	1922.333511	140.923079
45451.000000	663759.000000	1838.052148	121.354525
45752.000000	668319.000000	1756.705813	119.514795
46053.000000	672909.000000	1677.976877	141.180802
46354.000000	677484.000000	1693.628109	121.129135
46655.000000	682089.000000	1620.666363	142.348623
46956.000000	686664.000000	1594.215352	121.633519
47257.000000	691239.000000	1762.181888	121.857224
47558.000000	695859.000000	1686.778161	140.705785
47859.000000	700434.000000	1618.005445	119.352774
48160.000000	705009.000000	1554.854875	121.896633
48461.000000	709584.000000	1496.138118	141.631986
48762.000000	714174.000000	1434.603558	122.516759
49063.000000	718749.000000	1411.767944	122.601100
49364.000000	723324.000000	1512.806685	142.642423
49665.000000	727914.000000	1463.121949	121.684615
49966.000000	732444.000000	1410.256906	122.254715
50267.000000	736989.000000	1356.867135	144.760525
50568.000000	741579.000000	1306.572601	122.363470
50869.000000	746154.000000	1261.769504	143.087579
51170.000000	750744.000000	1216.756337	121.644663
51471.000000	755319.000000	1172.132042	122.040398
51772.000000	759864.000000	1131.356348	143.397798
52073.000000	764484.000000	1085.189079	121.057415
52374.000000	769059.000000	1042.407147	121.976907
52675.000000	773664.000000	1044.334277	145.660919
52976.000000	778269.000000	1004.619442	122.374270
53277.000000	782829.000000	968.376478	122.651054
53578.000000	787404.000000	948.697655	142.375558
53879.000000	791979.000000	912.148286	123.300371
54180.000000	796524.000000	877.680871	123.415623
54481.000000	801144.000000	838.288087	143.163648
54782.000000	805734.000000	798.776754	122.847751
55083.000000	810399.000000	763.952983	144.091004
55384.000000	815034.000000	782.723166	122.721485
55685.000000	819609.000000	750.085625	144.932098
55986.000000	824214.000000	791.067488	124.904250
56287.000000	828789.000000	760.560573	123.830261
56588.000000	833394.000000	733.076242	145.966934
56889.000000	837984.000000	705.678673	123.813551
57190.000000	842589.000000	675.689180	124.098906
57491.000000	847209.000000	645.618729	143.822460
57792.000000	851784.000000	621.889900	122.003218
58093.000000	856404.000000	596.434720	144.431588
58394.000000	860949.000000	572.521892	122.600910
58695.000000	865554.000000	549.285999	123.541647
58996.000000	870114.000000	539.071270	142.072689
59297.000000	874704.000000	513.503776	120.285285
59598.000000	879324.000000	490.251552	125.329477
59899.000000	883914.000000	478.062491	146.284793
60200.000000	888459.000000	457.193792	123.636053
60501.000000	893019.000000	433.505757	144.391744
60802.000000	897594.000000	424.698340	124.245577
61103.000000	902169.000000	401.781739	124.003653
61404.000000	906789.000000	477.948466	145.991872
61705.000000	911349.000000	458.433328	125.694177
62006.000000	915969.000000	457.061258	124.422689
62307.000000	920589.000000	438.581797	144.664884
62608.000000	925119.000000	460.586157	126.963484
62909.000000	929709.000000	443.452477	125.867152
63210.000000	934269.000000	423.984038	146.988059
63511.000000	938859.000000	405.598010	127.569801
63812.000000	943404.000000	389.299032	127.463386
64113.000000	947979.000000	373.808248	147.876877
64414.000000	952509.000000	452.517157	125.455939
64715.000000	957114.000000	437.153751	145.118282
65016.000000	961719.000000	421.200163	124.685069
65317.000000	966264.000000	406.092730	124.969925
65618.000000	970779.000000	391.113957	145.760308
65919.000000	975309.000000	376.622302	125.218122
66220.000000	979869.000000	363.198416	125.022895
66521.000000	984429.000000	350.645269	125.198618
66822.000000	989034.000000	337.524641	145.119710
67123.000000	993639.000000	324.331996	126.143466
67424.000000	998199.000000	312.406677	145.709341
67725.000000	1002729.000000	299.274117	124.714305
68026.000000	1007274.000000	285.730165	124.979185
68327.000000	1011849.000000	274.633232	145.597626
68628.000000	1016439.000000	262.870458	125.653870
68929.000000	1021044.000000	251.202028	127.341996
69230.000000	1025619.000000	240.201807	145.344357
69531.000000	1030164.000000	229.554892	125.572868
69832.000000	1034754.000000	218.430647	125.214639
70133.000000	1039344.000000	208.843884	147.726065
70434.000000	1043934.000000	199.662216	125.110853
70735.000000	1048524.000000	190.073419	124.911490
71036.000000	1053099.000000	180.536152	146.353001
71337.000000	1057644.000000	172.699577	126.803478
71638.000000	1062219.000000	171.650992	146.913110
71939.000000	1066809.000000	181.745967	125.414667
72240.000000	1071444.000000	174.219122	127.081717
72541.000000	1076034.000000	165.953976	147.618793
72842.000000	1080654.000000	158.296549	127.491713
73143.000000	1085274.000000	150.853045	148.513854
73444.000000	1089849.000000	143.829527	127.055058
73745.000000	1094424.000000	137.183872	127.835927
74046.000000	1098984.000000	130.350816	150.571976
74347.000000	1103604.000000	124.150306	128.467312
74648.000000	1108194.000000	133.649761	127.362132
74949.000000	1112799.000000	157.252230	150.729881
75250.000000	1117419.000000	151.115849	129.321466
75551.000000	1121964.000000	145.204827	128.563976
75852.000000	1126599.000000	140.457206	148.321617
76153.000000	1131174.000000	134.600828	126.875318
76454.000000	1135779.000000	129.233907	149.191289
76755.000000	1140354.000000	124.394509	128.850777
77056.000000	1145004.000000	119.252959	128.000209
77357.000000	1149579.000000	114.097869	148.471280
77658.000000	1154154.000000	109.434935	127.702296
77959.000000	1158759.000000	105.129418	148.832720
78260.000000	1163319.000000	100.876943	125.346093
78561.000000	1167879.000000	 96.846026	127.431481
78862.000000	1172439.000000	 92.357938	148.066153
79163.000000	1176999.000000	 88.959751	127.180336
79464.000000	1181544.000000	 85.273263	128.360380
79765.000000	1186119.000000	 81.858526	148.687224
80066.000000	1190709.000000	 78.455407	127.132477
80367.000000	1195284.000000	 75.328460	127.579835
80668.000000	1199859.000000	 72.281559	148.879139
80969.000000	1204479.000000	 69.060752	128.090713
81270.000000	1209009.000000	 65.908143	127.017237
81571.000000	1213584.000000	 63.019890	148.866983
81872.000000	1218144.000000	 60.317851	127.116154
82173.000000	1222779.000000	 57.566431	148.427304
82474.000000	1227354.000000	 54.697079	126.789939
82775.000000	1231974.000000	 54.692269	125.484622
83076.000000	1236579.000000	 52.083296	147.821613
83377.000000	1241169.000000	 49.462555	127.046264
83678.000000	1245744.000000	 53.392889	126.581512
83979.000000	1250274.000000	 51.197647	146.396290
84280.000000	1254834.000000	 48.805099	125.009634
84581.000000	1259409.000000	 46.542936	124.936182
84882.000000	1263969.000000	 44.410257	147.375575
85183.000000	1268544.000000	 43.808633	123.817903
85484.000000	1273104.000000	 41.966420	126.871151
85785.000000	1277724.000000	 40.166876	145.505362
86086.000000	1282299.000000	 38.449046	124.752223
86387.000000	1286859.000000	 38.378499	146.873060
86688.000000	1291419.000000	 36.580002	123.543959
86989.000000	1295994.000000	 34.918934	125.576552
87290.000000	1300524.000000	 33.338621	124.577753
87591.000000	1305114.000000	 31.777320	146.383220
87892.000000	1309734.000000	 30.201855	125.414324
88193.000000	1314279.000000	 28.787294	144.884355
88494.000000	1318839.000000	 33.143733	125.562739
88795.000000	1323399.000000	 31.784703	124.182723
89096.000000	1327959.000000	 30.363107	143.804889
89397.000000	1332579.000000	 28.878058	119.261455
89698.000000	1337199.000000	 27.443037	120.984498
89999.000000	1341759.000000	 26.820412	142.461537
90300.000000	1346379.000000	 28.555308	123.269860
90601.000000	1350969.000000	 27.327959	140.564428
90902.000000	1355559.000000	 26.105431	120.583295
91203.000000	1360134.000000	 24.971719	118.246443
91504.000000	1364724.000000	 23.860476	137.066780
91805.000000	1369299.000000	 22.713838	120.006965
92106.000000	1373934.000000	 23.663881	117.909034
92407.000000	1378509.000000	 22.639223	136.283284
92708.000000	1383099.000000	 27.081338	119.808652
93009.000000	1387629.000000	 26.058250	116.334359
93310.000000	1392174.000000	 25.021305	136.492265
93611.000000	1396719.000000	 24.015620	117.438522
93912.000000	1401324.000000	 26.488564	117.778998
94213.000000	1405869.000000	 25.531612	136.908415
94514.000000	1410459.000000	 24.606650	116.484802
94815.000000	1415064.000000	 26.337691	135.559245
95116.000000	1419624.000000	 26.840567	115.182623
95417.000000	1424199.000000	 25.942560	118.161971
95718.000000	1428774.000000	 25.646292	132.967718
96019.000000	1433379.000000	 24.792208	115.877764
96320.000000	1438014.000000	 23.911614	116.718899
96621.000000	1442634.000000	 23.048964	135.136002
96922.000000	1447209.000000	 22.190983	114.303311
97223.000000	1451799.000000	 21.341768	132.594853
97524.000000	1456374.000000	 20.493997	116.045964
97825.000000	1460949.000000	 24.365254	114.979624
98126.000000	1465494.000000	 23.593688	133.332304
98427.000000	1470054.000000	 22.823610	115.253078
98728.000000	1474659.000000	 22.072830	114.872070
99029.000000	1479234.000000	 21.334912	133.685666
99330.000000	1483794.000000	 20.592283	113.098875
99631.000000	1488459.000000	 19.837288	133.981972
99932.000000	1493019.000000	 22.712991	115.248100
100233.000000	1497639.000000	 25.796473	115.287499
100534.000000	1502214.000000	 25.031027	133.989988
100835.000000	1506729.000000	 24.265773	113.321894
101136.000000	1511274.000000	 23.497187	116.743418
101437.000000	1515894.000000	 22.715797	133.966422
101738.000000	1520484.000000	 21.953112	114.027282
102039.000000	1525074.000000	 21.214976	114.028828
102340.000000	1529634.000000	 20.492050	132.660567
102641.000000	1534239.000000	 20.364188	115.781016
102942.000000	1538814.000000	 19.673910	113.772106
103243.000000	1543449.000000	 18.988809	134.094121
103544.000000	1548099.000000	 18.299615	114.920532
103845.000000	1552644.000000	 17.627725	134.847620
104146.000000	1557204.000000	 16.941547	113.993959
104447.000000	1561824.000000	 19.163783	113.896538
104748.000000	1566429.000000	 18.514469	132.631683
105049.000000	1570989.000000	 17.877628	113.466030
105350.000000	1575579.000000	 17.261123	134.278831
105651.000000	1580154.000000	 16.673268	114.494842
105952.000000	1584714.000000	 16.093922	113.222388
106253.000000	1589274.000000	 17.421684	132.897210
106554.000000	1593864.000000	 16.839043	113.815270
106855.000000	1598499.000000	 16.254593	114.699591
107156.000000	1603104.000000	 15.673688	131.901522
107457.000000	1607709.000000	 16.524110	112.396824
107758.000000	1612254.000000	 18.902533	112.705141
108059.000000	1616799.000000	 18.331796	132.440939
108360.000000	1621464.000000	 17.770829	112.502509
108661.000000	1626024.000000	 17.228583	131.783534
108962.000000	1630644.000000	 16.684486	112.760213
109263.000000	1635249.000000	 16.141924	114.512666
109564.000000	1639794.000000	 15.618664	130.731753
109865.000000	1644354.000000	 15.104486	113.797978
110166.000000	1648944.000000	 15.668927	112.874861
110467.000000	1653564.000000	 15.165516	130.680743
110768.000000	1658214.000000	 17.045366	112.440303
111069.000000	1662774.000000	 16.546996	131.367386
111370.000000	1667364.000000	 16.051336	112.124915
111671.000000	1671954.000000	 15.786101	112.620839
111972.000000	1676514.000000	 15.294411	130.695633
112273.000000	1681104.000000	 14.809393	112.732334
112574.000000	1685619.000000	 14.589569	112.557048
112875.000000	1690179.000000	 14.589079	131.444956
113176.000000	1694739.000000	 14.375155	112.180940
113477.000000	1699359.000000	 13.891344	111.692209
113778.000000	1703949.000000	 13.419269	131.832027
114079.000000	1708494.000000	 12.951018	111.997983
114380.000000	1713144.000000	 12.481274	130.915372
114681.000000	1717704.000000	 14.055772	111.588670
114982.000000	1722309.000000	 15.022190	112.234948
115283.000000	1726884.000000	 14.534666	130.108426
115584.000000	1731489.000000	 14.053554	112.963571
115885.000000	1736064.000000	 13.653845	111.742124
116186.000000	1740669.000000	 14.211505	130.059965
116487.000000	1745229.000000	 29.796632	112.667000
116788.000000	1749804.000000	 29.263076	111.875508
117089.000000	1754394.000000	 28.734110	131.902387
117390.000000	1758984.000000	 28.203677	112.514061
117691.000000	1763574.000000	 27.656127	131.389873
117992.000000	1768134.000000	 27.103173	112.394655
118293.000000	1772694.000000	 26.542021	112.290312
118594.000000	1777284.000000	 25.966528	132.226098
118895.000000	1781814.000000	 25.393542	111.711745
119196.000000	1786404.000000	 24.828894	114.200095
119497.000000	1790979.000000	 24.264833	129.985536
119798.000000	1795584.000000	 23.704720	112.641433
120099.000000	1800204.000000	 23.133615	112.759998
120400.000000	1804779.000000	 28.175130	130.777434
120701.000000	1809324.000000	 27.592993	113.697535
121002.000000	1813944.000000	 27.005849	130.523482
121303.000000	1818519.000000	 26.418384	112.885613
121604.000000	1823064.000000	 25.814164	111.191303
121905.000000	1827609.000000	 25.187718	130.178243
122206.000000	1832199.000000	 24.558328	111.634525
122507.000000	1836714.000000	 23.924948	113.961190
122808.000000	1841259.000000	 28.145581	129.640024
123109.000000	1845789.000000	 33.712110	113.503964
123410.000000	1850319.000000	 33.060340	111.758842
123711.000000	1854909.000000	 32.402383	112.534978
124012.000000	1859514.000000	 31.727531	131.834111
124313.000000	1864104.000000	 31.038310	112.932385
124614.000000	1868739.000000	 30.345930	130.214847
124915.000000	1873269.000000	 29.652240	111.808918
125216.000000	1877814.000000	 28.958718	111.797465
125517.000000	1882434.000000	 28.268539	131.944572
125818.000000	1887054.000000	 27.568075	111.908277
126119.000000	1891614.000000	 26.865872	112.550974
126420.000000	1896174.000000	 26.165677	130.053533
126721.000000	1900734.000000	 25.471059	111.143738
127022.000000	1905324.000000	 24.768164	112.491590
127323.000000	1909929.000000	 24.181233	130.705030
127624.000000	1914579.000000	 24.024826	113.236877
127925.000000	1919229.000000	 23.589539	130.153653
128226.000000	1923774.000000	 23.208645	110.756665
128527.000000	1928349.000000	 25.264992	111.864648
128828.000000	1932954.000000	 24.510555	131.105364
129129.000000	1937544.000000	 23.737996	110.726314
129430.000000	1942119.000000	 22.955307	129.570213
129731.000000	1946679.000000	 25.230249	111.237415
130032.000000	1951269.000000	 24.448527	110.994038
130333.000000	1955874.000000	 23.688745	130.055966
130634.000000	1960449.000000	 22.932350	110.750187
130935.000000	1965054.000000	 22.161381	113.013596
131236.000000	1969614.000000	 21.395881	128.602685
131537.000000	1974159.000000	 20.658476	111.226616
131838.000000	1978749.000000	 21.026335	111.018538
132139.000000	1983339.000000	 20.272817	130.773889
132440.000000	1987899.000000	 19.546033	110.780537
132741.000000	1992459.000000	 19.443441	128.295145
133042.000000	1997064.000000	 18.716420	111.506937
133343.000000	2001654.000000	 17.978565	110.682955
133644.000000	2006229.000000	 19.986842	128.961050
133945.000000	2010774.000000	 19.242908	110.400528
134246.000000	2015364.000000	 18.488648	110.695966
134547.000000	2019969.000000	 20.740741	128.407031
134848.000000	2024559.000000	 20.007552	111.158656
135149.000000	2029149.000000	 19.277201	110.948561
135450.000000	2033694.000000	 18.548964	129.154630
135751.000000	2038284.000000	 17.853571	112.024426
136052.000000	2042844.000000	 17.161564	112.442783
136353.000000	2047434.000000	 19.739500	130.266771
136654.000000	2052009.000000	 19.091496	111.455963
136955.000000	2056599.000000	 18.475158	129.573614
137256.000000	2061129.000000	 17.865739	110.002465
137557.000000	2065719.000000	 17.236145	111.410084
137858.000000	2070354.000000	 22.693193	128.726881
138159.000000	2074974.000000	 22.077159	110.570222
138460.000000	2079579.000000	 21.470461	128.966972
138761.000000	2084154.000000	 20.859064	110.889145
139062.000000	2088714.000000	 20.259049	111.044338
139363.000000	2093289.000000	 19.658358	129.769418
139664.000000	2097879.000000	 21.336773	111.933470
139965.000000	2102439.000000	 20.734730	111.109936
140266.000000	2106999.000000	 20.134960	129.681334
140567.000000	2111589.000000	 19.533907	111.845512
140868.000000	2116134.000000	 20.443031	112.183259
141169.000000	2120709.000000	 19.833556	130.930356
141470.000000	2125299.000000	 19.233550	111.287525
141771.000000	2129904.000000	 18.620040	110.058829
142072.000000	2134464.000000	 18.011880	130.152220
142373.000000	2139054.000000	 19.573380	110.588361
142674.000000	2143599.000000	 18.972031	110.427215
142975.000000	2148174.000000	 18.448862	128.436097
143276.000000	2152749.000000	 17.850430	111.241746
143577.000000	2157324.000000	 20.602753	111.214861
143878.000000	2161914.000000	 19.940643	129.312529
144179.000000	2166459.000000	 21.745971	111.581987
144480.000000	2171004.000000	 21.068713	111.131439
144781.000000	2175564.000000	 20.391749	128.775294
145082.000000	2180094.000000	 19.710253	110.401067
145383.000000	2184654.000000	 19.030961	110.138113
145684.000000	2189274.000000	 18.367824	127.497902
145985.000000	2193849.000000	 17.709256	110.941774
146286.000000	2198454.000000	 19.378099	129.192241
146587.000000	2202984.000000	 18.737307	112.146493
146888.000000	2207589.000000	 18.083317	110.446943
147189.000000	2212179.000000	 20.088002	128.497058
147490.000000	2216739.000000	 19.431305	110.932776
147791.000000	2221299.000000	 18.771526	110.518479
148092.000000	2225874.000000	 18.107070	131.082581
148393.000000	2230449.000000	 17.448999	110.951534
148694.000000	2235039.000000	 18.173294	111.719021
148995.000000	2239629.000000	 19.948537	129.792776
149296.000000	2244219.000000	 19.300800	110.470954
149597.000000	2248809.000000	 18.653678	129.948030
149898.000000	2253369.000000	 18.015182	111.656044
150199.000000	2257944.000000	 17.377886	110.878083
150500.000000	2262504.000000	 16.753292	128.517678
150801.000000	2267124.000000	 16.612714	110.906499
151102.000000	2271714.000000	 17.990469	112.215911
151403.000000	2276274.000000	 17.392331	130.099452
151704.000000	2280864.000000	 18.268684	111.946256
152005.000000	2285514.000000	 18.799505	131.289537
152306.000000	2290059.000000	 20.369820	112.497187
152607.000000	2294619.000000	 19.746115	111.745606
152908.000000	2299209.000000	 19.124146	129.884119
153209.000000	2303814.000000	 18.512695	111.704306
153510.000000	2308449.000000	 17.912477	113.917248
153811.000000	2313039.000000	 17.317386	129.989655
154112.000000	2317629.000000	 17.514015	111.736772
154413.000000	2322174.000000	 16.926662	112.642089
154714.000000	2326809.000000	 18.292679	129.947321
155015.000000	2331429.000000	 17.665943	112.094638
155316.000000	2335989.000000	 17.049353	130.748887
155617.000000	2340519.000000	 16.449229	111.028487
155918.000000	2345169.000000	 16.783972	113.376350
156219.000000	2349744.000000	 20.580733	129.973102
156520.000000	2354334.000000	 19.984836	110.962920
156821.000000	2358924.000000	 19.394431	111.767324
157122.000000	2363574.000000	 21.057285	129.868036
157423.000000	2368179.000000	 20.446751	112.313244
157724.000000	2372739.000000	 19.830146	129.119924
158025.000000	2377389.000000	 19.213559	113.153008
158326.000000	2381994.000000	 18.590284	131.281088
158627.000000	2386584.000000	 17.974505	110.975017
158928.000000	2391114.000000	 21.178923	111.736266
159229.000000	2395644.000000	 20.538696	111.069715
159530.000000	2400219.000000	 19.909457	129.648912
159831.000000	2404794.000000	 19.422714	112.164104
160132.000000	2409339.000000	 20.124590	130.318241
160433.000000	2413929.000000	 19.503433	112.872038
160734.000000	2418489.000000	 19.791553	111.836093
161035.000000	2423109.000000	 21.718024	130.149705
161336.000000	2427729.000000	 21.064468	111.722611
161637.000000	2432319.000000	 20.419358	112.331029
161938.000000	2436909.000000	 19.752557	131.329072
162239.000000	2441454.000000	 22.180935	112.051373
162540.000000	2446104.000000	 23.998325	131.242887
162841.000000	2450664.000000	 23.316738	113.375190
163142.000000	2455224.000000	 22.629485	112.562588
163443.000000	2459799.000000	 26.714356	130.174933
163744.000000	2464359.000000	 26.011580	111.978738
164045.000000	2468949.000000	 25.298682	112.690985
164346.000000	2473584.000000	 24.583486	132.289464
164647.000000	2478159.000000	 24.994422	112.804881
164948.000000	2482749.000000	 24.309087	112.425147
165249.000000	2487369.000000	 23.592526	131.016392
165550.000000	2491899.000000	 22.887284	111.913466
165851.000000	2496504.000000	 24.528523	129.724131
166152.000000	2501109.000000	 23.794805	111.654681
166453.000000	2505759.000000	 23.066742	112.926795
166754.000000	2510304.000000	 22.322254	132.424152
167055.000000	2514939.000000	 21.581996	112.561500
167356.000000	2519529.000000	 20.841933	129.487056
167657.000000	2524089.000000	 20.121498	112.548510
167958.000000	2528649.000000	 19.417831	111.498229
168259.000000	2533254.000000	 18.709370	131.383968
168560.000000	2537874.000000	 18.008823	112.264525
168861.000000	2542479.000000	 19.589555	112.336187
169162.000000	2547069.000000	 18.914191	131.190942
169463.000000	2551614.000000	 18.244922	112.954056
169764.000000	2556144.000000	 18.141088	113.429060
170065.000000	2560689.000000	 17.702877	129.050142
170366.000000	2565309.000000	 18.860400	112.670985
170667.000000	2569884.000000	 18.247710	112.182934
170968.000000	2574504.000000	 17.658236	130.573380
171269.000000	2579109.000000	 17.057667	112.192077
171570.000000	2583654.000000	 16.452996	131.097138
171871.000000	2588244.000000	 15.852703	114.299213
172172.000000	2592879.000000	 18.726461	112.676317
172473.000000	2597454.000000	 18.116605	129.122618
172774.000000	2602014.000000	 17.508864	111.850375
173075.000000	2606649.000000	 16.904393	129.752172
173376.000000	2611194.000000	 16.298630	111.687880
173677.000000	2615769.000000	 17.388338	110.518131
173978.000000	2620344.000000	 16.793136	130.236540
174279.000000	2624919.000000	 16.209241	111.602446
174580.000000	2629494.000000	 16.337547	112.067994
174881.000000	2634129.000000	 19.128787	131.822255
175182.000000	2638674.000000	 18.583702	111.598537
175483.000000	2643234.000000	 18.913266	112.405341
175784.000000	2647809.000000	 18.361634	130.635442
176085.000000	2652399.000000	 17.806758	111.935736
176386.000000	2656989.000000	 18.511712	110.451181
176687.000000	2661594.000000	 17.962058	129.011272
176988.000000	2666154.000000	 17.413917	111.688974
177289.000000	2670729.000000	 16.845042	129.650689
177590.000000	2675274.000000	 16.272982	111.563253
177891.000000	2679819.000000	 15.716010	112.126414
178192.000000	2684439.000000	 23.008293	130.907925
178493.000000	2689014.000000	 22.473307	112.973431
178794.000000	2693649.000000	 21.935456	112.155829
179095.000000	2698194.000000	 21.387144	130.193672
179396.000000	2702784.000000	 20.833154	112.399514
179697.000000	2707329.000000	 20.283221	111.828060
179998.000000	2711919.000000	 19.733110	129.567099
180299.000000	2716524.000000	 19.182832	112.127564
180600.000000	2721069.000000	 18.634736	112.355680
180901.000000	2725614.000000	 18.090502	131.434096
181202.000000	2730174.000000	 17.550401	112.115230
181503.000000	2734779.000000	 17.016016	130.198632
181804.000000	2739399.000000	 16.483487	113.094880
182105.000000	2743959.000000	 15.951153	111.471880
182406.000000	2748489.000000	 15.420991	130.679801
182707.000000	2753064.000000	 14.872045	112.129189
183008.000000	2757654.000000	 15.361863	111.243653
183309.000000	2762244.000000	 14.802016	129.738469
183610.000000	2766759.000000	 16.715561	111.381146
183911.000000	2771379.000000	 16.158442	110.931396
184212.000000	2775954.000000	 22.537442	130.252059
184513.000000	2780514.000000	 21.968799	111.804858
184814.000000	2785104.000000	 21.381428	112.087683
185115.000000	2789679.000000	 20.787848	130.607236
185416.000000	2794254.000000	 20.181397	110.597567
185717.000000	2798799.000000	 19.572888	110.407105
186018.000000	2803359.000000	 19.829851	130.909615
186319.000000	2807949.000000	 19.209223	111.831664
186620.000000	2812509.000000	 21.952765	112.580482
186921.000000	2817099.000000	 24.157025	129.686388
187222.000000	2821629.000000	 23.497231	112.756513
187523.000000	2826174.000000	 22.839484	112.108994
187824.000000	2830749.000000	 26.355636	129.737218
188125.000000	2835294.000000	 25.686249	111.662071
188426.000000	2839989.000000	 24.999585	130.382230
188727.000000	2844549.000000	 24.332468	112.141757
189028.000000	2849139.000000	 23.671345	112.583417
189329.000000	2853699.000000	 22.999845	128.838838
189630.000000	2858259.000000	 22.324660	112.077496
189931.000000	2862894.000000	 21.646766	112.121585
190232.000000	2867499.000000	 20.956510	131.013303
190533.000000	2872059.000000	 23.576755	112.302177
190834.000000	2876694.000000	 22.882554	131.012351
191135.000000	2881284.000000	 23.639073	111.851139
191436.000000	2885844.000000	 27.817754	111.412308
191737.000000	2890434.000000	 27.175099	130.372166
192038.000000	2895009.000000	 26.525406	111.293654
192339.000000	2899584.000000	 25.865409	111.528754
192640.000000	2904174.000000	 25.192799	130.490454
192941.000000	2908794.000000	 24.516794	112.786964
193242.000000	2913369.000000	 23.840689	129.841496
193543.000000	2917944.000000	 23.165728	113.064730
193844.000000	2922534.000000	 22.491857	112.868888
194145.000000	2927109.000000	 21.815890	129.287773
194446.000000	2931684.000000	 21.142152	112.154540
194747.000000	2936214.000000	 20.465229	112.843649
195048.000000	2940834.000000	 19.797740	130.448191
195349.000000	2945409.000000	 19.142666	112.781760
195650.000000	2949939.000000	 18.492343	112.169517
195951.000000	2954499.000000	 17.861043	130.432035
196252.000000	2959059.000000	 17.228481	112.345801
196553.000000	2963604.000000	 17.607741	112.152014
196854.000000	2968149.000000	 16.968790	131.580100
197155.000000	2972739.000000	 20.227724	113.466414
197456.000000	2977284.000000	 19.615033	113.260507
197757.000000	2981814.000000	 18.967016	131.263510
198058.000000	2986374.000000	 18.594880	112.974608
198359.000000	2991024.000000	 18.948674	113.908253
198660.000000	2995584.000000	 18.305887	131.799151
198961.000000	3000159.000000	 17.678929	112.620483
199262.000000	3004749.000000	 20.476529	113.044554
199563.000000	3009309.000000	 19.834560	131.241792
199864.000000	3013899.000000	 19.199379	113.448325
200165.000000	3018474.000000	 18.560434	130.703709
200466.000000	3023034.000000	 17.940297	112.878395
200767.000000	3027624.000000	 17.314332	112.773383
201068.000000	3032184.000000	 16.681785	132.151640
201369.000000	3036774.000000	 16.038869	113.243612
201670.000000	3041319.000000	 15.454278	113.172609
201971.000000	3045909.000000	 17.703978	131.292138
202272.000000	3050469.000000	 20.634551	112.291959
202573.000000	3055074.000000	 23.634810	113.246215
202874.000000	3059709.000000	 22.997633	130.914069
203175.000000	3064269.000000	 22.343719	112.739942
203476.000000	3068859.000000	 26.440041	130.476657
203777.000000	3073479.000000	 25.786402	111.064420
204078.000000	3078069.000000	 25.129681	112.805106
204379.000000	3082734.000000	 24.472127	130.932126
204680.000000	3087324.000000	 23.765085	113.048904
204981.000000	3091869.000000	 23.066804	111.882511
205282.000000	3096414.000000	 22.366476	130.695025
205583.000000	3100974.000000	 21.688093	113.005183
205884.000000	3105534.000000	 20.994685	112.120323
206185.000000	3110079.000000	 20.281776	130.365883
206486.000000	3114609.000000	 26.692695	112.605445
206787.000000	3119169.000000	 27.545643	113.790917
207088.000000	3123699.000000	 26.851268	131.177235
207389.000000	3128304.000000	 26.164119	112.583371
207690.000000	3132894.000000	 25.474839	113.155413
207991.000000	3137424.000000	 24.767529	130.282495
208292.000000	3141984.000000	 24.066487	112.503457
208593.000000	3146559.000000	 23.369121	112.339077
208894.000000	3151104.000000	 22.680759	131.770435
209195.000000	3155664.000000	 22.829018	113.881722
209496.000000	3160224.000000	 22.112049	113.082849
209797.000000	3164769.000000	 21.411566	130.822729
210098.000000	3169299.000000	 20.720118	112.107541
210399.000000	3173889.000000	 20.021913	113.474376
210700.000000	3178509.000000	 19.623909	129.577544
211001.000000	3183054.000000	 19.338907	113.829045
211302.000000	3187659.000000	 18.630911	131.804346
211603.000000	3192234.000000	 17.911503	112.219362
211904.000000	3196794.000000	 25.846922	113.442319
212205.000000	3201369.000000	 25.137062	132.237233
212506.000000	3205929.000000	 24.420381	112.568825
212807.000000	3210504.000000	 23.716082	111.577138
213108.000000	3215124.000000	 23.037242	130.666195
213409.000000	3219654.000000	 24.091865	112.237482
213710.000000	3224289.000000	 23.402838	112.988976
214011.000000	3228819.000000	 22.697727	129.945035
214312.000000	3233349.000000	 21.976286	112.250870
214613.000000	3237909.000000	 21.668838	111.157167
214914.000000	3242529.000000	 21.166977	131.276604
215215.000000	3247089.000000	 20.941072	112.380002
215516.000000	3251649.000000	 20.237494	112.028649
215817.000000	3256299.000000	 19.450232	130.101154
216118.000000	3260859.000000	 25.648969	113.893156
216419.000000	3265464.000000	 24.894264	130.808765
216720.000000	3270069.000000	 24.103001	112.446517
217021.000000	3274644.000000	 23.311648	113.202788
217322.000000	3279264.000000	 22.524958	130.525519
217623.000000	3283824.000000	 23.967523	112.479821
217924.000000	3288384.000000	 23.207533	113.119211
218225.000000	3292974.000000	 22.883427	131.502053
218526.000000	3297534.000000	 27.246020	113.129856
218827.000000	3302199.000000	 26.519106	131.799419
219128.000000	3306804.000000	 25.778227	112.937257
219429.000000	3311379.000000	 25.040020	113.420762
219730.000000	3315954.000000	 24.281719	130.926187
220031.000000	3320529.000000	 24.963860	113.141718
220332.000000	3325089.000000	 24.217118	113.479384
220633.000000	3329709.000000	 23.477650	131.496797
220934.000000	3334359.000000	 22.727589	113.132179
221235.000000	3338994.000000	 26.867945	130.757775
221536.000000	3343569.000000	 26.121262	111.908096
221837.000000	3348159.000000	 26.690604	112.110861
222138.000000	3352704.000000	 25.934576	131.421442
222439.000000	3357264.000000	 28.456827	114.339370
222740.000000	3361854.000000	 27.683262	113.800066
223041.000000	3366414.000000	 26.904746	132.649665
223342.000000	3370989.000000	 26.157506	113.458543
223643.000000	3375534.000000	 26.184427	112.776833
223944.000000	3380169.000000	 27.467286	131.125998
224245.000000	3384729.000000	 26.729941	113.066198
224546.000000	3389319.000000	 26.011498	131.917667
224847.000000	3393924.000000	 25.270309	112.346627
225148.000000	3398514.000000	 24.502848	113.182473
225449.000000	3403089.000000	 23.712408	132.223930
225750.000000	3407709.000000	 22.918347	113.262609
226051.000000	3412269.000000	 22.162671	112.969178
226352.000000	3416859.000000	 21.408946	130.532231
226653.000000	3421464.000000	 21.006224	112.306716
226954.000000	3426054.000000	 26.090906	131.482726
227255.000000	3430629.000000	 25.317814	113.102799
227556.000000	3435249.000000	 24.515604	113.122882
227857.000000	3439854.000000	 23.745176	130.294124
228158.000000	3444459.000000	 25.175267	113.363001
228459.000000	3449049.000000	 24.422057	131.511683
228760.000000	3453594.000000	 23.685439	113.125098
229061.000000	3458184.000000	 22.975179	113.126804
229362.000000	3462759.000000	 27.512059	132.311532
229663.000000	3467304.000000	 28.337241	114.292618
229964.000000	3471864.000000	 27.604607	114.123332
230265.000000	3476469.000000	 26.868023	131.979769
230566.000000	3481074.000000	 26.144290	114.548561
230867.000000	3485634.000000	 25.414212	114.646744
231168.000000	3490194.000000	 24.688793	131.956847
231469.000000	3494859.000000	 26.701648	113.501664
231770.000000	3499434.000000	 25.959732	131.446248
232071.000000	3504009.000000	 25.235578	113.612111
232372.000000	3508629.000000	 24.517315	114.543391
232673.000000	3513204.000000	 24.299072	131.619637
232974.000000	3517764.000000	 23.582494	112.956331
233275.000000	3522294.000000	 24.052356	113.912047
233576.000000	3526854.000000	 23.363171	131.908044
233877.000000	3531489.000000	 25.295989	114.048925
234178.000000	3536064.000000	 24.603922	113.833240
234479.000000	3540699.000000	 23.916914	132.258960
234780.000000	3545259.000000	 23.213297	113.674359
235081.000000	3549849.000000	 22.518225	132.286508
235382.000000	3554484.000000	 21.826939	115.169189
235683.000000	3559104.000000	 26.414514	114.885872
235984.000000	3563664.000000	 25.723211	132.691626
236285.000000	3568209.000000	 25.036139	114.286292
236586.000000	3572769.000000	 24.332083	114.076282
236887.000000	3577389.000000	 23.632012	131.714359
237188.000000	3582009.000000	 22.934535	113.885928
237489.000000	3586554.000000	 22.246783	132.843116
237790.000000	3591129.000000	 22.518997	113.478208
238091.000000	3595689.000000	 25.118079	113.181352
238392.000000	3600249.000000	 24.410524	131.931547
238693.000000	3604854.000000	 23.681879	114.567313
238994.000000	3609429.000000	 22.952768	113.718940
239295.000000	3614019.000000	 22.227057	132.932318
239596.000000	3618624.000000	 21.497573	113.829181
239897.000000	3623304.000000	 25.193193	133.818599
240198.000000	3627879.000000	 24.492999	113.810145
240499.000000	3632514.000000	 23.778790	114.049518
240800.000000	3637119.000000	 23.075809	132.755379
241101.000000	3641679.000000	 22.393875	114.539514
241402.000000	3646224.000000	 21.726436	115.196207
241703.000000	3650814.000000	 21.058595	132.351112
242004.000000	3655404.000000	 20.394075	113.253790
242305.000000	3659979.000000	 19.733365	132.266192
242606.000000	3664524.000000	 20.917162	114.281907
242907.000000	3669084.000000	 20.234852	114.265081
243208.000000	3673659.000000	 19.559413	131.725249
243509.000000	3678204.000000	 18.911422	114.134165
243810.000000	3682809.000000	 18.269067	115.154844
244111.000000	3687399.000000	 17.628478	132.741165
244412.000000	3691944.000000	 16.994051	114.401853
244713.000000	3696534.000000	 20.042119	113.537308
245014.000000	3701109.000000	 19.430842	132.378151
245315.000000	3705699.000000	 18.814947	112.914896
245616.000000	3710304.000000	 18.191639	116.190333
245917.000000	3714834.000000	 17.578140	131.825360
246218.000000	3719424.000000	 16.979324	113.030477
246519.000000	3723999.000000	 16.377709	114.451866
246820.000000	3728589.000000	 15.765182	133.335922
247121.000000	3733134.000000	 15.152590	113.670877
247422.000000	3737709.000000	 14.559740	113.249280
247723.000000	3742284.000000	 15.720475	132.980675
248024.000000	3746814.000000	 15.145120	114.255716
248325.000000	3751389.000000	 14.569770	115.192155
248626.000000	3755994.000000	 14.007801	132.228336
248927.000000	3760584.000000	 17.360527	114.287263
249228.000000	3765144.000000	 16.800866	133.708829
249529.000000	3769674.000000	 16.248224	113.645453
249830.000000	3774279.000000	 15.699854	114.077484
250131.000000	3778854.000000	 15.144713	132.090121
250432.000000	3783459.000000	 14.583654	113.694232
250733.000000	3788034.000000	 17.402615	114.118632
251034.000000	3792594.000000	 16.863024	132.321158
251335.000000	3797154.000000	 16.328546	115.740902
251636.000000	3801744.000000	 15.802354	113.396009
251937.000000	3806289.000000	 15.385440	133.103540
252238.000000	3810864.000000	 14.878003	114.182209
252539.000000	3815514.000000	 14.379137	133.331090
252840.000000	3820044.000000	 13.891799	113.610081
253141.000000	3824604.000000	 14.814626	114.642196
253442.000000	3829164.000000	 14.341565	114.548271
253743.000000	3833724.000000	 13.869306	133.041878
254044.000000	3838344.000000	 13.407031	115.329550
254345.000000	3842919.000000	 12.953455	133.980750
254646.000000	3847494.000000	 12.506958	115.503825
254947.000000	3852084.000000	 12.062693	114.573265
255248.000000	3856644.000000	 12.642709	132.407277
255549.000000	3861234.000000	 12.203564	114.538357
255850.000000	3865809.000000	 14.178683	115.340320
256151.000000	3870399.000000	 13.741085	131.412921
256452.000000	3875004.000000	 13.308861	114.399472
256753.000000	3879594.000000	 12.879097	133.082484
257054.000000	3884184.000000	 12.454262	114.265315
257355.000000	3888759.000000	 12.291584	115.155360
257656.000000	3893379.000000	 11.873173	133.697802
257957.000000	3897939.000000	 11.457559	114.303981
258258.000000	3902499.000000	 11.041738	115.548746
258559.000000	3907059.000000	 10.628660	132.367094
258860.000000	3911664.000000	 10.214159	113.912842
259161.000000	3916284.000000	 11.837257	114.307364
259462.000000	3920874.000000	 11.413723	133.292393
259763.000000	3925449.000000	 13.641620	116.953094
260064.000000	3930039.000000	 13.216044	133.549910
260365.000000	3934644.000000	 12.788166	114.137373
260666.000000	3939204.000000	 12.356488	115.233320
260967.000000	3943764.000000	 11.923346	133.394494
261268.000000	3948309.000000	 11.491714	115.756615
261569.000000	3952929.000000	 11.361677	116.431837
261870.000000	3957534.000000	 12.340882	133.195446
262171.000000	3962124.000000	 11.916164	115.004113
262472.000000	3966714.000000	 11.486911	134.497519
262773.000000	3971259.000000	 11.058207	114.805088
263074.000000	3975834.000000	 10.620465	114.975258
263375.000000	3980484.000000	 15.195882	132.956590
263676.000000	3985059.000000	 14.747533	114.841114
263977.000000	3989619.000000	 14.301397	115.732965
264278.000000	3994164.000000	 13.857275	132.740794
264579.000000	3998754.000000	 13.419093	114.376797
264880.000000	4003389.000000	 12.983896	115.791765
265181.000000	4007934.000000	 12.545822	132.810541
265482.000000	4012494.000000	 12.863366	115.114939
265783.000000	4017114.000000	 12.438585	133.126119
266084.000000	4021719.000000	 12.012424	115.133698
266385.000000	4026279.000000	 13.571888	115.177280
266686.000000	4030854.000000	 13.437257	132.841168
266987.000000	4035414.000000	 13.008153	114.737397
267288.000000	4040019.000000	 12.577149	114.257188
267589.000000	4044564.000000	 12.147182	133.675364
267890.000000	4049154.000000	 11.718866	115.516136
268191.000000	4053699.000000	 11.295095	114.188600
268492.000000	4058244.000000	 12.225988	132.724089
268793.000000	4062789.000000	 11.804408	114.317314
269094.000000	4067349.000000	 11.381875	115.118958
269395.000000	4071909.000000	 12.114633	134.620388
269696.000000	4076454.000000	 13.067166	114.853502
269997.000000	4081014.000000	 12.641070	115.506407
270298.000000	4085559.000000	 12.217179	133.278768
270599.000000	4090254.000000	 12.518028	115.359140
270900.000000	4094919.000000	 12.093258	134.577207
271201.000000	4099524.000000	 16.072540	115.270927
271502.000000	4104069.000000	 15.651659	114.944249
271803.000000	4108659.000000	 15.229424	133.774200
272104.000000	4113309.000000	 14.799368	115.150686
272405.000000	4117869.000000	 14.374813	115.201738
272706.000000	4122474.000000	 13.946596	133.554858
273007.000000	4127079.000000	 17.157004	114.707540
273308.000000	4131654.000000	 16.721962	133.929517
273609.000000	4136274.000000	 16.275807	115.026987
273910.000000	4140849.000000	 15.829068	115.288181
274211.000000	4145484.000000	 15.379442	132.902005
274512.000000	4150044.000000	 14.932378	114.871753
274813.000000	4154574.000000	 14.483040	115.272249
275114.000000	4159119.000000	 14.031949	133.446406
275415.000000	4163679.000000	 14.574070	116.114532
275716.000000	4168239.000000	 14.587076	115.455507
276017.000000	4172844.000000	 14.133453	133.391090
276318.000000	4177464.000000	 16.191952	115.037293
276619.000000	4181994.000000	 15.711801	133.548095
276920.000000	4186554.000000	 15.232375	114.644526
277221.000000	4191114.000000	 14.749388	115.264833
277522.000000	4195734.000000	 14.974307	132.764610
277823.000000	4200264.000000	 17.117354	115.982878
278124.000000	4204914.000000	 16.623235	114.824462
278425.000000	4209459.000000	 16.125842	133.997217
278726.000000	4214019.000000	 15.628856	115.891290
279027.000000	4218609.000000	 17.783944	115.380019
279328.000000	4223214.000000	 17.258275	134.554244
279629.000000	4227789.000000	 16.735272	115.568022
279930.000000	4232364.000000	 16.222926	116.394108
280231.000000	4236939.000000	 15.715466	134.353042
280532.000000	4241484.000000	 17.901266	116.121448
280833.000000	4246014.000000	 17.386073	114.954368
281134.000000	4250634.000000	 16.858333	133.425134
281435.000000	4255209.000000	 16.328935	115.614749
281736.000000	4259784.000000	 15.792768	133.326703
282037.000000	4264359.000000	 16.752700	116.241462
282338.000000	4268889.000000	 16.222287	115.718923
282639.000000	4273434.000000	 15.694604	134.438338
282940.000000	4277979.000000	 15.163111	116.231277
283241.000000	4282584.000000	 14.628270	117.467296
283542.000000	4287174.000000	 14.093871	134.930839
283843.000000	4291764.000000	 15.549616	114.864730
284144.000000	4296294.000000	 19.719307	117.349467
284445.000000	4300914.000000	 19.172564	133.127483
284746.000000	4305504.000000	 18.836260	116.251929
285047.000000	4310109.000000	 25.538262	116.139497
285348.000000	4314639.000000	 24.977460	135.394078
285649.000000	4319199.000000	 24.402412	116.454169
285950.000000	4323759.000000	 23.818626	116.272380
286251.000000	4328349.000000	 23.232551	134.266681
286552.000000	4332924.000000	 23.708103	115.659362
286853.000000	4337514.000000	 23.100737	134.641273
287154.000000	4342089.000000	 22.478264	116.105255
287455.000000	4346694.000000	 21.856646	115.708321
287756.000000	4351239.000000	 21.231018	135.032075
288057.000000	4355799.000000	 24.982990	115.513140
288358.000000	4360404.000000	 24.353993	117.206315
288659.000000	4364979.000000	 29.683760	135.545631
288960.000000	4369569.000000	 29.054216	116.142730
289261.000000	4374114.000000	 28.425417	116.492198
289562.000000	4378719.000000	 27.807186	133.984408
289863.000000	4383264.000000	 27.174978	116.673195
290164.000000	4387794.000000	 26.530740	115.491606
290465.000000	4392369.000000	 25.888329	134.271574
290766.000000	4396914.000000	 25.256933	116.708631
291067.000000	4401534.000000	 28.937065	116.523188
291368.000000	4406109.000000	 28.286507	134.856565
291669.000000	4410669.000000	 27.616682	116.959811
291970.000000	4415214.000000	 26.937034	116.186071
292271.000000	4419864.000000	 26.251779	134.954574
292572.000000	4424439.000000	 25.556658	116.959638
292873.000000	4428984.000000	 24.869950	134.625671
293174.000000	4433544.000000	 24.183973	115.716675
293475.000000	4438059.000000	 23.495028	116.438351
293776.000000	4442634.000000	 22.800221	136.192151
294077.000000	4447194.000000	 22.123789	116.980618
294378.000000	4451769.000000	 21.558984	117.141831
294679.000000	4456359.000000	 20.896970	134.746016
294980.000000	4460949.000000	 20.217842	116.658717
295281.000000	4465494.000000	 19.514627	116.804913
295582.000000	4470114.000000	 18.819092	134.342330
295883.000000	4474719.000000	 19.386196	116.365081
296184.000000	4479339.000000	 19.410685	134.327299
296485.000000	4483899.000000	 19.140146	116.349152
296786.000000	4488504.000000	 18.450397	116.027532
297087.000000	4493019.000000	 17.783412	135.543566
297388.000000	4497609.000000	 20.072167	116.581084
297689.000000	4502214.000000	 19.478783	116.499451
297990.000000	4506789.000000	 18.900802	135.957000
298291.000000	4511334.000000	 18.233323	117.456568
298592.000000	4515849.000000	 20.380245	116.654770
298893.000000	4520469.000000	 19.718237	135.261462
299194.000000	4525089.000000	 19.049649	116.870851
299495.000000	4529664.000000	 19.954210	116.972452
299796.000000	4534224.000000	 19.290714	134.874108
300097.000000	4538799.000000	 21.226187	116.688884
300398.000000	4543389.000000	 25.437997	116.593104
300699.000000	4547934.000000	 24.777773	134.596015
301000.000000	4552509.000000	 24.124620	115.731635
301301.000000	4557054.000000	 23.462538	116.504514
301602.000000	4561629.000000	 22.786497	135.083909
301903.000000	4566189.000000	 22.114939	117.402612
302204.000000	4570779.000000	 21.454340	134.661085
302505.000000	4575369.000000	 20.788374	117.352700
302806.000000	4579944.000000	 20.121540	117.374098
303107.000000	4584504.000000	 19.456059	134.744452
303408.000000	4589109.000000	 18.794702	116.409470
303709.000000	4593654.000000	 18.128576	118.524511
304010.000000	4598244.000000	 17.474106	135.196403
304311.000000	4602804.000000	 16.822054	117.218705
304612.000000	4607424.000000	 16.187445	116.245511
304913.000000	4612029.000000	 16.736506	134.872092
305214.000000	4616649.000000	 18.203835	117.159376
305515.000000	4621194.000000	 17.570318	134.991229
305816.000000	4625799.000000	 16.953300	115.993545
306117.000000	4630359.000000	 16.347451	117.308975
306418.000000	4634919.000000	 15.748545	136.025423
306719.000000	4639539.000000	 15.964816	116.359850
307020.000000	4644114.000000	 15.350057	117.466112
307321.000000	4648749.000000	 14.743261	135.689896
307622.000000	4653369.000000	 14.603649	116.837478
307923.000000	4657974.000000	 14.012930	135.108363
308224.000000	4662609.000000	 14.118600	117.208556
308525.000000	4667199.000000	 14.137612	116.344587
308826.000000	4671744.000000	 16.365656	135.215922
309127.000000	4676349.000000	 15.809614	116.719414
309428.000000	4680969.000000	 15.256909	136.130465
309729.000000	4685574.000000	 14.711945	117.074347
310030.000000	4690194.000000	 16.907149	117.514126
310331.000000	4694799.000000	 16.389050	134.917971
310632.000000	4699419.000000	 15.887038	116.675722
310933.000000	4703949.000000	 15.395219	117.500725
311234.000000	4708494.000000	 14.908353	135.517620
311535.000000	4713054.000000	 14.415432	116.103292
311836.000000	4717659.000000	 13.921778	135.421125
312137.000000	4722249.000000	 13.427924	116.666977
312438.000000	4726809.000000	 12.936871	117.505195
312739.000000	4731399.000000	 14.011576	135.382084
313040.000000	4735989.000000	 15.664920	116.998800
313341.000000	4740534.000000	 15.192362	117.028512
313642.000000	4745184.000000	 14.729866	135.770789
313943.000000	4749774.000000	 14.274784	117.172933
314244.000000	4754334.000000	 14.043587	118.107742
314545.000000	4758954.000000	 13.601973	135.557929
314846.000000	4763499.000000	 13.159432	117.607734
315147.000000	4768104.000000	 12.718302	137.193062
315448.000000	4772724.000000	 12.277504	116.776265
315749.000000	4777359.000000	 11.830226	115.960640
316050.000000	4781904.000000	 11.377749	133.966192
316351.000000	4786449.000000	 10.922600	117.799981
316652.000000	4791039.000000	 10.468955	117.066055
316953.000000	4795599.000000	 10.028711	136.544806
317254.000000	4800204.000000	  9.600051	116.376064
317555.000000	4804794.000000	 10.308518	135.627014
317856.000000	4809414.000000	  9.893066	117.487054
318157.000000	4814019.000000	  9.484603	117.511623
318458.000000	4818639.000000	  9.384526	136.119218
318759.000000	4823214.000000	  8.973712	118.098234
319060.000000	4827819.000000	  9.007351	136.018596
319361.000000	4832379.000000	  8.607401	117.247648
319662.000000	4836984.000000	  8.209385	116.861557
319963.000000	4841649.000000	  8.742096	135.174181
320264.000000	4846209.000000	  8.347264	117.117889
320565.000000	4850784.000000	  7.954642	116.673016
320866.000000	4855419.000000	  8.011667	135.462386
321167.000000	4859994.000000	  7.622074	117.113267
321468.000000	4864554.000000	  7.236108	136.040482
321769.000000	4869099.000000	  8.889313	117.070042
322070.000000	4873644.000000	  8.522607	117.474283
322371.000000	4878234.000000	  8.164212	135.718313
322672.000000	4882749.000000	  8.018128	117.276723
322973.000000	4887309.000000	  7.667622	117.705604
323274.000000	4891869.000000	  7.323554	117.750074
323575.000000	4896489.000000	  6.988517	136.138629
323876.000000	4901079.000000	  6.656678	117.210353
324177.000000	4905684.000000	  6.326616	135.082096
324478.000000	4910274.000000	  6.031576	116.977838
324779.000000	4914849.000000	  5.875018	117.419920
325080.000000	4919379.000000	  5.966211	136.579731
325381.000000	4923924.000000	  5.656354	118.146343
325682.000000	4928514.000000	  5.649646	118.495711
325983.000000	4933044.000000	  5.347856	135.978496
326284.000000	4937619.000000	  5.049636	118.933998
326585.000000	4942194.000000	  4.755131	117.974441
326886.000000	4946724.000000	  4.465581	136.495503
327187.000000	4951329.000000	  4.181501	117.991748
327488.000000	4955904.000000	  5.554143	118.439400
327789.000000	4960494.000000	  5.277051	135.253797
328090.000000	4965084.000000	  5.005219	117.959188
328391.000000	4969719.000000	  4.737938	136.534795
328692.000000	4974384.000000	  4.475206	118.155255
328993.000000	4978974.000000	  4.217174	118.268208
329294.000000	4983624.000000	  3.963341	136.744065
329595.000000	4988214.000000	  3.713687	118.143233
329896.000000	4992789.000000	  3.467731	136.453002
330197.000000	4997334.000000	  3.226075	117.976707
330498.000000	5001924.000000	  2.989239	117.990830
330799.000000	5006544.000000	  2.907968	136.397612
331100.000000	5011134.000000	  2.892269	117.906176
331401.000000	5015664.000000	  3.119289	118.361087
331702.000000	5020194.000000	  2.893232	135.157591
332003.000000	5024769.000000	  2.672332	117.637315
332304.000000	5029359.000000	  2.923119	118.711362
332605.000000	5033934.000000	  3.685318	136.026148
332906.000000	5038524.000000	  3.461903	117.458122
333207.000000	5043084.000000	  3.242056	119.049732
333508.000000	5047734.000000	  3.026011	136.217836
333809.000000	5052339.000000	  2.813699	118.219843
334110.000000	5056914.000000	  2.604863	137.307173
334411.000000	5061459.000000	  2.400488	117.144877
334712.000000	5066019.000000	  2.288099	118.626119
335013.000000	5070594.000000	  2.114254	136.703506
335314.000000	5075214.000000	  1.923424	117.917223
335615.000000	5079744.000000	  2.573528	117.710814
335916.000000	5084304.000000	  2.373323	137.582273
336217.000000	5088879.000000	  2.177986	117.564056
336518.000000	5093454.000000	  1.988026	118.671648
336819.000000	5097999.000000	  2.127516	137.803543
337120.000000	5102634.000000	  1.977361	118.170246
337421.000000	5107194.000000	  1.850219	137.389125
337722.000000	5111799.000000	  1.672883	119.182268
338023.000000	5116389.000000	  1.503207	118.433999
338324.000000	5120949.000000	  1.341869	137.214771
338625.000000	5125524.000000	  1.965518	117.379512
338926.000000	5130114.000000	  1.786344	117.526242
339227.000000	5134689.000000	  2.093467	136.849250
339528.000000	5139249.000000	  1.911366	117.750369
339829.000000	5143824.000000	  1.735252	118.765411
340130.000000	5148459.000000	  1.565839	136.670365
340431.000000	5153019.000000	  1.404126	117.838540
340732.000000	5157549.000000	  1.250907	118.189019
341033.000000	5162124.000000	  1.106914	136.461347
341334.000000	5166774.000000	  0.972806	117.515577
341635.000000	5171409.000000	  0.849025	136.401159
341763.000000	5173374.000000	  0.799622	 44.245759
