Model phase4

z_l 0.1972841823760099
z_s      0.807

         Lens Galaxy
inc                        Fixed(74.0175001283778)
beta                       Fixed(0.0889496560304906)
ml                         Fixed(2.7061924518694767)
log_rho_s                  Fixed(-3.6579325764747708)
rs                         Fixed(20.817474951997742)
qDM                        Fixed(1.0)
slope                      Fixed(1.4073951306846375)
mag_shear                  Fixed(0.01963018823480546)
phi_shear                  Fixed(125.67955440562054)
gamma                      Fixed(1.0)

       Source Galaxy
pixels                   Uniform(10, 300)
weight_floor             Uniform(0.0, 1.0)
weight_power             Uniform(0.0, 20.0)
inner_coefficient       LogUniform(1e-06, 1000000.0)
outer_coefficient       LogUniform(1e-06, 1000000.0)
signal_scale             Uniform(0.0, 1.0)
